{"/Users/priscillarodriguesmartins/portfolio/escola_schmidt/app/_layout.tsx": {"path":"/Users/priscillarodriguesmartins/portfolio/escola_schmidt/app/_layout.tsx","statementMap":{"0":{"start":{"line":14,"column":0},"end":{"line":14,"column":36}},"1":{"start":{"line":16,"column":35},"end":{"line":16,"column":39}},"2":{"start":{"line":17,"column":35},"end":{"line":17,"column":39}},"3":{"start":{"line":19,"column":38},"end":{"line":19,"column":70}},"4":{"start":{"line":25,"column":23},"end":{"line":25,"column":28}},"5":{"start":{"line":31,"column":2},"end":{"line":39,"column":4}},"6":{"start":{"line":43,"column":24},"end":{"line":49,"column":4}},"7":{"start":{"line":50,"column":64},"end":{"line":50,"column":90}},"8":{"start":{"line":51,"column":66},"end":{"line":51,"column":92}},"9":{"start":{"line":52,"column":48},"end":{"line":52,"column":74}},"10":{"start":{"line":53,"column":17},"end":{"line":56,"column":4}},"11":{"start":{"line":54,"column":4},"end":{"line":54,"column":19}},"12":{"start":{"line":55,"column":4},"end":{"line":55,"column":19}},"13":{"start":{"line":58,"column":28},"end":{"line":58,"column":100}},"14":{"start":{"line":60,"column":2},"end":{"line":64,"column":20}},"15":{"start":{"line":61,"column":4},"end":{"line":63,"column":5}},"16":{"start":{"line":62,"column":6},"end":{"line":62,"column":31}},"17":{"start":{"line":66,"column":2},"end":{"line":70,"column":26}},"18":{"start":{"line":67,"column":4},"end":{"line":69,"column":5}},"19":{"start":{"line":68,"column":6},"end":{"line":68,"column":30}},"20":{"start":{"line":72,"column":2},"end":{"line":112,"column":28}},"21":{"start":{"line":73,"column":4},"end":{"line":73,"column":49}},"22":{"start":{"line":73,"column":42},"end":{"line":73,"column":49}},"23":{"start":{"line":74,"column":4},"end":{"line":74,"column":30}},"24":{"start":{"line":75,"column":4},"end":{"line":75,"column":38}},"25":{"start":{"line":76,"column":4},"end":{"line":76,"column":39}},"26":{"start":{"line":83,"column":4},"end":{"line":94,"column":5}},"27":{"start":{"line":84,"column":6},"end":{"line":84,"column":29}},"28":{"start":{"line":85,"column":6},"end":{"line":85,"column":20}},"29":{"start":{"line":86,"column":6},"end":{"line":90,"column":67}},"30":{"start":{"line":90,"column":41},"end":{"line":90,"column":65}},"31":{"start":{"line":92,"column":6},"end":{"line":92,"column":25}},"32":{"start":{"line":93,"column":6},"end":{"line":93,"column":31}},"33":{"start":{"line":96,"column":24},"end":{"line":96,"column":102}},"34":{"start":{"line":96,"column":41},"end":{"line":96,"column":73}},"35":{"start":{"line":97,"column":25},"end":{"line":97,"column":104}},"36":{"start":{"line":97,"column":42},"end":{"line":97,"column":75}},"37":{"start":{"line":99,"column":4},"end":{"line":111,"column":6}},"38":{"start":{"line":100,"column":6},"end":{"line":100,"column":32}},"39":{"start":{"line":101,"column":6},"end":{"line":101,"column":33}},"40":{"start":{"line":102,"column":6},"end":{"line":102,"column":29}},"41":{"start":{"line":106,"column":6},"end":{"line":110,"column":7}},"42":{"start":{"line":107,"column":8},"end":{"line":107,"column":23}},"43":{"start":{"line":109,"column":8},"end":{"line":109,"column":27}},"44":{"start":{"line":114,"column":2},"end":{"line":116,"column":3}},"45":{"start":{"line":115,"column":4},"end":{"line":115,"column":16}},"46":{"start":{"line":118,"column":2},"end":{"line":141,"column":3}},"47":{"start":{"line":119,"column":4},"end":{"line":140,"column":6}},"48":{"start":{"line":143,"column":2},"end":{"line":154,"column":4}},"49":{"start":{"line":157,"column":15},"end":{"line":223,"column":2}}},"fnMap":{"0":{"name":"ErrorBoundary","decl":{"start":{"line":30,"column":16},"end":{"line":30,"column":29}},"loc":{"start":{"line":30,"column":68},"end":{"line":40,"column":1}},"line":30},"1":{"name":"RootLayout","decl":{"start":{"line":42,"column":24},"end":{"line":42,"column":34}},"loc":{"start":{"line":42,"column":37},"end":{"line":155,"column":1}},"line":42},"2":{"name":"(anonymous_2)","decl":{"start":{"line":53,"column":55},"end":{"line":53,"column":56}},"loc":{"start":{"line":53,"column":62},"end":{"line":56,"column":3}},"line":53},"3":{"name":"(anonymous_3)","decl":{"start":{"line":60,"column":12},"end":{"line":60,"column":13}},"loc":{"start":{"line":60,"column":18},"end":{"line":64,"column":3}},"line":60},"4":{"name":"(anonymous_4)","decl":{"start":{"line":66,"column":12},"end":{"line":66,"column":13}},"loc":{"start":{"line":66,"column":18},"end":{"line":70,"column":3}},"line":66},"5":{"name":"(anonymous_5)","decl":{"start":{"line":72,"column":12},"end":{"line":72,"column":13}},"loc":{"start":{"line":72,"column":18},"end":{"line":112,"column":3}},"line":72},"6":{"name":"(anonymous_6)","decl":{"start":{"line":90,"column":35},"end":{"line":90,"column":36}},"loc":{"start":{"line":90,"column":41},"end":{"line":90,"column":65}},"line":90},"7":{"name":"(anonymous_7)","decl":{"start":{"line":96,"column":35},"end":{"line":96,"column":36}},"loc":{"start":{"line":96,"column":41},"end":{"line":96,"column":73}},"line":96},"8":{"name":"(anonymous_8)","decl":{"start":{"line":97,"column":36},"end":{"line":97,"column":37}},"loc":{"start":{"line":97,"column":42},"end":{"line":97,"column":75}},"line":97},"9":{"name":"(anonymous_9)","decl":{"start":{"line":99,"column":11},"end":{"line":99,"column":12}},"loc":{"start":{"line":99,"column":17},"end":{"line":111,"column":5}},"line":99}},"branchMap":{"0":{"loc":{"start":{"line":58,"column":28},"end":{"line":58,"column":100}},"type":"binary-expr","locations":[{"start":{"line":58,"column":28},"end":{"line":58,"column":52}},{"start":{"line":58,"column":57},"end":{"line":58,"column":80}},{"start":{"line":58,"column":84},"end":{"line":58,"column":99}}],"line":58},"1":{"loc":{"start":{"line":61,"column":4},"end":{"line":63,"column":5}},"type":"if","locations":[{"start":{"line":61,"column":4},"end":{"line":63,"column":5}},{"start":{},"end":{}}],"line":61},"2":{"loc":{"start":{"line":67,"column":4},"end":{"line":69,"column":5}},"type":"if","locations":[{"start":{"line":67,"column":4},"end":{"line":69,"column":5}},{"start":{},"end":{}}],"line":67},"3":{"loc":{"start":{"line":73,"column":4},"end":{"line":73,"column":49}},"type":"if","locations":[{"start":{"line":73,"column":4},"end":{"line":73,"column":49}},{"start":{},"end":{}}],"line":73},"4":{"loc":{"start":{"line":73,"column":8},"end":{"line":73,"column":40}},"type":"binary-expr","locations":[{"start":{"line":73,"column":8},"end":{"line":73,"column":20}},{"start":{"line":73,"column":24},"end":{"line":73,"column":40}}],"line":73},"5":{"loc":{"start":{"line":114,"column":2},"end":{"line":116,"column":3}},"type":"if","locations":[{"start":{"line":114,"column":2},"end":{"line":116,"column":3}},{"start":{},"end":{}}],"line":114},"6":{"loc":{"start":{"line":118,"column":2},"end":{"line":141,"column":3}},"type":"if","locations":[{"start":{"line":118,"column":2},"end":{"line":141,"column":3}},{"start":{},"end":{}}],"line":118},"7":{"loc":{"start":{"line":123,"column":11},"end":{"line":137,"column":11}},"type":"cond-expr","locations":[{"start":{"line":124,"column":12},"end":{"line":131,"column":14}},{"start":{"line":133,"column":12},"end":{"line":136,"column":19}}],"line":123}},"s":{"0":0,"1":0,"2":0,"3":0,"4":0,"5":0,"6":0,"7":0,"8":0,"9":0,"10":0,"11":0,"12":0,"13":0,"14":0,"15":0,"16":0,"17":0,"18":0,"19":0,"20":0,"21":0,"22":0,"23":0,"24":0,"25":0,"26":0,"27":0,"28":0,"29":0,"30":0,"31":0,"32":0,"33":0,"34":0,"35":0,"36":0,"37":0,"38":0,"39":0,"40":0,"41":0,"42":0,"43":0,"44":0,"45":0,"46":0,"47":0,"48":0,"49":0},"f":{"0":0,"1":0,"2":0,"3":0,"4":0,"5":0,"6":0,"7":0,"8":0,"9":0},"b":{"0":[0,0,0],"1":[0,0],"2":[0,0],"3":[0,0],"4":[0,0],"5":[0,0],"6":[0,0],"7":[0,0]}}
,"/Users/priscillarodriguesmartins/portfolio/escola_schmidt/app/(app)/_layout.tsx": {"path":"/Users/priscillarodriguesmartins/portfolio/escola_schmidt/app/(app)/_layout.tsx","statementMap":{"0":{"start":{"line":6,"column":31},"end":{"line":6,"column":40}},"1":{"start":{"line":8,"column":2},"end":{"line":10,"column":3}},"2":{"start":{"line":9,"column":4},"end":{"line":9,"column":16}},"3":{"start":{"line":12,"column":2},"end":{"line":14,"column":3}},"4":{"start":{"line":13,"column":4},"end":{"line":13,"column":38}},"5":{"start":{"line":16,"column":2},"end":{"line":16,"column":18}}},"fnMap":{"0":{"name":"AppLayout","decl":{"start":{"line":5,"column":24},"end":{"line":5,"column":33}},"loc":{"start":{"line":5,"column":36},"end":{"line":17,"column":1}},"line":5}},"branchMap":{"0":{"loc":{"start":{"line":8,"column":2},"end":{"line":10,"column":3}},"type":"if","locations":[{"start":{"line":8,"column":2},"end":{"line":10,"column":3}},{"start":{},"end":{}}],"line":8},"1":{"loc":{"start":{"line":12,"column":2},"end":{"line":14,"column":3}},"type":"if","locations":[{"start":{"line":12,"column":2},"end":{"line":14,"column":3}},{"start":{},"end":{}}],"line":12}},"s":{"0":0,"1":0,"2":0,"3":0,"4":0,"5":0},"f":{"0":0},"b":{"0":[0,0],"1":[0,0]}}
,"/Users/priscillarodriguesmartins/portfolio/escola_schmidt/app/(app)/catalogo-evolucao.tsx": {"path":"/Users/priscillarodriguesmartins/portfolio/escola_schmidt/app/(app)/catalogo-evolucao.tsx","statementMap":{"0":{"start":{"line":49,"column":76},"end":{"line":55,"column":1}},"1":{"start":{"line":58,"column":23},"end":{"line":58,"column":32}},"2":{"start":{"line":59,"column":18},"end":{"line":59,"column":37}},"3":{"start":{"line":61,"column":40},"end":{"line":61,"column":107}},"4":{"start":{"line":62,"column":26},"end":{"line":62,"column":55}},"5":{"start":{"line":63,"column":34},"end":{"line":63,"column":49}},"6":{"start":{"line":66,"column":60},"end":{"line":66,"column":75}},"7":{"start":{"line":67,"column":54},"end":{"line":67,"column":66}},"8":{"start":{"line":70,"column":64},"end":{"line":70,"column":93}},"9":{"start":{"line":71,"column":52},"end":{"line":71,"column":64}},"10":{"start":{"line":74,"column":64},"end":{"line":74,"column":93}},"11":{"start":{"line":75,"column":54},"end":{"line":75,"column":66}},"12":{"start":{"line":76,"column":58},"end":{"line":76,"column":70}},"13":{"start":{"line":77,"column":64},"end":{"line":77,"column":77}},"14":{"start":{"line":80,"column":48},"end":{"line":80,"column":84}},"15":{"start":{"line":83,"column":62},"end":{"line":83,"column":91}},"16":{"start":{"line":84,"column":50},"end":{"line":84,"column":79}},"17":{"start":{"line":85,"column":64},"end":{"line":85,"column":93}},"18":{"start":{"line":86,"column":52},"end":{"line":86,"column":65}},"19":{"start":{"line":87,"column":56},"end":{"line":87,"column":102}},"20":{"start":{"line":88,"column":52},"end":{"line":88,"column":64}},"21":{"start":{"line":94,"column":6},"end":{"line":94,"column":119}},"22":{"start":{"line":100,"column":6},"end":{"line":100,"column":116}},"23":{"start":{"line":106,"column":6},"end":{"line":106,"column":119}},"24":{"start":{"line":111,"column":6},"end":{"line":113,"column":4}},"25":{"start":{"line":115,"column":31},"end":{"line":115,"column":104}},"26":{"start":{"line":115,"column":64},"end":{"line":115,"column":95}},"27":{"start":{"line":117,"column":29},"end":{"line":120,"column":24}},"28":{"start":{"line":118,"column":4},"end":{"line":118,"column":62}},"29":{"start":{"line":118,"column":27},"end":{"line":118,"column":62}},"30":{"start":{"line":119,"column":4},"end":{"line":119,"column":53}},"31":{"start":{"line":126,"column":6},"end":{"line":129,"column":4}},"32":{"start":{"line":131,"column":2},"end":{"line":133,"column":3}},"33":{"start":{"line":132,"column":4},"end":{"line":132,"column":33}},"34":{"start":{"line":136,"column":4},"end":{"line":139,"column":5}},"35":{"start":{"line":137,"column":6},"end":{"line":137,"column":47}},"36":{"start":{"line":138,"column":6},"end":{"line":138,"column":13}},"37":{"start":{"line":140,"column":4},"end":{"line":140,"column":22}},"38":{"start":{"line":141,"column":4},"end":{"line":141,"column":18}},"39":{"start":{"line":142,"column":4},"end":{"line":152,"column":5}},"40":{"start":{"line":143,"column":6},"end":{"line":143,"column":61}},"41":{"start":{"line":144,"column":6},"end":{"line":144,"column":32}},"42":{"start":{"line":145,"column":6},"end":{"line":145,"column":38}},"43":{"start":{"line":146,"column":6},"end":{"line":146,"column":36}},"44":{"start":{"line":148,"column":6},"end":{"line":148,"column":25}},"45":{"start":{"line":149,"column":6},"end":{"line":149,"column":60}},"46":{"start":{"line":151,"column":6},"end":{"line":151,"column":25}},"47":{"start":{"line":156,"column":4},"end":{"line":156,"column":18}},"48":{"start":{"line":157,"column":4},"end":{"line":163,"column":5}},"49":{"start":{"line":158,"column":6},"end":{"line":158,"column":77}},"50":{"start":{"line":159,"column":6},"end":{"line":159,"column":36}},"51":{"start":{"line":161,"column":6},"end":{"line":161,"column":25}},"52":{"start":{"line":162,"column":6},"end":{"line":162,"column":64}},"53":{"start":{"line":167,"column":4},"end":{"line":170,"column":5}},"54":{"start":{"line":168,"column":6},"end":{"line":168,"column":69}},"55":{"start":{"line":169,"column":6},"end":{"line":169,"column":13}},"56":{"start":{"line":171,"column":4},"end":{"line":171,"column":22}},"57":{"start":{"line":172,"column":4},"end":{"line":172,"column":18}},"58":{"start":{"line":173,"column":4},"end":{"line":187,"column":5}},"59":{"start":{"line":178,"column":8},"end":{"line":178,"column":95}},"60":{"start":{"line":178,"column":41},"end":{"line":178,"column":83}},"61":{"start":{"line":179,"column":6},"end":{"line":179,"column":98}},"62":{"start":{"line":180,"column":6},"end":{"line":180,"column":31}},"63":{"start":{"line":181,"column":6},"end":{"line":181,"column":35}},"64":{"start":{"line":183,"column":6},"end":{"line":183,"column":25}},"65":{"start":{"line":184,"column":6},"end":{"line":184,"column":59}},"66":{"start":{"line":186,"column":6},"end":{"line":186,"column":25}},"67":{"start":{"line":191,"column":4},"end":{"line":191,"column":18}},"68":{"start":{"line":192,"column":4},"end":{"line":198,"column":5}},"69":{"start":{"line":193,"column":6},"end":{"line":193,"column":74}},"70":{"start":{"line":194,"column":6},"end":{"line":194,"column":35}},"71":{"start":{"line":196,"column":6},"end":{"line":196,"column":25}},"72":{"start":{"line":197,"column":6},"end":{"line":197,"column":63}},"73":{"start":{"line":202,"column":4},"end":{"line":205,"column":5}},"74":{"start":{"line":203,"column":6},"end":{"line":203,"column":69}},"75":{"start":{"line":204,"column":6},"end":{"line":204,"column":13}},"76":{"start":{"line":206,"column":22},"end":{"line":206,"column":71}},"77":{"start":{"line":207,"column":4},"end":{"line":210,"column":5}},"78":{"start":{"line":208,"column":6},"end":{"line":208,"column":56}},"79":{"start":{"line":209,"column":6},"end":{"line":209,"column":13}},"80":{"start":{"line":211,"column":4},"end":{"line":211,"column":22}},"81":{"start":{"line":212,"column":4},"end":{"line":212,"column":18}},"82":{"start":{"line":213,"column":4},"end":{"line":230,"column":5}},"83":{"start":{"line":214,"column":6},"end":{"line":220,"column":8}},"84":{"start":{"line":221,"column":6},"end":{"line":221,"column":32}},"85":{"start":{"line":222,"column":6},"end":{"line":222,"column":34}},"86":{"start":{"line":223,"column":6},"end":{"line":223,"column":38}},"87":{"start":{"line":224,"column":6},"end":{"line":224,"column":36}},"88":{"start":{"line":226,"column":6},"end":{"line":226,"column":25}},"89":{"start":{"line":227,"column":6},"end":{"line":227,"column":60}},"90":{"start":{"line":229,"column":6},"end":{"line":229,"column":25}},"91":{"start":{"line":234,"column":4},"end":{"line":234,"column":18}},"92":{"start":{"line":235,"column":4},"end":{"line":241,"column":5}},"93":{"start":{"line":236,"column":6},"end":{"line":236,"column":77}},"94":{"start":{"line":237,"column":6},"end":{"line":237,"column":36}},"95":{"start":{"line":239,"column":6},"end":{"line":239,"column":25}},"96":{"start":{"line":240,"column":6},"end":{"line":240,"column":64}},"97":{"start":{"line":245,"column":18},"end":{"line":245,"column":48}},"98":{"start":{"line":246,"column":4},"end":{"line":246,"column":36}},"99":{"start":{"line":246,"column":29},"end":{"line":246,"column":36}},"100":{"start":{"line":247,"column":22},"end":{"line":247,"column":53}},"101":{"start":{"line":248,"column":4},"end":{"line":251,"column":7}},"102":{"start":{"line":249,"column":55},"end":{"line":249,"column":60}},"103":{"start":{"line":250,"column":6},"end":{"line":250,"column":19}},"104":{"start":{"line":252,"column":4},"end":{"line":252,"column":83}},"105":{"start":{"line":252,"column":76},"end":{"line":252,"column":83}},"106":{"start":{"line":253,"column":4},"end":{"line":253,"column":18}},"107":{"start":{"line":254,"column":4},"end":{"line":260,"column":5}},"108":{"start":{"line":255,"column":6},"end":{"line":255,"column":62}},"109":{"start":{"line":256,"column":6},"end":{"line":256,"column":36}},"110":{"start":{"line":258,"column":6},"end":{"line":258,"column":25}},"111":{"start":{"line":259,"column":6},"end":{"line":259,"column":64}},"112":{"start":{"line":264,"column":4},"end":{"line":267,"column":5}},"113":{"start":{"line":265,"column":6},"end":{"line":265,"column":49}},"114":{"start":{"line":266,"column":6},"end":{"line":266,"column":13}},"115":{"start":{"line":268,"column":17},"end":{"line":268,"column":42}},"116":{"start":{"line":269,"column":4},"end":{"line":272,"column":5}},"117":{"start":{"line":270,"column":6},"end":{"line":270,"column":50}},"118":{"start":{"line":271,"column":6},"end":{"line":271,"column":13}},"119":{"start":{"line":273,"column":4},"end":{"line":273,"column":22}},"120":{"start":{"line":274,"column":4},"end":{"line":274,"column":18}},"121":{"start":{"line":275,"column":4},"end":{"line":293,"column":5}},"122":{"start":{"line":276,"column":6},"end":{"line":283,"column":8}},"123":{"start":{"line":284,"column":6},"end":{"line":284,"column":39}},"124":{"start":{"line":285,"column":6},"end":{"line":285,"column":32}},"125":{"start":{"line":286,"column":6},"end":{"line":286,"column":31}},"126":{"start":{"line":287,"column":6},"end":{"line":287,"column":35}},"127":{"start":{"line":289,"column":6},"end":{"line":289,"column":25}},"128":{"start":{"line":290,"column":6},"end":{"line":290,"column":108}},"129":{"start":{"line":292,"column":6},"end":{"line":292,"column":25}},"130":{"start":{"line":297,"column":4},"end":{"line":297,"column":18}},"131":{"start":{"line":298,"column":4},"end":{"line":304,"column":5}},"132":{"start":{"line":299,"column":6},"end":{"line":299,"column":38}},"133":{"start":{"line":300,"column":6},"end":{"line":300,"column":35}},"134":{"start":{"line":302,"column":6},"end":{"line":302,"column":25}},"135":{"start":{"line":303,"column":6},"end":{"line":303,"column":61}},"136":{"start":{"line":307,"column":26},"end":{"line":307,"column":122}},"137":{"start":{"line":309,"column":28},"end":{"line":309,"column":115}},"138":{"start":{"line":309,"column":62},"end":{"line":309,"column":69}},"139":{"start":{"line":309,"column":83},"end":{"line":309,"column":113}},"140":{"start":{"line":310,"column":27},"end":{"line":312,"column":77}},"141":{"start":{"line":311,"column":19},"end":{"line":311,"column":26}},"142":{"start":{"line":312,"column":17},"end":{"line":312,"column":75}},"143":{"start":{"line":313,"column":39},"end":{"line":315,"column":76}},"144":{"start":{"line":314,"column":19},"end":{"line":314,"column":86}},"145":{"start":{"line":314,"column":62},"end":{"line":314,"column":85}},"146":{"start":{"line":315,"column":17},"end":{"line":315,"column":74}},"147":{"start":{"line":317,"column":2},"end":{"line":645,"column":4}},"148":{"start":{"line":323,"column":12},"end":{"line":332,"column":31}},"149":{"start":{"line":327,"column":29},"end":{"line":327,"column":50}},"150":{"start":{"line":351,"column":14},"end":{"line":356,"column":21}},"151":{"start":{"line":355,"column":70},"end":{"line":355,"column":105}},"152":{"start":{"line":374,"column":22},"end":{"line":374,"column":54}},"153":{"start":{"line":375,"column":22},"end":{"line":375,"column":48}},"154":{"start":{"line":394,"column":31},"end":{"line":394,"column":61}},"155":{"start":{"line":402,"column":14},"end":{"line":408,"column":21}},"156":{"start":{"line":407,"column":69},"end":{"line":407,"column":102}},"157":{"start":{"line":455,"column":14},"end":{"line":472,"column":21}},"158":{"start":{"line":467,"column":43},"end":{"line":467,"column":112}},"159":{"start":{"line":467,"column":74},"end":{"line":467,"column":110}},"160":{"start":{"line":468,"column":38},"end":{"line":468,"column":65}},"161":{"start":{"line":471,"column":70},"end":{"line":471,"column":105}},"162":{"start":{"line":537,"column":56},"end":{"line":537,"column":86}},"163":{"start":{"line":540,"column":16},"end":{"line":540,"column":49}},"164":{"start":{"line":541,"column":16},"end":{"line":541,"column":42}},"165":{"start":{"line":547,"column":18},"end":{"line":556,"column":37}},"166":{"start":{"line":551,"column":35},"end":{"line":551,"column":64}},"167":{"start":{"line":567,"column":20},"end":{"line":579,"column":27}},"168":{"start":{"line":576,"column":55},"end":{"line":576,"column":85}},"169":{"start":{"line":605,"column":24},"end":{"line":615,"column":43}},"170":{"start":{"line":608,"column":41},"end":{"line":608,"column":76}},"171":{"start":{"line":648,"column":15},"end":{"line":853,"column":2}}},"fnMap":{"0":{"name":"CatalogoEvolucao","decl":{"start":{"line":57,"column":24},"end":{"line":57,"column":40}},"loc":{"start":{"line":57,"column":43},"end":{"line":646,"column":1}},"line":57},"1":{"name":"(anonymous_1)","decl":{"start":{"line":115,"column":57},"end":{"line":115,"column":58}},"loc":{"start":{"line":115,"column":64},"end":{"line":115,"column":95}},"line":115},"2":{"name":"(anonymous_2)","decl":{"start":{"line":117,"column":41},"end":{"line":117,"column":42}},"loc":{"start":{"line":117,"column":53},"end":{"line":120,"column":3}},"line":117},"3":{"name":"adicionarModalidade","decl":{"start":{"line":135,"column":17},"end":{"line":135,"column":36}},"loc":{"start":{"line":135,"column":39},"end":{"line":153,"column":3}},"line":135},"4":{"name":"alternarAtivoModalidade","decl":{"start":{"line":155,"column":17},"end":{"line":155,"column":40}},"loc":{"start":{"line":155,"column":73},"end":{"line":164,"column":3}},"line":155},"5":{"name":"adicionarCategoria","decl":{"start":{"line":166,"column":17},"end":{"line":166,"column":35}},"loc":{"start":{"line":166,"column":38},"end":{"line":188,"column":3}},"line":166},"6":{"name":"(anonymous_6)","decl":{"start":{"line":178,"column":34},"end":{"line":178,"column":35}},"loc":{"start":{"line":178,"column":41},"end":{"line":178,"column":83}},"line":178},"7":{"name":"alternarAtivoCategoria","decl":{"start":{"line":190,"column":17},"end":{"line":190,"column":39}},"loc":{"start":{"line":190,"column":70},"end":{"line":199,"column":3}},"line":190},"8":{"name":"adicionarHabilidade","decl":{"start":{"line":201,"column":17},"end":{"line":201,"column":36}},"loc":{"start":{"line":201,"column":39},"end":{"line":231,"column":3}},"line":201},"9":{"name":"alternarAtivoHabilidade","decl":{"start":{"line":233,"column":17},"end":{"line":233,"column":40}},"loc":{"start":{"line":233,"column":73},"end":{"line":242,"column":3}},"line":233},"10":{"name":"salvarValorBase","decl":{"start":{"line":244,"column":17},"end":{"line":244,"column":32}},"loc":{"start":{"line":244,"column":65},"end":{"line":261,"column":3}},"line":244},"11":{"name":"(anonymous_11)","decl":{"start":{"line":248,"column":23},"end":{"line":248,"column":24}},"loc":{"start":{"line":248,"column":34},"end":{"line":251,"column":5}},"line":248},"12":{"name":"adicionarRequisito","decl":{"start":{"line":263,"column":17},"end":{"line":263,"column":35}},"loc":{"start":{"line":263,"column":38},"end":{"line":294,"column":3}},"line":263},"13":{"name":"removerRequisito","decl":{"start":{"line":296,"column":17},"end":{"line":296,"column":33}},"loc":{"start":{"line":296,"column":46},"end":{"line":305,"column":3}},"line":296},"14":{"name":"(anonymous_14)","decl":{"start":{"line":309,"column":55},"end":{"line":309,"column":56}},"loc":{"start":{"line":309,"column":62},"end":{"line":309,"column":69}},"line":309},"15":{"name":"(anonymous_15)","decl":{"start":{"line":309,"column":75},"end":{"line":309,"column":76}},"loc":{"start":{"line":309,"column":83},"end":{"line":309,"column":113}},"line":309},"16":{"name":"(anonymous_16)","decl":{"start":{"line":311,"column":12},"end":{"line":311,"column":13}},"loc":{"start":{"line":311,"column":19},"end":{"line":311,"column":26}},"line":311},"17":{"name":"(anonymous_17)","decl":{"start":{"line":312,"column":9},"end":{"line":312,"column":10}},"loc":{"start":{"line":312,"column":17},"end":{"line":312,"column":75}},"line":312},"18":{"name":"(anonymous_18)","decl":{"start":{"line":314,"column":12},"end":{"line":314,"column":13}},"loc":{"start":{"line":314,"column":19},"end":{"line":314,"column":86}},"line":314},"19":{"name":"(anonymous_19)","decl":{"start":{"line":314,"column":55},"end":{"line":314,"column":56}},"loc":{"start":{"line":314,"column":62},"end":{"line":314,"column":85}},"line":314},"20":{"name":"(anonymous_20)","decl":{"start":{"line":315,"column":9},"end":{"line":315,"column":10}},"loc":{"start":{"line":315,"column":17},"end":{"line":315,"column":74}},"line":315},"21":{"name":"(anonymous_21)","decl":{"start":{"line":322,"column":70},"end":{"line":322,"column":71}},"loc":{"start":{"line":323,"column":12},"end":{"line":332,"column":31}},"line":323},"22":{"name":"(anonymous_22)","decl":{"start":{"line":327,"column":23},"end":{"line":327,"column":24}},"loc":{"start":{"line":327,"column":29},"end":{"line":327,"column":50}},"line":327},"23":{"name":"(anonymous_23)","decl":{"start":{"line":350,"column":37},"end":{"line":350,"column":38}},"loc":{"start":{"line":351,"column":14},"end":{"line":356,"column":21}},"line":351},"24":{"name":"(anonymous_24)","decl":{"start":{"line":355,"column":64},"end":{"line":355,"column":65}},"loc":{"start":{"line":355,"column":70},"end":{"line":355,"column":105}},"line":355},"25":{"name":"(anonymous_25)","decl":{"start":{"line":373,"column":29},"end":{"line":373,"column":30}},"loc":{"start":{"line":373,"column":35},"end":{"line":376,"column":21}},"line":373},"26":{"name":"(anonymous_26)","decl":{"start":{"line":394,"column":25},"end":{"line":394,"column":26}},"loc":{"start":{"line":394,"column":31},"end":{"line":394,"column":61}},"line":394},"27":{"name":"(anonymous_27)","decl":{"start":{"line":401,"column":36},"end":{"line":401,"column":37}},"loc":{"start":{"line":402,"column":14},"end":{"line":408,"column":21}},"line":402},"28":{"name":"(anonymous_28)","decl":{"start":{"line":407,"column":63},"end":{"line":407,"column":64}},"loc":{"start":{"line":407,"column":69},"end":{"line":407,"column":102}},"line":407},"29":{"name":"(anonymous_29)","decl":{"start":{"line":454,"column":37},"end":{"line":454,"column":38}},"loc":{"start":{"line":455,"column":14},"end":{"line":472,"column":21}},"line":455},"30":{"name":"(anonymous_30)","decl":{"start":{"line":467,"column":32},"end":{"line":467,"column":33}},"loc":{"start":{"line":467,"column":43},"end":{"line":467,"column":112}},"line":467},"31":{"name":"(anonymous_31)","decl":{"start":{"line":467,"column":62},"end":{"line":467,"column":63}},"loc":{"start":{"line":467,"column":74},"end":{"line":467,"column":110}},"line":467},"32":{"name":"(anonymous_32)","decl":{"start":{"line":468,"column":32},"end":{"line":468,"column":33}},"loc":{"start":{"line":468,"column":38},"end":{"line":468,"column":65}},"line":468},"33":{"name":"(anonymous_33)","decl":{"start":{"line":471,"column":64},"end":{"line":471,"column":65}},"loc":{"start":{"line":471,"column":70},"end":{"line":471,"column":105}},"line":471},"34":{"name":"(anonymous_34)","decl":{"start":{"line":537,"column":48},"end":{"line":537,"column":49}},"loc":{"start":{"line":537,"column":56},"end":{"line":537,"column":86}},"line":537},"35":{"name":"(anonymous_35)","decl":{"start":{"line":539,"column":24},"end":{"line":539,"column":25}},"loc":{"start":{"line":539,"column":35},"end":{"line":542,"column":15}},"line":539},"36":{"name":"(anonymous_36)","decl":{"start":{"line":546,"column":49},"end":{"line":546,"column":50}},"loc":{"start":{"line":547,"column":18},"end":{"line":556,"column":37}},"line":547},"37":{"name":"(anonymous_37)","decl":{"start":{"line":551,"column":29},"end":{"line":551,"column":30}},"loc":{"start":{"line":551,"column":35},"end":{"line":551,"column":64}},"line":551},"38":{"name":"(anonymous_38)","decl":{"start":{"line":566,"column":42},"end":{"line":566,"column":43}},"loc":{"start":{"line":567,"column":20},"end":{"line":579,"column":27}},"line":567},"39":{"name":"(anonymous_39)","decl":{"start":{"line":576,"column":49},"end":{"line":576,"column":50}},"loc":{"start":{"line":576,"column":55},"end":{"line":576,"column":85}},"line":576},"40":{"name":"(anonymous_40)","decl":{"start":{"line":604,"column":41},"end":{"line":604,"column":42}},"loc":{"start":{"line":605,"column":24},"end":{"line":615,"column":43}},"line":605},"41":{"name":"(anonymous_41)","decl":{"start":{"line":608,"column":35},"end":{"line":608,"column":36}},"loc":{"start":{"line":608,"column":41},"end":{"line":608,"column":76}},"line":608}},"branchMap":{"0":{"loc":{"start":{"line":115,"column":31},"end":{"line":115,"column":104}},"type":"binary-expr","locations":[{"start":{"line":115,"column":31},"end":{"line":115,"column":96}},{"start":{"line":115,"column":100},"end":{"line":115,"column":104}}],"line":115},"1":{"loc":{"start":{"line":115,"column":32},"end":{"line":115,"column":50}},"type":"binary-expr","locations":[{"start":{"line":115,"column":32},"end":{"line":115,"column":44}},{"start":{"line":115,"column":48},"end":{"line":115,"column":50}}],"line":115},"2":{"loc":{"start":{"line":118,"column":4},"end":{"line":118,"column":62}},"type":"if","locations":[{"start":{"line":118,"column":4},"end":{"line":118,"column":62}},{"start":{},"end":{}}],"line":118},"3":{"loc":{"start":{"line":131,"column":2},"end":{"line":133,"column":3}},"type":"if","locations":[{"start":{"line":131,"column":2},"end":{"line":133,"column":3}},{"start":{},"end":{}}],"line":131},"4":{"loc":{"start":{"line":136,"column":4},"end":{"line":139,"column":5}},"type":"if","locations":[{"start":{"line":136,"column":4},"end":{"line":139,"column":5}},{"start":{},"end":{}}],"line":136},"5":{"loc":{"start":{"line":167,"column":4},"end":{"line":170,"column":5}},"type":"if","locations":[{"start":{"line":167,"column":4},"end":{"line":170,"column":5}},{"start":{},"end":{}}],"line":167},"6":{"loc":{"start":{"line":167,"column":8},"end":{"line":167,"column":61}},"type":"binary-expr","locations":[{"start":{"line":167,"column":8},"end":{"line":167,"column":32}},{"start":{"line":167,"column":36},"end":{"line":167,"column":61}}],"line":167},"7":{"loc":{"start":{"line":178,"column":9},"end":{"line":178,"column":25}},"type":"binary-expr","locations":[{"start":{"line":178,"column":9},"end":{"line":178,"column":19}},{"start":{"line":178,"column":23},"end":{"line":178,"column":25}}],"line":178},"8":{"loc":{"start":{"line":202,"column":4},"end":{"line":205,"column":5}},"type":"if","locations":[{"start":{"line":202,"column":4},"end":{"line":205,"column":5}},{"start":{},"end":{}}],"line":202},"9":{"loc":{"start":{"line":202,"column":8},"end":{"line":202,"column":62}},"type":"binary-expr","locations":[{"start":{"line":202,"column":8},"end":{"line":202,"column":32}},{"start":{"line":202,"column":36},"end":{"line":202,"column":62}}],"line":202},"10":{"loc":{"start":{"line":207,"column":4},"end":{"line":210,"column":5}},"type":"if","locations":[{"start":{"line":207,"column":4},"end":{"line":210,"column":5}},{"start":{},"end":{}}],"line":207},"11":{"loc":{"start":{"line":207,"column":8},"end":{"line":207,"column":36}},"type":"binary-expr","locations":[{"start":{"line":207,"column":8},"end":{"line":207,"column":18}},{"start":{"line":207,"column":22},"end":{"line":207,"column":36}}],"line":207},"12":{"loc":{"start":{"line":217,"column":8},"end":{"line":217,"column":43}},"type":"binary-expr","locations":[{"start":{"line":217,"column":8},"end":{"line":217,"column":35}},{"start":{"line":217,"column":39},"end":{"line":217,"column":43}}],"line":217},"13":{"loc":{"start":{"line":246,"column":4},"end":{"line":246,"column":36}},"type":"if","locations":[{"start":{"line":246,"column":4},"end":{"line":246,"column":36}},{"start":{},"end":{}}],"line":246},"14":{"loc":{"start":{"line":252,"column":4},"end":{"line":252,"column":83}},"type":"if","locations":[{"start":{"line":252,"column":4},"end":{"line":252,"column":83}},{"start":{},"end":{}}],"line":252},"15":{"loc":{"start":{"line":252,"column":8},"end":{"line":252,"column":74}},"type":"binary-expr","locations":[{"start":{"line":252,"column":8},"end":{"line":252,"column":18}},{"start":{"line":252,"column":22},"end":{"line":252,"column":36}},{"start":{"line":252,"column":40},"end":{"line":252,"column":74}}],"line":252},"16":{"loc":{"start":{"line":264,"column":4},"end":{"line":267,"column":5}},"type":"if","locations":[{"start":{"line":264,"column":4},"end":{"line":267,"column":5}},{"start":{},"end":{}}],"line":264},"17":{"loc":{"start":{"line":264,"column":8},"end":{"line":264,"column":53}},"type":"binary-expr","locations":[{"start":{"line":264,"column":8},"end":{"line":264,"column":25}},{"start":{"line":264,"column":29},"end":{"line":264,"column":53}}],"line":264},"18":{"loc":{"start":{"line":269,"column":4},"end":{"line":272,"column":5}},"type":"if","locations":[{"start":{"line":269,"column":4},"end":{"line":272,"column":5}},{"start":{},"end":{}}],"line":269},"19":{"loc":{"start":{"line":269,"column":8},"end":{"line":269,"column":26}},"type":"binary-expr","locations":[{"start":{"line":269,"column":8},"end":{"line":269,"column":13}},{"start":{"line":269,"column":17},"end":{"line":269,"column":26}}],"line":269},"20":{"loc":{"start":{"line":281,"column":8},"end":{"line":281,"column":67}},"type":"cond-expr","locations":[{"start":{"line":281,"column":35},"end":{"line":281,"column":60}},{"start":{"line":281,"column":63},"end":{"line":281,"column":67}}],"line":281},"21":{"loc":{"start":{"line":307,"column":26},"end":{"line":307,"column":122}},"type":"binary-expr","locations":[{"start":{"line":307,"column":26},"end":{"line":307,"column":47}},{"start":{"line":307,"column":51},"end":{"line":307,"column":71}},{"start":{"line":307,"column":75},"end":{"line":307,"column":96}},{"start":{"line":307,"column":100},"end":{"line":307,"column":122}}],"line":307},"22":{"loc":{"start":{"line":309,"column":29},"end":{"line":309,"column":46}},"type":"binary-expr","locations":[{"start":{"line":309,"column":29},"end":{"line":309,"column":40}},{"start":{"line":309,"column":44},"end":{"line":309,"column":46}}],"line":309},"23":{"loc":{"start":{"line":310,"column":28},"end":{"line":310,"column":44}},"type":"binary-expr","locations":[{"start":{"line":310,"column":28},"end":{"line":310,"column":38}},{"start":{"line":310,"column":42},"end":{"line":310,"column":44}}],"line":310},"24":{"loc":{"start":{"line":313,"column":40},"end":{"line":313,"column":57}},"type":"binary-expr","locations":[{"start":{"line":313,"column":40},"end":{"line":313,"column":51}},{"start":{"line":313,"column":55},"end":{"line":313,"column":57}}],"line":313},"25":{"loc":{"start":{"line":314,"column":19},"end":{"line":314,"column":86}},"type":"binary-expr","locations":[{"start":{"line":314,"column":19},"end":{"line":314,"column":26}},{"start":{"line":314,"column":30},"end":{"line":314,"column":86}}],"line":314},"26":{"loc":{"start":{"line":314,"column":32},"end":{"line":314,"column":48}},"type":"binary-expr","locations":[{"start":{"line":314,"column":32},"end":{"line":314,"column":42}},{"start":{"line":314,"column":46},"end":{"line":314,"column":48}}],"line":314},"27":{"loc":{"start":{"line":326,"column":34},"end":{"line":326,"column":74}},"type":"binary-expr","locations":[{"start":{"line":326,"column":34},"end":{"line":326,"column":55}},{"start":{"line":326,"column":59},"end":{"line":326,"column":74}}],"line":326},"28":{"loc":{"start":{"line":329,"column":45},"end":{"line":329,"column":90}},"type":"binary-expr","locations":[{"start":{"line":329,"column":45},"end":{"line":329,"column":66}},{"start":{"line":329,"column":70},"end":{"line":329,"column":90}}],"line":329},"29":{"loc":{"start":{"line":330,"column":17},"end":{"line":330,"column":111}},"type":"cond-expr","locations":[{"start":{"line":330,"column":42},"end":{"line":330,"column":54}},{"start":{"line":330,"column":57},"end":{"line":330,"column":111}}],"line":330},"30":{"loc":{"start":{"line":330,"column":57},"end":{"line":330,"column":111}},"type":"cond-expr","locations":[{"start":{"line":330,"column":83},"end":{"line":330,"column":96}},{"start":{"line":330,"column":99},"end":{"line":330,"column":111}}],"line":330},"31":{"loc":{"start":{"line":336,"column":9},"end":{"line":336,"column":62}},"type":"cond-expr","locations":[{"start":{"line":336,"column":16},"end":{"line":336,"column":55}},{"start":{"line":336,"column":58},"end":{"line":336,"column":62}}],"line":336},"32":{"loc":{"start":{"line":338,"column":9},"end":{"line":342,"column":16}},"type":"cond-expr","locations":[{"start":{"line":339,"column":10},"end":{"line":341,"column":17}},{"start":{"line":342,"column":12},"end":{"line":342,"column":16}}],"line":338},"33":{"loc":{"start":{"line":344,"column":9},"end":{"line":445,"column":16}},"type":"cond-expr","locations":[{"start":{"line":345,"column":10},"end":{"line":444,"column":17}},{"start":{"line":445,"column":12},"end":{"line":445,"column":16}}],"line":344},"34":{"loc":{"start":{"line":344,"column":9},"end":{"line":344,"column":57}},"type":"binary-expr","locations":[{"start":{"line":344,"column":9},"end":{"line":344,"column":25}},{"start":{"line":344,"column":29},"end":{"line":344,"column":57}}],"line":344},"35":{"loc":{"start":{"line":350,"column":14},"end":{"line":350,"column":31}},"type":"binary-expr","locations":[{"start":{"line":350,"column":14},"end":{"line":350,"column":25}},{"start":{"line":350,"column":29},"end":{"line":350,"column":31}}],"line":350},"36":{"loc":{"start":{"line":352,"column":63},"end":{"line":352,"column":98}},"type":"binary-expr","locations":[{"start":{"line":352,"column":63},"end":{"line":352,"column":80}},{"start":{"line":352,"column":84},"end":{"line":352,"column":98}}],"line":352},"37":{"loc":{"start":{"line":359,"column":13},"end":{"line":398,"column":13}},"type":"cond-expr","locations":[{"start":{"line":360,"column":14},"end":{"line":389,"column":21}},{"start":{"line":391,"column":14},"end":{"line":397,"column":33}}],"line":359},"38":{"loc":{"start":{"line":382,"column":60},"end":{"line":382,"column":96}},"type":"binary-expr","locations":[{"start":{"line":382,"column":60},"end":{"line":382,"column":68}},{"start":{"line":382,"column":72},"end":{"line":382,"column":96}}],"line":382},"39":{"loc":{"start":{"line":401,"column":14},"end":{"line":401,"column":30}},"type":"binary-expr","locations":[{"start":{"line":401,"column":14},"end":{"line":401,"column":24}},{"start":{"line":401,"column":28},"end":{"line":401,"column":30}}],"line":401},"40":{"loc":{"start":{"line":404,"column":43},"end":{"line":404,"column":77}},"type":"binary-expr","locations":[{"start":{"line":404,"column":43},"end":{"line":404,"column":59}},{"start":{"line":404,"column":63},"end":{"line":404,"column":77}}],"line":404},"41":{"loc":{"start":{"line":413,"column":15},"end":{"line":442,"column":15}},"type":"cond-expr","locations":[{"start":{"line":414,"column":16},"end":{"line":414,"column":114}},{"start":{"line":416,"column":16},"end":{"line":441,"column":19}}],"line":413},"42":{"loc":{"start":{"line":435,"column":42},"end":{"line":435,"column":78}},"type":"binary-expr","locations":[{"start":{"line":435,"column":42},"end":{"line":435,"column":50}},{"start":{"line":435,"column":54},"end":{"line":435,"column":78}}],"line":435},"43":{"loc":{"start":{"line":447,"column":9},"end":{"line":525,"column":16}},"type":"cond-expr","locations":[{"start":{"line":448,"column":10},"end":{"line":524,"column":17}},{"start":{"line":525,"column":12},"end":{"line":525,"column":16}}],"line":447},"44":{"loc":{"start":{"line":447,"column":9},"end":{"line":447,"column":58}},"type":"binary-expr","locations":[{"start":{"line":447,"column":9},"end":{"line":447,"column":25}},{"start":{"line":447,"column":29},"end":{"line":447,"column":58}}],"line":447},"45":{"loc":{"start":{"line":454,"column":14},"end":{"line":454,"column":31}},"type":"binary-expr","locations":[{"start":{"line":454,"column":14},"end":{"line":454,"column":25}},{"start":{"line":454,"column":29},"end":{"line":454,"column":31}}],"line":454},"46":{"loc":{"start":{"line":457,"column":43},"end":{"line":457,"column":78}},"type":"binary-expr","locations":[{"start":{"line":457,"column":43},"end":{"line":457,"column":60}},{"start":{"line":457,"column":64},"end":{"line":457,"column":78}}],"line":457},"47":{"loc":{"start":{"line":460,"column":21},"end":{"line":460,"column":93}},"type":"cond-expr","locations":[{"start":{"line":460,"column":52},"end":{"line":460,"column":88}},{"start":{"line":460,"column":91},"end":{"line":460,"column":93}}],"line":460},"48":{"loc":{"start":{"line":466,"column":25},"end":{"line":466,"column":87}},"type":"binary-expr","locations":[{"start":{"line":466,"column":25},"end":{"line":466,"column":55}},{"start":{"line":466,"column":59},"end":{"line":466,"column":87}}],"line":466},"49":{"loc":{"start":{"line":477,"column":15},"end":{"line":522,"column":15}},"type":"cond-expr","locations":[{"start":{"line":478,"column":16},"end":{"line":478,"column":117}},{"start":{"line":480,"column":16},"end":{"line":521,"column":19}}],"line":477},"50":{"loc":{"start":{"line":515,"column":42},"end":{"line":515,"column":78}},"type":"binary-expr","locations":[{"start":{"line":515,"column":42},"end":{"line":515,"column":50}},{"start":{"line":515,"column":54},"end":{"line":515,"column":78}}],"line":515},"51":{"loc":{"start":{"line":527,"column":9},"end":{"line":641,"column":16}},"type":"cond-expr","locations":[{"start":{"line":528,"column":10},"end":{"line":640,"column":17}},{"start":{"line":641,"column":12},"end":{"line":641,"column":16}}],"line":527},"52":{"loc":{"start":{"line":527,"column":9},"end":{"line":527,"column":57}},"type":"binary-expr","locations":[{"start":{"line":527,"column":9},"end":{"line":527,"column":25}},{"start":{"line":527,"column":29},"end":{"line":527,"column":57}}],"line":527},"53":{"loc":{"start":{"line":537,"column":24},"end":{"line":537,"column":42}},"type":"binary-expr","locations":[{"start":{"line":537,"column":24},"end":{"line":537,"column":36}},{"start":{"line":537,"column":40},"end":{"line":537,"column":42}}],"line":537},"54":{"loc":{"start":{"line":544,"column":13},"end":{"line":559,"column":20}},"type":"cond-expr","locations":[{"start":{"line":545,"column":14},"end":{"line":558,"column":21}},{"start":{"line":559,"column":16},"end":{"line":559,"column":20}}],"line":544},"55":{"loc":{"start":{"line":550,"column":41},"end":{"line":550,"column":90}},"type":"binary-expr","locations":[{"start":{"line":550,"column":41},"end":{"line":550,"column":70}},{"start":{"line":550,"column":74},"end":{"line":550,"column":90}}],"line":550},"56":{"loc":{"start":{"line":553,"column":52},"end":{"line":553,"column":106}},"type":"binary-expr","locations":[{"start":{"line":553,"column":52},"end":{"line":553,"column":81}},{"start":{"line":553,"column":85},"end":{"line":553,"column":106}}],"line":553},"57":{"loc":{"start":{"line":561,"column":13},"end":{"line":639,"column":13}},"type":"cond-expr","locations":[{"start":{"line":562,"column":14},"end":{"line":636,"column":15}},{"start":{"line":638,"column":14},"end":{"line":638,"column":105}}],"line":561},"58":{"loc":{"start":{"line":562,"column":14},"end":{"line":636,"column":15}},"type":"cond-expr","locations":[{"start":{"line":563,"column":16},"end":{"line":563,"column":82}},{"start":{"line":565,"column":16},"end":{"line":635,"column":19}}],"line":562},"59":{"loc":{"start":{"line":566,"column":20},"end":{"line":566,"column":36}},"type":"binary-expr","locations":[{"start":{"line":566,"column":20},"end":{"line":566,"column":30}},{"start":{"line":566,"column":34},"end":{"line":566,"column":36}}],"line":566},"60":{"loc":{"start":{"line":573,"column":27},"end":{"line":573,"column":99}},"type":"cond-expr","locations":[{"start":{"line":573,"column":58},"end":{"line":573,"column":94}},{"start":{"line":573,"column":97},"end":{"line":573,"column":99}}],"line":573},"61":{"loc":{"start":{"line":607,"column":47},"end":{"line":607,"column":102}},"type":"binary-expr","locations":[{"start":{"line":607,"column":47},"end":{"line":607,"column":82}},{"start":{"line":607,"column":86},"end":{"line":607,"column":102}}],"line":607},"62":{"loc":{"start":{"line":611,"column":54},"end":{"line":611,"column":114}},"type":"binary-expr","locations":[{"start":{"line":611,"column":54},"end":{"line":611,"column":89}},{"start":{"line":611,"column":93},"end":{"line":611,"column":114}}],"line":611},"63":{"loc":{"start":{"line":628,"column":44},"end":{"line":628,"column":80}},"type":"binary-expr","locations":[{"start":{"line":628,"column":44},"end":{"line":628,"column":52}},{"start":{"line":628,"column":56},"end":{"line":628,"column":80}}],"line":628}},"s":{"0":0,"1":0,"2":0,"3":0,"4":0,"5":0,"6":0,"7":0,"8":0,"9":0,"10":0,"11":0,"12":0,"13":0,"14":0,"15":0,"16":0,"17":0,"18":0,"19":0,"20":0,"21":0,"22":0,"23":0,"24":0,"25":0,"26":0,"27":0,"28":0,"29":0,"30":0,"31":0,"32":0,"33":0,"34":0,"35":0,"36":0,"37":0,"38":0,"39":0,"40":0,"41":0,"42":0,"43":0,"44":0,"45":0,"46":0,"47":0,"48":0,"49":0,"50":0,"51":0,"52":0,"53":0,"54":0,"55":0,"56":0,"57":0,"58":0,"59":0,"60":0,"61":0,"62":0,"63":0,"64":0,"65":0,"66":0,"67":0,"68":0,"69":0,"70":0,"71":0,"72":0,"73":0,"74":0,"75":0,"76":0,"77":0,"78":0,"79":0,"80":0,"81":0,"82":0,"83":0,"84":0,"85":0,"86":0,"87":0,"88":0,"89":0,"90":0,"91":0,"92":0,"93":0,"94":0,"95":0,"96":0,"97":0,"98":0,"99":0,"100":0,"101":0,"102":0,"103":0,"104":0,"105":0,"106":0,"107":0,"108":0,"109":0,"110":0,"111":0,"112":0,"113":0,"114":0,"115":0,"116":0,"117":0,"118":0,"119":0,"120":0,"121":0,"122":0,"123":0,"124":0,"125":0,"126":0,"127":0,"128":0,"129":0,"130":0,"131":0,"132":0,"133":0,"134":0,"135":0,"136":0,"137":0,"138":0,"139":0,"140":0,"141":0,"142":0,"143":0,"144":0,"145":0,"146":0,"147":0,"148":0,"149":0,"150":0,"151":0,"152":0,"153":0,"154":0,"155":0,"156":0,"157":0,"158":0,"159":0,"160":0,"161":0,"162":0,"163":0,"164":0,"165":0,"166":0,"167":0,"168":0,"169":0,"170":0,"171":0},"f":{"0":0,"1":0,"2":0,"3":0,"4":0,"5":0,"6":0,"7":0,"8":0,"9":0,"10":0,"11":0,"12":0,"13":0,"14":0,"15":0,"16":0,"17":0,"18":0,"19":0,"20":0,"21":0,"22":0,"23":0,"24":0,"25":0,"26":0,"27":0,"28":0,"29":0,"30":0,"31":0,"32":0,"33":0,"34":0,"35":0,"36":0,"37":0,"38":0,"39":0,"40":0,"41":0},"b":{"0":[0,0],"1":[0,0],"2":[0,0],"3":[0,0],"4":[0,0],"5":[0,0],"6":[0,0],"7":[0,0],"8":[0,0],"9":[0,0],"10":[0,0],"11":[0,0],"12":[0,0],"13":[0,0],"14":[0,0],"15":[0,0,0],"16":[0,0],"17":[0,0],"18":[0,0],"19":[0,0],"20":[0,0],"21":[0,0,0,0],"22":[0,0],"23":[0,0],"24":[0,0],"25":[0,0],"26":[0,0],"27":[0,0],"28":[0,0],"29":[0,0],"30":[0,0],"31":[0,0],"32":[0,0],"33":[0,0],"34":[0,0],"35":[0,0],"36":[0,0],"37":[0,0],"38":[0,0],"39":[0,0],"40":[0,0],"41":[0,0],"42":[0,0],"43":[0,0],"44":[0,0],"45":[0,0],"46":[0,0],"47":[0,0],"48":[0,0],"49":[0,0],"50":[0,0],"51":[0,0],"52":[0,0],"53":[0,0],"54":[0,0],"55":[0,0],"56":[0,0],"57":[0,0],"58":[0,0],"59":[0,0],"60":[0,0],"61":[0,0],"62":[0,0],"63":[0,0]}}
,"/Users/priscillarodriguesmartins/portfolio/escola_schmidt/app/(app)/index.tsx": {"path":"/Users/priscillarodriguesmartins/portfolio/escola_schmidt/app/(app)/index.tsx","statementMap":{"0":{"start":{"line":12,"column":25},"end":{"line":17,"column":10}},"1":{"start":{"line":19,"column":20},"end":{"line":19,"column":40}},"2":{"start":{"line":25,"column":25},"end":{"line":25,"column":29}},"3":{"start":{"line":26,"column":24},"end":{"line":26,"column":27}},"4":{"start":{"line":29,"column":23},"end":{"line":29,"column":32}},"5":{"start":{"line":30,"column":17},"end":{"line":30,"column":28}},"6":{"start":{"line":31,"column":20},"end":{"line":31,"column":41}},"7":{"start":{"line":32,"column":20},"end":{"line":32,"column":70}},"8":{"start":{"line":33,"column":22},"end":{"line":33,"column":34}},"9":{"start":{"line":34,"column":22},"end":{"line":34,"column":59}},"10":{"start":{"line":35,"column":21},"end":{"line":35,"column":66}},"11":{"start":{"line":36,"column":21},"end":{"line":36,"column":91}},"12":{"start":{"line":37,"column":28},"end":{"line":37,"column":57}},"13":{"start":{"line":38,"column":27},"end":{"line":38,"column":55}},"14":{"start":{"line":39,"column":24},"end":{"line":39,"column":69}},"15":{"start":{"line":40,"column":21},"end":{"line":40,"column":66}},"16":{"start":{"line":44,"column":22},"end":{"line":44,"column":36}},"17":{"start":{"line":45,"column":22},"end":{"line":45,"column":60}},"18":{"start":{"line":47,"column":19},"end":{"line":47,"column":111}},"19":{"start":{"line":47,"column":38},"end":{"line":47,"column":82}},"20":{"start":{"line":48,"column":20},"end":{"line":48,"column":30}},"21":{"start":{"line":51,"column":4},"end":{"line":54,"column":5}},"22":{"start":{"line":52,"column":6},"end":{"line":52,"column":49}},"23":{"start":{"line":53,"column":6},"end":{"line":53,"column":13}},"24":{"start":{"line":55,"column":4},"end":{"line":55,"column":34}},"25":{"start":{"line":58,"column":2},"end":{"line":172,"column":4}},"26":{"start":{"line":88,"column":27},"end":{"line":88,"column":50}},"27":{"start":{"line":106,"column":29},"end":{"line":106,"column":59}},"28":{"start":{"line":153,"column":29},"end":{"line":153,"column":51}},"29":{"start":{"line":175,"column":15},"end":{"line":320,"column":2}}},"fnMap":{"0":{"name":"Home","decl":{"start":{"line":28,"column":24},"end":{"line":28,"column":28}},"loc":{"start":{"line":28,"column":31},"end":{"line":173,"column":1}},"line":28},"1":{"name":"(anonymous_1)","decl":{"start":{"line":47,"column":32},"end":{"line":47,"column":33}},"loc":{"start":{"line":47,"column":38},"end":{"line":47,"column":82}},"line":47},"2":{"name":"abrirListaChamada","decl":{"start":{"line":50,"column":11},"end":{"line":50,"column":28}},"loc":{"start":{"line":50,"column":31},"end":{"line":56,"column":3}},"line":50},"3":{"name":"(anonymous_3)","decl":{"start":{"line":88,"column":21},"end":{"line":88,"column":22}},"loc":{"start":{"line":88,"column":27},"end":{"line":88,"column":50}},"line":88},"4":{"name":"(anonymous_4)","decl":{"start":{"line":106,"column":23},"end":{"line":106,"column":24}},"loc":{"start":{"line":106,"column":29},"end":{"line":106,"column":59}},"line":106},"5":{"name":"(anonymous_5)","decl":{"start":{"line":153,"column":23},"end":{"line":153,"column":24}},"loc":{"start":{"line":153,"column":29},"end":{"line":153,"column":51}},"line":153}},"branchMap":{"0":{"loc":{"start":{"line":32,"column":20},"end":{"line":32,"column":70}},"type":"binary-expr","locations":[{"start":{"line":32,"column":20},"end":{"line":32,"column":40}},{"start":{"line":32,"column":44},"end":{"line":32,"column":70}}],"line":32},"1":{"loc":{"start":{"line":35,"column":21},"end":{"line":35,"column":66}},"type":"cond-expr","locations":[{"start":{"line":35,"column":36},"end":{"line":35,"column":39}},{"start":{"line":35,"column":42},"end":{"line":35,"column":66}}],"line":35},"2":{"loc":{"start":{"line":35,"column":42},"end":{"line":35,"column":66}},"type":"cond-expr","locations":[{"start":{"line":35,"column":57},"end":{"line":35,"column":60}},{"start":{"line":35,"column":63},"end":{"line":35,"column":66}}],"line":35},"3":{"loc":{"start":{"line":39,"column":24},"end":{"line":39,"column":69}},"type":"cond-expr","locations":[{"start":{"line":39,"column":39},"end":{"line":39,"column":42}},{"start":{"line":39,"column":45},"end":{"line":39,"column":69}}],"line":39},"4":{"loc":{"start":{"line":39,"column":45},"end":{"line":39,"column":69}},"type":"cond-expr","locations":[{"start":{"line":39,"column":60},"end":{"line":39,"column":63}},{"start":{"line":39,"column":66},"end":{"line":39,"column":69}}],"line":39},"5":{"loc":{"start":{"line":40,"column":21},"end":{"line":40,"column":66}},"type":"cond-expr","locations":[{"start":{"line":40,"column":36},"end":{"line":40,"column":39}},{"start":{"line":40,"column":42},"end":{"line":40,"column":66}}],"line":40},"6":{"loc":{"start":{"line":40,"column":42},"end":{"line":40,"column":66}},"type":"cond-expr","locations":[{"start":{"line":40,"column":57},"end":{"line":40,"column":60}},{"start":{"line":40,"column":63},"end":{"line":40,"column":66}}],"line":40},"7":{"loc":{"start":{"line":45,"column":22},"end":{"line":45,"column":60}},"type":"cond-expr","locations":[{"start":{"line":45,"column":37},"end":{"line":45,"column":47}},{"start":{"line":45,"column":50},"end":{"line":45,"column":60}}],"line":45},"8":{"loc":{"start":{"line":48,"column":20},"end":{"line":48,"column":30}},"type":"binary-expr","locations":[{"start":{"line":48,"column":20},"end":{"line":48,"column":24}},{"start":{"line":48,"column":28},"end":{"line":48,"column":30}}],"line":48},"9":{"loc":{"start":{"line":51,"column":4},"end":{"line":54,"column":5}},"type":"if","locations":[{"start":{"line":51,"column":4},"end":{"line":54,"column":5}},{"start":{},"end":{}}],"line":51},"10":{"loc":{"start":{"line":79,"column":17},"end":{"line":79,"column":121}},"type":"cond-expr","locations":[{"start":{"line":79,"column":28},"end":{"line":79,"column":74}},{"start":{"line":79,"column":77},"end":{"line":79,"column":121}}],"line":79},"11":{"loc":{"start":{"line":87,"column":37},"end":{"line":87,"column":73}},"type":"binary-expr","locations":[{"start":{"line":87,"column":37},"end":{"line":87,"column":48}},{"start":{"line":87,"column":52},"end":{"line":87,"column":73}}],"line":87},"12":{"loc":{"start":{"line":103,"column":11},"end":{"line":120,"column":18}},"type":"cond-expr","locations":[{"start":{"line":104,"column":12},"end":{"line":119,"column":31}},{"start":{"line":120,"column":14},"end":{"line":120,"column":18}}],"line":103},"13":{"loc":{"start":{"line":105,"column":39},"end":{"line":105,"column":75}},"type":"binary-expr","locations":[{"start":{"line":105,"column":39},"end":{"line":105,"column":50}},{"start":{"line":105,"column":54},"end":{"line":105,"column":75}}],"line":105},"14":{"loc":{"start":{"line":122,"column":11},"end":{"line":148,"column":18}},"type":"cond-expr","locations":[{"start":{"line":123,"column":12},"end":{"line":147,"column":31}},{"start":{"line":148,"column":14},"end":{"line":148,"column":18}}],"line":122},"15":{"loc":{"start":{"line":126,"column":16},"end":{"line":126,"column":52}},"type":"binary-expr","locations":[{"start":{"line":126,"column":16},"end":{"line":126,"column":27}},{"start":{"line":126,"column":31},"end":{"line":126,"column":52}}],"line":126},"16":{"loc":{"start":{"line":128,"column":16},"end":{"line":128,"column":62}},"type":"binary-expr","locations":[{"start":{"line":128,"column":16},"end":{"line":128,"column":38}},{"start":{"line":128,"column":42},"end":{"line":128,"column":62}}],"line":128},"17":{"loc":{"start":{"line":137,"column":17},"end":{"line":137,"column":114}},"type":"cond-expr","locations":[{"start":{"line":137,"column":42},"end":{"line":137,"column":75}},{"start":{"line":137,"column":78},"end":{"line":137,"column":114}}],"line":137},"18":{"loc":{"start":{"line":141,"column":19},"end":{"line":141,"column":80}},"type":"cond-expr","locations":[{"start":{"line":141,"column":44},"end":{"line":141,"column":65}},{"start":{"line":141,"column":68},"end":{"line":141,"column":80}}],"line":141},"19":{"loc":{"start":{"line":150,"column":11},"end":{"line":167,"column":18}},"type":"cond-expr","locations":[{"start":{"line":151,"column":12},"end":{"line":166,"column":31}},{"start":{"line":167,"column":14},"end":{"line":167,"column":18}}],"line":150},"20":{"loc":{"start":{"line":152,"column":39},"end":{"line":152,"column":75}},"type":"binary-expr","locations":[{"start":{"line":152,"column":39},"end":{"line":152,"column":50}},{"start":{"line":152,"column":54},"end":{"line":152,"column":75}}],"line":152}},"s":{"0":0,"1":0,"2":0,"3":0,"4":0,"5":0,"6":0,"7":0,"8":0,"9":0,"10":0,"11":0,"12":0,"13":0,"14":0,"15":0,"16":0,"17":0,"18":0,"19":0,"20":0,"21":0,"22":0,"23":0,"24":0,"25":0,"26":0,"27":0,"28":0,"29":0},"f":{"0":0,"1":0,"2":0,"3":0,"4":0,"5":0},"b":{"0":[0,0],"1":[0,0],"2":[0,0],"3":[0,0],"4":[0,0],"5":[0,0],"6":[0,0],"7":[0,0],"8":[0,0],"9":[0,0],"10":[0,0],"11":[0,0],"12":[0,0],"13":[0,0],"14":[0,0],"15":[0,0],"16":[0,0],"17":[0,0],"18":[0,0],"19":[0,0],"20":[0,0]}}
,"/Users/priscillarodriguesmartins/portfolio/escola_schmidt/app/(app)/minha-evolucao.tsx": {"path":"/Users/priscillarodriguesmartins/portfolio/escola_schmidt/app/(app)/minha-evolucao.tsx","statementMap":{"0":{"start":{"line":11,"column":52},"end":{"line":11,"column":61}},"1":{"start":{"line":12,"column":32},"end":{"line":12,"column":82}},"2":{"start":{"line":14,"column":2},"end":{"line":20,"column":3}},"3":{"start":{"line":15,"column":4},"end":{"line":19,"column":6}},"4":{"start":{"line":22,"column":2},"end":{"line":24,"column":3}},"5":{"start":{"line":23,"column":4},"end":{"line":23,"column":33}},"6":{"start":{"line":26,"column":2},"end":{"line":38,"column":3}},"7":{"start":{"line":27,"column":4},"end":{"line":37,"column":6}},"8":{"start":{"line":40,"column":2},"end":{"line":40,"column":109}},"9":{"start":{"line":43,"column":15},"end":{"line":55,"column":2}}},"fnMap":{"0":{"name":"MinhaEvolucaoScreen","decl":{"start":{"line":10,"column":24},"end":{"line":10,"column":43}},"loc":{"start":{"line":10,"column":46},"end":{"line":41,"column":1}},"line":10}},"branchMap":{"0":{"loc":{"start":{"line":12,"column":32},"end":{"line":12,"column":82}},"type":"binary-expr","locations":[{"start":{"line":12,"column":32},"end":{"line":12,"column":52}},{"start":{"line":12,"column":56},"end":{"line":12,"column":82}}],"line":12},"1":{"loc":{"start":{"line":14,"column":2},"end":{"line":20,"column":3}},"type":"if","locations":[{"start":{"line":14,"column":2},"end":{"line":20,"column":3}},{"start":{},"end":{}}],"line":14},"2":{"loc":{"start":{"line":14,"column":6},"end":{"line":14,"column":72}},"type":"binary-expr","locations":[{"start":{"line":14,"column":6},"end":{"line":14,"column":23}},{"start":{"line":14,"column":28},"end":{"line":14,"column":49}},{"start":{"line":14,"column":53},"end":{"line":14,"column":71}}],"line":14},"3":{"loc":{"start":{"line":22,"column":2},"end":{"line":24,"column":3}},"type":"if","locations":[{"start":{"line":22,"column":2},"end":{"line":24,"column":3}},{"start":{},"end":{}}],"line":22},"4":{"loc":{"start":{"line":26,"column":2},"end":{"line":38,"column":3}},"type":"if","locations":[{"start":{"line":26,"column":2},"end":{"line":38,"column":3}},{"start":{},"end":{}}],"line":26}},"s":{"0":0,"1":0,"2":0,"3":0,"4":0,"5":0,"6":0,"7":0,"8":0,"9":0},"f":{"0":0},"b":{"0":[0,0],"1":[0,0],"2":[0,0,0],"3":[0,0],"4":[0,0]}}
,"/Users/priscillarodriguesmartins/portfolio/escola_schmidt/app/(app)/perfil.tsx": {"path":"/Users/priscillarodriguesmartins/portfolio/escola_schmidt/app/(app)/perfil.tsx","statementMap":{"0":{"start":{"line":27,"column":45},"end":{"line":31,"column":1}},"1":{"start":{"line":33,"column":95},"end":{"line":38,"column":1}},"2":{"start":{"line":34,"column":69},"end":{"line":34,"column":82}},"3":{"start":{"line":35,"column":69},"end":{"line":35,"column":84}},"4":{"start":{"line":36,"column":57},"end":{"line":36,"column":69}},"5":{"start":{"line":37,"column":59},"end":{"line":37,"column":81}},"6":{"start":{"line":41,"column":58},"end":{"line":41,"column":67}},"7":{"start":{"line":42,"column":17},"end":{"line":42,"column":28}},"8":{"start":{"line":43,"column":20},"end":{"line":43,"column":70}},"9":{"start":{"line":44,"column":26},"end":{"line":44,"column":38}},"10":{"start":{"line":45,"column":34},"end":{"line":45,"column":46}},"11":{"start":{"line":46,"column":34},"end":{"line":46,"column":49}},"12":{"start":{"line":47,"column":26},"end":{"line":47,"column":55}},"13":{"start":{"line":48,"column":32},"end":{"line":48,"column":61}},"14":{"start":{"line":49,"column":38},"end":{"line":49,"column":50}},"15":{"start":{"line":50,"column":36},"end":{"line":50,"column":48}},"16":{"start":{"line":51,"column":54},"end":{"line":51,"column":66}},"17":{"start":{"line":52,"column":48},"end":{"line":52,"column":63}},"18":{"start":{"line":53,"column":36},"end":{"line":53,"column":65}},"19":{"start":{"line":54,"column":42},"end":{"line":54,"column":71}},"20":{"start":{"line":55,"column":44},"end":{"line":55,"column":59}},"21":{"start":{"line":56,"column":36},"end":{"line":56,"column":48}},"22":{"start":{"line":57,"column":56},"end":{"line":57,"column":68}},"23":{"start":{"line":58,"column":58},"end":{"line":58,"column":70}},"24":{"start":{"line":59,"column":66},"end":{"line":59,"column":78}},"25":{"start":{"line":60,"column":44},"end":{"line":60,"column":59}},"26":{"start":{"line":61,"column":36},"end":{"line":61,"column":65}},"27":{"start":{"line":62,"column":42},"end":{"line":62,"column":71}},"28":{"start":{"line":63,"column":62},"end":{"line":63,"column":77}},"29":{"start":{"line":65,"column":18},"end":{"line":65,"column":74}},"30":{"start":{"line":65,"column":48},"end":{"line":65,"column":73}},"31":{"start":{"line":71,"column":6},"end":{"line":74,"column":4}},"32":{"start":{"line":71,"column":25},"end":{"line":71,"column":55}},"33":{"start":{"line":75,"column":22},"end":{"line":75,"column":42}},"34":{"start":{"line":77,"column":2},"end":{"line":81,"column":18}},"35":{"start":{"line":78,"column":4},"end":{"line":78,"column":27}},"36":{"start":{"line":78,"column":20},"end":{"line":78,"column":27}},"37":{"start":{"line":79,"column":4},"end":{"line":79,"column":28}},"38":{"start":{"line":80,"column":4},"end":{"line":80,"column":42}},"39":{"start":{"line":83,"column":2},"end":{"line":89,"column":17}},"40":{"start":{"line":84,"column":4},"end":{"line":84,"column":26}},"41":{"start":{"line":84,"column":19},"end":{"line":84,"column":26}},"42":{"start":{"line":85,"column":4},"end":{"line":85,"column":32}},"43":{"start":{"line":86,"column":4},"end":{"line":86,"column":93}},"44":{"start":{"line":87,"column":4},"end":{"line":87,"column":61}},"45":{"start":{"line":88,"column":4},"end":{"line":88,"column":69}},"46":{"start":{"line":92,"column":4},"end":{"line":92,"column":40}},"47":{"start":{"line":93,"column":4},"end":{"line":93,"column":44}},"48":{"start":{"line":93,"column":22},"end":{"line":93,"column":44}},"49":{"start":{"line":94,"column":4},"end":{"line":94,"column":37}},"50":{"start":{"line":98,"column":4},"end":{"line":98,"column":26}},"51":{"start":{"line":98,"column":19},"end":{"line":98,"column":26}},"52":{"start":{"line":99,"column":4},"end":{"line":102,"column":5}},"53":{"start":{"line":100,"column":6},"end":{"line":100,"column":47}},"54":{"start":{"line":101,"column":6},"end":{"line":101,"column":13}},"55":{"start":{"line":103,"column":26},"end":{"line":103,"column":90}},"56":{"start":{"line":104,"column":4},"end":{"line":107,"column":5}},"57":{"start":{"line":105,"column":6},"end":{"line":105,"column":75}},"58":{"start":{"line":106,"column":6},"end":{"line":106,"column":13}},"59":{"start":{"line":109,"column":4},"end":{"line":109,"column":23}},"60":{"start":{"line":110,"column":4},"end":{"line":110,"column":26}},"61":{"start":{"line":111,"column":4},"end":{"line":111,"column":27}},"62":{"start":{"line":112,"column":4},"end":{"line":125,"column":5}},"63":{"start":{"line":113,"column":6},"end":{"line":118,"column":9}},"64":{"start":{"line":119,"column":6},"end":{"line":119,"column":65}},"65":{"start":{"line":121,"column":6},"end":{"line":121,"column":25}},"66":{"start":{"line":122,"column":6},"end":{"line":122,"column":70}},"67":{"start":{"line":124,"column":6},"end":{"line":124,"column":30}},"68":{"start":{"line":129,"column":4},"end":{"line":129,"column":34}},"69":{"start":{"line":129,"column":27},"end":{"line":129,"column":34}},"70":{"start":{"line":130,"column":4},"end":{"line":133,"column":5}},"71":{"start":{"line":131,"column":6},"end":{"line":131,"column":35}},"72":{"start":{"line":132,"column":6},"end":{"line":132,"column":13}},"73":{"start":{"line":135,"column":4},"end":{"line":135,"column":18}},"74":{"start":{"line":136,"column":4},"end":{"line":136,"column":21}},"75":{"start":{"line":137,"column":4},"end":{"line":137,"column":22}},"76":{"start":{"line":138,"column":4},"end":{"line":149,"column":5}},"77":{"start":{"line":139,"column":6},"end":{"line":142,"column":9}},"78":{"start":{"line":143,"column":6},"end":{"line":143,"column":51}},"79":{"start":{"line":145,"column":6},"end":{"line":145,"column":25}},"80":{"start":{"line":146,"column":6},"end":{"line":146,"column":57}},"81":{"start":{"line":148,"column":6},"end":{"line":148,"column":25}},"82":{"start":{"line":153,"column":4},"end":{"line":153,"column":23}},"83":{"start":{"line":154,"column":4},"end":{"line":154,"column":26}},"84":{"start":{"line":156,"column":4},"end":{"line":159,"column":5}},"85":{"start":{"line":157,"column":6},"end":{"line":157,"column":47}},"86":{"start":{"line":158,"column":6},"end":{"line":158,"column":13}},"87":{"start":{"line":160,"column":4},"end":{"line":163,"column":5}},"88":{"start":{"line":161,"column":6},"end":{"line":161,"column":69}},"89":{"start":{"line":162,"column":6},"end":{"line":162,"column":13}},"90":{"start":{"line":164,"column":4},"end":{"line":167,"column":5}},"91":{"start":{"line":165,"column":6},"end":{"line":165,"column":63}},"92":{"start":{"line":166,"column":6},"end":{"line":166,"column":13}},"93":{"start":{"line":169,"column":4},"end":{"line":169,"column":27}},"94":{"start":{"line":170,"column":22},"end":{"line":170,"column":65}},"95":{"start":{"line":171,"column":4},"end":{"line":171,"column":28}},"96":{"start":{"line":173,"column":4},"end":{"line":176,"column":5}},"97":{"start":{"line":174,"column":6},"end":{"line":174,"column":26}},"98":{"start":{"line":175,"column":6},"end":{"line":175,"column":13}},"99":{"start":{"line":178,"column":4},"end":{"line":178,"column":22}},"100":{"start":{"line":179,"column":4},"end":{"line":179,"column":21}},"101":{"start":{"line":180,"column":4},"end":{"line":180,"column":30}},"102":{"start":{"line":181,"column":4},"end":{"line":181,"column":30}},"103":{"start":{"line":182,"column":4},"end":{"line":182,"column":51}},"104":{"start":{"line":185,"column":2},"end":{"line":194,"column":3}},"105":{"start":{"line":186,"column":4},"end":{"line":193,"column":6}},"106":{"start":{"line":196,"column":2},"end":{"line":422,"column":4}},"107":{"start":{"line":222,"column":16},"end":{"line":222,"column":31}},"108":{"start":{"line":223,"column":16},"end":{"line":223,"column":46}},"109":{"start":{"line":223,"column":29},"end":{"line":223,"column":46}},"110":{"start":{"line":234,"column":16},"end":{"line":234,"column":35}},"111":{"start":{"line":235,"column":16},"end":{"line":235,"column":46}},"112":{"start":{"line":235,"column":29},"end":{"line":235,"column":46}},"113":{"start":{"line":265,"column":16},"end":{"line":265,"column":37}},"114":{"start":{"line":266,"column":16},"end":{"line":266,"column":56}},"115":{"start":{"line":266,"column":34},"end":{"line":266,"column":56}},"116":{"start":{"line":276,"column":16},"end":{"line":276,"column":36}},"117":{"start":{"line":277,"column":16},"end":{"line":277,"column":63}},"118":{"start":{"line":277,"column":38},"end":{"line":277,"column":63}},"119":{"start":{"line":278,"column":16},"end":{"line":278,"column":56}},"120":{"start":{"line":278,"column":34},"end":{"line":278,"column":56}},"121":{"start":{"line":285,"column":33},"end":{"line":285,"column":58}},"122":{"start":{"line":286,"column":28},"end":{"line":286,"column":107}},"123":{"start":{"line":287,"column":16},"end":{"line":292,"column":18}},"124":{"start":{"line":301,"column":16},"end":{"line":301,"column":45}},"125":{"start":{"line":302,"column":16},"end":{"line":302,"column":56}},"126":{"start":{"line":302,"column":34},"end":{"line":302,"column":56}},"127":{"start":{"line":332,"column":18},"end":{"line":332,"column":38}},"128":{"start":{"line":333,"column":18},"end":{"line":333,"column":58}},"129":{"start":{"line":333,"column":36},"end":{"line":333,"column":58}},"130":{"start":{"line":340,"column":72},"end":{"line":340,"column":116}},"131":{"start":{"line":340,"column":109},"end":{"line":340,"column":115}},"132":{"start":{"line":351,"column":34},"end":{"line":351,"column":66}},"133":{"start":{"line":360,"column":18},"end":{"line":360,"column":49}},"134":{"start":{"line":361,"column":18},"end":{"line":361,"column":58}},"135":{"start":{"line":361,"column":36},"end":{"line":361,"column":58}},"136":{"start":{"line":369,"column":18},"end":{"line":369,"column":53}},"137":{"start":{"line":370,"column":18},"end":{"line":370,"column":58}},"138":{"start":{"line":370,"column":36},"end":{"line":370,"column":58}},"139":{"start":{"line":400,"column":35},"end":{"line":400,"column":83}},"140":{"start":{"line":406,"column":35},"end":{"line":406,"column":81}},"141":{"start":{"line":425,"column":15},"end":{"line":571,"column":2}}},"fnMap":{"0":{"name":"(anonymous_0)","decl":{"start":{"line":34,"column":62},"end":{"line":34,"column":63}},"loc":{"start":{"line":34,"column":69},"end":{"line":34,"column":82}},"line":34},"1":{"name":"(anonymous_1)","decl":{"start":{"line":35,"column":62},"end":{"line":35,"column":63}},"loc":{"start":{"line":35,"column":69},"end":{"line":35,"column":84}},"line":35},"2":{"name":"(anonymous_2)","decl":{"start":{"line":36,"column":50},"end":{"line":36,"column":51}},"loc":{"start":{"line":36,"column":57},"end":{"line":36,"column":69}},"line":36},"3":{"name":"(anonymous_3)","decl":{"start":{"line":37,"column":52},"end":{"line":37,"column":53}},"loc":{"start":{"line":37,"column":59},"end":{"line":37,"column":81}},"line":37},"4":{"name":"Perfil","decl":{"start":{"line":40,"column":24},"end":{"line":40,"column":30}},"loc":{"start":{"line":40,"column":33},"end":{"line":423,"column":1}},"line":40},"5":{"name":"(anonymous_5)","decl":{"start":{"line":65,"column":37},"end":{"line":65,"column":38}},"loc":{"start":{"line":65,"column":48},"end":{"line":65,"column":73}},"line":65},"6":{"name":"(anonymous_6)","decl":{"start":{"line":71,"column":19},"end":{"line":71,"column":20}},"loc":{"start":{"line":71,"column":25},"end":{"line":71,"column":55}},"line":71},"7":{"name":"(anonymous_7)","decl":{"start":{"line":77,"column":12},"end":{"line":77,"column":13}},"loc":{"start":{"line":77,"column":18},"end":{"line":81,"column":3}},"line":77},"8":{"name":"(anonymous_8)","decl":{"start":{"line":83,"column":12},"end":{"line":83,"column":13}},"loc":{"start":{"line":83,"column":18},"end":{"line":89,"column":3}},"line":83},"9":{"name":"selecionarDataNascimentoAluno","decl":{"start":{"line":91,"column":11},"end":{"line":91,"column":40}},"loc":{"start":{"line":91,"column":54},"end":{"line":95,"column":3}},"line":91},"10":{"name":"salvarDadosAluno","decl":{"start":{"line":97,"column":17},"end":{"line":97,"column":33}},"loc":{"start":{"line":97,"column":36},"end":{"line":126,"column":3}},"line":97},"11":{"name":"salvarPerfil","decl":{"start":{"line":128,"column":17},"end":{"line":128,"column":29}},"loc":{"start":{"line":128,"column":32},"end":{"line":150,"column":3}},"line":128},"12":{"name":"salvarSenha","decl":{"start":{"line":152,"column":17},"end":{"line":152,"column":28}},"loc":{"start":{"line":152,"column":31},"end":{"line":183,"column":3}},"line":152},"13":{"name":"(anonymous_13)","decl":{"start":{"line":221,"column":28},"end":{"line":221,"column":29}},"loc":{"start":{"line":221,"column":39},"end":{"line":224,"column":15}},"line":221},"14":{"name":"(anonymous_14)","decl":{"start":{"line":233,"column":28},"end":{"line":233,"column":29}},"loc":{"start":{"line":233,"column":39},"end":{"line":236,"column":15}},"line":233},"15":{"name":"(anonymous_15)","decl":{"start":{"line":264,"column":28},"end":{"line":264,"column":29}},"loc":{"start":{"line":264,"column":39},"end":{"line":267,"column":15}},"line":264},"16":{"name":"(anonymous_16)","decl":{"start":{"line":275,"column":28},"end":{"line":275,"column":29}},"loc":{"start":{"line":275,"column":39},"end":{"line":279,"column":15}},"line":275},"17":{"name":"(anonymous_17)","decl":{"start":{"line":284,"column":32},"end":{"line":284,"column":33}},"loc":{"start":{"line":284,"column":43},"end":{"line":293,"column":15}},"line":284},"18":{"name":"(anonymous_18)","decl":{"start":{"line":300,"column":28},"end":{"line":300,"column":29}},"loc":{"start":{"line":300,"column":39},"end":{"line":303,"column":15}},"line":300},"19":{"name":"(anonymous_19)","decl":{"start":{"line":331,"column":30},"end":{"line":331,"column":31}},"loc":{"start":{"line":331,"column":41},"end":{"line":334,"column":17}},"line":331},"20":{"name":"(anonymous_20)","decl":{"start":{"line":340,"column":66},"end":{"line":340,"column":67}},"loc":{"start":{"line":340,"column":72},"end":{"line":340,"column":116}},"line":340},"21":{"name":"(anonymous_21)","decl":{"start":{"line":340,"column":98},"end":{"line":340,"column":99}},"loc":{"start":{"line":340,"column":109},"end":{"line":340,"column":115}},"line":340},"22":{"name":"(anonymous_22)","decl":{"start":{"line":351,"column":28},"end":{"line":351,"column":29}},"loc":{"start":{"line":351,"column":34},"end":{"line":351,"column":66}},"line":351},"23":{"name":"(anonymous_23)","decl":{"start":{"line":359,"column":30},"end":{"line":359,"column":31}},"loc":{"start":{"line":359,"column":41},"end":{"line":362,"column":17}},"line":359},"24":{"name":"(anonymous_24)","decl":{"start":{"line":368,"column":30},"end":{"line":368,"column":31}},"loc":{"start":{"line":368,"column":41},"end":{"line":371,"column":17}},"line":368},"25":{"name":"(anonymous_25)","decl":{"start":{"line":400,"column":29},"end":{"line":400,"column":30}},"loc":{"start":{"line":400,"column":35},"end":{"line":400,"column":83}},"line":400},"26":{"name":"(anonymous_26)","decl":{"start":{"line":406,"column":29},"end":{"line":406,"column":30}},"loc":{"start":{"line":406,"column":35},"end":{"line":406,"column":81}},"line":406}},"branchMap":{"0":{"loc":{"start":{"line":43,"column":20},"end":{"line":43,"column":70}},"type":"binary-expr","locations":[{"start":{"line":43,"column":20},"end":{"line":43,"column":40}},{"start":{"line":43,"column":44},"end":{"line":43,"column":70}}],"line":43},"1":{"loc":{"start":{"line":75,"column":22},"end":{"line":75,"column":42}},"type":"binary-expr","locations":[{"start":{"line":75,"column":22},"end":{"line":75,"column":26}},{"start":{"line":75,"column":30},"end":{"line":75,"column":42}}],"line":75},"2":{"loc":{"start":{"line":78,"column":4},"end":{"line":78,"column":27}},"type":"if","locations":[{"start":{"line":78,"column":4},"end":{"line":78,"column":27}},{"start":{},"end":{}}],"line":78},"3":{"loc":{"start":{"line":80,"column":16},"end":{"line":80,"column":40}},"type":"binary-expr","locations":[{"start":{"line":80,"column":16},"end":{"line":80,"column":34}},{"start":{"line":80,"column":38},"end":{"line":80,"column":40}}],"line":80},"4":{"loc":{"start":{"line":84,"column":4},"end":{"line":84,"column":26}},"type":"if","locations":[{"start":{"line":84,"column":4},"end":{"line":84,"column":26}},{"start":{},"end":{}}],"line":84},"5":{"loc":{"start":{"line":86,"column":27},"end":{"line":86,"column":91}},"type":"cond-expr","locations":[{"start":{"line":86,"column":54},"end":{"line":86,"column":86}},{"start":{"line":86,"column":89},"end":{"line":86,"column":91}}],"line":86},"6":{"loc":{"start":{"line":87,"column":28},"end":{"line":87,"column":59}},"type":"binary-expr","locations":[{"start":{"line":87,"column":28},"end":{"line":87,"column":53}},{"start":{"line":87,"column":57},"end":{"line":87,"column":59}}],"line":87},"7":{"loc":{"start":{"line":88,"column":32},"end":{"line":88,"column":67}},"type":"binary-expr","locations":[{"start":{"line":88,"column":32},"end":{"line":88,"column":61}},{"start":{"line":88,"column":65},"end":{"line":88,"column":67}}],"line":88},"8":{"loc":{"start":{"line":93,"column":4},"end":{"line":93,"column":44}},"type":"if","locations":[{"start":{"line":93,"column":4},"end":{"line":93,"column":44}},{"start":{},"end":{}}],"line":93},"9":{"loc":{"start":{"line":98,"column":4},"end":{"line":98,"column":26}},"type":"if","locations":[{"start":{"line":98,"column":4},"end":{"line":98,"column":26}},{"start":{},"end":{}}],"line":98},"10":{"loc":{"start":{"line":99,"column":4},"end":{"line":102,"column":5}},"type":"if","locations":[{"start":{"line":99,"column":4},"end":{"line":102,"column":5}},{"start":{},"end":{}}],"line":99},"11":{"loc":{"start":{"line":103,"column":26},"end":{"line":103,"column":90}},"type":"cond-expr","locations":[{"start":{"line":103,"column":55},"end":{"line":103,"column":83}},{"start":{"line":103,"column":86},"end":{"line":103,"column":90}}],"line":103},"12":{"loc":{"start":{"line":104,"column":4},"end":{"line":107,"column":5}},"type":"if","locations":[{"start":{"line":104,"column":4},"end":{"line":107,"column":5}},{"start":{},"end":{}}],"line":104},"13":{"loc":{"start":{"line":104,"column":8},"end":{"line":104,"column":52}},"type":"binary-expr","locations":[{"start":{"line":104,"column":8},"end":{"line":104,"column":34}},{"start":{"line":104,"column":38},"end":{"line":104,"column":52}}],"line":104},"14":{"loc":{"start":{"line":116,"column":26},"end":{"line":116,"column":61}},"type":"binary-expr","locations":[{"start":{"line":116,"column":26},"end":{"line":116,"column":53}},{"start":{"line":116,"column":57},"end":{"line":116,"column":61}}],"line":116},"15":{"loc":{"start":{"line":117,"column":30},"end":{"line":117,"column":69}},"type":"binary-expr","locations":[{"start":{"line":117,"column":30},"end":{"line":117,"column":61}},{"start":{"line":117,"column":65},"end":{"line":117,"column":69}}],"line":117},"16":{"loc":{"start":{"line":129,"column":4},"end":{"line":129,"column":34}},"type":"if","locations":[{"start":{"line":129,"column":4},"end":{"line":129,"column":34}},{"start":{},"end":{}}],"line":129},"17":{"loc":{"start":{"line":130,"column":4},"end":{"line":133,"column":5}},"type":"if","locations":[{"start":{"line":130,"column":4},"end":{"line":133,"column":5}},{"start":{},"end":{}}],"line":130},"18":{"loc":{"start":{"line":141,"column":18},"end":{"line":141,"column":41}},"type":"binary-expr","locations":[{"start":{"line":141,"column":18},"end":{"line":141,"column":33}},{"start":{"line":141,"column":37},"end":{"line":141,"column":41}}],"line":141},"19":{"loc":{"start":{"line":156,"column":4},"end":{"line":159,"column":5}},"type":"if","locations":[{"start":{"line":156,"column":4},"end":{"line":159,"column":5}},{"start":{},"end":{}}],"line":156},"20":{"loc":{"start":{"line":160,"column":4},"end":{"line":163,"column":5}},"type":"if","locations":[{"start":{"line":160,"column":4},"end":{"line":163,"column":5}},{"start":{},"end":{}}],"line":160},"21":{"loc":{"start":{"line":164,"column":4},"end":{"line":167,"column":5}},"type":"if","locations":[{"start":{"line":164,"column":4},"end":{"line":167,"column":5}},{"start":{},"end":{}}],"line":164},"22":{"loc":{"start":{"line":173,"column":4},"end":{"line":176,"column":5}},"type":"if","locations":[{"start":{"line":173,"column":4},"end":{"line":176,"column":5}},{"start":{},"end":{}}],"line":173},"23":{"loc":{"start":{"line":185,"column":2},"end":{"line":194,"column":3}},"type":"if","locations":[{"start":{"line":185,"column":2},"end":{"line":194,"column":3}},{"start":{},"end":{}}],"line":185},"24":{"loc":{"start":{"line":199,"column":58},"end":{"line":199,"column":103}},"type":"cond-expr","locations":[{"start":{"line":199,"column":82},"end":{"line":199,"column":91}},{"start":{"line":199,"column":94},"end":{"line":199,"column":103}}],"line":199},"25":{"loc":{"start":{"line":204,"column":42},"end":{"line":204,"column":87}},"type":"binary-expr","locations":[{"start":{"line":204,"column":42},"end":{"line":204,"column":46}},{"start":{"line":204,"column":50},"end":{"line":204,"column":64}},{"start":{"line":204,"column":68},"end":{"line":204,"column":87}}],"line":204},"26":{"loc":{"start":{"line":205,
[...]
"1":{"name":"getUsuario","decl":{"start":{"line":22,"column":22},"end":{"line":22,"column":32}},"loc":{"start":{"line":22,"column":45},"end":{"line":30,"column":1}},"line":22},"2":{"name":"convidarUsuario","decl":{"start":{"line":36,"column":22},"end":{"line":36,"column":37}},"loc":{"start":{"line":36,"column":81},"end":{"line":45,"column":1}},"line":36},"3":{"name":"(anonymous_3)","decl":{"start":{"line":41,"column":54},"end":{"line":41,"column":55}},"loc":{"start":{"line":41,"column":60},"end":{"line":41,"column":64}},"line":41},"4":{"name":"atualizarPapel","decl":{"start":{"line":49,"column":22},"end":{"line":49,"column":36}},"loc":{"start":{"line":49,"column":70},"end":{"line":52,"column":1}},"line":49},"5":{"name":"atualizarAtivo","decl":{"start":{"line":54,"column":22},"end":{"line":54,"column":36}},"loc":{"start":{"line":54,"column":72},"end":{"line":57,"column":1}},"line":54}},"branchMap":{"0":{"loc":{"start":{"line":18,"column":2},"end":{"line":18,"column":25}},"type":"if","locations":[{"start":{"line":18,"column":2},"end":{"line":18,"column":25}},{"start":{},"end":{}}],"line":18},"1":{"loc":{"start":{"line":28,"column":2},"end":{"line":28,"column":25}},"type":"if","locations":[{"start":{"line":28,"column":2},"end":{"line":28,"column":25}},{"start":{},"end":{}}],"line":28},"2":{"loc":{"start":{"line":40,"column":2},"end":{"line":43,"column":3}},"type":"if","locations":[{"start":{"line":40,"column":2},"end":{"line":43,"column":3}},{"start":{},"end":{}}],"line":40},"3":{"loc":{"start":{"line":42,"column":20},"end":{"line":42,"column":72}},"type":"binary-expr","locations":[{"start":{"line":42,"column":20},"end":{"line":42,"column":32}},{"start":{"line":42,"column":36},"end":{"line":42,"column":72}}],"line":42},"4":{"loc":{"start":{"line":51,"column":2},"end":{"line":51,"column":25}},"type":"if","locations":[{"start":{"line":51,"column":2},"end":{"line":51,"column":25}},{"start":{},"end":{}}],"line":51},"5":{"loc":{"start":{"line":56,"column":2},"end":{"line":56,"column":25}},"type":"if","locations":[{"start":{"line":56,"column":2},"end":{"line":56,"column":25}},{"start":{},"end":{}}],"line":56}},"s":{"0":2,"1":2,"2":1,"3":1,"4":1,"5":1,"6":0,"7":1,"8":2,"9":2,"10":1,"11":0,"12":1,"13":1,"14":2,"15":2,"16":1,"17":1,"18":1,"19":0},"f":{"0":2,"1":1,"2":2,"3":0,"4":2,"5":1},"b":{"0":[1,1],"1":[0,1],"2":[1,1],"3":[1,0],"4":[1,1],"5":[0,1]},"_coverageSchema":"1a1c01bbd47fc00a2c39e90264f33305004495a9","hash":"95c39f9d8e1a06a4a0a7614d816302d17740f23f"}
,"/Users/priscillarodriguesmartins/portfolio/escola_schmidt/src/hooks/useAsyncData.ts": {"path":"/Users/priscillarodriguesmartins/portfolio/escola_schmidt/src/hooks/useAsyncData.ts","statementMap":{"0":{"start":{"line":21,"column":105},"end":{"line":21,"column":112}},"1":{"start":{"line":22,"column":26},"end":{"line":22,"column":50}},"2":{"start":{"line":23,"column":32},"end":{"line":23,"column":49}},"3":{"start":{"line":24,"column":28},"end":{"line":24,"column":57}},"4":{"start":{"line":26,"column":19},"end":{"line":52,"column":38}},"5":{"start":{"line":27,"column":4},"end":{"line":30,"column":5}},"6":{"start":{"line":28,"column":6},"end":{"line":28,"column":24}},"7":{"start":{"line":29,"column":6},"end":{"line":29,"column":23}},"8":{"start":{"line":32,"column":16},"end":{"line":32,"column":20}},"9":{"start":{"line":33,"column":4},"end":{"line":33,"column":21}},"10":{"start":{"line":34,"column":4},"end":{"line":34,"column":19}},"11":{"start":{"line":36,"column":4},"end":{"line":46,"column":9}},"12":{"start":{"line":38,"column":8},"end":{"line":38,"column":38}},"13":{"start":{"line":38,"column":19},"end":{"line":38,"column":38}},"14":{"start":{"line":41,"column":8},"end":{"line":41,"column":27}},"15":{"start":{"line":42,"column":8},"end":{"line":42,"column":42}},"16":{"start":{"line":42,"column":19},"end":{"line":42,"column":42}},"17":{"start":{"line":45,"column":8},"end":{"line":45,"column":37}},"18":{"start":{"line":45,"column":19},"end":{"line":45,"column":37}},"19":{"start":{"line":48,"column":4},"end":{"line":50,"column":6}},"20":{"start":{"line":49,"column":6},"end":{"line":49,"column":20}},"21":{"start":{"line":54,"column":2},"end":{"line":57,"column":26}},"22":{"start":{"line":55,"column":4},"end":{"line":55,"column":24}},"23":{"start":{"line":55,"column":17},"end":{"line":55,"column":24}},"24":{"start":{"line":56,"column":4},"end":{"line":56,"column":22}},"25":{"start":{"line":59,"column":2},"end":{"line":65,"column":4}},"26":{"start":{"line":61,"column":6},"end":{"line":61,"column":27}},"27":{"start":{"line":61,"column":20},"end":{"line":61,"column":27}},"28":{"start":{"line":62,"column":6},"end":{"line":62,"column":24}},"29":{"start":{"line":67,"column":2},"end":{"line":67,"column":80}}},"fnMap":{"0":{"name":"useAsyncData","decl":{"start":{"line":20,"column":16},"end":{"line":20,"column":28}},"loc":{"start":{"line":20,"column":104},"end":{"line":68,"column":1}},"line":20},"1":{"name":"(anonymous_1)","decl":{"start":{"line":26,"column":31},"end":{"line":26,"column":32}},"loc":{"start":{"line":26,"column":37},"end":{"line":52,"column":3}},"line":26},"2":{"name":"(anonymous_2)","decl":{"start":{"line":37,"column":12},"end":{"line":37,"column":13}},"loc":{"start":{"line":37,"column":27},"end":{"line":39,"column":7}},"line":37},"3":{"name":"(anonymous_3)","decl":{"start":{"line":40,"column":13},"end":{"line":40,"column":14}},"loc":{"start":{"line":40,"column":22},"end":{"line":43,"column":7}},"line":40},"4":{"name":"(anonymous_4)","decl":{"start":{"line":44,"column":15},"end":{"line":44,"column":16}},"loc":{"start":{"line":44,"column":21},"end":{"line":46,"column":7}},"line":44},"5":{"name":"(anonymous_5)","decl":{"start":{"line":48,"column":11},"end":{"line":48,"column":12}},"loc":{"start":{"line":48,"column":17},"end":{"line":50,"column":5}},"line":48},"6":{"name":"(anonymous_6)","decl":{"start":{"line":54,"column":12},"end":{"line":54,"column":13}},"loc":{"start":{"line":54,"column":18},"end":{"line":57,"column":3}},"line":54},"7":{"name":"(anonymous_7)","decl":{"start":{"line":60,"column":16},"end":{"line":60,"column":17}},"loc":{"start":{"line":60,"column":22},"end":{"line":64,"column":5}},"line":60}},"branchMap":{"0":{"loc":{"start":{"line":20,"column":81},"end":{"line":20,"column":102}},"type":"default-arg","locations":[{"start":{"line":20,"column":100},"end":{"line":20,"column":102}}],"line":20},"1":{"loc":{"start":{"line":21,"column":10},"end":{"line":21,"column":25}},"type":"default-arg","locations":[{"start":{"line":21,"column":20},"end":{"line":21,"column":25}}],"line":21},"2":{"loc":{"start":{"line":21,"column":27},"end":{"line":21,"column":41}},"type":"default-arg","locations":[{"start":{"line":21,"column":37},"end":{"line":21,"column":41}}],"line":21},"3":{"loc":{"start":{"line":21,"column":43},"end":{"line":21,"column":100}},"type":"default-arg","locations":[{"start":{"line":21,"column":58},"end":{"line":21,"column":100}}],"line":21},"4":{"loc":{"start":{"line":27,"column":4},"end":{"line":30,"column":5}},"type":"if","locations":[{"start":{"line":27,"column":4},"end":{"line":30,"column":5}},{"start":{},"end":{}}],"line":27},"5":{"loc":{"start":{"line":38,"column":8},"end":{"line":38,"column":38}},"type":"if","locations":[{"start":{"line":38,"column":8},"end":{"line":38,"column":38}},{"start":{},"end":{}}],"line":38},"6":{"loc":{"start":{"line":42,"column":8},"end":{"line":42,"column":42}},"type":"if","locations":[{"start":{"line":42,"column":8},"end":{"line":42,"column":42}},{"start":{},"end":{}}],"line":42},"7":{"loc":{"start":{"line":45,"column":8},"end":{"line":45,"column":37}},"type":"if","locations":[{"start":{"line":45,"column":8},"end":{"line":45,"column":37}},{"start":{},"end":{}}],"line":45},"8":{"loc":{"start":{"line":55,"column":4},"end":{"line":55,"column":24}},"type":"if","locations":[{"start":{"line":55,"column":4},"end":{"line":55,"column":24}},{"start":{},"end":{}}],"line":55},"9":{"loc":{"start":{"line":61,"column":6},"end":{"line":61,"column":27}},"type":"if","locations":[{"start":{"line":61,"column":6},"end":{"line":61,"column":27}},{"start":{},"end":{}}],"line":61}},"s":{"0":161,"1":161,"2":161,"3":161,"4":161,"5":41,"6":5,"7":5,"8":36,"9":36,"10":36,"11":36,"12":35,"13":35,"14":1,"15":1,"16":1,"17":36,"18":36,"19":36,"20":36,"21":161,"22":41,"23":31,"24":10,"25":161,"26":41,"27":10,"28":31,"29":161},"f":{"0":161,"1":41,"2":35,"3":1,"4":36,"5":36,"6":41,"7":41},"b":{"0":[57],"1":[57],"2":[132],"3":[124],"4":[5,36],"5":[35,0],"6":[1,0],"7":[36,0],"8":[31,10],"9":[10,31]},"_coverageSchema":"1a1c01bbd47fc00a2c39e90264f33305004495a9","hash":"08c86557ef3a9c279852ed80c14203dd35083228"}
,"/Users/priscillarodriguesmartins/portfolio/escola_schmidt/src/lib/confirmar.ts": {"path":"/Users/priscillarodriguesmartins/portfolio/escola_schmidt/src/lib/confirmar.ts","statementMap":{"0":{"start":{"line":9,"column":2},"end":{"line":14,"column":3}},"1":{"start":{"line":10,"column":4},"end":{"line":12,"column":5}},"2":{"start":{"line":11,"column":6},"end":{"line":11,"column":20}},"3":{"start":{"line":13,"column":4},"end":{"line":13,"column":11}},"4":{"start":{"line":16,"column":2},"end":{"line":19,"column":5}}},"fnMap":{"0":{"name":"confirmar","decl":{"start":{"line":8,"column":16},"end":{"line":8,"column":25}},"loc":{"start":{"line":8,"column":109},"end":{"line":20,"column":1}},"line":8}},"branchMap":{"0":{"loc":{"start":{"line":9,"column":2},"end":{"line":14,"column":3}},"type":"if","locations":[{"start":{"line":9,"column":2},"end":{"line":14,"column":3}},{"start":{},"end":{}}],"line":9},"1":{"loc":{"start":{"line":10,"column":4},"end":{"line":12,"column":5}},"type":"if","locations":[{"start":{"line":10,"column":4},"end":{"line":12,"column":5}},{"start":{},"end":{}}],"line":10}},"s":{"0":0,"1":0,"2":0,"3":0,"4":0},"f":{"0":0},"b":{"0":[0,0],"1":[0,0]},"_coverageSchema":"1a1c01bbd47fc00a2c39e90264f33305004495a9","hash":"3daa7b75465ea66b4dd2c9a78ab86f42cf3d9b7a"}
,"/Users/priscillarodriguesmartins/portfolio/escola_schmidt/src/lib/dataBR.ts": {"path":"/Users/priscillarodriguesmartins/portfolio/escola_schmidt/src/lib/dataBR.ts","statementMap":{"0":{"start":{"line":7,"column":12},"end":{"line":7,"column":22}},"1":{"start":{"line":8,"column":14},"end":{"line":8,"column":50}},"2":{"start":{"line":9,"column":14},"end":{"line":9,"column":55}},"3":{"start":{"line":10,"column":2},"end":{"line":10,"column":44}},"4":{"start":{"line":14,"column":12},"end":{"line":14,"column":62}},"5":{"start":{"line":15,"column":2},"end":{"line":15,"column":22}},"6":{"start":{"line":15,"column":10},"end":{"line":15,"column":22}},"7":{"start":{"line":16,"column":28},"end":{"line":16,"column":29}},"8":{"start":{"line":17,"column":2},"end":{"line":17,"column":32}},"9":{"start":{"line":21,"column":26},"end":{"line":21,"column":44}},"10":{"start":{"line":22,"column":2},"end":{"line":22,"column":32}}},"fnMap":{"0":{"name":"hojeBR","decl":{"start":{"line":6,"column":16},"end":{"line":6,"column":22}},"loc":{"start":{"line":6,"column":33},"end":{"line":11,"column":1}},"line":6},"1":{"name":"paraISO","decl":{"start":{"line":13,"column":16},"end":{"line":13,"column":23}},"loc":{"start":{"line":13,"column":55},"end":{"line":18,"column":1}},"line":13},"2":{"name":"paraBR","decl":{"start":{"line":20,"column":16},"end":{"line":20,"column":22}},"loc":{"start":{"line":20,"column":48},"end":{"line":23,"column":1}},"line":20}},"branchMap":{"0":{"loc":{"start":{"line":15,"column":2},"end":{"line":15,"column":22}},"type":"if","locations":[{"start":{"line":15,"column":2},"end":{"line":15,"column":22}},{"start":{},"end":{}}],"line":15}},"s":{"0":0,"1":0,"2":0,"3":0,"4":0,"5":0,"6":0,"7":0,"8":0,"9":5,"10":5},"f":{"0":0,"1":0,"2":5},"b":{"0":[0,0]},"_coverageSchema":"1a1c01bbd47fc00a2c39e90264f33305004495a9","hash":"4425a9ca18780e7a90a80eb85828b09e6bc8b71c"}
,"/Users/priscillarodriguesmartins/portfolio/escola_schmidt/src/lib/rememberMeStorage.ts": {"path":"/Users/priscillarodriguesmartins/portfolio/escola_schmidt/src/lib/rememberMeStorage.ts","statementMap":{"0":{"start":{"line":6,"column":19},"end":{"line":6,"column":23}},"1":{"start":{"line":9,"column":2},"end":{"line":9,"column":25}},"2":{"start":{"line":12,"column":24},"end":{"line":12,"column":49}},"3":{"start":{"line":18,"column":35},"end":{"line":36,"column":1}},"4":{"start":{"line":20,"column":4},"end":{"line":20,"column":78}},"5":{"start":{"line":20,"column":36},"end":{"line":20,"column":78}},"6":{"start":{"line":21,"column":4},"end":{"line":21,"column":39}},"7":{"start":{"line":24,"column":4},"end":{"line":30,"column":5}},"8":{"start":{"line":25,"column":6},"end":{"line":25,"column":36}},"9":{"start":{"line":26,"column":6},"end":{"line":26,"column":47}},"10":{"start":{"line":28,"column":6},"end":{"line":28,"column":40}},"11":{"start":{"line":29,"column":6},"end":{"line":29,"column":43}},"12":{"start":{"line":33,"column":4},"end":{"line":33,"column":34}},"13":{"start":{"line":34,"column":4},"end":{"line":34,"column":41}},"14":{"start":{"line":38,"column":27},"end":{"line":38,"column":57}},"15":{"start":{"line":45,"column":2},"end":{"line":45,"column":50}},"16":{"start":{"line":49,"column":2},"end":{"line":53,"column":3}},"17":{"start":{"line":50,"column":4},"end":{"line":50,"column":58}},"18":{"start":{"line":52,"column":4},"end":{"line":52,"column":54}}},"fnMap":{"0":{"name":"definirLembrarLogin","decl":{"start":{"line":8,"column":16},"end":{"line":8,"column":35}},"loc":{"start":{"line":8,"column":54},"end":{"line":10,"column":1}},"line":8},"1":{"name":"(anonymous_1)","decl":{"start":{"line":19,"column":2},"end":{"line":19,"column":3}},"loc":{"start":{"line":19,"column":31},"end":{"line":22,"column":3}},"line":19},"2":{"name":"(anonymous_2)","decl":{"start":{"line":23,"column":2},"end":{"line":23,"column":3}},"loc":{"start":{"line":23,"column":46},"end":{"line":31,"column":3}},"line":23},"3":{"name":"(anonymous_3)","decl":{"start":{"line":32,"column":2},"end":{"line":32,"column":3}},"loc":{"start":{"line":32,"column":34},"end":{"line":35,"column":3}},"line":32},"4":{"name":"lerUltimoEmailLembrado","decl":{"start":{"line":44,"column":22},"end":{"line":44,"column":44}},"loc":{"start":{"line":44,"column":71},"end":{"line":46,"column":1}},"line":44},"5":{"name":"salvarUltimoEmailLembrado","decl":{"start":{"line":48,"column":22},"end":{"line":48,"column":47}},"loc":{"start":{"line":48,"column":96},"end":{"line":54,"column":1}},"line":48}},"branchMap":{"0":{"loc":{"start":{"line":20,"column":4},"end":{"line":20,"column":78}},"type":"if","locations":[{"start":{"line":20,"column":4},"end":{"line":20,"column":78}},{"start":{},"end":{}}],"line":20},"1":{"loc":{"start":{"line":20,"column":43},"end":{"line":20,"column":77}},"type":"binary-expr","locations":[{"start":{"line":20,"column":43},"end":{"line":20,"column":69}},{"start":{"line":20,"column":73},"end":{"line":20,"column":77}}],"line":20},"2":{"loc":{"start":{"line":24,"column":4},"end":{"line":30,"column":5}},"type":"if","locations":[{"start":{"line":24,"column":4},"end":{"line":30,"column":5}},{"start":{"line":27,"column":11},"end":{"line":30,"column":5}}],"line":24},"3":{"loc":{"start":{"line":49,"column":2},"end":{"line":53,"column":3}},"type":"if","locations":[{"start":{"line":49,"column":2},"end":{"line":53,"column":3}},{"start":{"line":51,"column":9},"end":{"line":53,"column":3}}],"line":49}},"s":{"0":11,"1":6,"2":11,"3":11,"4":4,"5":1,"6":3,"7":5,"8":2,"9":2,"10":3,"11":3,"12":1,"13":1,"14":11,"15":11,"16":1,"17":1,"18":0},"f":{"0":6,"1":4,"2":5,"3":1,"4":11,"5":1},"b":{"0":[1,3],"1":[1,0],"2":[2,3],"3":[1,0]},"_coverageSchema":"1a1c01bbd47fc00a2c39e90264f33305004495a9","hash":"8b3e05407dad1a51ec3599b7343e9b047c4aa545"}
,"/Users/priscillarodriguesmartins/portfolio/escola_schmidt/src/lib/supabase.ts": {"path":"/Users/priscillarodriguesmartins/portfolio/escola_schmidt/src/lib/supabase.ts","statementMap":{"0":{"start":{"line":8,"column":2},"end":{"line":8,"column":109}},"1":{"start":{"line":23,"column":22},"end":{"line":23,"column":50}},"2":{"start":{"line":24,"column":26},"end":{"line":24,"column":59}},"3":{"start":{"line":26,"column":2},"end":{"line":28,"column":3}},"4":{"start":{"line":27,"column":4},"end":{"line":27,"column":39}},"5":{"start":{"line":30,"column":2},"end":{"line":30,"column":42}},"6":{"start":{"line":34,"column":2},"end":{"line":42,"column":4}},"7":{"start":{"line":50,"column":2},"end":{"line":50,"column":84}},"8":{"start":{"line":59,"column":2},"end":{"line":63,"column":5}},"9":{"start":{"line":61,"column":6},"end":{"line":61,"column":41}},"10":{"start":{"line":67,"column":2},"end":{"line":72,"column":3}},"11":{"start":{"line":68,"column":45},"end":{"line":68,"column":64}},"12":{"start":{"line":69,"column":4},"end":{"line":69,"column":83}},"13":{"start":{"line":71,"column":4},"end":{"line":71,"column":39}},"14":{"start":{"line":75,"column":24},"end":{"line":75,"column":47}}},"fnMap":{"0":{"name":"getSupabaseConfig","decl":{"start":{"line":16,"column":16},"end":{"line":16,"column":33}},"loc":{"start":{"line":22,"column":2},"end":{"line":31,"column":1}},"line":22},"1":{"name":"createSupabaseOptions","decl":{"start":{"line":33,"column":16},"end":{"line":33,"column":37}},"loc":{"start":{"line":33,"column":80},"end":{"line":43,"column":1}},"line":33},"2":{"name":"createSupabaseClient","decl":{"start":{"line":45,"column":16},"end":{"line":45,"column":36}},"loc":{"start":{"line":49,"column":2},"end":{"line":51,"column":1}},"line":49},"3":{"name":"createMissingConfigClient","decl":{"start":{"line":58,"column":9},"end":{"line":58,"column":34}},"loc":{"start":{"line":58,"column":53},"end":{"line":64,"column":1}},"line":58},"4":{"name":"(anonymous_4)","decl":{"start":{"line":60,"column":4},"end":{"line":60,"column":5}},"loc":{"start":{"line":60,"column":10},"end":{"line":62,"column":5}},"line":60},"5":{"name":"createSingletonClient","decl":{"start":{"line":66,"column":9},"end":{"line":66,"column":30}},"loc":{"start":{"line":66,"column":49},"end":{"line":73,"column":1}},"line":66}},"branchMap":{"0":{"loc":{"start":{"line":17,"column":2},"end":{"line":21,"column":3}},"type":"default-arg","locations":[{"start":{"line":17,"column":27},"end":{"line":21,"column":3}}],"line":17},"1":{"loc":{"start":{"line":26,"column":2},"end":{"line":28,"column":3}},"type":"if","locations":[{"start":{"line":26,"column":2},"end":{"line":28,"column":3}},{"start":{},"end":{}}],"line":26},"2":{"loc":{"start":{"line":26,"column":6},"end":{"line":26,"column":38}},"type":"binary-expr","locations":[{"start":{"line":26,"column":6},"end":{"line":26,"column":18}},{"start":{"line":26,"column":22},"end":{"line":26,"column":38}}],"line":26},"3":{"loc":{"start":{"line":33,"column":38},"end":{"line":33,"column":78}},"type":"default-arg","locations":[{"start":{"line":33,"column":66},"end":{"line":33,"column":78}}],"line":33},"4":{"loc":{"start":{"line":48,"column":2},"end":{"line":48,"column":42}},"type":"default-arg","locations":[{"start":{"line":48,"column":30},"end":{"line":48,"column":42}}],"line":48}},"s":{"0":4,"1":5,"2":5,"3":5,"4":2,"5":3,"6":4,"7":4,"8":1,"9":1,"10":4,"11":4,"12":3,"13":1,"14":4},"f":{"0":5,"1":4,"2":4,"3":1,"4":1,"5":4},"b":{"0":[4],"1":[2,3],"2":[5,3],"3":[0],"4":[0]},"_coverageSchema":"1a1c01bbd47fc00a2c39e90264f33305004495a9","hash":"b78d0612a368fbbcced51d39c50766c3fc4420a2"}
,"/Users/priscillarodriguesmartins/portfolio/escola_schmidt/src/lib/texto.ts": {"path":"/Users/priscillarodriguesmartins/portfolio/escola_schmidt/src/lib/texto.ts","statementMap":{"0":{"start":{"line":3,"column":2},"end":{"line":7,"column":12}},"1":{"start":{"line":15,"column":2},"end":{"line":17,"column":29}}},"fnMap":{"0":{"name":"normalizar","decl":{"start":{"line":2,"column":16},"end":{"line":2,"column":26}},"loc":{"start":{"line":2,"column":50},"end":{"line":8,"column":1}},"line":2},"1":{"name":"slugify","decl":{"start":{"line":14,"column":16},"end":{"line":14,"column":23}},"loc":{"start":{"line":14,"column":47},"end":{"line":18,"column":1}},"line":14}},"branchMap":{},"s":{"0":0,"1":0},"f":{"0":0,"1":0},"b":{}}
}
