{"/Users/priscillarodriguesmartins/portfolio/escola-schmidt/app/_layout.tsx": {"path":"/Users/priscillarodriguesmartins/portfolio/escola-schmidt/app/_layout.tsx","statementMap":{"0":{"start":{"line":14,"column":0},"end":{"line":14,"column":36}},"1":{"start":{"line":16,"column":35},"end":{"line":16,"column":39}},"2":{"start":{"line":17,"column":35},"end":{"line":17,"column":39}},"3":{"start":{"line":19,"column":38},"end":{"line":19,"column":70}},"4":{"start":{"line":25,"column":23},"end":{"line":25,"column":28}},"5":{"start":{"line":31,"column":2},"end":{"line":39,"column":4}},"6":{"start":{"line":43,"column":24},"end":{"line":49,"column":4}},"7":{"start":{"line":50,"column":64},"end":{"line":50,"column":90}},"8":{"start":{"line":51,"column":66},"end":{"line":51,"column":92}},"9":{"start":{"line":52,"column":48},"end":{"line":52,"column":74}},"10":{"start":{"line":53,"column":17},"end":{"line":56,"column":4}},"11":{"start":{"line":54,"column":4},"end":{"line":54,"column":19}},"12":{"start":{"line":55,"column":4},"end":{"line":55,"column":19}},"13":{"start":{"line":58,"column":28},"end":{"line":58,"column":100}},"14":{"start":{"line":60,"column":2},"end":{"line":64,"column":20}},"15":{"start":{"line":61,"column":4},"end":{"line":63,"column":5}},"16":{"start":{"line":62,"column":6},"end":{"line":62,"column":31}},"17":{"start":{"line":66,"column":2},"end":{"line":70,"column":26}},"18":{"start":{"line":67,"column":4},"end":{"line":69,"column":5}},"19":{"start":{"line":68,"column":6},"end":{"line":68,"column":30}},"20":{"start":{"line":72,"column":2},"end":{"line":94,"column":28}},"21":{"start":{"line":73,"column":4},"end":{"line":73,"column":49}},"22":{"start":{"line":73,"column":42},"end":{"line":73,"column":49}},"23":{"start":{"line":74,"column":4},"end":{"line":74,"column":30}},"24":{"start":{"line":75,"column":4},"end":{"line":75,"column":38}},"25":{"start":{"line":76,"column":4},"end":{"line":76,"column":39}},"26":{"start":{"line":77,"column":4},"end":{"line":77,"column":27}},"27":{"start":{"line":78,"column":4},"end":{"line":78,"column":18}},"28":{"start":{"line":80,"column":24},"end":{"line":80,"column":102}},"29":{"start":{"line":80,"column":41},"end":{"line":80,"column":73}},"30":{"start":{"line":81,"column":25},"end":{"line":81,"column":104}},"31":{"start":{"line":81,"column":42},"end":{"line":81,"column":75}},"32":{"start":{"line":82,"column":25},"end":{"line":86,"column":64}},"33":{"start":{"line":86,"column":39},"end":{"line":86,"column":63}},"34":{"start":{"line":88,"column":4},"end":{"line":93,"column":6}},"35":{"start":{"line":89,"column":6},"end":{"line":89,"column":32}},"36":{"start":{"line":90,"column":6},"end":{"line":90,"column":33}},"37":{"start":{"line":91,"column":6},"end":{"line":91,"column":29}},"38":{"start":{"line":92,"column":6},"end":{"line":92,"column":21}},"39":{"start":{"line":96,"column":2},"end":{"line":98,"column":3}},"40":{"start":{"line":97,"column":4},"end":{"line":97,"column":16}},"41":{"start":{"line":100,"column":2},"end":{"line":123,"column":3}},"42":{"start":{"line":101,"column":4},"end":{"line":122,"column":6}},"43":{"start":{"line":125,"column":2},"end":{"line":136,"column":4}},"44":{"start":{"line":139,"column":15},"end":{"line":205,"column":2}}},"fnMap":{"0":{"name":"ErrorBoundary","decl":{"start":{"line":30,"column":16},"end":{"line":30,"column":29}},"loc":{"start":{"line":30,"column":68},"end":{"line":40,"column":1}},"line":30},"1":{"name":"RootLayout","decl":{"start":{"line":42,"column":24},"end":{"line":42,"column":34}},"loc":{"start":{"line":42,"column":37},"end":{"line":137,"column":1}},"line":42},"2":{"name":"(anonymous_2)","decl":{"start":{"line":53,"column":55},"end":{"line":53,"column":56}},"loc":{"start":{"line":53,"column":62},"end":{"line":56,"column":3}},"line":53},"3":{"name":"(anonymous_3)","decl":{"start":{"line":60,"column":12},"end":{"line":60,"column":13}},"loc":{"start":{"line":60,"column":18},"end":{"line":64,"column":3}},"line":60},"4":{"name":"(anonymous_4)","decl":{"start":{"line":66,"column":12},"end":{"line":66,"column":13}},"loc":{"start":{"line":66,"column":18},"end":{"line":70,"column":3}},"line":66},"5":{"name":"(anonymous_5)","decl":{"start":{"line":72,"column":12},"end":{"line":72,"column":13}},"loc":{"start":{"line":72,"column":18},"end":{"line":94,"column":3}},"line":72},"6":{"name":"(anonymous_6)","decl":{"start":{"line":80,"column":35},"end":{"line":80,"column":36}},"loc":{"start":{"line":80,"column":41},"end":{"line":80,"column":73}},"line":80},"7":{"name":"(anonymous_7)","decl":{"start":{"line":81,"column":36},"end":{"line":81,"column":37}},"loc":{"start":{"line":81,"column":42},"end":{"line":81,"column":75}},"line":81},"8":{"name":"(anonymous_8)","decl":{"start":{"line":86,"column":33},"end":{"line":86,"column":34}},"loc":{"start":{"line":86,"column":39},"end":{"line":86,"column":63}},"line":86},"9":{"name":"(anonymous_9)","decl":{"start":{"line":88,"column":11},"end":{"line":88,"column":12}},"loc":{"start":{"line":88,"column":17},"end":{"line":93,"column":5}},"line":88}},"branchMap":{"0":{"loc":{"start":{"line":58,"column":28},"end":{"line":58,"column":100}},"type":"binary-expr","locations":[{"start":{"line":58,"column":28},"end":{"line":58,"column":52}},{"start":{"line":58,"column":57},"end":{"line":58,"column":80}},{"start":{"line":58,"column":84},"end":{"line":58,"column":99}}],"line":58},"1":{"loc":{"start":{"line":61,"column":4},"end":{"line":63,"column":5}},"type":"if","locations":[{"start":{"line":61,"column":4},"end":{"line":63,"column":5}},{"start":{},"end":{}}],"line":61},"2":{"loc":{"start":{"line":67,"column":4},"end":{"line":69,"column":5}},"type":"if","locations":[{"start":{"line":67,"column":4},"end":{"line":69,"column":5}},{"start":{},"end":{}}],"line":67},"3":{"loc":{"start":{"line":73,"column":4},"end":{"line":73,"column":49}},"type":"if","locations":[{"start":{"line":73,"column":4},"end":{"line":73,"column":49}},{"start":{},"end":{}}],"line":73},"4":{"loc":{"start":{"line":73,"column":8},"end":{"line":73,"column":40}},"type":"binary-expr","locations":[{"start":{"line":73,"column":8},"end":{"line":73,"column":20}},{"start":{"line":73,"column":24},"end":{"line":73,"column":40}}],"line":73},"5":{"loc":{"start":{"line":96,"column":2},"end":{"line":98,"column":3}},"type":"if","locations":[{"start":{"line":96,"column":2},"end":{"line":98,"column":3}},{"start":{},"end":{}}],"line":96},"6":{"loc":{"start":{"line":100,"column":2},"end":{"line":123,"column":3}},"type":"if","locations":[{"start":{"line":100,"column":2},"end":{"line":123,"column":3}},{"start":{},"end":{}}],"line":100},"7":{"loc":{"start":{"line":105,"column":11},"end":{"line":119,"column":11}},"type":"cond-expr","locations":[{"start":{"line":106,"column":12},"end":{"line":113,"column":14}},{"start":{"line":115,"column":12},"end":{"line":118,"column":19}}],"line":105}},"s":{"0":0,"1":0,"2":0,"3":0,"4":0,"5":0,"6":0,"7":0,"8":0,"9":0,"10":0,"11":0,"12":0,"13":0,"14":0,"15":0,"16":0,"17":0,"18":0,"19":0,"20":0,"21":0,"22":0,"23":0,"24":0,"25":0,"26":0,"27":0,"28":0,"29":0,"30":0,"31":0,"32":0,"33":0,"34":0,"35":0,"36":0,"37":0,"38":0,"39":0,"40":0,"41":0,"42":0,"43":0,"44":0},"f":{"0":0,"1":0,"2":0,"3":0,"4":0,"5":0,"6":0,"7":0,"8":0,"9":0},"b":{"0":[0,0,0],"1":[0,0],"2":[0,0],"3":[0,0],"4":[0,0],"5":[0,0],"6":[0,0],"7":[0,0]}}
,"/Users/priscillarodriguesmartins/portfolio/escola-schmidt/app/(app)/_layout.tsx": {"path":"/Users/priscillarodriguesmartins/portfolio/escola-schmidt/app/(app)/_layout.tsx","statementMap":{"0":{"start":{"line":6,"column":31},"end":{"line":6,"column":40}},"1":{"start":{"line":8,"column":2},"end":{"line":10,"column":3}},"2":{"start":{"line":9,"column":4},"end":{"line":9,"column":16}},"3":{"start":{"line":12,"column":2},"end":{"line":14,"column":3}},"4":{"start":{"line":13,"column":4},"end":{"line":13,"column":38}},"5":{"start":{"line":16,"column":2},"end":{"line":16,"column":18}}},"fnMap":{"0":{"name":"AppLayout","decl":{"start":{"line":5,"column":24},"end":{"line":5,"column":33}},"loc":{"start":{"line":5,"column":36},"end":{"line":17,"column":1}},"line":5}},"branchMap":{"0":{"loc":{"start":{"line":8,"column":2},"end":{"line":10,"column":3}},"type":"if","locations":[{"start":{"line":8,"column":2},"end":{"line":10,"column":3}},{"start":{},"end":{}}],"line":8},"1":{"loc":{"start":{"line":12,"column":2},"end":{"line":14,"column":3}},"type":"if","locations":[{"start":{"line":12,"column":2},"end":{"line":14,"column":3}},{"start":{},"end":{}}],"line":12}},"s":{"0":0,"1":0,"2":0,"3":0,"4":0,"5":0},"f":{"0":0},"b":{"0":[0,0],"1":[0,0]}}
,"/Users/priscillarodriguesmartins/portfolio/escola-schmidt/app/(app)/index.tsx": {"path":"/Users/priscillarodriguesmartins/portfolio/escola-schmidt/app/(app)/index.tsx","statementMap":{"0":{"start":{"line":12,"column":25},"end":{"line":17,"column":10}},"1":{"start":{"line":19,"column":20},"end":{"line":19,"column":40}},"2":{"start":{"line":25,"column":25},"end":{"line":25,"column":29}},"3":{"start":{"line":26,"column":24},"end":{"line":26,"column":27}},"4":{"start":{"line":29,"column":23},"end":{"line":29,"column":32}},"5":{"start":{"line":30,"column":17},"end":{"line":30,"column":28}},"6":{"start":{"line":31,"column":20},"end":{"line":31,"column":41}},"7":{"start":{"line":32,"column":19},"end":{"line":32,"column":39}},"8":{"start":{"line":33,"column":22},"end":{"line":33,"column":34}},"9":{"start":{"line":34,"column":22},"end":{"line":34,"column":59}},"10":{"start":{"line":35,"column":21},"end":{"line":35,"column":66}},"11":{"start":{"line":36,"column":21},"end":{"line":36,"column":91}},"12":{"start":{"line":37,"column":28},"end":{"line":37,"column":57}},"13":{"start":{"line":38,"column":27},"end":{"line":38,"column":55}},"14":{"start":{"line":39,"column":24},"end":{"line":39,"column":69}},"15":{"start":{"line":40,"column":21},"end":{"line":40,"column":66}},"16":{"start":{"line":44,"column":22},"end":{"line":44,"column":36}},"17":{"start":{"line":45,"column":22},"end":{"line":45,"column":60}},"18":{"start":{"line":47,"column":36},"end":{"line":47,"column":66}},"19":{"start":{"line":49,"column":2},"end":{"line":60,"column":17}},"20":{"start":{"line":50,"column":4},"end":{"line":50,"column":25}},"21":{"start":{"line":50,"column":18},"end":{"line":50,"column":25}},"22":{"start":{"line":51,"column":16},"end":{"line":51,"column":20}},"23":{"start":{"line":52,"column":4},"end":{"line":56,"column":42}},"24":{"start":{"line":54,"column":8},"end":{"line":54,"column":39}},"25":{"start":{"line":54,"column":19},"end":{"line":54,"column":39}},"26":{"start":{"line":56,"column":22},"end":{"line":56,"column":40}},"27":{"start":{"line":57,"column":4},"end":{"line":59,"column":6}},"28":{"start":{"line":58,"column":6},"end":{"line":58,"column":20}},"29":{"start":{"line":63,"column":4},"end":{"line":66,"column":5}},"30":{"start":{"line":64,"column":6},"end":{"line":64,"column":49}},"31":{"start":{"line":65,"column":6},"end":{"line":65,"column":13}},"32":{"start":{"line":67,"column":4},"end":{"line":67,"column":34}},"33":{"start":{"line":70,"column":2},"end":{"line":177,"column":4}},"34":{"start":{"line":100,"column":27},"end":{"line":100,"column":50}},"35":{"start":{"line":118,"column":29},"end":{"line":118,"column":59}},"36":{"start":{"line":158,"column":29},"end":{"line":158,"column":51}},"37":{"start":{"line":180,"column":15},"end":{"line":320,"column":2}}},"fnMap":{"0":{"name":"Home","decl":{"start":{"line":28,"column":24},"end":{"line":28,"column":28}},"loc":{"start":{"line":28,"column":31},"end":{"line":178,"column":1}},"line":28},"1":{"name":"(anonymous_1)","decl":{"start":{"line":49,"column":12},"end":{"line":49,"column":13}},"loc":{"start":{"line":49,"column":18},"end":{"line":60,"column":3}},"line":49},"2":{"name":"(anonymous_2)","decl":{"start":{"line":53,"column":12},"end":{"line":53,"column":13}},"loc":{"start":{"line":53,"column":23},"end":{"line":55,"column":7}},"line":53},"3":{"name":"(anonymous_3)","decl":{"start":{"line":56,"column":13},"end":{"line":56,"column":14}},"loc":{"start":{"line":56,"column":22},"end":{"line":56,"column":40}},"line":56},"4":{"name":"(anonymous_4)","decl":{"start":{"line":57,"column":11},"end":{"line":57,"column":12}},"loc":{"start":{"line":57,"column":17},"end":{"line":59,"column":5}},"line":57},"5":{"name":"abrirListaChamada","decl":{"start":{"line":62,"column":11},"end":{"line":62,"column":28}},"loc":{"start":{"line":62,"column":31},"end":{"line":68,"column":3}},"line":62},"6":{"name":"(anonymous_6)","decl":{"start":{"line":100,"column":21},"end":{"line":100,"column":22}},"loc":{"start":{"line":100,"column":27},"end":{"line":100,"column":50}},"line":100},"7":{"name":"(anonymous_7)","decl":{"start":{"line":118,"column":23},"end":{"line":118,"column":24}},"loc":{"start":{"line":118,"column":29},"end":{"line":118,"column":59}},"line":118},"8":{"name":"(anonymous_8)","decl":{"start":{"line":158,"column":23},"end":{"line":158,"column":24}},"loc":{"start":{"line":158,"column":29},"end":{"line":158,"column":51}},"line":158}},"branchMap":{"0":{"loc":{"start":{"line":35,"column":21},"end":{"line":35,"column":66}},"type":"cond-expr","locations":[{"start":{"line":35,"column":36},"end":{"line":35,"column":39}},{"start":{"line":35,"column":42},"end":{"line":35,"column":66}}],"line":35},"1":{"loc":{"start":{"line":35,"column":42},"end":{"line":35,"column":66}},"type":"cond-expr","locations":[{"start":{"line":35,"column":57},"end":{"line":35,"column":60}},{"start":{"line":35,"column":63},"end":{"line":35,"column":66}}],"line":35},"2":{"loc":{"start":{"line":39,"column":24},"end":{"line":39,"column":69}},"type":"cond-expr","locations":[{"start":{"line":39,"column":39},"end":{"line":39,"column":42}},{"start":{"line":39,"column":45},"end":{"line":39,"column":69}}],"line":39},"3":{"loc":{"start":{"line":39,"column":45},"end":{"line":39,"column":69}},"type":"cond-expr","locations":[{"start":{"line":39,"column":60},"end":{"line":39,"column":63}},{"start":{"line":39,"column":66},"end":{"line":39,"column":69}}],"line":39},"4":{"loc":{"start":{"line":40,"column":21},"end":{"line":40,"column":66}},"type":"cond-expr","locations":[{"start":{"line":40,"column":36},"end":{"line":40,"column":39}},{"start":{"line":40,"column":42},"end":{"line":40,"column":66}}],"line":40},"5":{"loc":{"start":{"line":40,"column":42},"end":{"line":40,"column":66}},"type":"cond-expr","locations":[{"start":{"line":40,"column":57},"end":{"line":40,"column":60}},{"start":{"line":40,"column":63},"end":{"line":40,"column":66}}],"line":40},"6":{"loc":{"start":{"line":45,"column":22},"end":{"line":45,"column":60}},"type":"cond-expr","locations":[{"start":{"line":45,"column":37},"end":{"line":45,"column":47}},{"start":{"line":45,"column":50},"end":{"line":45,"column":60}}],"line":45},"7":{"loc":{"start":{"line":50,"column":4},"end":{"line":50,"column":25}},"type":"if","locations":[{"start":{"line":50,"column":4},"end":{"line":50,"column":25}},{"start":{},"end":{}}],"line":50},"8":{"loc":{"start":{"line":54,"column":8},"end":{"line":54,"column":39}},"type":"if","locations":[{"start":{"line":54,"column":8},"end":{"line":54,"column":39}},{"start":{},"end":{}}],"line":54},"9":{"loc":{"start":{"line":63,"column":4},"end":{"line":66,"column":5}},"type":"if","locations":[{"start":{"line":63,"column":4},"end":{"line":66,"column":5}},{"start":{},"end":{}}],"line":63},"10":{"loc":{"start":{"line":91,"column":17},"end":{"line":91,"column":125}},"type":"cond-expr","locations":[{"start":{"line":91,"column":28},"end":{"line":91,"column":78}},{"start":{"line":91,"column":81},"end":{"line":91,"column":125}}],"line":91},"11":{"loc":{"start":{"line":99,"column":37},"end":{"line":99,"column":73}},"type":"binary-expr","locations":[{"start":{"line":99,"column":37},"end":{"line":99,"column":48}},{"start":{"line":99,"column":52},"end":{"line":99,"column":73}}],"line":99},"12":{"loc":{"start":{"line":115,"column":11},"end":{"line":132,"column":18}},"type":"cond-expr","locations":[{"start":{"line":116,"column":12},"end":{"line":131,"column":31}},{"start":{"line":132,"column":14},"end":{"line":132,"column":18}}],"line":115},"13":{"loc":{"start":{"line":117,"column":39},"end":{"line":117,"column":75}},"type":"binary-expr","locations":[{"start":{"line":117,"column":39},"end":{"line":117,"column":50}},{"start":{"line":117,"column":54},"end":{"line":117,"column":75}}],"line":117},"14":{"loc":{"start":{"line":134,"column":11},"end":{"line":153,"column":18}},"type":"cond-expr","locations":[{"start":{"line":135,"column":12},"end":{"line":152,"column":31}},{"start":{"line":153,"column":14},"end":{"line":153,"column":18}}],"line":134},"15":{"loc":{"start":{"line":136,"column":39},"end":{"line":136,"column":75}},"type":"binary-expr","locations":[{"start":{"line":136,"column":39},"end":{"line":136,"column":50}},{"start":{"line":136,"column":54},"end":{"line":136,"column":75}}],"line":136},"16":{"loc":{"start":{"line":144,"column":17},"end":{"line":144,"column":114}},"type":"cond-expr","locations":[{"start":{"line":144,"column":42},"end":{"line":144,"column":75}},{"start":{"line":144,"column":78},"end":{"line":144,"column":114}}],"line":144},"17":{"loc":{"start":{"line":155,"column":11},"end":{"line":172,"column":18}},"type":"cond-expr","locations":[{"start":{"line":156,"column":12},"end":{"line":171,"column":31}},{"start":{"line":172,"column":14},"end":{"line":172,"column":18}}],"line":155},"18":{"loc":{"start":{"line":157,"column":39},"end":{"line":157,"column":75}},"type":"binary-expr","locations":[{"start":{"line":157,"column":39},"end":{"line":157,"column":50}},{"start":{"line":157,"column":54},"end":{"line":157,"column":75}}],"line":157}},"s":{"0":0,"1":0,"2":0,"3":0,"4":0,"5":0,"6":0,"7":0,"8":0,"9":0,"10":0,"11":0,"12":0,"13":0,"14":0,"15":0,"16":0,"17":0,"18":0,"19":0,"20":0,"21":0,"22":0,"23":0,"24":0,"25":0,"26":0,"27":0,"28":0,"29":0,"30":0,"31":0,"32":0,"33":0,"34":0,"35":0,"36":0,"37":0},"f":{"0":0,"1":0,"2":0,"3":0,"4":0,"5":0,"6":0,"7":0,"8":0},"b":{"0":[0,0],"1":[0,0],"2":[0,0],"3":[0,0],"4":[0,0],"5":[0,0],"6":[0,0],"7":[0,0],"8":[0,0],"9":[0,0],"10":[0,0],"11":[0,0],"12":[0,0],"13":[0,0],"14":[0,0],"15":[0,0],"16":[0,0],"17":[0,0],"18":[0,0]}}
,"/Users/priscillarodriguesmartins/portfolio/escola-schmidt/app/(app)/minha-evolucao.tsx": {"path":"/Users/priscillarodriguesmartins/portfolio/escola-schmidt/app/(app)/minha-evolucao.tsx","statementMap":{"0":{"start":{"line":9,"column":33},"end":{"line":9,"column":42}},"1":{"start":{"line":11,"column":2},"end":{"line":17,"column":3}},"2":{"start":{"line":12,"column":4},"end":{"line":16,"column":6}},"3":{"start":{"line":19,"column":2},"end":{"line":21,"column":3}},"4":{"start":{"line":20,"column":4},"end":{"line":20,"column":33}},"5":{"start":{"line":23,"column":2},"end":{"line":25,"column":3}},"6":{"start":{"line":24,"column":4},"end":{"line":24,"column":16}},"7":{"start":{"line":27,"column":2},"end":{"line":27,"column":109}}},"fnMap":{"0":{"name":"MinhaEvolucaoScreen","decl":{"start":{"line":8,"column":24},"end":{"line":8,"column":43}},"loc":{"start":{"line":8,"column":46},"end":{"line":28,"column":1}},"line":8}},"branchMap":{"0":{"loc":{"start":{"line":11,"column":2},"end":{"line":17,"column":3}},"type":"if","locations":[{"start":{"line":11,"column":2},"end":{"line":17,"column":3}},{"start":{},"end":{}}],"line":11},"1":{"loc":{"start":{"line":11,"column":6},"end":{"line":11,"column":62}},"type":"binary-expr","locations":[{"start":{"line":11,"column":6},"end":{"line":11,"column":23}},{"start":{"line":11,"column":28},"end":{"line":11,"column":48}},{"start":{"line":11,"column":52},"end":{"line":11,"column":61}}],"line":11},"2":{"loc":{"start":{"line":19,"column":2},"end":{"line":21,"column":3}},"type":"if","locations":[{"start":{"line":19,"column":2},"end":{"line":21,"column":3}},{"start":{},"end":{}}],"line":19},"3":{"loc":{"start":{"line":23,"column":2},"end":{"line":25,"column":3}},"type":"if","locations":[{"start":{"line":23,"column":2},"end":{"line":25,"column":3}},{"start":{},"end":{}}],"line":23}},"s":{"0":0,"1":0,"2":0,"3":0,"4":0,"5":0,"6":0,"7":0},"f":{"0":0},"b":{"0":[0,0],"1":[0,0,0],"2":[0,0],"3":[0,0]}}
,"/Users/priscillarodriguesmartins/portfolio/escola-schmidt/app/(app)/perfil.tsx": {"path":"/Users/priscillarodriguesmartins/portfolio/escola-schmidt/app/(app)/perfil.tsx","statementMap":{"0":{"start":{"line":24,"column":45},"end":{"line":28,"column":1}},"1":{"start":{"line":33,"column":12},"end":{"line":33,"column":62}},"2":{"start":{"line":34,"column":2},"end":{"line":34,"column":22}},"3":{"start":{"line":34,"column":10},"end":{"line":34,"column":22}},"4":{"start":{"line":35,"column":28},"end":{"line":35,"column":29}},"5":{"start":{"line":36,"column":2},"end":{"line":36,"column":32}},"6":{"start":{"line":40,"column":26},"end":{"line":40,"column":44}},"7":{"start":{"line":41,"column":2},"end":{"line":41,"column":32}},"8":{"start":{"line":44,"column":95},"end":{"line":49,"column":1}},"9":{"start":{"line":45,"column":69},"end":{"line":45,"column":82}},"10":{"start":{"line":46,"column":69},"end":{"line":46,"column":84}},"11":{"start":{"line":47,"column":57},"end":{"line":47,"column":69}},"12":{"start":{"line":48,"column":59},"end":{"line":48,"column":81}},"13":{"start":{"line":52,"column":58},"end":{"line":52,"column":67}},"14":{"start":{"line":53,"column":17},"end":{"line":53,"column":28}},"15":{"start":{"line":54,"column":19},"end":{"line":54,"column":39}},"16":{"start":{"line":55,"column":26},"end":{"line":55,"column":38}},"17":{"start":{"line":56,"column":34},"end":{"line":56,"column":46}},"18":{"start":{"line":57,"column":38},"end":{"line":57,"column":52}},"19":{"start":{"line":58,"column":34},"end":{"line":58,"column":49}},"20":{"start":{"line":59,"column":26},"end":{"line":59,"column":55}},"21":{"start":{"line":60,"column":32},"end":{"line":60,"column":61}},"22":{"start":{"line":61,"column":38},"end":{"line":61,"column":50}},"23":{"start":{"line":62,"column":36},"end":{"line":62,"column":48}},"24":{"start":{"line":63,"column":54},"end":{"line":63,"column":66}},"25":{"start":{"line":64,"column":48},"end":{"line":64,"column":63}},"26":{"start":{"line":65,"column":36},"end":{"line":65,"column":65}},"27":{"start":{"line":66,"column":42},"end":{"line":66,"column":71}},"28":{"start":{"line":67,"column":44},"end":{"line":67,"column":59}},"29":{"start":{"line":68,"column":36},"end":{"line":68,"column":48}},"30":{"start":{"line":69,"column":56},"end":{"line":69,"column":68}},"31":{"start":{"line":70,"column":58},"end":{"line":70,"column":70}},"32":{"start":{"line":71,"column":66},"end":{"line":71,"column":78}},"33":{"start":{"line":72,"column":44},"end":{"line":72,"column":59}},"34":{"start":{"line":73,"column":36},"end":{"line":73,"column":65}},"35":{"start":{"line":74,"column":42},"end":{"line":74,"column":71}},"36":{"start":{"line":76,"column":18},"end":{"line":76,"column":74}},"37":{"start":{"line":76,"column":48},"end":{"line":76,"column":73}},"38":{"start":{"line":78,"column":2},"end":{"line":105,"column":25}},"39":{"start":{"line":79,"column":4},"end":{"line":82,"column":5}},"40":{"start":{"line":80,"column":6},"end":{"line":80,"column":27}},"41":{"start":{"line":81,"column":6},"end":{"line":81,"column":13}},"42":{"start":{"line":84,"column":16},"end":{"line":84,"column":20}},"43":{"start":{"line":85,"column":4},"end":{"line":85,"column":24}},"44":{"start":{"line":86,"column":4},"end":{"line":86,"column":18}},"45":{"start":{"line":88,"column":4},"end":{"line":100,"column":9}},"46":{"start":{"line":90,"column":8},"end":{"line":90,"column":27}},"47":{"start":{"line":90,"column":20},"end":{"line":90,"column":27}},"48":{"start":{"line":91,"column":8},"end":{"line":91,"column":29}},"49":{"start":{"line":92,"column":8},"end":{"line":92,"column":43}},"50":{"start":{"line":95,"column":8},"end":{"line":95,"column":27}},"51":{"start":{"line":96,"column":8},"end":{"line":96,"column":76}},"52":{"start":{"line":96,"column":19},"end":{"line":96,"column":76}},"53":{"start":{"line":99,"column":8},"end":{"line":99,"column":40}},"54":{"start":{"line":99,"column":19},"end":{"line":99,"column":40}},"55":{"start":{"line":102,"column":4},"end":{"line":104,"column":6}},"56":{"start":{"line":103,"column":6},"end":{"line":103,"column":20}},"57":{"start":{"line":107,"column":2},"end":{"line":113,"column":17}},"58":{"start":{"line":108,"column":4},"end":{"line":108,"column":26}},"59":{"start":{"line":108,"column":19},"end":{"line":108,"column":26}},"60":{"start":{"line":109,"column":4},"end":{"line":109,"column":32}},"61":{"start":{"line":110,"column":4},"end":{"line":110,"column":93}},"62":{"start":{"line":111,"column":4},"end":{"line":111,"column":61}},"63":{"start":{"line":112,"column":4},"end":{"line":112,"column":69}},"64":{"start":{"line":116,"column":4},"end":{"line":116,"column":26}},"65":{"start":{"line":116,"column":19},"end":{"line":116,"column":26}},"66":{"start":{"line":117,"column":4},"end":{"line":120,"column":5}},"67":{"start":{"line":118,"column":6},"end":{"line":118,"column":47}},"68":{"start":{"line":119,"column":6},"end":{"line":119,"column":13}},"69":{"start":{"line":121,"column":26},"end":{"line":121,"column":90}},"70":{"start":{"line":122,"column":4},"end":{"line":125,"column":5}},"71":{"start":{"line":123,"column":6},"end":{"line":123,"column":75}},"72":{"start":{"line":124,"column":6},"end":{"line":124,"column":13}},"73":{"start":{"line":127,"column":4},"end":{"line":127,"column":23}},"74":{"start":{"line":128,"column":4},"end":{"line":128,"column":26}},"75":{"start":{"line":129,"column":4},"end":{"line":129,"column":27}},"76":{"start":{"line":130,"column":4},"end":{"line":143,"column":5}},"77":{"start":{"line":131,"column":6},"end":{"line":136,"column":9}},"78":{"start":{"line":137,"column":6},"end":{"line":137,"column":65}},"79":{"start":{"line":139,"column":6},"end":{"line":139,"column":25}},"80":{"start":{"line":140,"column":6},"end":{"line":140,"column":70}},"81":{"start":{"line":142,"column":6},"end":{"line":142,"column":30}},"82":{"start":{"line":147,"column":4},"end":{"line":147,"column":34}},"83":{"start":{"line":147,"column":27},"end":{"line":147,"column":34}},"84":{"start":{"line":148,"column":4},"end":{"line":151,"column":5}},"85":{"start":{"line":149,"column":6},"end":{"line":149,"column":35}},"86":{"start":{"line":150,"column":6},"end":{"line":150,"column":13}},"87":{"start":{"line":153,"column":4},"end":{"line":153,"column":18}},"88":{"start":{"line":154,"column":4},"end":{"line":154,"column":21}},"89":{"start":{"line":155,"column":4},"end":{"line":155,"column":22}},"90":{"start":{"line":156,"column":4},"end":{"line":167,"column":5}},"91":{"start":{"line":157,"column":6},"end":{"line":160,"column":9}},"92":{"start":{"line":161,"column":6},"end":{"line":161,"column":51}},"93":{"start":{"line":163,"column":6},"end":{"line":163,"column":25}},"94":{"start":{"line":164,"column":6},"end":{"line":164,"column":57}},"95":{"start":{"line":166,"column":6},"end":{"line":166,"column":25}},"96":{"start":{"line":171,"column":4},"end":{"line":171,"column":23}},"97":{"start":{"line":172,"column":4},"end":{"line":172,"column":26}},"98":{"start":{"line":174,"column":4},"end":{"line":177,"column":5}},"99":{"start":{"line":175,"column":6},"end":{"line":175,"column":47}},"100":{"start":{"line":176,"column":6},"end":{"line":176,"column":13}},"101":{"start":{"line":178,"column":4},"end":{"line":181,"column":5}},"102":{"start":{"line":179,"column":6},"end":{"line":179,"column":69}},"103":{"start":{"line":180,"column":6},"end":{"line":180,"column":13}},"104":{"start":{"line":182,"column":4},"end":{"line":185,"column":5}},"105":{"start":{"line":183,"column":6},"end":{"line":183,"column":63}},"106":{"start":{"line":184,"column":6},"end":{"line":184,"column":13}},"107":{"start":{"line":187,"column":4},"end":{"line":187,"column":27}},"108":{"start":{"line":188,"column":22},"end":{"line":188,"column":65}},"109":{"start":{"line":189,"column":4},"end":{"line":189,"column":28}},"110":{"start":{"line":191,"column":4},"end":{"line":194,"column":5}},"111":{"start":{"line":192,"column":6},"end":{"line":192,"column":26}},"112":{"start":{"line":193,"column":6},"end":{"line":193,"column":13}},"113":{"start":{"line":196,"column":4},"end":{"line":196,"column":22}},"114":{"start":{"line":197,"column":4},"end":{"line":197,"column":21}},"115":{"start":{"line":198,"column":4},"end":{"line":198,"column":30}},"116":{"start":{"line":199,"column":4},"end":{"line":199,"column":30}},"117":{"start":{"line":200,"column":4},"end":{"line":200,"column":51}},"118":{"start":{"line":203,"column":2},"end":{"line":212,"column":3}},"119":{"start":{"line":204,"column":4},"end":{"line":211,"column":6}},"120":{"start":{"line":214,"column":2},"end":{"line":436,"column":4}},"121":{"start":{"line":240,"column":16},"end":{"line":240,"column":31}},"122":{"start":{"line":241,"column":16},"end":{"line":241,"column":46}},"123":{"start":{"line":241,"column":29},"end":{"line":241,"column":46}},"124":{"start":{"line":252,"column":16},"end":{"line":252,"column":35}},"125":{"start":{"line":253,"column":16},"end":{"line":253,"column":46}},"126":{"start":{"line":253,"column":29},"end":{"line":253,"column":46}},"127":{"start":{"line":283,"column":16},"end":{"line":283,"column":37}},"128":{"start":{"line":284,"column":16},"end":{"line":284,"column":56}},"129":{"start":{"line":284,"column":34},"end":{"line":284,"column":56}},"130":{"start":{"line":294,"column":16},"end":{"line":294,"column":36}},"131":{"start":{"line":295,"column":16},"end":{"line":295,"column":63}},"132":{"start":{"line":295,"column":38},"end":{"line":295,"column":63}},"133":{"start":{"line":296,"column":16},"end":{"line":296,"column":56}},"134":{"start":{"line":296,"column":34},"end":{"line":296,"column":56}},"135":{"start":{"line":303,"column":33},"end":{"line":303,"column":58}},"136":{"start":{"line":304,"column":28},"end":{"line":304,"column":107}},"137":{"start":{"line":305,"column":16},"end":{"line":310,"column":18}},"138":{"start":{"line":319,"column":16},"end":{"line":319,"column":45}},"139":{"start":{"line":320,"column":16},"end":{"line":320,"column":56}},"140":{"start":{"line":320,"column":34},"end":{"line":320,"column":56}},"141":{"start":{"line":350,"column":18},"end":{"line":350,"column":38}},"142":{"start":{"line":351,"column":18},"end":{"line":351,"column":58}},"143":{"start":{"line":351,"column":36},"end":{"line":351,"column":58}},"144":{"start":{"line":362,"column":18},"end":{"line":362,"column":48}},"145":{"start":{"line":363,"column":18},"end":{"line":363,"column":58}},"146":{"start":{"line":363,"column":36},"end":{"line":363,"column":58}},"147":{"start":{"line":374,"column":18},"end":{"line":374,"column":49}},"148":{"start":{"line":375,"column":18},"end":{"line":375,"column":58}},"149":{"start":{"line":375,"column":36},"end":{"line":375,"column":58}},"150":{"start":{"line":383,"column":18},"end":{"line":383,"column":53}},"151":{"start":{"line":384,"column":18},"end":{"line":384,"column":58}},"152":{"start":{"line":384,"column":36},"end":{"line":384,"column":58}},"153":{"start":{"line":414,"column":35},"end":{"line":414,"column":83}},"154":{"start":{"line":420,"column":35},"end":{"line":420,"column":81}},"155":{"start":{"line":439,"column":15},"end":{"line":566,"column":2}}},"fnMap":{"0":{"name":"paraISO","decl":{"start":{"line":32,"column":9},"end":{"line":32,"column":16}},"loc":{"start":{"line":32,"column":48},"end":{"line":37,"column":1}},"line":32},"1":{"name":"paraBR","decl":{"start":{"line":39,"column":9},"end":{"line":39,"column":15}},"loc":{"start":{"line":39,"column":41},"end":{"line":42,"column":1}},"line":39},"2":{"name":"(anonymous_2)","decl":{"start":{"line":45,"column":62},"end":{"line":45,"column":63}},"loc":{"start":{"line":45,"column":69},"end":{"line":45,"column":82}},"line":45},"3":{"name":"(anonymous_3)","decl":{"start":{"line":46,"column":62},"end":{"line":46,"column":63}},"loc":{"start":{"line":46,"column":69},"end":{"line":46,"column":84}},"line":46},"4":{"name":"(anonymous_4)","decl":{"start":{"line":47,"column":50},"end":{"line":47,"column":51}},"loc":{"start":{"line":47,"column":57},"end":{"line":47,"column":69}},"line":47},"5":{"name":"(anonymous_5)","decl":{"start":{"line":48,"column":52},"end":{"line":48,"column":53}},"loc":{"start":{"line":48,"column":59},"end":{"line":48,"column":81}},"line":48},"6":{"name":"Perfil","decl":{"start":{"line":51,"column":24},"end":{"line":51,"column":30}},"loc":{"start":{"line":51,"column":33},"end":{"line":437,"column":1}},"line":51},"7":{"name":"(anonymous_7)","decl":{"start":{"line":76,"column":37},"end":{"line":76,"column":38}},"loc":{"start":{"line":76,"column":48},"end":{"line":76,"column":73}},"line":76},"8":{"name":"(anonymous_8)","decl":{"start":{"line":78,"column":12},"end":{"line":78,"column":13}},"loc":{"start":{"line":78,"column":18},"end":{"line":105,"column":3}},"line":78},"9":{"name":"(anonymous_9)","decl":{"start":{"line":89,"column":12},"end":{"line":89,"column":13}},"loc":{"start":{"line":89,"column":24},"end":{"line":93,"column":7}},"line":89},"10":{"name":"(anonymous_10)","decl":{"start":{"line":94,"column":13},"end":{"line":94,"column":14}},"loc":{"start":{"line":94,"column":22},"end":{"line":97,"column":7}},"line":94},"11":{"name":"(anonymous_11)","decl":{"start":{"line":98,"column":15},"end":{"line":98,"column":16}},"loc":{"start":{"line":98,"column":21},"end":{"line":100,"column":7}},"line":98},"12":{"name":"(anonymous_12)","decl":{"start":{"line":102,"column":11},"end":{"line":102,"column":12}},"loc":{"start":{"line":102,"column":17},"end":{"line":104,"column":5}},"line":102},"13":{"name":"(anonymous_13)","decl":{"start":{"line":107,"column":12},"end":{"line":107,"column":13}},"loc":{"start":{"line":107,"column":18},"end":{"line":113,"column":3}},"line":107},"14":{"name":"salvarDadosAluno","decl":{"start":{"line":115,"column":17},"end":{"line":115,"column":33}},"loc":{"start":{"line":115,"column":36},"end":{"line":144,"column":3}},"line":115},"15":{"name":"salvarPerfil","decl":{"start":{"line":146,"column":17},"end":{"line":146,"column":29}},"loc":{"start":{"line":146,"column":32},"end":{"line":168,"column":3}},"line":146},"16":{"name":"salvarSenha","decl":{"start":{"line":170,"column":17},"end":{"line":170,"column":28}},"loc":{"start":{"line":170,"column":31},"end":{"line":201,"column":3}},"line":170},"17":{"name":"(anonymous_17)","decl":{"start":{"line":239,"column":28},"end":{"line":239,"column":29}},"loc":{"start":{"line":239,"column":39},"end":{"line":242,"column":15}},"line":239},"18":{"name":"(anonymous_18)","decl":{"start":{"line":251,"column":28},"end":{"line":251,"column":29}},"loc":{"start":{"line":251,"column":39},"end":{"line":254,"column":15}},"line":251},"19":{"name":"(anonymous_19)","decl":{"start":{"line":282,"column":28},"end":{"line":282,"column":29}},"loc":{"start":{"line":282,"column":39},"end":{"line":285,"column":15}},"line":282},"20":{"name":"(anonymous_20)","decl":{"start":{"line":293,"column":28},"end":{"line":293,"column":29}},"loc":{"start":{"line":293,"column":39},"end":{"line":297,"column":15}},"line":293},"21":{"name":"(anonymous_21)","decl":{"start":{"line":302,"column":32},"end":{"line":302,"column":33}},"loc":{"start":{"line":302,"column":43},"end":{"line":311,"column":15}},"line":302},"22":{"name":"(anonymous_22)","decl":{"start":{"line":318,"column":28},"end":{"line":318,"column":29}},"loc":{"start":{"line":318,"column":39},"end":{"line":321,"column":15}},"line":318},"23":{"name":"(anonymous_23)","decl":{"start":{"line":349,"column":30},"end":{"line":349,"column":31}},"loc":{"start":{"line":349,"column":41},"end":{"line":352,"column":17}},"line":349},"24":{"name":"(anonymous_24)","decl":{"start":{"line":361,"column":30},"end":{"line":361,"column":31}},"loc":{"start":{"line":361,"column":41},"end":{"line":364,"column":17}},"line":361},"25":{"name":"(anonymous_25)","decl":{"start":{"line":373,"column":30},"end":{"line":373,"column":31}},"loc":{"start":{"line":373,"column":41},"end":{"line":376,"column":17}},"line":373},"26":{"name":"(anonymous_26)","decl":{"start":{"line":382,"column":30},"end":{"line":382,"column":31}},"loc":{"start":{"line":382,"column":41},"end":{"line":385,"column":17}},"line":382},"27":{"name":"(anonymous_27)","decl":{"start":{"line":414,"column":29},"end":{"line":414,"column":30}},"loc":{"start":{"line":414,"column":35},"end":{"line":414,"column":83}},"line":414},"28":{"name":"(anonymous_28)","decl":{"start":{"line":420,"column":29},"end":{"line":420,"column":30}},"loc":{"start":{"line":420,"column":35},"end":{"line":420,"column":81}},"line":420}},"branchMap":{"0":{"loc":{"start":{"line":34,"column":2},"end":{"line":34,"column":22}},"type":"if","locations":[{"start":{"line":34,"column":2},"end":{"line":34,"column":22}},{"start":{},"end":{}}],"line":34},"1":{"loc":{"start":{"line":79,"column":4},"end":{"line":82,"column":5}},"type":"if","locations":[{"start":{"line":79,"column":4},"end":{"line":82,"column":5}},{"start":{},"end":{}}],"line":79},"2":{"loc":{"start":{"line":90,"column":8},"end":{"line":90,"column":27}},"type":"if","locations":[{"start":{"line":90,"column":8},"end":{"line":90,"column":27}},{"start":{},"end":{}}],"line":90},"3":{"loc":{"start":{"line":92,"column":20},"end":{"line":92,"column":41}},"type":"binary-expr","locations":[{"start":{"line":92,"column":20},"end":{"line":92,"column":35}},{"start":{"line":92,"column":39},"end":{"line":92,"column":41}}],"line":92},"4":{"loc":{"start":{"line":96,"column":8},"end":{"line":96,"column":76}},"type":"if","locations":[{"start":{"line":96,"column":8},"end":{"line":96,"column":76}},{"start":{},"end":{}}],"line":96},"5":{"loc":{"start":{"line":99,"column":8},"end":{"line":99,"column":40}},"type":"if","locations":[{"start":{"line":99,"column":8},"end":{"line":99,"column":40}},{"start":{},"end":{}}],"line":99},"6":{"loc":{"start":{"line":108,"column":4},"end":{"line":108,"column":26}},"type":"if","locations":[{"start":{"line":108,"column":4},"end":{"line":108,"column":26}},{"start":{},"end":{}}],"line":108},"7":{"loc":{"start":{"line":110,"column":27},"end":{"line":110,"column":91}},"type":"cond-expr","locations":[{"start":{"line":110,"column":54},"end":{"line":110,"column":86}},{"start":{"line":110,"column":89},"end":{"line":110,"column":91}}],"line":110},"8":{"loc":{"start":{"line":111,"column":28},"end":{"line":111,"column":59}},"type":"binary-expr","locations":[{"start":{"line":111,"column":28},"end":{"line":111,"column":53}},{"start":{"line":111,"column":57},"end":{"line":111,"column":59}}],"line":111},"9":{"loc":{"start":{"line":112,"column":32},"end":{"line":112,"column":67}},"type":"binary-expr","locations":[{"start":{"line":112,"column":32},"end":{"line":112,"column":61}},{"start":{"line":112,"column":65},"end":{"line":112,"column":67}}],"line":112},"10":{"loc":{"start":{"line":116,"column":4},"end":{"line":116,"column":26}},"type":"if","locations":[{"start":{"line":116,"column":4},"end":{"line":116,"column":26}},{"start":{},"end":{}}],"line":116},"11":{"loc":{"start":{"line":117,"column":4},"end":{"line":120,"column":5}},"type":"if","locations":[{"start":{"line":117,"column":4},"end":{"line":120,"column":5}},{"start":{},"end":{}}],"line":117},"12":{"loc":{"start":{"line":121,"column":26},"end":{"line":121,"column":90}},"type":"cond-expr","locations":[{"start":{"line":121,"column":55},"end":{"line":121,"column":83}},{"start":{"line":121,"column":86},"end":{"line":121,"column":90}}],"line":121},"13":{"loc":{"start":{"line":122,"column":4},"end":{"line":125,"column":5}},"type":"if","locations":[{"start":{"line":122,"column":4},"end":{"line":125,"column":5}},{"start":{},"end":{}}],"line":122},"14":{"loc":{"start":{"line":122,"column":8},"end":{"line":122,"column":52}},"type":"binary-expr","locations":[{"start":{"line":122,"column":8},"end":{"line":122,"column":34}},{"start":{"line":122,"column":38},"end":{"line":122,"column":52}}],"line":122},"15":{"loc":{"start":{"line":134,"column":26},"end":{"line":134,"column":61}},"type":"binary-expr","locations":[{"start":{"line":134,"column":26},"end":{"line":134,"column":53}},{"start":{"line":134,"column":57},"end":{"line":134,"column":61}}],"line":134},"16":{"loc":{"start":{"line":135,"column":30},"end":{"line":135,"column":69}},"type":"binary-expr","locations":[{"start":{"line":135,"column":30},"end":{"line":135,"column":61}},{"start":{"line":135,"column":65},"end":{"line":135,"column":69}}],"line":135},"17":{"loc":{"start":{"line":147,"column":4},"end":{"line":147,"column":34}},"type":"if","locations":[{"start":{"line":147,"column":4},"end":{"line":147,"column":34}},{"start":{},"end":{}}],"line":147},"18":{"loc":{"start":{"line":148,"column":4},"end":{"line":151,"column":5}},"type":"if","locations":[{"start":{"line":148,"column":4},"end":{"line":151,"column":5}},{"start":{},"end":{}}],"line":148},"19":{"loc":{"start":{"line":159,"column":18},"end":{"line":159,"column":41}},"type":"binary-expr","locations":[{"start":{"line":159,"column":18},"end":{"line":159,"column":33}},{"start":{"line":159,"column":37},"end":{"line":159,"column":41}}],"line":159},"20":{"loc":{"start":{"line":174,"column":4},"end":{"line":177,"column":5}},"type":"if","locations":[{"start":{"line":174,"column":4},"end":{"line":177,"column":5}},{"start":{},"end":{}}],"line":174},"21":{"loc":{"start":{"line":178,"column":4},"end":{"line":181,"column":5}},"type":"if","locations":[{"start":{"line":178,"column":4},"end":{"line":181,"column":5}},{"start":{},"end":{}}],"line":178},"22":{"loc":{"start":{"line":182,"column":4},"end":{"line":185,"column":5}},"type":"if","locations":[{"start":{"line":182,"column":4},"end":{"line":185,"column":5}},{"start":{},"end":{}}],"line":182},"23":{"loc":{"start":{"line":191,"column":4},"end":{"line":194,"column":5}},"type":"if","locations":[{"start":{"line":191,"column":4},"end":{"line":194,"column":5}},{"start":{},"end":{}}],"line":191},"24":{"loc":{"start":{"line":203,"column":2},"end":{"line":212,"column":3}},"type":"if","locations":[{"start":{"line":203,"column":2},"end":{"line":212,"column":3}},{"start":{},"end":{}}],"line":203},"25":{"loc":{"start":{"line":217,"column":58},"end":{"line":217,"column":103}},"type":"cond-expr","locations":[{"start":{"line":217,"column":82},"end":{"line":217,"column":91}},{"start":{"line":217,"column":94},"end":{"line":217,"column":103}}],"line":217},"26":{"loc":{"start":{"line":222,"column":42},"end":{"line":222,"column":87}},"type":"binary-expr","locations":[{"start":{"line":222,"column":42},"end":{"line":222,"column":46}},{"start":{"line":222,"column":50},"end":{"line":222,"column":64}},{"start":{"line":222,"column":68},"end":{"line":222,"column":87}}],"line":222},"27":{"loc":{"start":{"line":223,"column":60},"end":{"line":223,"column":110}},"type":"cond-expr","locations":[{"start":{"line":223,"column":71},"end":{"line":223,"column":105}},{"start":{"line":223,"column":108},"end":{"line":223,"column":110}}],"line":223},"28":{"loc":{"start":{"line":223,"column":71},"end":{"line":223,"column":105}},"type":"binary-expr","locations":[{"start":{"line":223,"column":71},"end":{"line":223,"column":93}},{"start":{"line":223,"column":97},"end":{"line":223,"column":105}}],"line":223},"29":{"loc":{"start":{"line":224,"column":17},"end":{"line":224,"column":116}},"type":"cond-expr","locations":[{"start":{"line":224,"column":39},"end":{"line":224,"column":109}},{"start":{"line":224,"column":112},"end":{"line":224,"column":116}}],"line":224},"30":{"loc":{"start":{"line":241,"column":16},"end":{"line":241,"column":46}},"type":"if","locations":[{"start":{"line":241,"column":16},"end":{"line":241,"column":46}},{"start":{},"end":{}}],"line":241},"31":{"loc":{"start":{"line":253,"column":16},"end":{"line":253,"column":46}},"type":"if","locations":[{"start":{"line":253,"column":16},"end":{"line":253,"column":46}},{"start":{},"end":{}}],"line":253},"32":{"loc":{"start":{"line":259,"column":13},"end":{"line":259,"column":80}},"type":"cond-expr","locations":[{"start":{"line":259,"column":20},"end":{"line":259,"column":73}},{"start":{"line":259,"column":76},"end":{"line":259,"column":80}}],"line":259},"33":{"loc":{"start":{"line":260,"column":13},"end":{"line":260,"column":88}},"type":"cond-expr","locations":[{"start":{"line":260,"column":23},"end":{"line":260,"column":81}},{"start":{"line":260,"column":84},"end":{"line":260,"column":88}}],"line":260},"34":{"loc":{"start":{"line":263,"column":44},"end":{"line":263,"column":88}},"type":"binary-expr","locations":[{"start":{"line":263,"column":44},"end":{"line":263,"column":52}},{"start":{"line":263,"column":56},"end":{"line":263,"column":88}}],"line":263},"35":{"loc":{"start":{"line":267,"column":15},"end":{"line":271,"column":15}},"type":"cond-expr","locations":[{"start":{"line":268,"column":16},"end":{"line":268,"column":62}},{"start":{"line":270,"column":16},"end":{"line":270,"column":80}}],"line":267},"36":{"loc":{"start":{"line":284,"column":16},"end":{"line":284,"column":56}},"type":"if","locations":[{"start":{"line":284,"column":16},"end":{"line":284,"column":56}},{"start":{},"end":{}}],"line":284},"37":{"loc":{"start":{"line":295,"column":16},"end":{"line":295,"column":63}},"type":"if","locations":[{"start":{"line":295,"column":16},"end":{"line":295,"column":63}},{"start":{},"end":{}}],"line":295},"38":{"loc":{"start":{"line":296,"column":16},"end":{"line":296,"column":56}},"type":"if","locations":[{"start":{"line":296,"column":16},"end":{"line":296,"column":56}},{"start":{},"end":{}}],"line":296},"39":{"loc":{"start":{"line":304,"column":28},"end":{"line":304,"column":107}},"type":"cond-expr","locations":[{"start":{"line":304,"column":47},"end":{"line":304,"column":63}},{"start":{"line":304,"column":66},"end":{"line":304,"column":107}}],"line":304},"40":{"loc":{"start":{"line":304,"column":66},"end":{"line":304,"column":107}},"type":"cond-expr","locations":[{"start":{"line":304,"column":77},"end":{"line":304,"column":91}},{"start":{"line":304,"column":94},"end":{"line":304,"column":107}}],"line":304},"41":{"loc":{"start":{"line":307,"column":21},"end":{"line":307,"column":62}},"type":"cond-expr","locations":[{"start":{"line":307,"column":51},"end":{"line":307,"column":55}},{"start":{"line":307,"column":58},"end":{"line":307,"column":62}}],"line":307},"42":{"loc":{"start":{"line":307,"column":21},"end":{"line":307,"column":48}},"type":"binary-expr","locations":[{"start":{"line":307,"column":21},"end":{"line":307,"column":36}},{"start":{"line":307,"column":40},"end":{"line":307,"column":48}}],"line":307},"43":{"loc":{"start":{"line":320,"column":16},"end":{"line":320,"column":56}},"type":"if","locations":[{"start":{"line":320,"column":16},"end":{"line":320,"column":56}},{"start":{},"end":{}}],"line":320},"44":{"loc":{"start":{"line":325,"column":13},"end":{"line":325,"column":90}},"type":"cond-expr","locations":[{"start":{"line":325,"column":25},"end":{"line":325,"column":83}},{"start":{"line":325,"column":86},"end":{"line":325,"column":90}}],"line":325},"45":{"loc":{"start":{"line":326,"column":13},"end":{"line":326,"column":98}},"type":"cond-expr","locations":[{"start":{"line":326,"column":28},"end":{"line":326,"column":91}},{"start":{"line":326,"column":94},"end":{"line":326,"column":98}}],"line":326},"46":{"loc":{"start":{"line":329,"column":44},"end":{"line":329,"column":93}},"type":"binary-expr","locations":[{"start":{"line":329,"column":44},"end":{"line":329,"column":57}},{"start":{"line":329,"column":61},"end":{"line":329,"column":93}}],"line":329},"47":{"loc":{"start":{"line":333,"column":15},"end":{"line":337,"column":15}},"type":"cond-expr","locations":[{"start":{"line":334,"column":16},"end":{"line":334,"column":62}},{"start":{"line":336,"column":16},"end":{"line":336,"column":78}}],"line":333},"48":{"loc":{"start":{"line":341,"column":11},"end":{"line":405,"column":18}},"type":"cond-expr","locations":[{"start":{"line":342,"column":12},"end":{"line":404,"column":19}},{"start":{"line":405,"column":14},"end":{"line":405,"column":18}}],"line":341},"49":{"loc":{"start":{"line":341,"column":11},"end":{"line":341,"column":31}},"type":"binary-expr","locations":[{"start":{"line":341,"column":11},"end":{"line":341,"column":19}},{"start":{"line":341,"column":23},"end":{"line":341,"column":31}}],"line":341},"50":{"loc":{"start":{"line":351,"column":18},"end":{"line":351,"column":58}},"type":"if","locations":[{"start":{"line":351,"column":18},"end":{"line":351,"column":58}},{"start":{},"end":{}}],"line":351},"51":{"loc":{"start":{"line":363,"column":18},"end":{"line":363,"column":58}},"type":"if","locations":[{"start":{"line":363,"column":18},"end":{"line":363,"column":58}},{"start":{},"end":{}}],"line":363},"52":{"loc":{"start":{"line":375,"column":18},"end":{"line":375,"column":58}},"type":"if","locations":[{"start":{"line":375,"column":18},"end":{"line":375,"column":58}},{"start":{},"end":{}}],"line":375},"53":{"loc":{"start":{"line":384,"column":18},"end":{"line":384,"column":58}},"type":"if","locations":[{"start":{"line":384,"column":18},"end":{"line":384,"column":58}},{"start":{},"end":{}}],"line":384},"54":{"loc":{"start":{"line":390,"column":15},"end":{"line":390,"column":92}},"type":"cond-expr","locations":[{"start":{"line":390,"column":27},"end":{"line":390,"column":85}},{"start":{"line":390,"column":88},"end":{"line":390,"column":92}}],"line":390},"55":{"loc":{"start":{"line":391,"column":15},"end":{"line":391,"column":100}},"type":"cond-expr","locations":[{"start":{"line":391,"column":30},"end":{"line":391,"column":93}},{"start":{"line":391,"column":96},"end":{"line":391,"column":100}}],"line":391},"56":{"loc":{"start":{"line":394,"column":46},"end":{"line":394,"column":95}},"type":"binary-expr","locations":[{"start":{"line":394,"column":46},"end":{"line":394,"column":59}},{"start":{"line":394,"column":63},"end":{"line":394,"column":95}}],"line":394},"57":{"loc":{"start":{"line":398,"column":17},"end":{"line":402,"column":17}},"type":"cond-expr","locations":[{"start":{"line":399,"column":18},"end":{"line":399,"column":64}},{"start":{"line":401,"column":18},"end":{"line":401,"column":86}}],"line":398},"58":{"loc":{"start":{"line":407,"column":11},"end":{"line":431,"column":18}},"type":"cond-expr","locations":[{"start":{"line":408,"column":12},"end":{"line":430,"column":13}},{"start":{"line":431,"column":14},"end":{"line":431,"column":18}}],"line":407},"59":{"loc":{"start":{"line":408,"column":12},"end":{"line":430,"column":13}},"type":"cond-expr","locations":[{"start":{"line":409,"column":14},"end":{"line":425,"column":21}},{"start":{"line":427,"column":14},"end":{"line":429,"column":21}}],"line":408}},"s":{"0":0,"1":0,"2":0,"3":0,"4":0,"5":0,"6":0,"7":0,"8":0,"9":0,"10":0,"11":0,"12":0,"13":0,"14":0,"15":0,"16":0,"17":0,"18":0,"19":0,"20":0,"21":0,"22":0,"23":0,"24":0,"25":0,"26":0,"27":0,"28":0,"29":0,"30":0,"31":0,"32":0,"33":0,"34":0,"35":0,"36":0,"37":0,"38":0,"39":0,"40":0,"41":0,"42":0,"43":0,"44":0,"45":0,"46":0,"47":0,"48":0,"49":0,"50":0,"51":0,"52":0,"53":0,"54":0,"55":0,"56":0,"57":0,"58":0,"59":0,"60":0,"61":0,"62":0,"63":0,"64":0,"65":0,"66":0,"67":0,"68":0,"69":0,"70":0,"71":0,"72":0,"73":0,"74":0,"75":0,"76":0,"77":0,"78":0,"79":0,"80":0,"81":0,"82":0,"83":0,"84":0,"85":0,"86":0,"87":0,"88":0,"89":0,"90":0,"91":0,"92":0,"93":0,"94":0,"95":0,"96":0,"97":0,"98":0,"99":0,"100":0,"101":0,"102":0,"103":0,"104":0,"105":0,"106":0,"107":0,"108":0,"109":0,"110":0,"111":0,"112":0,"113":0,"114":0,"115":0,"116":0,"117":0,"118":0,"119":0,"120":0,"121":0,"122":0,"123":0,"124":0,"125":0,"126":0,"127":0,"128":0,"129":0,"130":0,"131":0,"132":0,"133":0,"134":0,"135":0,"136":0,"137":0,"138":0,"139":0,"140":0,"141":0,"142":0,"143":0,"144":0,"145":0,"146":0,"147":0,"148":0,"149":0,"150":0,"151":0,"152":0,"153":0,"154":0,"155":0},"f":{"0":0,"1":0,"2":0,"3":0,"4":0,"5":0,"6":0,"7":0,"8":0,"9":0,"10":0,"11":0,"12":0,"13":0,"14":0,"15":0,"16":0,"17":0,"18":0,"19":0,"20":0,"21":0,"22":0,"23":0,"24":0,"25":0,"26":0,"27":0,"28":0},"b":{"0":[0,0],"1":[0,0],"2":[0,0],"3":[0,0],"4":[0,0],"5":[0,0],"6":[0,0],"7":[0,0],"8":[0,0],"9":[0,0],"10":[0,0],"11":[0,0],"12":[0,0],"13":[0,0],"14":[0,0],"15":[0,0],"16":[0,0],"17":[0,0],"18":[0,0],"19":[0,0],"20":[0,0],"21":[0,0],"22":[0,0],"23":[0,0],"24":[0,0],"25":[0,0],"26":[0,0,0],"27":[0,0],"28":[0,0],"29":[0,0],"30":[0,0],"31":[0,0],"32":[0,0],"33":[0,0],"34":[0,0],"35":[0,0],"36":[0,0],"37":[0,0],"38":[0,0],"39":[0,0],"40":[0,0],"41":[0,0],"42":[0,0],"43":[0,0],"44":[0,0],"45":[0,0],"46":[0,0],"47":[0,0],"48":[0,0],"49":[0,0],"50":[0,0],"51":[0,0],"52":[0,0],"53":[0,0],"54":[0,0],"55":[0,0],"56":[0,0],"57":[0,0],"58":[0,0],"59":[0,0]}}
,"/Users/priscillarodriguesmartins/portfolio/escola-schmidt/app/(app)/alunos/index.tsx": {"path":"/Users/priscillarodriguesmartins/portfolio/escola-schmidt/app/(app)/alunos/index.tsx","statementMap":{"0":{"start":{"line":12,"column":16},"end":{"line":12,"column":37}},"1":{"start":{"line":13,"column":20},"end":{"line":13,"column":69}},"2":{"start":{"line":17,"column":2},"end":{"line":21,"column":12}},"3":{"start":{"line":25,"column":17},"end":{"line":25,"column":28}},"4":{"start":{"line":26,"column":23},"end":{"line":26,"column":32}},"5":{"start":{"line":27,"column":30},"end":{"line":27,"column":51}},"6":{"start":{"line":28,"column":28},"end":{"line":28,"column":58}},"7":{"start":{"line":29,"column":32},"end":{"line":29,"column":46}},"8":{"start":{"line":30,"column":28},"end":{"line":30,"column":57}},"9":{"start":{"line":31,"column":28},"end":{"line":31,"column":40}},"10":{"start":{"line":32,"column":42},"end":{"line":32,"column":71}},"11":{"start":{"line":33,"column":42},"end":{"line":33,"column":73}},"12":{"start":{"line":35,"column":2},"end":{"line":57,"column":4}},"13":{"start":{"line":37,"column":18},"end":{"line":37,"column":22}},"14":{"start":{"line":38,"column":6},"end":{"line":38,"column":23}},"15":{"start":{"line":39,"column":6},"end":{"line":39,"column":21}},"16":{"start":{"line":41,"column":6},"end":{"line":51,"column":11}},"17":{"start":{"line":43,"column":10},"end":{"line":43,"column":38}},"18":{"start":{"line":43,"column":21},"end":{"line":43,"column":38}},"19":{"start":{"line":46,"column":10},"end":{"line":46,"column":29}},"20":{"start":{"line":47,"column":10},"end":{"line":47,"column":75}},"21":{"start":{"line":47,"column":21},"end":{"line":47,"column":75}},"22":{"start":{"line":50,"column":10},"end":{"line":50,"column":39}},"23":{"start":{"line":50,"column":21},"end":{"line":50,"column":39}},"24":{"start":{"line":53,"column":6},"end":{"line":55,"column":8}},"25":{"start":{"line":54,"column":8},"end":{"line":54,"column":22}},"26":{"start":{"line":61,"column":2},"end":{"line":71,"column":9}},"27":{"start":{"line":62,"column":16},"end":{"line":62,"column":20}},"28":{"start":{"line":63,"column":4},"end":{"line":67,"column":42}},"29":{"start":{"line":65,"column":8},"end":{"line":65,"column":35}},"30":{"start":{"line":65,"column":19},"end":{"line":65,"column":35}},"31":{"start":{"line":67,"column":22},"end":{"line":67,"column":40}},"32":{"start":{"line":68,"column":4},"end":{"line":70,"column":6}},"33":{"start":{"line":69,"column":6},"end":{"line":69,"column":20}},"34":{"start":{"line":73,"column":26},"end":{"line":82,"column":49}},"35":{"start":{"line":74,"column":18},"end":{"line":74,"column":35}},"36":{"start":{"line":75,"column":4},"end":{"line":81,"column":7}},"37":{"start":{"line":76,"column":6},"end":{"line":76,"column":72}},"38":{"start":{"line":76,"column":59},"end":{"line":76,"column":72}},"39":{"start":{"line":77,"column":6},"end":{"line":77,"column":78}},"40":{"start":{"line":77,"column":65},"end":{"line":77,"column":78}},"41":{"start":{"line":78,"column":6},"end":{"line":78,"column":65}},"42":{"start":{"line":78,"column":52},"end":{"line":78,"column":65}},"43":{"start":{"line":79,"column":6},"end":{"line":79,"column":66}},"44":{"start":{"line":79,"column":53},"end":{"line":79,"column":66}},"45":{"start":{"line":80,"column":6},"end":{"line":80,"column":18}},"46":{"start":{"line":84,"column":26},"end":{"line":91,"column":23}},"47":{"start":{"line":85,"column":17},"end":{"line":85,"column":43}},"48":{"start":{"line":86,"column":4},"end":{"line":86,"column":45}},"49":{"start":{"line":86,"column":29},"end":{"line":86,"column":45}},"50":{"start":{"line":87,"column":4},"end":{"line":89,"column":5}},"51":{"start":{"line":88,"column":6},"end":{"line":88,"column":42}},"52":{"start":{"line":90,"column":4},"end":{"line":90,"column":16}},"53":{"start":{"line":94,"column":4},"end":{"line":97,"column":19}},"54":{"start":{"line":95,"column":21},"end":{"line":95,"column":47}},"55":{"start":{"line":96,"column":18},"end":{"line":96,"column":70}},"56":{"start":{"line":100,"column":24},"end":{"line":100,"column":96}},"57":{"start":{"line":101,"column":26},"end":{"line":101,"column":74}},"58":{"start":{"line":104,"column":4},"end":{"line":104,"column":17}},"59":{"start":{"line":105,"column":4},"end":{"line":105,"column":26}},"60":{"start":{"line":106,"column":4},"end":{"line":106,"column":29}},"61":{"start":{"line":109,"column":2},"end":{"line":111,"column":3}},"62":{"start":{"line":110,"column":4},"end":{"line":110,"column":33}},"63":{"start":{"line":113,"column":2},"end":{"line":122,"column":3}},"64":{"start":{"line":114,"column":4},"end":{"line":121,"column":6}},"65":{"start":{"line":124,"column":2},"end":{"line":225,"column":4}},"66":{"start":{"line":132,"column":68},"end":{"line":132,"column":95}},"67":{"start":{"line":150,"column":27},"end":{"line":150,"column":90}},"68":{"start":{"line":156,"column":27},"end":{"line":156,"column":94}},"69":{"start":{"line":161,"column":12},"end":{"line":167,"column":31}},"70":{"start":{"line":164,"column":29},"end":{"line":164,"column":75}},"71":{"start":{"line":185,"column":35},"end":{"line":185,"column":63}},"72":{"start":{"line":186,"column":29},"end":{"line":186,"column":48}},"73":{"start":{"line":187,"column":12},"end":{"line":219,"column":14}},"74":{"start":{"line":202,"column":22},"end":{"line":214,"column":41}},"75":{"start":{"line":205,"column":39},"end":{"line":205,"column":72}},"76":{"start":{"line":228,"column":15},"end":{"line":367,"column":2}}},"fnMap":{"0":{"name":"normalizar","decl":{"start":{"line":16,"column":9},"end":{"line":16,"column":19}},"loc":{"start":{"line":16,"column":43},"end":{"line":22,"column":1}},"line":16},"1":{"name":"AlunosIndex","decl":{"start":{"line":24,"column":24},"end":{"line":24,"column":35}},"loc":{"start":{"line":24,"column":38},"end":{"line":226,"column":1}},"line":24},"2":{"name":"(anonymous_2)","decl":{"start":{"line":36,"column":16},"end":{"line":36,"column":17}},"loc":{"start":{"line":36,"column":22},"end":{"line":56,"column":5}},"line":36},"3":{"name":"(anonymous_3)","decl":{"start":{"line":42,"column":14},"end":{"line":42,"column":15}},"loc":{"start":{"line":42,"column":25},"end":{"line":44,"column":9}},"line":42},"4":{"name":"(anonymous_4)","decl":{"start":{"line":45,"column":15},"end":{"line":45,"column":16}},"loc":{"start":{"line":45,"column":24},"end":{"line":48,"column":9}},"line":45},"5":{"name":"(anonymous_5)","decl":{"start":{"line":49,"column":17},"end":{"line":49,"column":18}},"loc":{"start":{"line":49,"column":23},"end":{"line":51,"column":9}},"line":49},"6":{"name":"(anonymous_6)","decl":{"start":{"line":53,"column":13},"end":{"line":53,"column":14}},"loc":{"start":{"line":53,"column":19},"end":{"line":55,"column":7}},"line":53},"7":{"name":"(anonymous_7)","decl":{"start":{"line":61,"column":12},"end":{"line":61,"column":13}},"loc":{"start":{"line":61,"column":18},"end":{"line":71,"column":3}},"line":61},"8":{"name":"(anonymous_8)","decl":{"start":{"line":64,"column":12},"end":{"line":64,"column":13}},"loc":{"start":{"line":64,"column":23},"end":{"line":66,"column":7}},"line":64},"9":{"name":"(anonymous_9)","decl":{"start":{"line":67,"column":13},"end":{"line":67,"column":14}},"loc":{"start":{"line":67,"column":22},"end":{"line":67,"column":40}},"line":67},"10":{"name":"(anonymous_10)","decl":{"start":{"line":68,"column":11},"end":{"line":68,"column":12}},"loc":{"start":{"line":68,"column":17},"end":{"line":70,"column":5}},"line":68},"11":{"name":"(anonymous_11)","decl":{"start":{"line":73,"column":34},"end":{"line":73,"column":35}},"loc":{"start":{"line":73,"column":40},"end":{"line":82,"column":3}},"line":73},"12":{"name":"(anonymous_12)","decl":{"start":{"line":75,"column":25},"end":{"line":75,"column":26}},"loc":{"start":{"line":75,"column":35},"end":{"line":81,"column":5}},"line":75},"13":{"name":"(anonymous_13)","decl":{"start":{"line":84,"column":34},"end":{"line":84,"column":35}},"loc":{"start":{"line":84,"column":40},"end":{"line":91,"column":3}},"line":84},"14":{"name":"horariosDoModulo","decl":{"start":{"line":93,"column":11},"end":{"line":93,"column":27}},"loc":{"start":{"line":93,"column":44},"end":{"line":98,"column":3}},"line":93},"15":{"name":"(anonymous_15)","decl":{"start":{"line":95,"column":14},"end":{"line":95,"column":15}},"loc":{"start":{"line":95,"column":21},"end":{"line":95,"column":47}},"line":95},"16":{"name":"(anonymous_16)","decl":{"start":{"line":96,"column":11},"end":{"line":96,"column":12}},"loc":{"start":{"line":96,"column":18},"end":{"line":96,"column":70}},"line":96},"17":{"name":"limparFiltros","decl":{"start":{"line":103,"column":11},"end":{"line":103,"column":24}},"loc":{"start":{"line":103,"column":27},"end":{"line":107,"column":3}},"line":103},"18":{"name":"(anonymous_18)","decl":{"start":{"line":132,"column":62},"end":{"line":132,"column":63}},"loc":{"start":{"line":132,"column":68},"end":{"line":132,"column":95}},"line":132},"19":{"name":"(anonymous_19)","decl":{"start":{"line":150,"column":21},"end":{"line":150,"column":22}},"loc":{"start":{"line":150,"column":27},"end":{"line":150,"column":90}},"line":150},"20":{"name":"(anonymous_20)","decl":{"start":{"line":156,"column":21},"end":{"line":156,"column":22}},"loc":{"start":{"line":156,"column":27},"end":{"line":156,"column":94}},"line":156},"21":{"name":"(anonymous_21)","decl":{"start":{"line":160,"column":23},"end":{"line":160,"column":24}},"loc":{"start":{"line":161,"column":12},"end":{"line":167,"column":31}},"line":161},"22":{"name":"(anonymous_22)","decl":{"start":{"line":164,"column":23},"end":{"line":164,"column":24}},"loc":{"start":{"line":164,"column":29},"end":{"line":164,"column":75}},"line":164},"23":{"name":"(anonymous_23)","decl":{"start":{"line":184,"column":31},"end":{"line":184,"column":32}},"loc":{"start":{"line":184,"column":38},"end":{"line":220,"column":11}},"line":184},"24":{"name":"(anonymous_24)","decl":{"start":{"line":201,"column":39},"end":{"line":201,"column":40}},"loc":{"start":{"line":202,"column":22},"end":{"line":214,"column":41}},"line":202},"25":{"name":"(anonymous_25)","decl":{"start":{"line":205,"column":33},"end":{"line":205,"column":34}},"loc":{"start":{"line":205,"column":39},"end":{"line":205,"column":72}},"line":205}},"branchMap":{"0":{"loc":{"start":{"line":43,"column":10},"end":{"line":43,"column":38}},"type":"if","locations":[{"start":{"line":43,"column":10},"end":{"line":43,"column":38}},{"start":{},"end":{}}],"line":43},"1":{"loc":{"start":{"line":47,"column":10},"end":{"line":47,"column":75}},"type":"if","locations":[{"start":{"line":47,"column":10},"end":{"line":47,"column":75}},{"start":{},"end":{}}],"line":47},"2":{"loc":{"start":{"line":50,"column":10},"end":{"line":50,"column":39}},"type":"if","locations":[{"start":{"line":50,"column":10},"end":{"line":50,"column":39}},{"start":{},"end":{}}],"line":50},"3":{"loc":{"start":{"line":65,"column":8},"end":{"line":65,"column":35}},"type":"if","locations":[{"start":{"line":65,"column":8},"end":{"line":65,"column":35}},{"start":{},"end":{}}],"line":65},"4":{"loc":{"start":{"line":76,"column":6},"end":{"line":76,"column":72}},"type":"if","locations":[{"start":{"line":76,"column":6},"end":{"line":76,"column":72}},{"start":{},"end":{}}],"line":76},"5":{"loc":{"start":{"line":76,"column":10},"end":{"line":76,"column":57}},"type":"binary-expr","locations":[{"start":{"line":76,"column":10},"end":{"line":76,"column":15}},{"start":{"line":76,"column":19},"end":{"line":76,"column":57}}],"line":76},"6":{"loc":{"start":{"line":77,"column":6},"end":{"line":77,"column":78}},"type":"if","locations":[{"start":{"line":77,"column":6},"end":{"line":77,"column":78}},{"start":{},"end":{}}],"line":77},"7":{"loc":{"start":{"line":77,"column":10},"end":{"line":77,"column":63}},"type":"binary-expr","locations":[{"start":{"line":77,"column":10},"end":{"line":77,"column":31}},{"start":{"line":77,"column":35},"end":{"line":77,"column":63}}],"line":77},"8":{"loc":{"start":{"line":78,"column":6},"end":{"line":78,"column":65}},"type":"if","locations":[{"start":{"line":78,"column":6},"end":{"line":78,"column":65}},{"start":{},"end":{}}],"line":78},"9":{"loc":{"start":{"line":78,"column":10},"end":{"line":78,"column":50}},"type":"binary-expr","locations":[{"start":{"line":78,"column":10},"end":{"line":78,"column":35}},{"start":{"line":78,"column":39},"end":{"line":78,"column":50}}],"line":78},"10":{"loc":{"start":{"line":79,"column":6},"end":{"line":79,"column":66}},"type":"if","locations":[{"start":{"line":79,"column":6},"end":{"line":79,"column":66}},{"start":{},"end":{}}],"line":79},"11":{"loc":{"start":{"line":79,"column":10},"end":{"line":79,"column":51}},"type":"binary-expr","locations":[{"start":{"line":79,"column":10},"end":{"line":79,"column":37}},{"start":{"line":79,"column":41},"end":{"line":79,"column":51}}],"line":79},"12":{"loc":{"start":{"line":100,"column":24},"end":{"line":100,"column":96}},"type":"binary-expr","locations":[{"start":{"line":100,"column":24},"end":{"line":100,"column":43}},{"start":{"line":100,"column":47},"end":{"line":100,"column":68}},{"start":{"line":100,"column":72},"end":{"line":100,"column":96}}],"line":100},"13":{"loc":{"start":{"line":101,"column":26},"end":{"line":101,"column":74}},"type":"cond-expr","locations":[{"start":{"line":101,"column":50},"end":{"line":101,"column":64}},{"start":{"line":101,"column":67},"end":{"line":101,"column":74}}],"line":101},"14":{"loc":{"start":{"line":109,"column":2},"end":{"line":111,"column":3}},"type":"if","locations":[{"start":{"line":109,"column":2},"end":{"line":111,"column":3}},{"start":{},"end":{}}],"line":109},"15":{"loc":{"start":{"line":113,"column":2},"end":{"line":122,"column":3}},"type":"if","locations":[{"start":{"line":113,"column":2},"end":{"line":122,"column":3}},{"start":{},"end":{}}],"line":113},"16":{"loc":{"start":{"line":149,"column":33},"end":{"line":149,"column":78}},"type":"binary-expr","locations":[{"start":{"line":149,"column":33},"end":{"line":149,"column":58}},{"start":{"line":149,"column":62},"end":{"line":149,"column":78}}],"line":149},"17":{"loc":{"start":{"line":150,"column":43},"end":{"line":150,"column":89}},"type":"cond-expr","locations":[{"start":{"line":150,"column":71},"end":{"line":150,"column":78}},{"start":{"line":150,"column":81},"end":{"line":150,"column":89}}],"line":150},"18":{"loc":{"start":{"line":152,"column":44},"end":{"line":152,"column":94}},"type":"binary-expr","locations":[{"start":{"line":152,"column":44},"end":{"line":152,"column":69}},{"start":{"line":152,"column":73},"end":{"line":152,"column":94}}],"line":152},"19":{"loc":{"start":{"line":155,"column":33},"end":{"line":155,"column":80}},"type":"binary-expr","locations":[{"start":{"line":155,"column":33},"end":{"line":155,"column":60}},{"start":{"line":155,"column":64},"end":{"line":155,"column":80}}],"line":155},"20":{"loc":{"start":{"line":156,"column":43},"end":{"line":156,"column":93}},"type":"cond-expr","locations":[{"start":{"line":156,"column":73},"end":{"line":156,"column":80}},{"start":{"line":156,"column":83},"end":{"line":156,"column":93}}],"line":156},"21":{"loc":{"start":{"line":158,"column":44},"end":{"line":158,"column":96}},"type":"binary-expr","locations":[{"start":{"line":158,"column":44},"end":{"line":158,"column":71}},{"start":{"line":158,"column":75},"end":{"line":158,"column":96}}],"line":158},"22":{"loc":{"start":{"line":163,"column":35},"end":{"line":163,"column":73}},"type":"binary-expr","locations":[{"start":{"line":163,"column":35},"end":{"line":163,"column":53}},{"start":{"line":163,"column":57},"end":{"line":163,"column":73}}],"line":163},"23":{"loc":{"start":{"line":164,"column":45},"end":{"line":164,"column":74}},"type":"cond-expr","locations":[{"start":{"line":164,"column":66},"end":{"line":164,"column":70}},{"start":{"line":164,"column":73},"end":{"line":164,"column":74}}],"line":164},"24":{"loc":{"start":{"line":166,"column":46},"end":{"line":166,"column":89}},"type":"binary-expr","locations":[{"start":{"line":166,"column":46},"end":{"line":166,"column":64}},{"start":{"line":166,"column":68},"end":{"line":166,"column":89}}],"line":166},"25":{"loc":{"start":{"line":169,"column":11},"end":{"line":173,"column":18}},"type":"cond-expr","locations":[{"start":{"line":170,"column":12},"end":{"line":172,"column":31}},{"start":{"line":173,"column":14},"end":{"line":173,"column":18}}],"line":169},"26":{"loc":{"start":{"line":176,"column":9},"end":{"line":176,"column":78}},"type":"cond-expr","locations":[{"start":{"line":176,"column":17},"end":{"line":176,"column":71}},{"start":{"line":176,"column":74},"end":{"line":176,"column":78}}],"line":176},"27":{"loc":{"start":{"line":185,"column":35},"end":{"line":185,"column":63}},"type":"binary-expr","locations":[{"start":{"line":185,"column":35},"end":{"line":185,"column":57}},{"start":{"line":185,"column":61},"end":{"line":185,"column":63}}],"line":185},"28":{"loc":{"start":{"line":188,"column":49},"end":{"line":188,"column":90}},"type":"binary-expr","locations":[{"start":{"line":188,"column":49},"end":{"line":188,"column":70}},{"start":{"line":188,"column":74},"end":{"line":188,"column":90}}],"line":188},"29":{"loc":{"start":{"line":192,"column":21},"end":{"line":192,"column":55}},"type":"binary-expr","locations":[{"start":{"line":192,"column":21},"end":{"line":192,"column":29}},{"start":{"line":192,"column":33},"end":{"line":192,"column":55}}],"line":192},"30":{"loc":{"start":{"line":196,"column":19},"end":{"line":216,"column":19}},"type":"cond-expr","locations":[{"start":{"line":197,"column":20},"end":{"line":199,"column":27}},{"start":{"line":201,"column":20},"end":{"line":215,"column":22}}],"line":196},"31":{"loc":{"start":{"line":198,"column":23},"end":{"line":198,"column":103}},"type":"cond-expr","locations":[{"start":{"line":198,"column":39},"end":{"line":198,"column":72}},{"start":{"line":198,"column":75},"end":{"line":198,"column":103}}],"line":198},"32":{"loc":{"start":{"line":211,"column":27},"end":{"line":211,"column":60}},"type":"cond-expr","locations":[{"start":{"line":211,"column":41},"end":{"line":211,"column":50}},{"start":{"line":211,"column":53},"end":{"line":211,"column":60}}],"line":211},"33":{"loc":{"start":{"line":212,"column":27},"end":{"line":212,"column":69}},"type":"cond-expr","locations":[{"start":{"line":212,"column":44},"end":{"line":212,"column":64}},{"start":{"line":212,"column":67},"end":{"line":212,"column":69}}],"line":212}},"s":{"0":0,"1":0,"2":0,"3":0,"4":0,"5":0,"6":0,"7":0,"8":0,"9":0,"10":0,"11":0,"12":0,"13":0,"14":0,"15":0,"16":0,"17":0,"18":0,"19":0,"20":0,"21":0,"22":0,"23":0,"24":0,"25":0,"26":0,"27":0,"28":0,"29":0,"30":0,"31":0,"32":0,"33":0,"34":0,"35":0,"36":0,"37":0,"38":0,"39":0,"40":0,"41":0,"42":0,"43":0,"44":0,"45":0,"46":0,"47":0,"48":0,"49":0,"50":0,"51":0,"52":0,"53":0,"54":0,"55":0,"56":0,"57":0,"58":0,"59":0,"60":0,"61":0,"62":0,"63":0,"64":0,"65":0,"66":0,"67":0,"68":0,"69":0,"70":0,"71":0,"72":0,"73":0,"74":0,"75":0,"76":0},"f":{"0":0,"1":0,"2":0,"3":0,"4":0,"5":0,"6":0,"7":0,"8":0,"9":0,"10":0,"11":0,"12":0,"13":0,"14":0,"15":0,"16":0,"17":0,"18":0,"19":0,"20":0,"21":0,"22":0,"23":0,"24":0,"25":0},"b":{"0":[0,0],"1":[0,0],"2":[0,0],"3":[0,0],"4":[0,0],"5":[0,0],"6":[0,0],"7":[0,0],"8":[0,0],"9":[0,0],"10":[0,0],"11":[0,0],"12":[0,0,0],"13":[0,0],"14":[0,0],"15":[0,0],"16":[0,0],"17":[0,0],"18":[0,0],"19":[0,0],"20":[0,0],"21":[0,0],"22":[0,0],"23":[0,0],"24":[0,0],"25":[0,0],"26":[0,0],"27":[0,0],"28":[0,0],"29":[0,0],"30":[0,0],"31":[0,0],"32":[0,0],"33":[0,0]}}
,"/Users/priscillarodriguesmartins/portfolio/escola-schmidt/app/(app)/alunos/novo.tsx": {"path":"/Users/priscillarodriguesmartins/portfolio/escola-schmidt/app/(app)/alunos/novo.tsx","statementMap":{"0":{"start":{"line":21,"column":20},"end":{"line":21,"column":48}},"1":{"start":{"line":23,"column":16},"end":{"line":23,"column":37}},"2":{"start":{"line":24,"column":65},"end":{"line":29,"column":1}},"3":{"start":{"line":34,"column":12},"end":{"line":34,"column":62}},"4":{"start":{"line":35,"column":2},"end":{"line":35,"column":22}},"5":{"start":{"line":35,"column":10},"end":{"line":35,"column":22}},"6":{"start":{"line":36,"column":28},"end":{"line":36,"column":29}},"7":{"start":{"line":37,"column":2},"end":{"line":37,"column":32}},"8":{"start":{"line":41,"column":12},"end":{"line":41,"column":22}},"9":{"start":{"line":42,"column":14},"end":{"line":42,"column":50}},"10":{"start":{"line":43,"column":14},"end":{"line":43,"column":55}},"11":{"start":{"line":44,"column":2},"end":{"line":44,"column":44}},"12":{"start":{"line":48,"column":12},"end":{"line":48,"column":62}},"13":{"start":{"line":49,"column":2},"end":{"line":49,"column":20}},"14":{"start":{"line":49,"column":10},"end":{"line":49,"column":20}},"15":{"start":{"line":50,"column":29},"end":{"line":50,"column":30}},"16":{"start":{"line":51,"column":12},"end":{"line":51,"column":72}},"17":{"start":{"line":52,"column":2},"end":{"line":52,"column":115}},"18":{"start":{"line":56,"column":17},"end":{"line":56,"column":28}},"19":{"start":{"line":57,"column":23},"end":{"line":57,"column":32}},"20":{"start":{"line":59,"column":26},"end":{"line":59,"column":38}},"21":{"start":{"line":60,"column":46},"end":{"line":60,"column":58}},"22":{"start":{"line":61,"column":30},"end":{"line":61,"column":49}},"23":{"start":{"line":62,"column":48},"end":{"line":62,"column":60}},"24":{"start":{"line":63,"column":56},"end":{"line":63,"column":68}},"25":{"start":{"line":64,"column":40},"end":{"line":64,"column":52}},"26":{"start":{"line":65,"column":28},"end":{"line":65,"column":53}},"27":{"start":{"line":66,"column":38},"end":{"line":66,"column":56}},"28":{"start":{"line":67,"column":32},"end":{"line":67,"column":64}},"29":{"start":{"line":68,"column":28},"end":{"line":68,"column":57}},"30":{"start":{"line":69,"column":42},"end":{"line":69,"column":71}},"31":{"start":{"line":70,"column":38},"end":{"line":70,"column":53}},"32":{"start":{"line":73,"column":4},"end":{"line":73,"column":24}},"33":{"start":{"line":74,"column":18},"end":{"line":74,"column":71}},"34":{"start":{"line":74,"column":37},"end":{"line":74,"column":58}},"35":{"start":{"line":75,"column":4},"end":{"line":75,"column":45}},"36":{"start":{"line":79,"column":4},"end":{"line":79,"column":19}},"37":{"start":{"line":80,"column":4},"end":{"line":80,"column":26}},"38":{"start":{"line":82,"column":4},"end":{"line":85,"column":5}},"39":{"start":{"line":83,"column":6},"end":{"line":83,"column":43}},"40":{"start":{"line":84,"column":6},"end":{"line":84,"column":13}},"41":{"start":{"line":87,"column":22},"end":{"line":87,"column":41}},"42":{"start":{"line":88,"column":19},"end":{"line":88,"column":35}},"43":{"start":{"line":89,"column":4},"end":{"line":92,"column":5}},"44":{"start":{"line":90,"column":6},"end":{"line":90,"column":59}},"45":{"start":{"line":91,"column":6},"end":{"line":91,"column":13}},"46":{"start":{"line":94,"column":26},"end":{"line":94,"column":80}},"47":{"start":{"line":95,"column":4},"end":{"line":98,"column":5}},"48":{"start":{"line":96,"column":6},"end":{"line":96,"column":71}},"49":{"start":{"line":97,"column":6},"end":{"line":97,"column":13}},"50":{"start":{"line":100,"column":24},"end":{"line":100,"column":83}},"51":{"start":{"line":101,"column":4},"end":{"line":104,"column":5}},"52":{"start":{"line":102,"column":6},"end":{"line":102,"column":93}},"53":{"start":{"line":103,"column":6},"end":{"line":103,"column":13}},"54":{"start":{"line":106,"column":4},"end":{"line":106,"column":24}},"55":{"start":{"line":107,"column":4},"end":{"line":140,"column":5}},"56":{"start":{"line":108,"column":22},"end":{"line":117,"column":7}},"57":{"start":{"line":119,"column":6},"end":{"line":132,"column":7}},"58":{"start":{"line":120,"column":8},"end":{"line":131,"column":9}},"59":{"start":{"line":121,"column":10},"end":{"line":121,"column":59}},"60":{"start":{"line":123,"column":10},"end":{"line":123,"column":37}},"61":{"start":{"line":124,"column":10},"end":{"line":124,"column":31}},"62":{"start":{"line":125,"column":10},"end":{"line":129,"column":12}},"63":{"start":{"line":130,"column":10},"end":{"line":130,"column":17}},"64":{"start":{"line":134,"column":6},"end":{"line":134,"column":20}},"65":{"start":{"line":136,"column":6},"end":{"line":136,"column":25}},"66":{"start":{"line":137,"column":6},"end":{"line":137,"column":57}},"67":{"start":{"line":139,"column":6},"end":{"line":139,"column":27}},"68":{"start":{"line":143,"column":2},"end":{"line":145,"column":3}},"69":{"start":{"line":144,"column":4},"end":{"line":144,"column":33}},"70":{"start":{"line":147,"column":2},"end":{"line":260,"column":4}},"71":{"start":{"line":167,"column":12},"end":{"line":173,"column":31}},"72":{"start":{"line":170,"column":29},"end":{"line":170,"column":41}},"73":{"start":{"line":210,"column":12},"end":{"line":216,"column":31}},"74":{"start":{"line":213,"column":29},"end":{"line":213,"column":51}},"75":{"start":{"line":225,"column":12},"end":{"line":225,"column":33}},"76":{"start":{"line":226,"column":26},"end":{"line":226,"column":75}},"77":{"start":{"line":226,"column":45},"end":{"line":226,"column":62}},"78":{"start":{"line":227,"column":12},"end":{"line":227,"column":48}},"79":{"start":{"line":247,"column":40},"end":{"line":247,"column":53}},"80":{"start":{"line":263,"column":15},"end":{"line":348,"column":2}}},"fnMap":{"0":{"name":"paraISO","decl":{"start":{"line":33,"column":9},"end":{"line":33,"column":16}},"loc":{"start":{"line":33,"column":48},"end":{"line":38,"column":1}},"line":33},"1":{"name":"hojeBR","decl":{"start":{"line":40,"column":9},"end":{"line":40,"column":15}},"loc":{"start":{"line":40,"column":26},"end":{"line":45,"column":1}},"line":40},"2":{"name":"somaMeses","decl":{"start":{"line":47,"column":9},"end":{"line":47,"column":18}},"loc":{"start":{"line":47,"column":58},"end":{"line":53,"column":1}},"line":47},"3":{"name":"NovoAluno","decl":{"start":{"line":55,"column":24},"end":{"line":55,"column":33}},"loc":{"start":{"line":55,"column":36},"end":{"line":261,"column":1}},"line":55},"4":{"name":"escolherPlano","decl":{"start":{"line":72,"column":11},"end":{"line":72,"column":24}},"loc":{"start":{"line":72,"column":43},"end":{"line":76,"column":3}},"line":72},"5":{"name":"(anonymous_5)","decl":{"start":{"line":74,"column":30},"end":{"line":74,"column":31}},"loc":{"start":{"line":74,"column":37},"end":{"line":74,"column":58}},"line":74},"6":{"name":"salvar","decl":{"start":{"line":78,"column":17},"end":{"line":78,"column":23}},"loc":{"start":{"line":78,"column":26},"end":{"line":141,"column":3}},"line":78},"7":{"name":"(anonymous_7)","decl":{"start":{"line":166,"column":23},"end":{"line":166,"column":24}},"loc":{"start":{"line":167,"column":12},"end":{"line":173,"column":31}},"line":167},"8":{"name":"(anonymous_8)","decl":{"start":{"line":170,"column":23},"end":{"line":170,"column":24}},"loc":{"start":{"line":170,"column":29},"end":{"line":170,"column":41}},"line":170},"9":{"name":"(anonymous_9)","decl":{"start":{"line":209,"column":22},"end":{"line":209,"column":23}},"loc":{"start":{"line":210,"column":12},"end":{"line":216,"column":31}},"line":210},"10":{"name":"(anonymous_10)","decl":{"start":{"line":213,"column":23},"end":{"line":213,"column":24}},"loc":{"start":{"line":213,"column":29},"end":{"line":213,"column":51}},"line":213},"11":{"name":"(anonymous_11)","decl":{"start":{"line":224,"column":24},"end":{"line":224,"column":25}},"loc":{"start":{"line":224,"column":35},"end":{"line":228,"column":11}},"line":224
[...]
:19}},"38":{"start":{"line":113,"column":29},"end":{"line":113,"column":30}},"39":{"start":{"line":114,"column":37},"end":{"line":114,"column":39}},"40":{"start":{"line":116,"column":2},"end":{"line":125,"column":3}},"41":{"start":{"line":117,"column":4},"end":{"line":117,"column":32}},"42":{"start":{"line":118,"column":19},"end":{"line":118,"column":66}},"43":{"start":{"line":119,"column":4},"end":{"line":124,"column":5}},"44":{"start":{"line":120,"column":6},"end":{"line":120,"column":37}},"45":{"start":{"line":121,"column":6},"end":{"line":121,"column":32}},"46":{"start":{"line":123,"column":6},"end":{"line":123,"column":56}},"47":{"start":{"line":127,"column":27},"end":{"line":127,"column":82}},"48":{"start":{"line":129,"column":2},"end":{"line":138,"column":4}},"49":{"start":{"line":142,"column":2},"end":{"line":142,"column":30}},"50":{"start":{"line":146,"column":18},"end":{"line":146,"column":19}},"51":{"start":{"line":147,"column":21},"end":{"line":147,"column":22}},"52":{"start":{"line":149,"column":2},"end":{"line":154,"column":3}},"53":{"start":{"line":150,"column":18},"end":{"line":150,"column":38}},"54":{"start":{"line":151,"column":4},"end":{"line":151,"column":67}},"55":{"start":{"line":151,"column":58},"end":{"line":151,"column":67}},"56":{"start":{"line":152,"column":4},"end":{"line":152,"column":31}},"57":{"start":{"line":153,"column":4},"end":{"line":153,"column":42}},"58":{"start":{"line":156,"column":2},"end":{"line":156,"column":35}},"59":{"start":{"line":156,"column":23},"end":{"line":156,"column":35}},"60":{"start":{"line":157,"column":2},"end":{"line":157,"column":46}},"61":{"start":{"line":161,"column":2},"end":{"line":161,"column":45}},"62":{"start":{"line":161,"column":24},"end":{"line":161,"column":45}},"63":{"start":{"line":162,"column":2},"end":{"line":162,"column":42}},"64":{"start":{"line":162,"column":24},"end":{"line":162,"column":42}},"65":{"start":{"line":163,"column":2},"end":{"line":163,"column":52}},"66":{"start":{"line":163,"column":24},"end":{"line":163,"column":52}},"67":{"start":{"line":164,"column":2},"end":{"line":164,"column":44}},"68":{"start":{"line":164,"column":24},"end":{"line":164,"column":44}},"69":{"start":{"line":165,"column":2},"end":{"line":165,"column":24}},"70":{"start":{"line":186,"column":2},"end":{"line":186,"column":39}},"71":{"start":{"line":186,"column":27},"end":{"line":186,"column":39}},"72":{"start":{"line":188,"column":22},"end":{"line":188,"column":59}},"73":{"start":{"line":189,"column":2},"end":{"line":189,"column":45}},"74":{"start":{"line":189,"column":33},"end":{"line":189,"column":45}},"75":{"start":{"line":191,"column":15},"end":{"line":191,"column":122}},"76":{"start":{"line":192,"column":28},"end":{"line":192,"column":60}},"77":{"start":{"line":193,"column":25},"end":{"line":193,"column":59}},"78":{"start":{"line":195,"column":17},"end":{"line":197,"column":10}},"79":{"start":{"line":196,"column":18},"end":{"line":196,"column":108}},"80":{"start":{"line":199,"column":21},"end":{"line":199,"column":71}},"81":{"start":{"line":200,"column":2},"end":{"line":200,"column":60}}},"fnMap":{"0":{"name":"arredondar","decl":{"start":{"line":20,"column":9},"end":{"line":20,"column":19}},"loc":{"start":{"line":20,"column":40},"end":{"line":22,"column":1}},"line":20},"1":{"name":"atingiuRequisito","decl":{"start":{"line":24,"column":9},"end":{"line":24,"column":25}},"loc":{"start":{"line":24,"column":104},"end":{"line":29,"column":1}},"line":24},"2":{"name":"montarFaltante","decl":{"start":{"line":31,"column":9},"end":{"line":31,"column":23}},"loc":{"start":{"line":31,"column":117},"end":{"line":42,"column":1}},"line":31},"3":{"name":"calcularResumoCategorias","decl":{"start":{"line":44,"column":16},"end":{"line":44,"column":40}},"loc":{"start":{"line":47,"column":29},"end":{"line":96,"column":1}},"line":47},"4":{"name":"(anonymous_4)","decl":{"start":{"line":48,"column":60},"end":{"line":48,"column":61}},"loc":{"start":{"line":48,"column":70},"end":{"line":48,"column":95}},"line":48},"5":{"name":"(anonymous_5)","decl":{"start":{"line":86,"column":9},"end":{"line":86,"column":10}},"loc":{"start":{"line":86,"column":25},"end":{"line":94,"column":5}},"line":86},"6":{"name":"(anonymous_6)","decl":{"start":{"line":95,"column":10},"end":{"line":95,"column":11}},"loc":{"start":{"line":95,"column":20},"end":{"line":95,"column":126}},"line":95},"7":{"name":"calcularFocoAtual","decl":{"start":{"line":98,"column":16},"end":{"line":98,"column":33}},"loc":{"start":{"line":98,"column":79},"end":{"line":104,"column":1}},"line":98},"8":{"name":"(anonymous_8)","decl":{"start":{"line":101,"column":4},"end":{"line":101,"column":5}},"loc":{"start":{"line":101,"column":19},"end":{"line":101,"column":107}},"line":101},"9":{"name":"calcularProgressoNivel","decl":{"start":{"line":106,"column":16},"end":{"line":106,"column":38}},"loc":{"start":{"line":109,"column":26},"end":{"line":139,"column":1}},"line":109},"10":{"name":"(anonymous_10)","decl":{"start":{"line":110,"column":60},"end":{"line":110,"column":61}},"loc":{"start":{"line":110,"column":70},"end":{"line":110,"column":95}},"line":110},"11":{"name":"getStatusOrdem","decl":{"start":{"line":141,"column":16},"end":{"line":141,"column":30}},"loc":{"start":{"line":141,"column":65},"end":{"line":143,"column":1}},"line":141},"12":{"name":"calcularPercentualCriterios","decl":{"start":{"line":145,"column":16},"end":{"line":145,"column":43}},"loc":{"start":{"line":145,"column":118},"end":{"line":158,"column":1}},"line":145},"13":{"name":"derivarStatusPorPercentual","decl":{"start":{"line":160,"column":16},"end":{"line":160,"column":42}},"loc":{"start":{"line":160,"column":89},"end":{"line":166,"column":1}},"line":160},"14":{"name":"calcularFrequenciaPorPlano","decl":{"start":{"line":173,"column":16},"end":{"line":173,"column":42}},"loc":{"start":{"line":185,"column":18},"end":{"line":201,"column":1}},"line":185},"15":{"name":"(anonymous_15)","decl":{"start":{"line":196,"column":4},"end":{"line":196,"column":5}},"loc":{"start":{"line":196,"column":18},"end":{"line":196,"column":108}},"line":196}},"branchMap":{"0":{"loc":{"start":{"line":25,"column":2},"end":{"line":25,"column":28}},"type":"if","locations":[{"start":{"line":25,"column":2},"end":{"line":25,"column":28}},{"start":{},"end":{}}],"line":25},"1":{"loc":{"start":{"line":26,"column":2},"end":{"line":26,"column":92}},"type":"if","locations":[{"start":{"line":26,"column":2},"end":{"line":26,"column":92}},{"start":{},"end":{}}],"line":26},"2":{"loc":{"start":{"line":27,"column":2},"end":{"line":27,"column":105}},"type":"if","locations":[{"start":{"line":27,"column":2},"end":{"line":27,"column":105}},{"start":{},"end":{}}],"line":27},"3":{"loc":{"start":{"line":27,"column":6},"end":{"line":27,"column":90}},"type":"binary-expr","locations":[{"start":{"line":27,"column":6},"end":{"line":27,"column":34}},{"start":{"line":27,"column":38},"end":{"line":27,"column":90}}],"line":27},"4":{"loc":{"start":{"line":27,"column":39},"end":{"line":27,"column":66}},"type":"binary-expr","locations":[{"start":{"line":27,"column":39},"end":{"line":27,"column":61}},{"start":{"line":27,"column":65},"end":{"line":27,"column":66}}],"line":27},"5":{"loc":{"start":{"line":34,"column":20},"end":{"line":34,"column":72}},"type":"binary-expr","locations":[{"start":{"line":34,"column":20},"end":{"line":34,"column":42}},{"start":{"line":34,"column":46},"end":{"line":34,"column":72}}],"line":34},"6":{"loc":{"start":{"line":37,"column":17},"end":{"line":37,"column":44}},"type":"binary-expr","locations":[{"start":{"line":37,"column":17},"end":{"line":37,"column":36}},{"start":{"line":37,"column":40},"end":{"line":37,"column":44}}],"line":37},"7":{"loc":{"start":{"line":38,"column":21},"end":{"line":38,"column":52}},"type":"binary-expr","locations":[{"start":{"line":38,"column":21},"end":{"line":38,"column":44}},{"start":{"line":38,"column":48},"end":{"line":38,"column":52}}],"line":38},"8":{"loc":{"start":{"line":54,"column":6},"end":{"line":64,"column":7}},"type":"binary-expr","locations":[{"start":{"line":54,"column":6},"end":{"line":54,"column":43}},{"start":{"line":54,"column":47},"end":{"line":64,"column":7}}],"line":54},"9":{"loc":{"start":{"line":69,"column":4},"end":{"line":71,"column":5}},"type":"if","locations":[{"start":{"line":69,"column":4},"end":{"line":71,"column":5}},{"start":{},"end":{}}],"line":69},"10":{"loc":{"start":{"line":73,"column":4},"end":{"line":75,"column":5}},"type":"if","locations":[{"start":{"line":73,"column":4},"end":{"line":75,"column":5}},{"start":{},"end":{}}],"line":73},"11":{"loc":{"start":{"line":73,"column":8},"end":{"line":73,"column":85}},"type":"binary-expr","locations":[{"start":{"line":73,"column":8},"end":{"line":73,"column":14}},{"start":{"line":73,"column":18},"end":{"line":73,"column":85}}],"line":73},"12":{"loc":{"start":{"line":77,"column":4},"end":{"line":80,"column":5}},"type":"if","locations":[{"start":{"line":77,"column":4},"end":{"line":80,"column":5}},{"start":{},"end":{}}],"line":77},"13":{"loc":{"start":{"line":89,"column":18},"end":{"line":89,"column":114}},"type":"cond-expr","locations":[{"start":{"line":89,"column":46},"end":{"line":89,"column":47}},{"start":{"line":89,"column":50},"end":{"line":89,"column":114}}],"line":89},"14":{"loc":{"start":{"line":95,"column":20},"end":{"line":95,"column":126}},"type":"binary-expr","locations":[{"start":{"line":95,"column":20},"end":{"line":95,"column":47}},{"start":{"line":95,"column":51},"end":{"line":95,"column":76}},{"start":{"line":95,"column":80},"end":{"line":95,"column":126}}],"line":95},"15":{"loc":{"start":{"line":99,"column":2},"end":{"line":99,"column":49}},"type":"if","locations":[{"start":{"line":99,"column":2},"end":{"line":99,"column":49}},{"start":{},"end":{}}],"line":99},"16":{"loc":{"start":{"line":101,"column":19},"end":{"line":101,"column":107}},"type":"binary-expr","locations":[{"start":{"line":101,"column":19},"end":{"line":101,"column":45}},{"start":{"line":101,"column":49},"end":{"line":101,"column":72}},{"start":{"line":101,"column":76},"end":{"line":101,"column":107}}],"line":101},"17":{"loc":{"start":{"line":103,"column":9},"end":{"line":103,"column":57}},"type":"binary-expr","locations":[{"start":{"line":103,"column":9},"end":{"line":103,"column":34}},{"start":{"line":103,"column":38},"end":{"line":103,"column":57}}],"line":103},"18":{"loc":{"start":{"line":119,"column":4},"end":{"line":124,"column":5}},"type":"if","locations":[{"start":{"line":119,"column":4},"end":{"line":124,"column":5}},{"start":{"line":122,"column":11},"end":{"line":124,"column":5}}],"line":119},"19":{"loc":{"start":{"line":130,"column":16},"end":{"line":130,"column":82}},"type":"cond-expr","locations":[{"start":{"line":130,"column":34},"end":{"line":130,"column":35}},{"start":{"line":130,"column":38},"end":{"line":130,"column":82}}],"line":130},"20":{"loc":{"start":{"line":151,"column":4},"end":{"line":151,"column":67}},"type":"if","locations":[{"start":{"line":151,"column":4},"end":{"line":151,"column":67}},{"start":{},"end":{}}],"line":151},"21":{"loc":{"start":{"line":151,"column":8},"end":{"line":151,"column":56}},"type":"binary-expr","locations":[{"start":{"line":151,"column":8},"end":{"line":151,"column":33}},{"start":{"line":151,"column":37},"end":{"line":151,"column":56}}],"line":151},"22":{"loc":{"start":{"line":156,"column":2},"end":{"line":156,"column":35}},"type":"if","locations":[{"start":{"line":156,"column":2},"end":{"line":156,"column":35}},{"start":{},"end":{}}],"line":156},"23":{"loc":{"start":{"line":161,"column":2},"end":{"line":161,"column":45}},"type":"if","locations":[{"start":{"line":161,"column":2},"end":{"line":161,"column":45}},{"start":{},"end":{}}],"line":161},"24":{"loc":{"start":{"line":162,"column":2},"end":{"line":162,"column":42}},"type":"if","locations":[{"start":{"line":162,"column":2},"end":{"line":162,"column":42}},{"start":{},"end":{}}],"line":162},"25":{"loc":{"start":{"line":163,"column":2},"end":{"line":163,"column":52}},"type":"if","locations":[{"start":{"line":163,"column":2},"end":{"line":163,"column":52}},{"start":{},"end":{}}],"line":163},"26":{"loc":{"start":{"line":164,"column":2},"end":{"line":164,"column":44}},"type":"if","locations":[{"start":{"line":164,"column":2},"end":{"line":164,"column":44}},{"start":{},"end":{}}],"line":164},"27":{"loc":{"start":{"line":186,"column":2},"end":{"line":186,"column":39}},"type":"if","locations":[{"start":{"line":186,"column":2},"end":{"line":186,"column":39}},{"start":{},"end":{}}],"line":186},"28":{"loc":{"start":{"line":188,"column":22},"end":{"line":188,"column":59}},"type":"cond-expr","locations":[{"start":{"line":188,"column":42},"end":{"line":188,"column":49}},{"start":{"line":188,"column":52},"end":{"line":188,"column":59}}],"line":188},"29":{"loc":{"start":{"line":189,"column":2},"end":{"line":189,"column":45}},"type":"if","locations":[{"start":{"line":189,"column":2},"end":{"line":189,"column":45}},{"start":{},"end":{}}],"line":189},"30":{"loc":{"start":{"line":196,"column":18},"end":{"line":196,"column":108}},"type":"binary-expr","locations":[{"start":{"line":196,"column":18},"end":{"line":196,"column":45}},{"start":{"line":196,"column":49},"end":{"line":196,"column":76}},{"start":{"line":196,"column":80},"end":{"line":196,"column":108}}],"line":196}},"s":{"0":1,"1":16,"2":15,"3":0,"4":15,"5":5,"6":10,"7":0,"8":10,"9":2,"10":3,"11":9,"12":3,"13":3,"14":9,"15":9,"16":9,"17":9,"18":9,"19":3,"20":9,"21":6,"22":9,"23":6,"24":6,"25":9,"26":3,"27":9,"28":9,"29":3,"30":0,"31":3,"32":9,"33":3,"34":2,"35":6,"36":2,"37":2,"38":2,"39":2,"40":2,"41":6,"42":6,"43":6,"44":4,"45":4,"46":2,"47":2,"48":2,"49":6,"50":1,"51":1,"52":1,"53":3,"54":3,"55":0,"56":3,"57":3,"58":1,"59":0,"60":1,"61":5,"62":1,"63":4,"64":1,"65":3,"66":1,"67":2,"68":1,"69":1,"70":7,"71":1,"72":6,"73":6,"74":1,"75":5,"76":5,"77":5,"78":5,"79":9,"80":5,"81":5},"f":{"0":16,"1":15,"2":2,"3":3,"4":9,"5":9,"6":9,"7":3,"8":9,"9":2,"10":6,"11":6,"12":1,"13":5,"14":7,"15":9},"b":{"0":[0,15],"1":[5,10],"2":[0,10],"3":[10,5],"4":[5,0],"5":[2,0],"6":[2,0],"7":[2,0],"8":[9,9],"9":[3,6],"10":[6,3],"11":[9,9],"12":[6,3],"13":[0,9],"14":[9,3,3],"15":[0,3],"16":[9,6,6],"17":[3,0],"18":[4,2],"19":[0,2],"20":[0,3],"21":[3,3],"22":[0,1],"23":[1,4],"24":[1,3],"25":[1,2],"26":[1,1],"27":[1,6],"28":[6,0],"29":[1,5],"30":[9,6,5]},"_coverageSchema":"1a1c01bbd47fc00a2c39e90264f33305004495a9","hash":"15124e5512b363df721525c5d9af83e71cb35a26"}
,"/Users/priscillarodriguesmartins/portfolio/escola-schmidt/src/features/evolucao/types.ts": {"path":"/Users/priscillarodriguesmartins/portfolio/escola-schmidt/src/features/evolucao/types.ts","statementMap":{},"fnMap":{},"branchMap":{},"s":{},"f":{},"b":{}}
,"/Users/priscillarodriguesmartins/portfolio/escola-schmidt/src/features/perfil/api.ts": {"path":"/Users/priscillarodriguesmartins/portfolio/escola-schmidt/src/features/perfil/api.ts","statementMap":{"0":{"start":{"line":13,"column":26},"end":{"line":17,"column":13}},"1":{"start":{"line":18,"column":2},"end":{"line":18,"column":25}},"2":{"start":{"line":18,"column":13},"end":{"line":18,"column":25}},"3":{"start":{"line":19,"column":2},"end":{"line":19,"column":27}},"4":{"start":{"line":23,"column":20},"end":{"line":26,"column":21}},"5":{"start":{"line":27,"column":2},"end":{"line":27,"column":25}},"6":{"start":{"line":27,"column":13},"end":{"line":27,"column":25}}},"fnMap":{"0":{"name":"getMeuPerfil","decl":{"start":{"line":12,"column":22},"end":{"line":12,"column":34}},"loc":{"start":{"line":12,"column":51},"end":{"line":20,"column":1}},"line":12},"1":{"name":"atualizarMeuPerfil","decl":{"start":{"line":22,"column":22},"end":{"line":22,"column":40}},"loc":{"start":{"line":22,"column":109},"end":{"line":28,"column":1}},"line":22}},"branchMap":{"0":{"loc":{"start":{"line":18,"column":2},"end":{"line":18,"column":25}},"type":"if","locations":[{"start":{"line":18,"column":2},"end":{"line":18,"column":25}},{"start":{},"end":{}}],"line":18},"1":{"loc":{"start":{"line":27,"column":2},"end":{"line":27,"column":25}},"type":"if","locations":[{"start":{"line":27,"column":2},"end":{"line":27,"column":25}},{"start":{},"end":{}}],"line":27}},"s":{"0":1,"1":1,"2":0,"3":1,"4":2,"5":2,"6":1},"f":{"0":1,"1":2},"b":{"0":[0,1],"1":[1,1]},"_coverageSchema":"1a1c01bbd47fc00a2c39e90264f33305004495a9","hash":"1c1d999eb9d7d425b25cf2c2bb256cb0ad7e8188"}
,"/Users/priscillarodriguesmartins/portfolio/escola-schmidt/src/lib/supabase.ts": {"path":"/Users/priscillarodriguesmartins/portfolio/escola-schmidt/src/lib/supabase.ts","statementMap":{"0":{"start":{"line":6,"column":2},"end":{"line":6,"column":109}},"1":{"start":{"line":21,"column":22},"end":{"line":21,"column":50}},"2":{"start":{"line":22,"column":26},"end":{"line":22,"column":59}},"3":{"start":{"line":24,"column":2},"end":{"line":26,"column":3}},"4":{"start":{"line":25,"column":4},"end":{"line":25,"column":39}},"5":{"start":{"line":28,"column":2},"end":{"line":28,"column":42}},"6":{"start":{"line":32,"column":2},"end":{"line":40,"column":4}},"7":{"start":{"line":48,"column":2},"end":{"line":48,"column":84}},"8":{"start":{"line":57,"column":2},"end":{"line":61,"column":5}},"9":{"start":{"line":59,"column":6},"end":{"line":59,"column":41}},"10":{"start":{"line":65,"column":2},"end":{"line":70,"column":3}},"11":{"start":{"line":66,"column":45},"end":{"line":66,"column":64}},"12":{"start":{"line":67,"column":4},"end":{"line":67,"column":62}},"13":{"start":{"line":69,"column":4},"end":{"line":69,"column":39}},"14":{"start":{"line":73,"column":24},"end":{"line":73,"column":47}}},"fnMap":{"0":{"name":"getSupabaseConfig","decl":{"start":{"line":14,"column":16},"end":{"line":14,"column":33}},"loc":{"start":{"line":20,"column":2},"end":{"line":29,"column":1}},"line":20},"1":{"name":"createSupabaseOptions","decl":{"start":{"line":31,"column":16},"end":{"line":31,"column":37}},"loc":{"start":{"line":31,"column":83},"end":{"line":41,"column":1}},"line":31},"2":{"name":"createSupabaseClient","decl":{"start":{"line":43,"column":16},"end":{"line":43,"column":36}},"loc":{"start":{"line":47,"column":2},"end":{"line":49,"column":1}},"line":47},"3":{"name":"createMissingConfigClient","decl":{"start":{"line":56,"column":9},"end":{"line":56,"column":34}},"loc":{"start":{"line":56,"column":53},"end":{"line":62,"column":1}},"line":56},"4":{"name":"(anonymous_4)","decl":{"start":{"line":58,"column":4},"end":{"line":58,"column":5}},"loc":{"start":{"line":58,"column":10},"end":{"line":60,"column":5}},"line":58},"5":{"name":"createSingletonClient","decl":{"start":{"line":64,"column":9},"end":{"line":64,"column":30}},"loc":{"start":{"line":64,"column":49},"end":{"line":71,"column":1}},"line":64}},"branchMap":{"0":{"loc":{"start":{"line":15,"column":2},"end":{"line":19,"column":3}},"type":"default-arg","locations":[{"start":{"line":15,"column":27},"end":{"line":19,"column":3}}],"line":15},"1":{"loc":{"start":{"line":24,"column":2},"end":{"line":26,"column":3}},"type":"if","locations":[{"start":{"line":24,"column":2},"end":{"line":26,"column":3}},{"start":{},"end":{}}],"line":24},"2":{"loc":{"start":{"line":24,"column":6},"end":{"line":24,"column":38}},"type":"binary-expr","locations":[{"start":{"line":24,"column":6},"end":{"line":24,"column":18}},{"start":{"line":24,"column":22},"end":{"line":24,"column":38}}],"line":24},"3":{"loc":{"start":{"line":31,"column":38},"end":{"line":31,"column":81}},"type":"default-arg","locations":[{"start":{"line":31,"column":69},"end":{"line":31,"column":81}}],"line":31},"4":{"loc":{"start":{"line":46,"column":2},"end":{"line":46,"column":45}},"type":"default-arg","locations":[{"start":{"line":46,"column":33},"end":{"line":46,"column":45}}],"line":46}},"s":{"0":4,"1":5,"2":5,"3":5,"4":2,"5":3,"6":4,"7":4,"8":1,"9":1,"10":4,"11":4,"12":3,"13":1,"14":4},"f":{"0":5,"1":4,"2":4,"3":1,"4":1,"5":4},"b":{"0":[4],"1":[2,3],"2":[5,3],"3":[0],"4":[3]},"_coverageSchema":"1a1c01bbd47fc00a2c39e90264f33305004495a9","hash":"49590852212eddd173158567862bb7413c967286"}
}
