TN:
SF:app/_layout.tsx
FN:30,ErrorBoundary
FN:42,RootLayout
FN:53,(anonymous_2)
FN:60,(anonymous_3)
FN:66,(anonymous_4)
FN:72,(anonymous_5)
FN:80,(anonymous_6)
FN:81,(anonymous_7)
FN:86,(anonymous_8)
FN:88,(anonymous_9)
FNF:10
FNH:0
FNDA:0,ErrorBoundary
FNDA:0,RootLayout
FNDA:0,(anonymous_2)
FNDA:0,(anonymous_3)
FNDA:0,(anonymous_4)
FNDA:0,(anonymous_5)
FNDA:0,(anonymous_6)
FNDA:0,(anonymous_7)
FNDA:0,(anonymous_8)
FNDA:0,(anonymous_9)
DA:14,0
DA:16,0
DA:17,0
DA:19,0
DA:25,0
DA:31,0
DA:43,0
DA:50,0
DA:51,0
DA:52,0
DA:53,0
DA:54,0
DA:55,0
DA:58,0
DA:60,0
DA:61,0
DA:62,0
DA:66,0
DA:67,0
DA:68,0
DA:72,0
DA:73,0
DA:74,0
DA:75,0
DA:76,0
DA:77,0
DA:78,0
DA:80,0
DA:81,0
DA:82,0
DA:86,0
DA:88,0
DA:89,0
DA:90,0
DA:91,0
DA:92,0
DA:96,0
DA:97,0
DA:100,0
DA:101,0
DA:125,0
DA:139,0
LF:42
LH:0
BRDA:58,0,0,0
BRDA:58,0,1,0
BRDA:58,0,2,0
BRDA:61,1,0,0
BRDA:61,1,1,0
BRDA:67,2,0,0
BRDA:67,2,1,0
BRDA:73,3,0,0
BRDA:73,3,1,0
BRDA:73,4,0,0
BRDA:73,4,1,0
BRDA:96,5,0,0
BRDA:96,5,1,0
BRDA:100,6,0,0
BRDA:100,6,1,0
BRDA:105,7,0,0
BRDA:105,7,1,0
BRF:17
BRH:0
end_of_record
TN:
SF:app/(app)/_layout.tsx
FN:5,AppLayout
FNF:1
FNH:0
FNDA:0,AppLayout
DA:6,0
DA:8,0
DA:9,0
DA:12,0
DA:13,0
DA:16,0
LF:6
LH:0
BRDA:8,0,0,0
BRDA:8,0,1,0
BRDA:12,1,0,0
BRDA:12,1,1,0
BRF:4
BRH:0
end_of_record
TN:
SF:app/(app)/index.tsx
FN:28,Home
FN:49,(anonymous_1)
FN:53,(anonymous_2)
FN:56,(anonymous_3)
FN:57,(anonymous_4)
FN:62,abrirListaChamada
FN:100,(anonymous_6)
FN:118,(anonymous_7)
FN:158,(anonymous_8)
FNF:9
FNH:0
FNDA:0,Home
FNDA:0,(anonymous_1)
FNDA:0,(anonymous_2)
FNDA:0,(anonymous_3)
FNDA:0,(anonymous_4)
FNDA:0,abrirListaChamada
FNDA:0,(anonymous_6)
FNDA:0,(anonymous_7)
FNDA:0,(anonymous_8)
DA:12,0
DA:19,0
DA:25,0
DA:26,0
DA:29,0
DA:30,0
DA:31,0
DA:32,0
DA:33,0
DA:34,0
DA:35,0
DA:36,0
DA:37,0
DA:38,0
DA:39,0
DA:40,0
DA:44,0
DA:45,0
DA:47,0
DA:49,0
DA:50,0
DA:51,0
DA:52,0
DA:54,0
DA:56,0
DA:57,0
DA:58,0
DA:63,0
DA:64,0
DA:65,0
DA:67,0
DA:70,0
DA:100,0
DA:118,0
DA:158,0
DA:180,0
LF:36
LH:0
BRDA:35,0,0,0
BRDA:35,0,1,0
BRDA:35,1,0,0
BRDA:35,1,1,0
BRDA:39,2,0,0
BRDA:39,2,1,0
BRDA:39,3,0,0
BRDA:39,3,1,0
BRDA:40,4,0,0
BRDA:40,4,1,0
BRDA:40,5,0,0
BRDA:40,5,1,0
BRDA:45,6,0,0
BRDA:45,6,1,0
BRDA:50,7,0,0
BRDA:50,7,1,0
BRDA:54,8,0,0
BRDA:54,8,1,0
BRDA:63,9,0,0
BRDA:63,9,1,0
BRDA:91,10,0,0
BRDA:91,10,1,0
BRDA:99,11,0,0
BRDA:99,11,1,0
BRDA:115,12,0,0
BRDA:115,12,1,0
BRDA:117,13,0,0
BRDA:117,13,1,0
BRDA:134,14,0,0
BRDA:134,14,1,0
BRDA:136,15,0,0
BRDA:136,15,1,0
BRDA:144,16,0,0
BRDA:144,16,1,0
BRDA:155,17,0,0
BRDA:155,17,1,0
BRDA:157,18,0,0
BRDA:157,18,1,0
BRF:38
BRH:0
end_of_record
TN:
SF:app/(app)/minha-evolucao.tsx
FN:8,MinhaEvolucaoScreen
FNF:1
FNH:0
FNDA:0,MinhaEvolucaoScreen
DA:9,0
DA:11,0
DA:12,0
DA:19,0
DA:20,0
DA:23,0
DA:24,0
DA:27,0
LF:8
LH:0
BRDA:11,0,0,0
BRDA:11,0,1,0
BRDA:11,1,0,0
BRDA:11,1,1,0
BRDA:11,1,2,0
BRDA:19,2,0,0
BRDA:19,2,1,0
BRDA:23,3,0,0
BRDA:23,3,1,0
BRF:9
BRH:0
end_of_record
TN:
SF:app/(app)/perfil.tsx
FN:32,paraISO
FN:39,paraBR
FN:45,(anonymous_2)
FN:46,(anonymous_3)
FN:47,(anonymous_4)
FN:48,(anonymous_5)
FN:51,Perfil
FN:76,(anonymous_7)
FN:78,(anonymous_8)
FN:89,(anonymous_9)
FN:94,(anonymous_10)
FN:98,(anonymous_11)
FN:102,(anonymous_12)
FN:107,(anonymous_13)
FN:115,salvarDadosAluno
FN:146,salvarPerfil
FN:170,salvarSenha
FN:239,(anonymous_17)
FN:251,(anonymous_18)
FN:282,(anonymous_19)
FN:293,(anonymous_20)
FN:302,(anonymous_21)
FN:318,(anonymous_22)
FN:349,(anonymous_23)
FN:361,(anonymous_24)
FN:373,(anonymous_25)
FN:382,(anonymous_26)
FN:414,(anonymous_27)
FN:420,(anonymous_28)
FNF:29
FNH:0
FNDA:0,paraISO
FNDA:0,paraBR
FNDA:0,(anonymous_2)
FNDA:0,(anonymous_3)
FNDA:0,(anonymous_4)
FNDA:0,(anonymous_5)
FNDA:0,Perfil
FNDA:0,(anonymous_7)
FNDA:0,(anonymous_8)
FNDA:0,(anonymous_9)
FNDA:0,(anonymous_10)
FNDA:0,(anonymous_11)
FNDA:0,(anonymous_12)
FNDA:0,(anonymous_13)
FNDA:0,salvarDadosAluno
FNDA:0,salvarPerfil
FNDA:0,salvarSenha
FNDA:0,(anonymous_17)
FNDA:0,(anonymous_18)
FNDA:0,(anonymous_19)
FNDA:0,(anonymous_20)
FNDA:0,(anonymous_21)
FNDA:0,(anonymous_22)
FNDA:0,(anonymous_23)
FNDA:0,(anonymous_24)
FNDA:0,(anonymous_25)
FNDA:0,(anonymous_26)
FNDA:0,(anonymous_27)
FNDA:0,(anonymous_28)
DA:24,0
DA:33,0
DA:34,0
DA:35,0
DA:36,0
DA:40,0
DA:41,0
DA:44,0
DA:45,0
DA:46,0
DA:47,0
DA:48,0
DA:52,0
DA:53,0
DA:54,0
DA:55,0
DA:56,0
DA:57,0
DA:58,0
DA:59,0
DA:60,0
DA:61,0
DA:62,0
DA:63,0
DA:64,0
DA:65,0
DA:66,0
DA:67,0
DA:68,0
DA:69,0
DA:70,0
DA:71,0
DA:72,0
DA:73,0
DA:74,0
DA:76,0
DA:78,0
DA:79,0
DA:80,0
DA:81,0
DA:84,0
DA:85,0
DA:86,0
DA:88,0
DA:90,0
DA:91,0
DA:92,0
DA:95,0
DA:96,0
DA:99,0
DA:102,0
DA:103,0
DA:107,0
DA:108,0
DA:109,0
DA:110,0
DA:111,0
DA:112,0
DA:116,0
DA:117,0
DA:118,0
DA:119,0
DA:121,0
DA:122,0
DA:123,0
DA:124,0
DA:127,0
DA:128,0
DA:129,0
DA:130,0
DA:131,0
DA:137,0
DA:139,0
DA:140,0
DA:142,0
DA:147,0
DA:148,0
DA:149,0
DA:150,0
DA:153,0
DA:154,0
DA:155,0
DA:156,0
DA:157,0
DA:161,0
DA:163,0
DA:164,0
DA:166,0
DA:171,0
DA:172,0
DA:174,0
DA:175,0
DA:176,0
DA:178,0
DA:179,0
DA:180,0
DA:182,0
DA:183,0
DA:184,0
DA:187,0
DA:188,0
DA:189,0
DA:191,0
DA:192,0
DA:193,0
DA:196,0
DA:197,0
DA:198,0
DA:199,0
DA:200,0
DA:203,0
DA:204,0
DA:214,0
DA:240,0
DA:241,0
DA:252,0
DA:253,0
DA:283,0
DA:284,0
DA:294,0
DA:295,0
DA:296,0
DA:303,0
DA:304,0
DA:305,0
DA:319,0
DA:320,0
DA:350,0
DA:351,0
DA:362,0
DA:363,0
DA:374,0
DA:375,0
DA:383,0
DA:384,0
DA:414,0
DA:420,0
DA:439,0
LF:138
LH:0
BRDA:34,0,0,0
BRDA:34,0,1,0
BRDA:79,1,0,0
BRDA:79,1,1,0
BRDA:90,2,0,0
BRDA:90,2,1,0
BRDA:92,3,0,0
BRDA:92,3,1,0
BRDA:96,4,0,0
BRDA:96,4,1,0
BRDA:99,5,0,0
BRDA:99,5,1,0
BRDA:108,6,0,0
BRDA:108,6,1,0
BRDA:110,7,0,0
BRDA:110,7,1,0
BRDA:111,8,0,0
BRDA:111,8,1,0
BRDA:112,9,0,0
BRDA:112,9,1,0
BRDA:116,10,0,0
BRDA:116,10,1,0
BRDA:117,11,0,0
BRDA:117,11,1,0
BRDA:121,12,0,0
BRDA:121,12,1,0
BRDA:122,13,0,0
BRDA:122,13,1,0
BRDA:122,14,0,0
BRDA:122,14,1,0
BRDA:134,15,0,0
BRDA:134,15,1,0
BRDA:135,16,0,0
BRDA:135,16,1,0
BRDA:147,17,0,0
BRDA:147,17,1,0
BRDA:148,18,0,0
BRDA:148,18,1,0
BRDA:159,19,0,0
BRDA:159,19,1,0
BRDA:174,20,0,0
BRDA:174,20,1,0
BRDA:178,21,0,0
BRDA:178,21,1,0
BRDA:182,22,0,0
BRDA:182,22,1,0
BRDA:191,23,0,0
BRDA:191,23,1,0
BRDA:203,24,0,0
BRDA:203,24,1,0
BRDA:217,25,0,0
BRDA:217,25,1,0
BRDA:222,26,0,0
BRDA:222,26,1,0
BRDA:222,26,2,0
BRDA:223,27,0,0
BRDA:223,27,1,0
BRDA:223,28,0,0
BRDA:223,28,1,0
BRDA:224,29,0,0
BRDA:224,29,1,0
BRDA:241,30,0,0
BRDA:241,30,1,0
BRDA:253,31,0,0
BRDA:253,31,1,0
BRDA:259,32,0,0
BRDA:259,32,1,0
BRDA:260,33,0,0
BRDA:260,33,1,0
BRDA:263,34,0,0
BRDA:263,34,1,0
BRDA:267,35,0,0
BRDA:267,35,1,0
BRDA:284,36,0,0
BRDA:284,36,1,0
BRDA:295,37,0,0
BRDA:295,37,1,0
BRDA:296,38,0,0
BRDA:296,38,1,0
BRDA:304,39,0,0
BRDA:304,39,1,0
BRDA:304,40,0,0
BRDA:304,40,1,0
BRDA:307,41,0,0
BRDA:307,41,1,0
BRDA:307,42,0,0
BRDA:307,42,1,0
BRDA:320,43,0,0
BRDA:320,43,1,0
BRDA:325,44,0,0
BRDA:325,44,1,0
BRDA:326,45,0,0
BRDA:326,45,1,0
BRDA:329,46,0,0
BRDA:329,46,1,0
BRDA:333,47,0,0
BRDA:333,47,1,0
BRDA:341,48,0,0
BRDA:341,48,1,0
BRDA:341,49,0,0
BRDA:341,49,1,0
BRDA:351,50,0,0
BRDA:351,50,1,0
BRDA:363,51,0,0
BRDA:363,51,1,0
BRDA:375,52,0,0
BRDA:375,52,1,0
BRDA:384,53,0,0
BRDA:384,53,1,0
BRDA:390,54,0,0
BRDA:390,54,1,0
BRDA:391,55,0,0
BRDA:391,55,1,0
BRDA:394,56,0,0
BRDA:394,56,1,0
BRDA:398,57,0,0
BRDA:398,57,1,0
BRDA:407,58,0,0
BRDA:407,58,1,0
BRDA:408,59,0,0
BRDA:408,59,1,0
BRF:121
BRH:0
end_of_record
TN:
SF:app/(app)/alunos/index.tsx
FN:16,normalizar
FN:24,AlunosIndex
FN:36,(anonymous_2)
FN:42,(anonymous_3)
FN:45,(anonymous_4)
FN:49,(anonymous_5)
FN:53,(anonymous_6)
FN:61,(anonymous_7)
FN:64,(anonymous_8)
FN:67,(anonymous_9)
FN:68,(anonymous_10)
FN:73,(anonymous_11)
FN:75,(anonymous_12)
FN:84,(anonymous_13)
FN:93,horariosDoModulo
FN:95,(anonymous_15)
FN:96,(anonymous_16)
FN:103,limparFiltros
FN:132,(anonymous_18)
FN:150,(anonymous_19)
FN:156,(anonymous_20)
FN:160,(anonymous_21)
FN:164,(anonymous_22)
FN:184,(anonymous_23)
FN:201,(anonymous_24)
FN:205,(anonymous_25)
FNF:26
FNH:0
FNDA:0,normalizar
FNDA:0,AlunosIndex
FNDA:0,(anonymous_2)
FNDA:0,(anonymous_3)
FNDA:0,(anonymous_4)
FNDA:0,(anonymous_5)
FNDA:0,(anonymous_6)
FNDA:0,(anonymous_7)
FNDA:0,(anonymous_8)
FNDA:0,(anonymous_9)
FNDA:0,(anonymous_10)
FNDA:0,(anonymous_11)
FNDA:0,(anonymous_12)
FNDA:0,(anonymous_13)
FNDA:0,horariosDoModulo
FNDA:0,(anonymous_15)
FNDA:0,(anonymous_16)
FNDA:0,limparFiltros
FNDA:0,(anonymous_18)
FNDA:0,(anonymous_19)
FNDA:0,(anonymous_20)
FNDA:0,(anonymous_21)
FNDA:0,(anonymous_22)
FNDA:0,(anonymous_23)
FNDA:0,(anonymous_24)
FNDA:0,(anonymous_25)
DA:12,0
DA:13,0
DA:17,0
DA:25,0
DA:26,0
DA:27,0
DA:28,0
DA:29,0
DA:30,0
DA:31,0
DA:32,0
DA:33,0
DA:35,0
DA:37,0
DA:38,0
DA:39,0
DA:41,0
DA:43,0
DA:46,0
DA:47,0
DA:50,0
DA:53,0
DA:54,0
DA:61,0
DA:62,0
DA:63,0
DA:65,0
DA:67,0
DA:68,0
DA:69,0
DA:73,0
DA:74,0
DA:75,0
DA:76,0
DA:77,0
DA:78,0
DA:79,0
DA:80,0
DA:84,0
DA:85,0
DA:86,0
DA:87,0
DA:88,0
DA:90,0
DA:94,0
DA:95,0
DA:96,0
DA:100,0
DA:101,0
DA:104,0
DA:105,0
DA:106,0
DA:109,0
DA:110,0
DA:113,0
DA:114,0
DA:124,0
DA:132,0
DA:150,0
DA:156,0
DA:161,0
DA:164,0
DA:185,0
DA:186,0
DA:187,0
DA:202,0
DA:205,0
DA:228,0
LF:68
LH:0
BRDA:43,0,0,0
BRDA:43,0,1,0
BRDA:47,1,0,0
BRDA:47,1,1,0
BRDA:50,2,0,0
BRDA:50,2,1,0
BRDA:65,3,0,0
BRDA:65,3,1,0
BRDA:76,4,0,0
BRDA:76,4,1,0
BRDA:76,5,0,0
BRDA:76,5,1,0
BRDA:77,6,0,0
BRDA:77,6,1,0
BRDA:77,7,0,0
BRDA:77,7,1,0
BRDA:78,8,0,0
BRDA:78,8,1,0
BRDA:78,9,0,0
BRDA:78,9,1,0
BRDA:79,10,0,0
BRDA:79,10,1,0
BRDA:79,11,0,0
BRDA:79,11,1,0
BRDA:100,12,0,0
BRDA:100,12,1,0
BRDA:100,12,2,0
BRDA:101,13,0,0
BRDA:101,13,1,0
BRDA:109,14,0,0
BRDA:109,14,1,0
BRDA:113,15,0,0
BRDA:113,15,1,0
BRDA:149,16,0,0
BRDA:149,16,1,0
BRDA:150,17,0,0
BRDA:150,17,1,0
BRDA:152,18,0,0
BRDA:152,18,1,0
BRDA:155,19,0,0
BRDA:155,19,1,0
BRDA:156,20,0,0
BRDA:156,20,1,0
BRDA:158,21,0,0
BRDA:158,21,1,0
BRDA:163,22,0,0
BRDA:163,22,1,0
BRDA:164,23,0,0
BRDA:164,23,1,0
BRDA:166,24,0,0
BRDA:166,24,1,0
BRDA:169,25,0,0
BRDA:169,25,1,0
BRDA:176,26,0,0
BRDA:176,26,1,0
BRDA:185,27,0,0
BRDA:185,27,1,0
BRDA:188,28,0,0
BRDA:188,28,1,0
BRDA:192,29,0,0
BRDA:192,29,1,0
BRDA:196,30,0,0
BRDA:196,30,1,0
BRDA:198,31,0,0
BRDA:198,31,1,0
BRDA:211,32,0,0
BRDA:211,32,1,0
BRDA:212,33,0,0
BRDA:212,33,1,0
BRF:69
BRH:0
end_of_record
TN:
SF:app/(app)/alunos/novo.tsx
FN:33,paraISO
FN:40,hojeBR
FN:47,somaMeses
FN:55,NovoAluno
FN:72,escolherPlano
FN:74,(anonymous_5)
FN:78,salvar
FN:166,(anonymous_7)
FN:170,(anonymous_8)
FN:209,(anonymous_9)
FN:213,(anonymous_10)
FN:224,(anonymous_11)
FN:226,(anonymous_12)
FN:247,(anonymous_13)
FNF:14
FNH:0
FNDA:0,paraISO
FNDA:0,hojeBR
FNDA:0,somaMeses
FNDA:0,NovoAluno
FNDA:0,escolherPlano
FNDA:0,(anonymous_5)
FNDA:0,salvar
FNDA:0,(anonymous_7)
FNDA:0,(anonymous_8)
FNDA:0,(anonymous_9)
FNDA:0,(anonymous_10)
FNDA:0,(anonymous_11)
FNDA:0,(anonymous_12)
FNDA:0,(anonymous_13)
DA:21,0
DA:23,0
DA:24,0
DA:34,0
DA:35,0
DA:36,0
DA:37,0
DA:41,0
DA:42,0
DA:43,0
DA:44,0
DA:48,0
DA:49,0
DA:50,0
DA:51,0
DA:52,0
DA:56,0
DA:57,0
DA:59,0
DA:60,0
DA:61,0
DA:62,0
DA:63,0
DA:64,0
DA:65,0
DA:66,0
DA:67,0
DA:68,0
DA:69,0
DA:70,0
DA:73,0
DA:74,0
DA:75,0
DA:79,0
DA:80,0
DA:82,0
DA:83,0
DA:84,0
DA:87,0
DA:88,0
DA:89,0
DA:90,0
DA:91,0
DA:94,0
DA:95,0
DA:96,0
DA:97,0
DA:100,0
DA:101,0
DA:102,0
DA:103,0
DA:106,0
DA:107,0
DA:108,0
DA:119,0
DA:120,0
DA:121,0
DA:123,0
DA:124,0
DA:125,0
DA:130,0
DA:134,0
DA:136,0
DA:137,0
DA:139,0
DA:143,0
DA:144,0
DA:147,0
DA:167,0
DA:170,0
DA:210,0
DA:213,0
DA:225,0
DA:226,0
DA:227,0
DA:247,0
DA:263,0
LF:77
LH:0
BRDA:35,0,0,0
BRDA:35,0,1,0
BRDA:49,1,0,0
BRDA:49,1,1,0
BRDA:74,2,0,0
BRDA:74,2,1,0
BRDA:82,3,0,0
BRDA:82,3,1,0
BRDA:89,4,0,0
BRDA:89,4,1,0
BRDA:89,5,0,0
BRDA:89,5,1,0
BRDA:94,6,0,0
BRDA:94,6,1,0
BRDA:95,7,0,0
BRDA:95,7,1,0
BRDA:95,8,0,0
BRDA:95,8,1,0
BRDA:100,9,0,0
BRDA:100,9,1,0
BRDA:101,10,0,0
BRDA:101,10,1,0
BRDA:113,11,0,0
BRDA:113,11,1,0
BRDA:114,12,0,0
BRDA:114,12,1,0
BRDA:119,13,0,0
BRDA:119,13,1,0
BRDA:127,14,0,0
BRDA:127,14,1,0
BRDA:143,15,0,0
BRDA:143,15,1,0
BRDA:150,16,0,0
BRDA:150,16,1,0
BRDA:169,17,0,0
BRDA:169,17,1,0
BRDA:172,18,0,0
BRDA:172,18,1,0
BRDA:212,19,0,0
BRDA:212,19,1,0
BRDA:215,20,0,0
BRDA:215,20,1,0
BRDA:226,21,0,0
BRDA:226,21,1,0
BRDA:242,22,0,0
BRDA:242,22,1,0
BRDA:243,23,0,0
BRDA:243,23,1,0
BRDA:246,24,0,0
BRDA:246,24,1,0
BRDA:247,25,0,0
BRDA:247,25,1,0
BRDA:250,26,0,0
BRDA:250,26,1,0
BRDA:253,27,0,0
BRDA:253,27,1,0
BRF:56
BRH:0
end_of_record
TN:
SF:app/(app)/alunos/[id]/desempenho.tsx
FN:30,hojeBR
FN:37,paraISO
FN:44,formatDataBR
FN:53,montarTimeline
FN:62,(anonymous_4)
FN:63,(anonymous_5)
FN:65,(anonymous_6)
FN:69,DesempenhoAluno
FN:90,(anonymous_8)
FN:113,(anonymous_9)
FN:118,nivelAtual
FN:121,(anonymous_11)
FN:124,marcarHabilidade
FN:133,(anonymous_13)
FN:148,abrirFormularioTeste
FN:152,(anonymous_15)
FN:155,salvarTeste
FN:202,(anonymous_17)
FN:221,(anonymous_18)
FN:240,(anonymous_19)
FN:248,(anonymous_20)
FN:254,(anonymous_21)
FN:275,(anonymous_22)
FN:279,(anonymous_23)
FN:289,(anonymous_24)
FN:295,(anonymous_25)
FN:334,(anonymous_26)
FN:338,(anonymous_27)
FN:352,(anonymous_28)
FN:353,(anonymous_29)
FNF:30
FNH:0
FNDA:0,hojeBR
FNDA:0,paraISO
FNDA:0,formatDataBR
FNDA:0,montarTimeline
FNDA:0,(anonymous_4)
FNDA:0,(anonymous_5)
FNDA:0,(anonymous_6)
FNDA:0,DesempenhoAluno
FNDA:0,(anonymous_8)
FNDA:0,(anonymous_9)
FNDA:0,nivelAtual
FNDA:0,(anonymous_11)
FNDA:0,marcarHabilidade
FNDA:0,(anonymous_13)
FNDA:0,abrirFormularioTeste
FNDA:0,(anonymous_15)
FNDA:0,salvarTeste
FNDA:0,(anonymous_17)
FNDA:0,(anonymous_18)
FNDA:0,(anonymous_19)
FNDA:0,(anonymous_20)
FNDA:0,(anonymous_21)
FNDA:0,(anonymous_22)
FNDA:0,(anonymous_23)
FNDA:0,(anonymous_24)
FNDA:0,(anonymous_25)
FNDA:0,(anonymous_26)
FNDA:0,(anonymous_27)
FNDA:0,(anonymous_28)
FNDA:0,(anonymous_29)
DA:22,0
DA:28,0
DA:31,0
DA:32,0
DA:33,0
DA:34,0
DA:38,0
DA:39,0
DA:40,0
DA:41,0
DA:45,0
DA:46,0
DA:54,0
DA:55,0
DA:56,0
DA:57,0
DA:58,0
DA:61,0
DA:62,0
DA:63,0
DA:65,0
DA:66,0
DA:70,0
DA:71,0
DA:72,0
DA:73,0
DA:75,0
DA:76,0
DA:77,0
DA:78,0
DA:79,0
DA:80,0
DA:82,0
DA:84,0
DA:85,0
DA:86,0
DA:87,0
DA:88,0
DA:90,0
DA:91,0
DA:92,0
DA:93,0
DA:94,0
DA:100,0
DA:101,0
DA:102,0
DA:103,0
DA:105,0
DA:106,0
DA:108,0
DA:112,0
DA:114,0
DA:119,0
DA:120,0
DA:121,0
DA:125,0
DA:126,0
DA:127,0
DA:128,0
DA:130,0
DA:131,0
DA:132,0
DA:133,0
DA:135,0
DA:139,0
DA:140,0
DA:142,0
DA:143,0
DA:144,0
DA:149,0
DA:150,0
DA:151,0
DA:152,0
DA:156,0
DA:157,0
DA:158,0
DA:159,0
DA:160,0
DA:168,0
DA:169,0
DA:171,0
DA:172,0
DA:174,0
DA:178,0
DA:179,0
DA:180,0
DA:186,0
DA:187,0
DA:191,0
DA:192,0
DA:202,0
DA:203,0
DA:206,0
DA:222,0
DA:241,0
DA:242,0
DA:249,0
DA:250,0
DA:254,0
DA:276,0
DA:279,0
DA:289,0
DA:295,0
DA:328,0
DA:334,0
DA:339,0
DA:340,0
DA:341,0
DA:353,0
DA:354,0
DA:389,0
LF:111
LH:0
BRDA:39,0,0,0
BRDA:39,0,1,0
BRDA:56,1,0,0
BRDA:56,1,1,0
BRDA:65,2,0,0
BRDA:65,2,1,0
BRDA:65,3,0,0
BRDA:65,3,1,0
BRDA:73,4,0,0
BRDA:73,4,1,0
BRDA:120,5,0,0
BRDA:120,5,1,0
BRDA:121,6,0,0
BRDA:121,6,1,0
BRDA:126,7,0,0
BRDA:126,7,1,0
BRDA:133,8,0,0
BRDA:133,8,1,0
BRDA:140,9,0,0
BRDA:140,9,1,0
BRDA:149,10,0,0
BRDA:149,10,1,0
BRDA:156,11,0,0
BRDA:156,11,1,0
BRDA:165,12,0,0
BRDA:165,12,1,0
BRDA:166,13,0,0
BRDA:166,13,1,0
BRDA:178,14,0,0
BRDA:178,14,1,0
BRDA:179,15,0,0
BRDA:179,15,1,0
BRDA:186,16,0,0
BRDA:186,16,1,0
BRDA:191,17,0,0
BRDA:191,17,1,0
BRDA:218,18,0,0
BRDA:218,18,1,0
BRDA:229,19,0,0
BRDA:229,19,1,0
BRDA:253,20,0,0
BRDA:253,20,1,0
BRDA:267,21,0,0
BRDA:267,21,1,0
BRDA:271,22,0,0
BRDA:271,22,1,0
BRDA:278,23,0,0
BRDA:278,23,1,0
BRDA:281,24,0,0
BRDA:281,24,1,0
BRDA:288,25,0,0
BRDA:288,25,1,0
BRDA:291,26,0,0
BRDA:291,26,1,0
BRDA:294,27,0,0
BRDA:294,27,1,0
BRDA:297,28,0,0
BRDA:297,28,1,0
BRDA:309,29,0,0
BRDA:309,29,1,0
BRDA:313,30,0,0
BRDA:313,30,1,0
BRDA:330,31,0,0
BRDA:330,31,1,0
BRDA:344,32,0,0
BRDA:344,32,1,0
BRDA:345,33,0,0
BRDA:345,33,1,0
BRDA:349,34,0,0
BRDA:349,34,1,0
BRDA:358,35,0,0
BRDA:358,35,1,0
BRDA:370,36,0,0
BRDA:370,36,1,0
BRDA:371,37,0,0
BRDA:371,37,1,0
BRDA:373,38,0,0
BRDA:373,38,1,0
BRF:78
BRH:0
end_of_record
TN:
SF:app/(app)/alunos/[id]/evolucao.tsx
FN:8,EvolucaoAlunoPorIdScreen
FNF:1
FNH:0
FNDA:0,EvolucaoAlunoPorIdScreen
DA:9,0
DA:10,0
DA:12,0
DA:13,0
DA:20,0
DA:21,0
DA:22,0
DA:28,0
DA:29,0
DA:33,0
LF:10
LH:0
BRDA:12,0,0,0
BRDA:12,0,1,0
BRDA:20,1,0,0
BRDA:20,1,1,0
BRDA:21,2,0,0
BRDA:21,2,1,0
BRDA:28,3,0,0
BRDA:28,3,1,0
BRDA:38,4,0,0
BRDA:38,4,1,0
BRDA:39,5,0,0
BRDA:39,5,1,0
BRF:12
BRH:0
end_of_record
TN:
SF:app/(app)/alunos/[id]/frequencia.tsx
FN:23,formatData
FN:28,FrequenciaAluno
FN:39,(anonymous_2)
FN:45,(anonymous_3)
FN:50,(anonymous_4)
FN:54,(anonymous_5)
FN:58,(anonymous_6)
FN:88,(anonymous_7)
FN:89,(anonymous_8)
FN:90,(anonymous_9)
FN:117,(anonymous_10)
FN:122,(anonymous_11)
FNF:12
FNH:0
FNDA:0,formatData
FNDA:0,FrequenciaAluno
FNDA:0,(anonymous_2)
FNDA:0,(anonymous_3)
FNDA:0,(anonymous_4)
FNDA:0,(anonymous_5)
FNDA:0,(anonymous_6)
FNDA:0,(anonymous_7)
FNDA:0,(anonymous_8)
FNDA:0,(anonymous_9)
FNDA:0,(anonymous_10)
FNDA:0,(anonymous_11)
DA:11,0
DA:17,0
DA:24,0
DA:25,0
DA:29,0
DA:30,0
DA:31,0
DA:33,0
DA:34,0
DA:35,0
DA:36,0
DA:38,0
DA:40,0
DA:41,0
DA:42,0
DA:44,0
DA:46,0
DA:47,0
DA:48,0
DA:51,0
DA:52,0
DA:55,0
DA:58,0
DA:59,0
DA:64,0
DA:65,0
DA:66,0
DA:72,0
DA:73,0
DA:77,0
DA:78,0
DA:88,0
DA:89,0
DA:90,0
DA:92,0
DA:117,0
DA:123,0
DA:139,0
LF:38
LH:0
BRDA:46,0,0,0
BRDA:46,0,1,0
BRDA:52,1,0,0
BRDA:52,1,1,0
BRDA:55,2,0,0
BRDA:55,2,1,0
BRDA:64,3,0,0
BRDA:64,3,1,0
BRDA:65,4,0,0
BRDA:65,4,1,0
BRDA:72,5,0,0
BRDA:72,5,1,0
BRDA:77,6,0,0
BRDA:77,6,1,0
BRDA:94,7,0,0
BRDA:94,7,1,0
BRDA:98,8,0,0
BRDA:98,8,1,0
BRDA:120,9,0,0
BRDA:120,9,1,0
BRF:20
BRH:0
end_of_record
TN:
SF:app/(app)/alunos/[id]/index.tsx
FN:52,formatDataFrequencia
FN:57,hojeBR
FN:64,paraISO
FN:71,formatDataDesempenho
FN:80,montarTimeline
FN:89,(anonymous_5)
FN:90,(anonymous_6)
FN:92,(anonymous_7)
FN:96,AlunoDetalhe
FN:120,(anonymous_9)
FN:153,(anonymous_10)
FN:158,vincular
FN:173,desvincular
FN:188,nivelAtual
FN:191,(anonymous_14)
FN:194,marcarHabilidade
FN:203,(anonymous_16)
FN:218,abrirFormularioTeste
FN:222,(anonymous_18)
FN:225,salvarTeste
FN:263,(anonymous_20)
FN:264,(anonymous_21)
FN:265,(anonymous_22)
FN:267,(anonymous_23)
FN:281,(anonymous_24)
FN:308,(anonymous_25)
FN:323,(anonymous_26)
FN:342,(anonymous_27)
FN:350,(anonymous_28)
FN:356,(anonymous_29)
FN:377,(anonymous_30)
FN:381,(anonymous_31)
FN:391,(anonymous_32)
FN:397,(anonymous_33)
FN:430,(anonymous_34)
FN:444,(anonymous_35)
FN:445,(anonymous_36)
FN:503,(anonymous_37)
FN:507,(anonymous_38)
FNF:39
FNH:0
FNDA:0,formatDataFrequencia
FNDA:0,hojeBR
FNDA:0,paraISO
FNDA:0,formatDataDesempenho
FNDA:0,montarTimeline
FNDA:0,(anonymous_5)
FNDA:0,(anonymous_6)
FNDA:0,(anonymous_7)
FNDA:0,AlunoDetalhe
FNDA:0,(anonymous_9)
FNDA:0,(anonymous_10)
FNDA:0,vincular
FNDA:0,desvincular
FNDA:0,nivelAtual
FNDA:0,(anonymous_14)
FNDA:0,marcarHabilidade
FNDA:0,(anonymous_16)
FNDA:0,abrirFormularioTeste
FNDA:0,(anonymous_18)
FNDA:0,salvarTeste
FNDA:0,(anonymous_20)
FNDA:0,(anonymous_21)
FNDA:0,(anonymous_22)
FNDA:0,(anonymous_23)
FNDA:0,(anonymous_24)
FNDA:0,(anonymous_25)
FNDA:0,(anonymous_26)
FNDA:0,(anonymous_27)
FNDA:0,(anonymous_28)
FNDA:0,(anonymous_29)
FNDA:0,(anonymous_30)
FNDA:0,(anonymous_31)
FNDA:0,(anonymous_32)
FNDA:0,(anonymous_33)
FNDA:0,(anonymous_34)
FNDA:0,(anonymous_35)
FNDA:0,(anonymous_36)
FNDA:0,(anonymous_37)
FNDA:0,(anonymous_38)
DA:32,0
DA:38,0
DA:44,0
DA:50,0
DA:53,0
DA:54,0
DA:58,0
DA:59,0
DA:60,0
DA:61,0
DA:65,0
DA:66,0
DA:67,0
DA:68,0
DA:72,0
DA:73,0
DA:81,0
DA:82,0
DA:83,0
DA:84,0
DA:85,0
DA:88,0
DA:89,0
DA:90,0
DA:92,0
DA:93,0
DA:97,0
DA:98,0
DA:99,0
DA:100,0
DA:102,0
DA:103,0
DA:104,0
DA:105,0
DA:106,0
DA:107,0
DA:108,0
DA:109,0
DA:110,0
DA:111,0
DA:113,0
DA:114,0
DA:115,0
DA:116,0
DA:117,0
DA:118,0
DA:120,0
DA:121,0
DA:122,0
DA:123,0
DA:124,0
DA:131,0
DA:132,0
DA:133,0
DA:134,0
DA:135,0
DA:137,0
DA:138,0
DA:139,0
DA:141,0
DA:142,0
DA:145,0
DA:146,0
DA:148,0
DA:152,0
DA:154,0
DA:159,0
DA:160,0
DA:161,0
DA:162,0
DA:163,0
DA:164,0
DA:166,0
DA:167,0
DA:169,0
DA:174,0
DA:175,0
DA:176,0
DA:177,0
DA:178,0
DA:179,0
DA:181,0
DA:182,0
DA:184,0
DA:189,0
DA:190,0
DA:191,0
DA:195,0
DA:196,0
DA:197,0
DA:198,0
DA:200,0
DA:201,0
DA:202,0
DA:203,0
DA:205,0
DA:209,0
DA:210,0
DA:212,0
DA:213,0
DA:214,0
DA:219,0
DA:220,0
DA:221,0
DA:222,0
DA:226,0
DA:227,0
DA:228,0
DA:229,0
DA:230,0
DA:238,0
DA:239,0
DA:241,0
DA:242,0
DA:244,0
DA:248,0
DA:249,0
DA:252,0
DA:253,0
DA:263,0
DA:264,0
DA:265,0
DA:267,0
DA:268,0
DA:270,0
DA:281,0
DA:309,0
DA:324,0
DA:343,0
DA:344,0
DA:351,0
DA:352,0
DA:356,0
DA:378,0
DA:381,0
DA:391,0
DA:397,0
DA:431,0
DA:432,0
DA:433,0
DA:445,0
DA:446,0
DA:504,0
DA:507,0
DA:525,0
LF:145
LH:0
BRDA:66,0,0,0
BRDA:66,0,1,0
BRDA:83,1,0,0
BRDA:83,1,1,0
BRDA:92,2,0,0
BRDA:92,2,1,0
BRDA:92,3,0,0
BRDA:92,3,1,0
BRDA:100,4,0,0
BRDA:100,4,1,0
BRDA:137,5,0,0
BRDA:137,5,1,0
BRDA:159,6,0,0
BRDA:159,6,1,0
BRDA:174,7,0,0
BRDA:174,7,1,0
BRDA:190,8,0,0
BRDA:190,8,1,0
BRDA:191,9,0,0
BRDA:191,9,1,0
BRDA:196,10,0,0
BRDA:196,10,1,0
BRDA:203,11,0,0
BRDA:203,11,1,0
BRDA:210,12,0,0
BRDA:210,12,1,0
BRDA:219,13,0,0
BRDA:219,13,1,0
BRDA:226,14,0,0
BRDA:226,14,1,0
BRDA:235,15,0,0
BRDA:235,15,1,0
BRDA:236,16,0,0
BRDA:236,16,1,0
BRDA:248,17,0,0
BRDA:248,17,1,0
BRDA:252,18,0,0
BRDA:252,18,1,0
BRDA:272,19,0,0
BRDA:272,19,1,0
BRDA:277,20,0,0
BRDA:277,20,1,0
BRDA:277,21,0,0
BRDA:277,21,1,0
BRDA:286,22,0,0
BRDA:286,22,1,0
BRDA:304,23,0,0
BRDA:304,23,1,0
BRDA:331,24,0,0
BRDA:331,24,1,0
BRDA:355,25,0,0
BRDA:355,25,1,0
BRDA:369,26,0,0
BRDA:369,26,1,0
BRDA:373,27,0,0
BRDA:373,27,1,0
BRDA:380,28,0,0
BRDA:380,28,1,0
BRDA:383,29,0,0
BRDA:383,29,1,0
BRDA:390,30,0,0
BRDA:390,30,1,0
BRDA:393,31,0,0
BRDA:393,31,1,0
BRDA:396,32,0,0
BRDA:396,32,1,0
BRDA:399,33,0,0
BRDA:399,33,1,0
BRDA:411,34,0,0
BRDA:411,34,1,0
BRDA:415,35,0,0
BRDA:415,35,1,0
BRDA:427,36,0,0
BRDA:427,36,1,0
BRDA:436,37,0,0
BRDA:436,37,1,0
BRDA:437,38,0,0
BRDA:437,38,1,0
BRDA:441,39,0,0
BRDA:441,39,1,0
BRDA:450,40,0,0
BRDA:450,40,1,0
BRDA:462,41,0,0
BRDA:462,41,1,0
BRDA:463,42,0,0
BRDA:463,42,1,0
BRDA:465,43,0,0
BRDA:465,43,1,0
BRDA:478,44,0,0
BRDA:478,44,1,0
BRDA:481,45,0,0
BRDA:481,45,1,0
BRDA:485,46,0,0
BRDA:485,46,1,0
BRDA:497,47,0,0
BRDA:497,47,1,0
BRDA:506,48,0,0
BRDA:506,48,1,0
BRDA:511,49,0,0
BRDA:511,49,1,0
BRF:100
BRH:0
end_of_record
TN:
SF:app/(app)/chamada/[id].tsx
FN:30,hojeISO
FN:37,dataValidaOuHoje
FN:55,ChamadaDetalhe
FN:87,(anonymous_3)
FN:115,(anonymous_4)
FN:131,(anonymous_5)
FN:144,(anonymous_6)
FN:149,marcar
FN:152,(anonymous_8)
FN:161,(anonymous_9)
FN:163,(anonymous_10)
FN:173,enviarPedido
FN:188,aprovar
FN:193,(anonymous_13)
FN:197,(anonymous_14)
FN:197,(anonymous_15)
FN:206,exportar
FN:220,recusar
FN:225,(anonymous_18)
FN:225,(anonymous_19)
FN:254,(anonymous_20)
FN:313,(anonymous_21)
FN:334,(anonymous_22)
FN:340,(anonymous_23)
FN:347,(anonymous_24)
FN:354,(anonymous_25)
FN:361,(anonymous_26)
FN:370,(anonymous_27)
FN:398,(anonymous_28)
FN:409,(anonymous_29)
FN:417,(anonymous_30)
FN:435,(anonymous_31)
FN:440,(anonymous_32)
FN:447,(anonymous_33)
FN:455,(anonymous_34)
FN:466,(anonymous_35)
FNF:36
FNH:33
FNDA:12,hojeISO
FNDA:66,dataValidaOuHoje
FNDA:66,ChamadaDetalhe
FNDA:24,(anonymous_3)
FNDA:1,(anonymous_4)
FNDA:1,(anonymous_5)
FNDA:24,(anonymous_6)
FNDA:3,marcar
FNDA:3,(anonymous_8)
FNDA:1,(anonymous_9)
FNDA:2,(anonymous_10)
FNDA:2,enviarPedido
FNDA:3,aprovar
FNDA:2,(anonymous_13)
FNDA:2,(anonymous_14)
FNDA:3,(anonymous_15)
FNDA:3,exportar
FNDA:2,recusar
FNDA:1,(anonymous_18)
FNDA:1,(anonymous_19)
FNDA:3,(anonymous_20)
FNDA:4,(anonymous_21)
FNDA:0,(anonymous_22)
FNDA:0,(anonymous_23)
FNDA:2,(anonymous_24)
FNDA:1,(anonymous_25)
FNDA:1,(anonymous_26)
FNDA:90,(anonymous_27)
FNDA:9,(anonymous_28)
FNDA:2,(anonymous_29)
FNDA:3,(anonymous_30)
FNDA:46,(anonymous_31)
FNDA:32,(anonymous_32)
FNDA:0,(anonymous_33)
FNDA:96,(anonymous_34)
FNDA:3,(anonymous_35)
DA:31,12
DA:32,12
DA:33,12
DA:34,12
DA:38,66
DA:39,64
DA:41,2
DA:49,1
DA:56,66
DA:57,66
DA:58,66
DA:59,66
DA:60,66
DA:64,66
DA:65,66
DA:66,66
DA:67,66
DA:68,66
DA:69,66
DA:70,66
DA:74,66
DA:75,66
DA:76,66
DA:77,66
DA:78,66
DA:80,66
DA:81,66
DA:83,66
DA:84,66
DA:85,66
DA:87,66
DA:88,24
DA:89,24
DA:90,24
DA:91,24
DA:92,24
DA:93,24
DA:95,24
DA:96,10
DA:97,10
DA:98,10
DA:99,1
DA:100,1
DA:101,1
DA:102,1
DA:103,1
DA:105,9
DA:106,9
DA:107,2
DA:108,2
DA:109,2
DA:110,2
DA:112,7
DA:113,7
DA:114,7
DA:115,7
DA:116,7
DA:117,7
DA:118,7
DA:121,14
DA:125,14
DA:127,14
DA:128,14
DA:129,14
DA:131,1
DA:134,14
DA:136,0
DA:137,0
DA:139,24
DA:143,66
DA:145,24
DA:150,3
DA:151,3
DA:152,3
DA:153,3
DA:154,3
DA:161,1
DA:163,2
DA:164,2
DA:165,1
DA:167,1
DA:168,1
DA:174,2
DA:175,2
DA:176,2
DA:177,2
DA:178,2
DA:179,1
DA:181,1
DA:182,1
DA:184,2
DA:189,3
DA:190,3
DA:191,3
DA:192,3
DA:193,2
DA:197,3
DA:199,1
DA:200,1
DA:202,3
DA:207,3
DA:208,3
DA:209,3
DA:210,3
DA:211,3
DA:213,1
DA:214,1
DA:216,3
DA:221,2
DA:222,2
DA:223,2
DA:224,2
DA:225,1
DA:227,1
DA:228,1
DA:230,2
DA:234,66
DA:235,24
DA:245,42
DA:246,12
DA:254,3
DA:304,30
DA:313,4
DA:334,0
DA:340,0
DA:347,2
DA:354,1
DA:361,1
DA:371,90
DA:399,9
DA:400,9
DA:409,2
DA:417,3
DA:435,46
DA:441,32
DA:442,32
DA:447,0
DA:456,96
DA:457,96
DA:466,3
DA:484,1
LF:141
LH:136
BRDA:38,0,0,64
BRDA:38,0,1,2
BRDA:38,1,0,66
BRDA:38,1,1,66
BRDA:95,2,0,10
BRDA:95,2,1,14
BRDA:96,3,0,10
BRDA:96,3,1,9
BRDA:96,4,0,9
BRDA:96,4,1,1
BRDA:98,5,0,1
BRDA:98,5,1,9
BRDA:106,6,0,2
BRDA:106,6,1,7
BRDA:112,7,0,7
BRDA:112,7,1,0
BRDA:116,8,0,1
BRDA:116,8,1,6
BRDA:122,9,0,14
BRDA:122,9,1,0
BRDA:150,10,0,0
BRDA:150,10,1,3
BRDA:152,11,0,3
BRDA:152,11,1,2
BRDA:158,12,0,3
BRDA:158,12,1,0
BRDA:159,13,0,3
BRDA:159,13,1,2
BRDA:164,14,0,1
BRDA:164,14,1,1
BRDA:174,15,0,0
BRDA:174,15,1,2
BRDA:174,16,0,2
BRDA:174,16,1,2
BRDA:192,17,0,3
BRDA:192,17,1,0
BRDA:234,18,0,24
BRDA:234,18,1,42
BRDA:245,19,0,12
BRDA:245,19,1,30
BRDA:248,20,0,12
BRDA:248,20,1,0
BRDA:251,21,0,2
BRDA:251,21,1,10
BRDA:253,22,0,1
BRDA:253,22,1,1
BRDA:258,23,0,1
BRDA:258,23,1,11
BRDA:264,24,0,3
BRDA:264,24,1,9
BRDA:268,25,0,1
BRDA:268,25,1,8
BRDA:271,26,0,1
BRDA:271,26,1,0
BRDA:280,27,0,2
BRDA:280,27,1,6
BRDA:288,28,0,6
BRDA:288,28,1,0
BRDA:292,29,0,0
BRDA:292,29,1,6
BRDA:306,30,0,30
BRDA:306,30,1,0
BRDA:312,31,0,30
BRDA:312,31,1,0
BRDA:316,32,0,0
BRDA:316,32,1,30
BRDA:324,33,0,1
BRDA:324,33,1,29
BRDA:378,34,0,3
BRDA:378,34,1,27
BRDA:384,35,0,1
BRDA:384,35,1,29
BRDA:395,36,0,8
BRDA:395,36,1,22
BRDA:408,37,0,9
BRDA:408,37,1,0
BRDA:416,38,0,9
BRDA:416,38,1,0
BRDA:420,39,0,0
BRDA:420,39,1,9
BRDA:463,40,0,5
BRDA:463,40,1,91
BRDA:464,41,0,96
BRDA:464,41,1,3
BRF:84
BRH:68
end_of_record
TN:
SF:app/(app)/chamada/disponibilidade.tsx
FN:18,formatHora
FN:22,DisponibilidadeParticularScreen
FN:33,(anonymous_2)
FN:40,(anonymous_3)
FN:43,(anonymous_4)
FN:47,(anonymous_5)
FN:51,(anonymous_6)
FN:57,adicionar
FN:88,remover
FN:92,(anonymous_9)
FN:92,(anonymous_10)
FN:125,(anonymous_11)
FN:129,(anonymous_12)
FN:157,(anonymous_13)
FN:162,(anonymous_14)
FNF:15
FNH:0
FNDA:0,formatHora
FNDA:0,DisponibilidadeParticularScreen
FNDA:0,(anonymous_2)
FNDA:0,(anonymous_3)
FNDA:0,(anonymous_4)
FNDA:0,(anonymous_5)
FNDA:0,(anonymous_6)
FNDA:0,adicionar
FNDA:0,remover
FNDA:0,(anonymous_9)
FNDA:0,(anonymous_10)
FNDA:0,(anonymous_11)
FNDA:0,(anonymous_12)
FNDA:0,(anonymous_13)
FNDA:0,(anonymous_14)
DA:16,0
DA:19,0
DA:23,0
DA:25,0
DA:26,0
DA:27,0
DA:28,0
DA:29,0
DA:30,0
DA:32,0
DA:34,0
DA:35,0
DA:36,0
DA:37,0
DA:39,0
DA:41,0
DA:44,0
DA:45,0
DA:48,0
DA:51,0
DA:52,0
DA:58,0
DA:59,0
DA:60,0
DA:61,0
DA:64,0
DA:65,0
DA:66,0
DA:67,0
DA:68,0
DA:69,0
DA:70,0
DA:72,0
DA:74,0
DA:75,0
DA:76,0
DA:84,0
DA:89,0
DA:90,0
DA:91,0
DA:92,0
DA:94,0
DA:95,0
DA:99,0
DA:100,0
DA:103,0
DA:104,0
DA:114,0
DA:126,0
DA:129,0
DA:158,0
DA:162,0
DA:175,0
LF:53
LH:0
BRDA:34,0,0,0
BRDA:34,0,1,0
BRDA:41,1,0,0
BRDA:41,1,1,0
BRDA:45,2,0,0
BRDA:45,2,1,0
BRDA:48,3,0,0
BRDA:48,3,1,0
BRDA:58,4,0,0
BRDA:58,4,1,0
BRDA:59,5,0,0
BRDA:59,5,1,0
BRDA:74,6,0,0
BRDA:74,6,1,0
BRDA:74,6,2,0
BRDA:74,6,3,0
BRDA:75,7,0,0
BRDA:75,7,1,0
BRDA:75,8,0,0
BRDA:75,8,1,0
BRDA:75,8,2,0
BRDA:77,9,0,0
BRDA:77,9,1,0
BRDA:79,10,0,0
BRDA:79,10,1,0
BRDA:99,11,0,0
BRDA:99,11,1,0
BRDA:103,12,0,0
BRDA:103,12,1,0
BRDA:128,13,0,0
BRDA:128,13,1,0
BRDA:131,14,0,0
BRDA:131,14,1,0
BRDA:145,15,0,0
BRDA:145,15,1,0
BRDA:146,16,0,0
BRDA:146,16,1,0
BRDA:150,17,0,0
BRDA:150,17,1,0
BRDA:153,18,0,0
BRDA:153,18,1,0
BRF:41
BRH:0
end_of_record
TN:
SF:app/(app)/chamada/index.tsx
FN:35,formatHora
FN:39,formatModulos
FN:43,ChamadaIndex
FN:73,(anonymous_3)
FN:76,(anonymous_4)
FN:79,(anonymous_5)
FN:80,(anonymous_6)
FN:92,(anonymous_7)
FN:95,(anonymous_8)
FN:98,(anonymous_9)
FN:99,(anonymous_10)
FN:104,(anonymous_11)
FN:107,(anonymous_12)
FN:110,(anonymous_13)
FN:111,(anonymous_14)
FN:119,(anonymous_15)
FN:122,(anonymous_16)
FN:125,(anonymous_17)
FN:126,(anonymous_18)
FN:132,(anonymous_19)
FN:134,eventosNoDia
FN:135,(anonymous_21)
FN:138,particularesNoDia
FN:139,(anonymous_23)
FN:145,confirmarExclusaoParticular
FN:154,(anonymous_25)
FN:156,(anonymous_26)
FN:156,(anonymous_27)
FN:156,(anonymous_28)
FN:157,(anonymous_29)
FN:165,(anonymous_30)
FN:171,(anonymous_31)
FN:174,(anonymous_32)
FN:178,(anonymous_33)
FN:182,(anonymous_34)
FN:188,navegarPeriodo
FN:190,(anonymous_36)
FN:193,(anonymous_37)
FN:196,abrirPicker
FN:205,navegarPickerMes
FN:206,(anonymous_40)
FN:209,selecionarDataPicker
FN:243,(anonymous_42)
FN:254,(anonymous_43)
FN:261,(anonymous_44)
FN:271,(anonymous_45)
FN:290,(anonymous_46)
FN:304,(anonymous_47)
FN:316,(anonymous_48)
FN:325,(anonymous_49)
FN:332,(anonymous_50)
FN:340,(anonymous_51)
FN:351,(anonymous_52)
FN:354,(anonymous_53)
FN:364,(anonymous_54)
FN:371,(anonymous_55)
FN:381,(anonymous_56)
FN:389,(anonymous_57)
FN:396,(anonymous_58)
FN:410,(anonymous_59)
FN:417,(anonymous_60)
FN:428,(anonymous_61)
FN:439,(anonymous_62)
FN:466,(anonymous_63)
FN:481,(anonymous_64)
FN:487,(anonymous_65)
FN:510,(anonymous_66)
FN:515,(anonymous_67)
FN:520,(anonymous_68)
FN:550,(anonymous_69)
FN:558,(anonymous_70)
FN:562,(anonymous_71)
FNF:72
FNH:36
FNDA:1,formatHora
FNDA:1,formatModulos
FNDA:18,ChamadaIndex
FNDA:3,(anonymous_3)
FNDA:3,(anonymous_4)
FNDA:0,(anonymous_5)
FNDA:3,(anonymous_6)
FNDA:3,(anonymous_7)
FNDA:3,(anonymous_8)
FNDA:0,(anonymous_9)
FNDA:3,(anonymous_10)
FNDA:4,(anonymous_11)
FNDA:4,(anonymous_12)
FNDA:0,(anonymous_13)
FNDA:4,(anonymous_14)
FNDA:4,(anonymous_15)
FNDA:4,(anonymous_16)
FNDA:0,(anonymous_17)
FNDA:4,(anonymous_18)
FNDA:8,(anonymous_19)
FNDA:151,eventosNoDia
FNDA:96,(anonymous_21)
FNDA:151,particularesNoDia
FNDA:0,(anonymous_23)
FNDA:0,confirmarExclusaoParticular
FNDA:0,(anonymous_25)
FNDA:0,(anonymous_26)
FNDA:0,(anonymous_27)
FNDA:0,(anonymous_28)
FNDA:0,(anonymous_29)
FNDA:6,(anonymous_30)
FNDA:6,(anonymous_31)
FNDA:0,(anonymous_32)
FNDA:6,(anonymous_33)
FNDA:6,(anonymous_34)
FNDA:0,navegarPeriodo
FNDA:0,(anonymous_36)
FNDA:0,(anonymous_37)
FNDA:0,abrirPicker
FNDA:0,navegarPickerMes
FNDA:0,(anonymous_40)
FNDA:0,selecionarDataPicker
FNDA:0,(anonymous_42)
FNDA:0,(anonymous_43)
FNDA:1,(anonymous_44)
FNDA:0,(anonymous_45)
FNDA:0,(anonymous_46)
FNDA:0,(anonymous_47)
FNDA:0,(anonymous_48)
FNDA:0,(anonymous_49)
FNDA:0,(anonymous_50)
FNDA:0,(anonymous_51)
FNDA:0,(anonymous_52)
FNDA:0,(anonymous_53)
FNDA:70,(anonymous_54)
FNDA:70,(anonymous_55)
FNDA:3,(anonymous_56)
FNDA:0,(anonymous_57)
FNDA:6,(anonymous_58)
FNDA:14,(anonymous_59)
FNDA:70,(anonymous_60)
FNDA:0,(anonymous_61)
FNDA:0,(anonymous_62)
FNDA:6,(anonymous_63)
FNDA:0,(anonymous_64)
FNDA:0,(anonymous_65)
FNDA:1,(anonymous_66)
FNDA:6,(anonymous_67)
FNDA:0,(anonymous_68)
FNDA:2,(anonymous_69)
FNDA:1,(anonymous_70)
FNDA:1,(anonymous_71)
DA:32,1
DA:33,1
DA:36,1
DA:40,1
DA:44,18
DA:45,18
DA:46,18
DA:47,18
DA:48,18
DA:49,18
DA:50,18
DA:51,18
DA:52,18
DA:53,18
DA:54,18
DA:55,18
DA:56,18
DA:57,18
DA:58,18
DA:60,18
DA:61,18
DA:62,18
DA:63,18
DA:65,18
DA:66,18
DA:68,18
DA:69,18
DA:73,18
DA:74,3
DA:75,3
DA:77,3
DA:79,0
DA:80,3
DA:81,3
DA:85,18
DA:86,18
DA:87,0
DA:88,0
DA:89,0
DA:92,18
DA:93,3
DA:94,3
DA:96,3
DA:98,0
DA:99,3
DA:100,3
DA:104,18
DA:105,4
DA:106,4
DA:108,4
DA:110,0
DA:111,4
DA:112,4
DA:118,18
DA:120,4
DA:121,4
DA:123,4
DA:125,0
DA:126,4
DA:127,4
DA:132,18
DA:135,151
DA:139,151
DA:142,18
DA:143,18
DA:146,0
DA:155,0
DA:156,0
DA:157,0
DA:164,18
DA:166,6
DA:167,6
DA:168,6
DA:170,6
DA:172,6
DA:175,0
DA:176,0
DA:179,6
DA:182,6
DA:183,6
DA:189,0
DA:190,0
DA:191,0
DA:193,0
DA:197,0
DA:198,0
DA:199,0
DA:201,0
DA:202,0
DA:206,0
DA:210,0
DA:211,0
DA:212,0
DA:213,0
DA:216,18
DA:217,6
DA:228,12
DA:243,0
DA:254,0
DA:261,1
DA:271,0
DA:290,0
DA:304,0
DA:316,0
DA:326,0
DA:333,0
DA:334,0
DA:335,0
DA:340,0
DA:351,0
DA:354,0
DA:365,70
DA:372,70
DA:373,70
DA:374,70
DA:375,70
DA:376,70
DA:382,3
DA:383,3
DA:389,0
DA:397,6
DA:411,14
DA:418,70
DA:419,70
DA:420,70
DA:421,70
DA:422,70
DA:423,70
DA:429,0
DA:430,0
DA:440,0
DA:467,6
DA:482,0
DA:487,0
DA:510,1
DA:516,6
DA:520,0
DA:544,12
DA:550,2
DA:559,1
DA:562,1
DA:574,1
LF:142
LH:95
BRDA:40,0,0,0
BRDA:40,0,1,1
BRDA:46,1,0,18
BRDA:46,1,1,0
BRDA:68,2,0,16
BRDA:68,2,1,2
BRDA:69,3,0,16
BRDA:69,3,1,2
BRDA:77,4,0,3
BRDA:77,4,1,0
BRDA:87,5,0,0
BRDA:87,5,1,0
BRDA:96,6,0,3
BRDA:96,6,1,0
BRDA:108,7,0,4
BRDA:108,7,1,0
BRDA:123,8,0,4
BRDA:123,8,1,0
BRDA:135,9,0,96
BRDA:135,9,1,15
BRDA:142,10,0,11
BRDA:142,10,1,7
BRDA:143,11,0,11
BRDA:143,11,1,7
BRDA:172,12,0,6
BRDA:172,12,1,0
BRDA:176,13,0,0
BRDA:176,13,1,0
BRDA:179,14,0,6
BRDA:179,14,1,0
BRDA:189,15,0,0
BRDA:189,15,1,0
BRDA:197,16,0,0
BRDA:197,16,1,0
BRDA:216,17,0,6
BRDA:216,17,1,12
BRDA:238,18,0,12
BRDA:238,18,1,0
BRDA:253,19,0,12
BRDA:253,19,1,10
BRDA:256,20,0,12
BRDA:256,20,1,10
BRDA:260,21,0,12
BRDA:260,21,1,2
BRDA:263,22,0,12
BRDA:263,22,1,2
BRDA:284,23,0,10
BRDA:284,23,1,2
BRDA:298,24,0,0
BRDA:298,24,1,12
BRDA:339,25,0,0
BRDA:339,25,1,0
BRDA:339,26,0,0
BRDA:339,26,1,0
BRDA:342,27,0,0
BRDA:342,27,1,0
BRDA:361,28,0,10
BRDA:361,28,1,2
BRDA:373,29,0,70
BRDA:373,29,1,70
BRDA:380,30,0,70
BRDA:380,30,1,10
BRDA:386,31,0,70
BRDA:386,31,1,10
BRDA:387,32,0,0
BRDA:387,32,1,70
BRDA:394,33,0,6
BRDA:394,33,1,64
BRDA:394,34,0,70
BRDA:394,34,1,64
BRDA:399,35,0,0
BRDA:399,35,1,6
BRDA:427,36,0,70
BRDA:427,36,1,2
BRDA:427,37,0,70
BRDA:427,37,1,10
BRDA:433,38,0,70
BRDA:433,38,1,2
BRDA:436,39,0,0
BRDA:436,39,1,70
BRDA:437,40,0,0
BRDA:437,40,1,70
BRDA:437,41,0,70
BRDA:437,41,1,70
BRDA:445,42,0,0
BRDA:445,42,1,0
BRDA:474,43,0,0
BRDA:474,43,1,12
BRDA:478,44,0,0
BRDA:478,44,1,0
BRDA:487,45,0,0
BRDA:487,45,1,0
BRDA:503,46,0,4
BRDA:503,46,1,8
BRDA:507,47,0,2
BRDA:507,47,1,2
BRDA:509,48,0,2
BRDA:509,48,1,2
BRDA:526,49,0,6
BRDA:526,49,1,0
BRDA:536,50,0,0
BRDA:536,50,1,12
BRDA:554,51,0,12
BRDA:554,51,1,0
BRF:104
BRH:66
end_of_record
TN:
SF:app/(app)/chamada/lista.tsx
FN:11,formatHora
FN:15,formatModulos
FN:19,ListaChamada
FN:27,(anonymous_3)
FN:33,(anonymous_4)
FN:36,(anonymous_5)
FN:40,(anonymous_6)
FN:44,(anonymous_7)
FN:78,(anonymous_8)
FN:84,(anonymous_9)
FN:85,(anonymous_10)
FNF:11
FNH:0
FNDA:0,formatHora
FNDA:0,formatModulos
FNDA:0,ListaChamada
FNDA:0,(anonymous_3)
FNDA:0,(anonymous_4)
FNDA:0,(anonymous_5)
FNDA:0,(anonymous_6)
FNDA:0,(anonymous_7)
FNDA:0,(anonymous_8)
FNDA:0,(anonymous_9)
FNDA:0,(anonymous_10)
DA:12,0
DA:16,0
DA:20,0
DA:21,0
DA:22,0
DA:23,0
DA:24,0
DA:26,0
DA:28,0
DA:29,0
DA:30,0
DA:32,0
DA:34,0
DA:37,0
DA:38,0
DA:41,0
DA:44,0
DA:45,0
DA:50,0
DA:51,0
DA:54,0
DA:55,0
DA:65,0
DA:78,0
DA:85,0
DA:98,0
LF:26
LH:0
BRDA:16,0,0,0
BRDA:16,0,1,0
BRDA:34,1,0,0
BRDA:34,1,1,0
BRDA:38,2,0,0
BRDA:38,2,1,0
BRDA:41,3,0,0
BRDA:41,3,1,0
BRDA:50,4,0,0
BRDA:50,4,1,0
BRDA:54,5,0,0
BRDA:54,5,1,0
BRDA:71,6,0,0
BRDA:71,6,1,0
BRDA:73,7,0,0
BRDA:73,7,1,0
BRDA:73,8,0,0
BRDA:73,8,1,0
BRF:18
BRH:0
end_of_record
TN:
SF:app/(app)/chamada/nova-particular.tsx
FN:29,normalizar
FN:37,formatBR
FN:41,formatHora
FN:45,NovaAulaParticular
FN:64,(anonymous_4)
FN:67,(anonymous_5)
FN:69,(anonymous_6)
FN:75,(anonymous_7)
FN:79,(anonymous_8)
FN:83,(anonymous_9)
FN:86,(anonymous_10)
FN:94,(anonymous_11)
FN:104,(anonymous_12)
FN:107,(anonymous_13)
FN:111,(anonymous_14)
FN:114,(anonymous_15)
FN:119,(anonymous_16)
FN:120,(anonymous_17)
FN:122,salvar
FN:184,(anonymous_19)
FN:205,(anonymous_20)
FN:206,(anonymous_21)
FN:223,(anonymous_22)
FN:227,(anonymous_23)
FN:236,(anonymous_24)
FN:236,(anonymous_25)
FN:244,(anonymous_26)
FN:248,(anonymous_27)
FN:260,(anonymous_28)
FN:267,(anonymous_29)
FN:271,(anonymous_30)
FN:279,(anonymous_31)
FNF:32
FNH:0
FNDA:0,normalizar
FNDA:0,formatBR
FNDA:0,formatHora
FNDA:0,NovaAulaParticular
FNDA:0,(anonymous_4)
FNDA:0,(anonymous_5)
FNDA:0,(anonymous_6)
FNDA:0,(anonymous_7)
FNDA:0,(anonymous_8)
FNDA:0,(anonymous_9)
FNDA:0,(anonymous_10)
FNDA:0,(anonymous_11)
FNDA:0,(anonymous_12)
FNDA:0,(anonymous_13)
FNDA:0,(anonymous_14)
FNDA:0,(anonymous_15)
FNDA:0,(anonymous_16)
FNDA:0,(anonymous_17)
FNDA:0,salvar
FNDA:0,(anonymous_19)
FNDA:0,(anonymous_20)
FNDA:0,(anonymous_21)
FNDA:0,(anonymous_22)
FNDA:0,(anonymous_23)
FNDA:0,(anonymous_24)
FNDA:0,(anonymous_25)
FNDA:0,(anonymous_26)
FNDA:0,(anonymous_27)
FNDA:0,(anonymous_28)
FNDA:0,(anonymous_29)
FNDA:0,(anonymous_30)
FNDA:0,(anonymous_31)
DA:30,0
DA:38,0
DA:42,0
DA:46,0
DA:47,0
DA:49,0
DA:50,0
DA:51,0
DA:52,0
DA:53,0
DA:54,0
DA:55,0
DA:56,0
DA:57,0
DA:58,0
DA:59,0
DA:60,0
DA:61,0
DA:62,0
DA:64,0
DA:65,0
DA:66,0
DA:68,0
DA:69,0
DA:70,0
DA:73,0
DA:74,0
DA:75,0
DA:76,0
DA:80,0
DA:81,0
DA:84,0
DA:86,0
DA:87,0
DA:94,0
DA:95,0
DA:96,0
DA:97,0
DA:98,0
DA:100,0
DA:101,0
DA:102,0
DA:103,0
DA:105,0
DA:108,0
DA:109,0
DA:112,0
DA:114,0
DA:115,0
DA:119,0
DA:120,0
DA:123,0
DA:125,0
DA:126,0
DA:127,0
DA:129,0
DA:130,0
DA:131,0
DA:133,0
DA:134,0
DA:135,0
DA:138,0
DA:139,0
DA:140,0
DA:141,0
DA:143,0
DA:145,0
DA:146,0
DA:152,0
DA:156,0
DA:157,0
DA:160,0
DA:161,0
DA:171,0
DA:185,0
DA:186,0
DA:206,0
DA:224,0
DA:227,0
DA:236,0
DA:245,0
DA:246,0
DA:248,0
DA:260,0
DA:268,0
DA:271,0
DA:279,0
DA:302,0
LF:88
LH:0
BRDA:68,0,0,0
BRDA:68,0,1,0
BRDA:73,1,0,0
BRDA:73,1,1,0
BRDA:75,2,0,0
BRDA:75,2,1,0
BRDA:75,3,0,0
BRDA:75,3,1,0
BRDA:84,4,0,0
BRDA:84,4,1,0
BRDA:95,5,0,0
BRDA:95,5,1,0
BRDA:105,6,0,0
BRDA:105,6,1,0
BRDA:109,7,0,0
BRDA:109,7,1,0
BRDA:112,8,0,0
BRDA:112,8,1,0
BRDA:119,9,0,0
BRDA:119,9,1,0
BRDA:120,10,0,0
BRDA:120,10,1,0
BRDA:125,11,0,0
BRDA:125,11,1,0
BRDA:129,12,0,0
BRDA:129,12,1,0
BRDA:133,13,0,0
BRDA:133,13,1,0
BRDA:140,14,0,0
BRDA:140,14,1,0
BRDA:145,15,0,0
BRDA:145,15,1,0
BRDA:145,15,2,0
BRDA:145,15,3,0
BRDA:147,16,0,0
BRDA:147,16,1,0
BRDA:156,17,0,0
BRDA:156,17,1,0
BRDA:160,18,0,0
BRDA:160,18,1,0
BRDA:174,19,0,0
BRDA:174,19,1,0
BRDA:177,20,0,0
BRDA:177,20,1,0
BRDA:202,21,0,0
BRDA:202,21,1,0
BRDA:217,22,0,0
BRDA:217,22,1,0
BRDA:219,23,0,0
BRDA:219,23,1,0
BRDA:226,24,0,0
BRDA:226,24,1,0
BRDA:229,25,0,0
BRDA:229,25,1,0
BRDA:239,26,0,0
BRDA:239,26,1,0
BRDA:253,27,0,0
BRDA:253,27,1,0
BRDA:255,28,0,0
BRDA:255,28,1,0
BRDA:257,29,0,0
BRDA:257,29,1,0
BRDA:270,30,0,0
BRDA:270,30,1,0
BRDA:273,31,0,0
BRDA:273,31,1,0
BRDA:286,32,0,0
BRDA:286,32,1,0
BRDA:289,33,0,0
BRDA:289,33,1,0
BRDA:293,34,0,0
BRDA:293,34,1,0
BRF:72
BRH:0
end_of_record
TN:
SF:app/(app)/chamada/novo-evento.tsx
FN:31,formatBR
FN:35,NovoEvento
FN:53,(anonymous_2)
FN:59,(anonymous_3)
FN:69,(anonymous_4)
FN:72,(anonymous_5)
FN:76,(anonymous_6)
FN:80,(anonymous_7)
FN:85,salvar
FN:114,confirmarExclusao
FN:122,excluir
FN:156,(anonymous_11)
FN:162,(anonymous_12)
FN:175,(anonymous_13)
FN:175,(anonymous_14)
FN:187,(anonymous_15)
FN:192,(anonymous_16)
FNF:17
FNH:0
FNDA:0,formatBR
FNDA:0,NovoEvento
FNDA:0,(anonymous_2)
FNDA:0,(anonymous_3)
FNDA:0,(anonymous_4)
FNDA:0,(anonymous_5)
FNDA:0,(anonymous_6)
FNDA:0,(anonymous_7)
FNDA:0,salvar
FNDA:0,confirmarExclusao
FNDA:0,excluir
FNDA:0,(anonymous_11)
FNDA:0,(anonymous_12)
FNDA:0,(anonymous_13)
FNDA:0,(anonymous_14)
FNDA:0,(anonymous_15)
FNDA:0,(anonymous_16)
DA:32,0
DA:36,0
DA:37,0
DA:38,0
DA:39,0
DA:41,0
DA:42,0
DA:43,0
DA:44,0
DA:45,0
DA:46,0
DA:47,0
DA:48,0
DA:49,0
DA:50,0
DA:51,0
DA:53,0
DA:54,0
DA:55,0
DA:56,0
DA:58,0
DA:60,0
DA:61,0
DA:62,0
DA:63,0
DA:64,0
DA:65,0
DA:66,0
DA:67,0
DA:69,0
DA:73,0
DA:74,0
DA:77,0
DA:80,0
DA:81,0
DA:86,0
DA:87,0
DA:88,0
DA:90,0
DA:91,0
DA:92,0
DA:93,0
DA:94,0
DA:97,0
DA:98,0
DA:99,0
DA:100,0
DA:101,0
DA:103,0
DA:105,0
DA:107,0
DA:108,0
DA:110,0
DA:115,0
DA:116,0
DA:123,0
DA:124,0
DA:125,0
DA:126,0
DA:127,0
DA:128,0
DA:130,0
DA:131,0
DA:132,0
DA:136,0
DA:138,0
DA:139,0
DA:149,0
DA:157,0
DA:158,0
DA:162,0
DA:175,0
DA:188,0
DA:189,0
DA:190,0
DA:192,0
DA:233,0
LF:77
LH:0
BRDA:58,0,0,0
BRDA:58,0,1,0
BRDA:60,1,0,0
BRDA:60,1,1,0
BRDA:62,2,0,0
BRDA:62,2,1,0
BRDA:67,3,0,0
BRDA:67,3,1,0
BRDA:69,4,0,0
BRDA:69,4,1,0
BRDA:69,4,2,0
BRDA:74,5,0,0
BRDA:74,5,1,0
BRDA:77,6,0,0
BRDA:77,6,1,0
BRDA:86,7,0,0
BRDA:86,7,1,0
BRDA:86,8,0,0
BRDA:86,8,1,0
BRDA:92,9,0,0
BRDA:92,9,1,0
BRDA:100,10,0,0
BRDA:100,10,1,0
BRDA:100,11,0,0
BRDA:100,11,1,0
BRDA:101,12,0,0
BRDA:101,12,1,0
BRDA:103,13,0,0
BRDA:103,13,1,0
BRDA:103,14,0,0
BRDA:103,14,1,0
BRDA:115,15,0,0
BRDA:115,15,1,0
BRDA:123,16,0,0
BRDA:123,16,1,0
BRDA:136,17,0,0
BRDA:136,17,1,0
BRDA:138,18,0,0
BRDA:138,18,1,0
BRDA:152,19,0,0
BRDA:152,19,1,0
BRDA:161,20,0,0
BRDA:161,20,1,0
BRDA:165,21,0,0
BRDA:165,21,1,0
BRDA:177,22,0,0
BRDA:177,22,1,0
BRDA:183,23,0,0
BRDA:183,23,1,0
BRDA:199,24,0,0
BRDA:199,24,1,0
BRDA:202,25,0,0
BRDA:202,25,1,0
BRDA:202,25,2,0
BRDA:204,26,0,0
BRDA:204,26,1,0
BRDA:206,27,0,0
BRDA:206,27,1,0
BRDA:209,28,0,0
BRDA:209,28,1,0
BRDA:213,29,0,0
BRDA:213,29,1,0
BRDA:215,30,0,0
BRDA:215,30,1,0
BRDA:215,30,2,0
BRDA:217,31,0,0
BRDA:217,31,1,0
BRDA:219,32,0,0
BRDA:219,32,1,0
BRF:69
BRH:0
end_of_record
TN:
SF:app/(app)/eventos/[id].tsx
FN:12,DetalheEvento
FN:25,(anonymous_1)
FN:31,(anonymous_2)
FN:34,(anonymous_3)
FN:36,(anonymous_4)
FN:40,(anonymous_5)
FN:44,(anonymous_6)
FN:50,confirmarExclusao
FN:57,excluir
FN:126,(anonymous_9)
FNF:10
FNH:0
FNDA:0,DetalheEvento
FNDA:0,(anonymous_1)
FNDA:0,(anonymous_2)
FNDA:0,(anonymous_3)
FNDA:0,(anonymous_4)
FNDA:0,(anonymous_5)
FNDA:0,(anonymous_6)
FNDA:0,confirmarExclusao
FNDA:0,excluir
FNDA:0,(anonymous_9)
DA:13,0
DA:14,0
DA:15,0
DA:16,0
DA:18,0
DA:19,0
DA:20,0
DA:21,0
DA:22,0
DA:24,0
DA:26,0
DA:27,0
DA:28,0
DA:30,0
DA:32,0
DA:33,0
DA:34,0
DA:37,0
DA:38,0
DA:41,0
DA:44,0
DA:45,0
DA:51,0
DA:58,0
DA:59,0
DA:60,0
DA:61,0
DA:62,0
DA:64,0
DA:65,0
DA:66,0
DA:70,0
DA:71,0
DA:81,0
DA:82,0
DA:93,0
DA:97,0
DA:126,0
DA:146,0
LF:39
LH:0
BRDA:16,0,0,0
BRDA:16,0,1,0
BRDA:32,1,0,0
BRDA:32,1,1,0
BRDA:34,2,0,0
BRDA:34,2,1,0
BRDA:38,3,0,0
BRDA:38,3,1,0
BRDA:41,4,0,0
BRDA:41,4,1,0
BRDA:70,5,0,0
BRDA:70,5,1,0
BRDA:81,6,0,0
BRDA:81,6,1,0
BRDA:86,7,0,0
BRDA:86,7,1,0
BRDA:93,8,0,0
BRDA:93,8,1,0
BRDA:102,9,0,0
BRDA:102,9,1,0
BRDA:112,10,0,0
BRDA:112,10,1,0
BRDA:120,11,0,0
BRDA:120,11,1,0
BRDA:122,12,0,0
BRDA:122,12,1,0
BRDA:132,13,0,0
BRDA:132,13,1,0
BRF:28
BRH:0
end_of_record
TN:
SF:app/(app)/eventos/index.tsx
FN:14,primeiroDiaDoMes
FN:18,ultimoDiaDoMes
FN:22,EventosIndex
FN:27,(anonymous_3)
FN:37,(anonymous_4)
FN:40,(anonymous_5)
FN:43,(anonymous_6)
FN:44,(anonymous_7)
FN:51,(anonymous_8)
FN:57,(anonymous_9)
FN:60,(anonymous_10)
FN:64,(anonymous_11)
FN:68,(anonymous_12)
FN:74,(anonymous_13)
FN:76,navegarMes
FN:77,(anonymous_15)
FN:93,(anonymous_16)
FN:102,(anonymous_17)
FN:111,(anonymous_18)
FN:121,(anonymous_19)
FN:151,(anonymous_20)
FN:157,(anonymous_21)
FN:158,(anonymous_22)
FNF:23
FNH:0
FNDA:0,primeiroDiaDoMes
FNDA:0,ultimoDiaDoMes
FNDA:0,EventosIndex
FNDA:0,(anonymous_3)
FNDA:0,(anonymous_4)
FNDA:0,(anonymous_5)
FNDA:0,(anonymous_6)
FNDA:0,(anonymous_7)
FNDA:0,(anonymous_8)
FNDA:0,(anonymous_9)
FNDA:0,(anonymous_10)
FNDA:0,(anonymous_11)
FNDA:0,(anonymous_12)
FNDA:0,(anonymous_13)
FNDA:0,navegarMes
FNDA:0,(anonymous_15)
FNDA:0,(anonymous_16)
FNDA:0,(anonymous_17)
FNDA:0,(anonymous_18)
FNDA:0,(anonymous_19)
FNDA:0,(anonymous_20)
FNDA:0,(anonymous_21)
FNDA:0,(anonymous_22)
DA:15,0
DA:19,0
DA:23,0
DA:24,0
DA:25,0
DA:27,0
DA:28,0
DA:29,0
DA:30,0
DA:31,0
DA:33,0
DA:34,0
DA:36,0
DA:38,0
DA:39,0
DA:41,0
DA:43,0
DA:44,0
DA:45,0
DA:50,0
DA:52,0
DA:53,0
DA:54,0
DA:56,0
DA:58,0
DA:61,0
DA:62,0
DA:65,0
DA:68,0
DA:69,0
DA:74,0
DA:77,0
DA:81,0
DA:93,0
DA:102,0
DA:111,0
DA:122,0
DA:134,0
DA:135,0
DA:145,0
DA:151,0
DA:158,0
DA:176,0
LF:43
LH:0
BRDA:25,0,0,0
BRDA:25,0,1,0
BRDA:41,1,0,0
BRDA:41,1,1,0
BRDA:58,2,0,0
BRDA:58,2,1,0
BRDA:62,3,0,0
BRDA:62,3,1,0
BRDA:65,4,0,0
BRDA:65,4,1,0
BRDA:91,5,0,0
BRDA:91,5,1,0
BRDA:119,6,0,0
BRDA:119,6,1,0
BRDA:130,7,0,0
BRDA:130,7,1,0
BRDA:134,8,0,0
BRDA:134,8,1,0
BRDA:155,9,0,0
BRDA:155,9,1,0
BRDA:163,10,0,0
BRDA:163,10,1,0
BRF:22
BRH:0
end_of_record
TN:
SF:app/(auth)/_layout.tsx
FN:5,AuthLayout
FNF:1
FNH:0
FNDA:0,AuthLayout
DA:6,0
DA:7,0
DA:8,0
DA:10,0
DA:11,0
DA:14,0
DA:15,0
DA:18,0
LF:8
LH:0
BRDA:10,0,0,0
BRDA:10,0,1,0
BRDA:14,1,0,0
BRDA:14,1,1,0
BRDA:14,2,0,0
BRDA:14,2,1,0
BRF:6
BRH:0
end_of_record
TN:
SF:app/(auth)/login.tsx
FN:22,Login
FN:41,handleSubmit
FN:52,handleForgotPassword
FN:145,(anonymous_3)
FNF:4
FNH:3
FNDA:23,Login
FNDA:2,handleSubmit
FNDA:3,handleForgotPassword
FNDA:0,(anonymous_3)
DA:23,23
DA:24,23
DA:25,23
DA:26,23
DA:27,23
DA:28,23
DA:29,23
DA:30,23
DA:31,23
DA:32,23
DA:33,23
DA:34,23
DA:35,23
DA:36,23
DA:37,23
DA:39,23
DA:42,2
DA:43,2
DA:44,2
DA:45,2
DA:46,2
DA:47,2
DA:48,1
DA:53,3
DA:54,3
DA:56,3
DA:57,1
DA:58,1
DA:61,2
DA:62,2
DA:63,2
DA:65,2
DA:66,1
DA:67,1
DA:70,1
DA:73,23
DA:145,0
DA:155,1
LF:38
LH:37
BRDA:28,0,0,23
BRDA:28,0,1,0
BRDA:30,1,0,23
BRDA:30,1,1,23
BRDA:30,1,2,23
BRDA:31,2,0,0
BRDA:31,2,1,23
BRDA:47,3,0,1
BRDA:47,3,1,1
BRDA:56,4,0,1
BRDA:56,4,1,2
BRDA:65,5,0,1
BRDA:65,5,1,1
BRDA:74,6,0,23
BRDA:74,6,1,0
BRDA:77,7,0,23
BRDA:77,7,1,0
BRDA:105,8,0,3
BRDA:105,8,1,20
BRDA:110,9,0,1
BRDA:110,9,1,22
BRDA:118,10,0,23
BRDA:118,10,1,23
BRDA:118,10,2,13
BRDA:118,10,3,19
BRDA:120,11,0,23
BRDA:120,11,1,23
BRDA:120,11,2,13
BRDA:122,12,0,0
BRDA:122,12,1,23
BRDA:135,13,0,0
BRDA:135,13,1,23
BRF:32
BRH:26
end_of_record
TN:
SF:app/(auth)/reset-password.tsx
FN:22,(anonymous_0)
FN:23,(anonymous_1)
FN:24,(anonymous_2)
FN:25,(anonymous_3)
FN:28,getTextoParam
FN:38,paramsDoFragmento
FN:45,(anonymous_6)
FN:52,ResetPassword
FN:65,(anonymous_8)
FN:68,(anonymous_9)
FN:71,validarLink
FN:96,(anonymous_11)
FN:97,(anonymous_12)
FN:101,(anonymous_13)
FN:152,(anonymous_14)
FN:157,salvar
FN:207,(anonymous_16)
FN:214,(anonymous_17)
FN:262,(anonymous_18)
FNF:19
FNH:16
FNDA:50,(anonymous_0)
FNDA:34,(anonymous_1)
FNDA:34,(anonymous_2)
FNDA:34,(anonymous_3)
FNDA:52,getTextoParam
FNDA:1,paramsDoFragmento
FNDA:3,(anonymous_6)
FNDA:29,ResetPassword
FNDA:68,(anonymous_8)
FNDA:8,(anonymous_9)
FNDA:8,validarLink
FNDA:0,(anonymous_11)
FNDA:0,(anonymous_12)
FNDA:0,(anonymous_13)
FNDA:8,(anonymous_14)
FNDA:3,salvar
FNDA:5,(anonymous_16)
FNDA:84,(anonymous_17)
FNDA:1,(anonymous_18)
DA:21,1
DA:22,50
DA:23,34
DA:24,34
DA:25,34
DA:29,52
DA:30,12
DA:39,1
DA:40,1
DA:41,1
DA:42,1
DA:43,1
DA:44,2
DA:45,1
DA:46,3
DA:49,1
DA:53,29
DA:54,29
DA:56,29
DA:57,29
DA:58,29
DA:59,29
DA:60,29
DA:61,29
DA:62,29
DA:63,29
DA:65,68
DA:66,29
DA:68,29
DA:69,8
DA:72,8
DA:73,8
DA:75,8
DA:76,8
DA:77,8
DA:78,8
DA:80,8
DA:84,8
DA:86,1
DA:89,1
DA:95,1
DA:96,0
DA:97,0
DA:98,0
DA:99,0
DA:101,0
DA:102,0
DA:103,0
DA:106,0
DA:109,1
DA:110,1
DA:111,1
DA:112,1
DA:113,1
DA:116,8
DA:117,8
DA:118,5
DA:119,5
DA:120,4
DA:121,4
DA:124,3
DA:125,1
DA:126,1
DA:127,1
DA:128,1
DA:131,2
DA:132,2
DA:135,2
DA:136,2
DA:143,1
DA:144,1
DA:146,8
DA:150,8
DA:152,8
DA:153,8
DA:158,3
DA:159,3
DA:161,3
DA:162,0
DA:163,0
DA:166,3
DA:167,0
DA:168,0
DA:171,3
DA:172,1
DA:173,1
DA:176,2
DA:177,2
DA:178,2
DA:180,2
DA:181,1
DA:182,1
DA:185,1
DA:188,29
DA:208,5
DA:209,5
DA:215,84
DA:216,84
DA:217,84
DA:262,1
DA:273,1
LF:101
LH:89
BRDA:29,0,0,40
BRDA:29,0,1,12
BRDA:30,1,0,0
BRDA:30,1,1,12
BRDA:39,2,0,0
BRDA:39,2,1,1
BRDA:44,3,0,1
BRDA:44,3,1,1
BRDA:66,4,0,29
BRDA:66,4,1,13
BRDA:80,5,0,8
BRDA:80,5,1,6
BRDA:80,5,2,6
BRDA:84,6,0,1
BRDA:84,6,1,7
BRDA:84,7,0,8
BRDA:84,7,1,3
BRDA:84,7,2,3
BRDA:86,8,0,0
BRDA:86,8,1,1
BRDA:86,9,0,1
BRDA:86,9,1,0
BRDA:95,10,0,0
BRDA:95,10,1,1
BRDA:95,11,0,1
BRDA:95,11,1,1
BRDA:95,11,2,0
BRDA:95,11,3,0
BRDA:109,12,0,1
BRDA:109,12,1,1
BRDA:110,13,0,1
BRDA:110,13,1,0
BRDA:111,14,0,1
BRDA:111,14,1,0
BRDA:112,15,0,1
BRDA:112,15,1,0
BRDA:113,16,0,1
BRDA:113,16,1,1
BRDA:113,16,2,1
BRDA:113,16,3,1
BRDA:117,17,0,5
BRDA:117,17,1,3
BRDA:117,18,0,8
BRDA:117,18,1,5
BRDA:119,19,0,1
BRDA:119,19,1,4
BRDA:120,20,0,4
BRDA:120,20,1,0
BRDA:124,21,0,1
BRDA:124,21,1,2
BRDA:124,22,0,3
BRDA:124,22,1,1
BRDA:126,23,0,0
BRDA:126,23,1,1
BRDA:127,24,0,1
BRDA:127,24,1,0
BRDA:131,25,0,2
BRDA:131,25,1,0
BRDA:135,26,0,2
BRDA:135,26,1,0
BRDA:137,27,0,2
BRDA:137,27,1,0
BRDA:144,28,0,1
BRDA:144,28,1,0
BRDA:146,29,0,8
BRDA:146,29,1,0
BRDA:161,30,0,0
BRDA:161,30,1,3
BRDA:166,31,0,0
BRDA:166,31,1,3
BRDA:171,32,0,1
BRDA:171,32,1,2
BRDA:180,33,0,1
BRDA:180,33,1,1
BRDA:189,34,0,29
BRDA:189,34,1,0
BRDA:192,35,0,8
BRDA:192,35,1,21
BRDA:209,36,0,5
BRDA:209,36,1,0
BRDA:216,37,0,32
BRDA:216,37,1,52
BRDA:216,38,0,52
BRDA:216,38,1,0
BRDA:219,39,0,52
BRDA:219,39,1,32
BRDA:219,40,0,84
BRDA:219,40,1,52
BRDA:235,41,0,5
BRDA:235,41,1,16
BRDA:240,42,0,1
BRDA:240,42,1,20
BRDA:248,43,0,21
BRDA:248,43,1,21
BRDA:248,43,2,3
BRDA:250,44,0,21
BRDA:250,44,1,21
BRDA:252,45,0,0
BRDA:252,45,1,21
BRF:99
BRH:75
end_of_record
TN:
SF:app/(auth)/signup.tsx
FN:32,(anonymous_0)
FN:33,(anonymous_1)
FN:34,(anonymous_2)
FN:35,(anonymous_3)
FN:38,Signup
FN:56,(anonymous_5)
FN:60,handleSubmit
FN:87,(anonymous_7)
FN:128,(anonymous_8)
FN:134,(anonymous_9)
FN:164,(anonymous_10)
FN:173,(anonymous_11)
FN:184,(anonymous_12)
FN:184,(anonymous_13)
FN:214,(anonymous_14)
FNF:15
FNH:13
FNDA:63,(anonymous_0)
FNDA:47,(anonymous_1)
FNDA:47,(anonymous_2)
FNDA:47,(anonymous_3)
FNDA:32,Signup
FNDA:80,(anonymous_5)
FNDA:2,handleSubmit
FNDA:1,(anonymous_7)
FNDA:5,(anonymous_8)
FNDA:124,(anonymous_9)
FNDA:0,(anonymous_10)
FNDA:1,(anonymous_11)
FNDA:4,(anonymous_12)
FNDA:4,(anonymous_13)
FNDA:0,(anonymous_14)
DA:22,1
DA:29,1
DA:31,1
DA:32,63
DA:33,47
DA:34,47
DA:35,47
DA:39,32
DA:40,32
DA:42,32
DA:43,32
DA:44,32
DA:45,32
DA:46,32
DA:47,32
DA:48,32
DA:50,32
DA:51,32
DA:52,32
DA:54,32
DA:55,32
DA:56,80
DA:57,32
DA:58,32
DA:61,2
DA:62,2
DA:64,2
DA:65,2
DA:66,2
DA:68,2
DA:69,1
DA:70,1
DA:72,1
DA:75,32
DA:76,1
DA:87,1
DA:96,31
DA:129,5
DA:130,5
DA:135,124
DA:136,124
DA:137,124
DA:164,0
DA:173,1
DA:184,4
DA:214,0
DA:224,1
LF:47
LH:45
BRDA:57,0,0,32
BRDA:57,0,1,16
BRDA:58,1,0,32
BRDA:58,1,1,17
BRDA:58,1,2,14
BRDA:58,1,3,11
BRDA:58,1,4,8
BRDA:58,1,5,5
BRDA:62,2,0,0
BRDA:62,2,1,2
BRDA:68,3,0,1
BRDA:68,3,1,1
BRDA:75,4,0,1
BRDA:75,4,1,31
BRDA:97,5,0,31
BRDA:97,5,1,0
BRDA:130,6,0,5
BRDA:130,6,1,0
BRDA:136,7,0,64
BRDA:136,7,1,60
BRDA:136,8,0,60
BRDA:136,8,1,0
BRDA:139,9,0,60
BRDA:139,9,1,64
BRDA:139,10,0,124
BRDA:139,10,1,60
BRDA:153,11,0,1
BRDA:153,11,1,30
BRDA:153,12,0,31
BRDA:153,12,1,10
BRDA:163,13,0,31
BRDA:163,13,1,30
BRDA:166,14,0,31
BRDA:166,14,1,30
BRDA:172,15,0,31
BRDA:172,15,1,1
BRDA:175,16,0,31
BRDA:175,16,1,1
BRDA:186,17,0,31
BRDA:186,17,1,5
BRDA:187,18,0,5
BRDA:187,18,1,26
BRDA:192,19,0,1
BRDA:192,19,1,30
BRDA:200,20,0,31
BRDA:200,20,1,27
BRDA:204,21,0,0
BRDA:204,21,1,31
BRF:48
BRH:43
end_of_record
TN:
SF:src/components/DateRangePicker.tsx
FN:22,formatBR
FN:30,DateRangePicker
FN:31,(anonymous_2)
FN:40,navegarMes
FN:41,(anonymous_4)
FN:44,tocarDia
FN:70,(anonymous_6)
FN:79,(anonymous_7)
FN:88,(anonymous_8)
FN:96,(anonymous_9)
FN:110,(anonymous_10)
FN:141,(anonymous_11)
FNF:12
FNH:0
FNDA:0,formatBR
FNDA:0,DateRangePicker
FNDA:0,(anonymous_2)
FNDA:0,navegarMes
FNDA:0,(anonymous_4)
FNDA:0,tocarDia
FNDA:0,(anonymous_6)
FNDA:0,(anonymous_7)
FNDA:0,(anonymous_8)
FNDA:0,(anonymous_9)
FNDA:0,(anonymous_10)
FNDA:0,(anonymous_11)
DA:8,0
DA:9,0
DA:23,0
DA:31,0
DA:32,0
DA:33,0
DA:37,0
DA:38,0
DA:41,0
DA:45,0
DA:46,0
DA:47,0
DA:49,0
DA:50,0
DA:51,0
DA:52,0
DA:54,0
DA:55,0
DA:56,0
DA:58,0
DA:61,0
DA:70,0
DA:79,0
DA:89,0
DA:97,0
DA:98,0
DA:99,0
DA:100,0
DA:101,0
DA:110,0
DA:141,0
DA:150,0
LF:32
LH:0
BRDA:30,0,0,0
BRDA:31,1,0,0
BRDA:31,1,1,0
BRDA:34,2,0,0
BRDA:34,2,1,0
BRDA:34,3,0,0
BRDA:34,3,1,0
BRDA:45,4,0,0
BRDA:45,4,1,0
BRDA:49,5,0,0
BRDA:49,5,1,0
BRDA:49,6,0,0
BRDA:49,6,1,0
BRDA:54,7,0,0
BRDA:54,7,1,0
BRDA:64,8,0,0
BRDA:64,8,1,0
BRDA:98,9,0,0
BRDA:98,9,1,0
BRDA:99,10,0,0
BRDA:99,10,1,0
BRDA:100,11,0,0
BRDA:100,11,1,0
BRDA:106,12,0,0
BRDA:106,12,1,0
BRDA:107,13,0,0
BRDA:107,13,1,0
BRDA:108,14,0,0
BRDA:108,14,1,0
BRDA:116,15,0,0
BRDA:116,15,1,0
BRDA:117,16,0,0
BRDA:117,16,1,0
BRDA:128,17,0,0
BRDA:128,17,1,0
BRDA:130,18,0,0
BRDA:130,18,1,0
BRDA:141,19,0,0
BRDA:141,19,1,0
BRF:39
BRH:0
end_of_record
TN:
SF:src/components/Footer.tsx
FN:10,Footer
FNF:1
FNH:1
FNDA:41,Footer
DA:8,2
DA:11,41
DA:18,2
LF:3
LH:3
BRF:0
BRH:0
end_of_record
TN:
SF:src/components/PageHeader.tsx
FN:20,PageHeader
FN:30,(anonymous_1)
FNF:2
FNH:1
FNDA:166,PageHeader
FNDA:0,(anonymous_1)
DA:21,166
DA:22,166
DA:24,166
DA:30,0
DA:49,5
LF:5
LH:4
BRDA:20,0,0,114
BRDA:20,1,0,83
BRDA:27,2,0,114
BRDA:27,2,1,52
BRDA:43,3,0,83
BRDA:43,3,1,83
BRF:6
BRH:6
end_of_record
TN:
SF:src/components/PasswordInput.tsx
FN:9,PasswordInput
FN:17,(anonymous_1)
FN:17,(anonymous_2)
FNF:3
FNH:3
FNDA:127,PasswordInput
FNDA:1,(anonymous_1)
FNDA:1,(anonymous_2)
DA:10,127
DA:12,127
DA:17,1
DA:28,3
LF:4
LH:4
BRDA:18,0,0,1
BRDA:18,0,1,126
BRDA:19,1,0,127
BRDA:19,1,1,0
BRDA:22,2,0,1
BRDA:22,2,1,126
BRF:6
BRH:5
end_of_record
TN:
SF:src/components/PersonIcon.tsx
FN:13,PersonIcon
FNF:1
FNH:0
FNDA:0,PersonIcon
DA:14,0
DA:44,5
LF:2
LH:1
BRDA:13,0,0,0
BRDA:13,1,0,0
BRF:2
BRH:0
end_of_record
TN:
SF:src/components/QuickMenu.tsx
FN:29,QuickMenu
FN:37,(anonymous_1)
FN:43,(anonymous_2)
FN:75,abrir
FN:80,fechar
FN:84,navegar
FN:89,sair
FN:134,(anonymous_7)
FN:152,(anonymous_8)
FN:153,(anonymous_9)
FNF:10
FNH:3
FNDA:83,QuickMenu
FNDA:27,(anonymous_1)
FNDA:0,(anonymous_2)
FNDA:0,abrir
FNDA:0,fechar
FNDA:0,navegar
FNDA:0,sair
FNDA:0,(anonymous_7)
FNDA:496,(anonymous_8)
FNDA:0,(anonymous_9)
DA:11,5
DA:12,5
DA:23,5
DA:30,83
DA:31,83
DA:32,83
DA:33,83
DA:34,83
DA:35,83
DA:37,83
DA:38,27
DA:39,0
DA:44,0
DA:48,83
DA:49,83
DA:51,83
DA:57,83
DA:58,61
DA:59,61
DA:62,83
DA:63,22
DA:64,22
DA:65,20
DA:73,83
DA:76,0
DA:77,0
DA:81,0
DA:85,0
DA:86,0
DA:90,0
DA:91,0
DA:94,83
DA:99,83
DA:134,0
DA:153,496
DA:182,5
LF:36
LH:26
BRDA:29,0,0,0
BRDA:38,1,0,27
BRDA:38,1,1,0
BRDA:40,2,0,0
BRDA:40,2,1,0
BRDA:44,3,0,0
BRDA:44,3,1,0
BRDA:44,4,0,0
BRDA:44,4,1,0
BRDA:49,5,0,83
BRDA:49,5,1,66
BRDA:57,6,0,61
BRDA:57,6,1,22
BRDA:62,7,0,22
BRDA:62,7,1,61
BRDA:64,8,0,20
BRDA:64,8,1,2
BRDA:104,9,0,83
BRDA:104,9,1,83
BRDA:105,10,0,83
BRDA:105,10,1,0
BRDA:133,11,0,83
BRDA:133,11,1,0
BRDA:137,12,0,83
BRDA:137,12,1,63
BRDA:137,12,2,63
BRDA:142,13,0,83
BRDA:142,13,1,63
BRDA:145,14,0,83
BRDA:145,14,1,0
BRDA:145,15,0,83
BRDA:145,15,1,0
BRDA:155,16,0,83
BRDA:155,16,1,413
BRF:34
BRH:22
end_of_record
TN:
SF:src/constants/theme.ts
FNF:0
FNH:0
DA:7,5
DA:43,5
DA:51,5
DA:60,5
DA:69,5
DA:77,5
DA:79,5
LF:7
LH:7
BRF:0
BRH:0
end_of_record
TN:
SF:src/constants/uiAssets.ts
FNF:0
FNH:0
DA:2,5
LF:1
LH:1
BRF:0
BRH:0
end_of_record
TN:
SF:src/features/alunos/api.ts
FN:38,getAlunos
FN:47,getAluno
FN:57,getPerfilVinculado
FN:69,getPerfisNaoVinculados
FN:81,(anonymous_4)
FN:82,(anonymous_5)
FN:85,vincularPerfil
FN:90,desvincularPerfil
FN:106,getFrequenciaAluno
FN:114,(anonymous_9)
FN:115,(anonymous_10)
FN:121,(anonymous_11)
FN:136,getContratoAtual
FN:152,convidarAluno
FN:157,(anonymous_14)
FN:163,criarAluno
FN:193,atualizarDadosAluno
FNF:17
FNH:0
FNDA:0,getAlunos
FNDA:0,getAluno
FNDA:0,getPerfilVinculado
FNDA:0,getPerfisNaoVinculados
FNDA:0,(anonymous_4)
FNDA:0,(anonymous_5)
FNDA:0,vincularPerfil
FNDA:0,desvincularPerfil
FNDA:0,getFrequenciaAluno
FNDA:0,(anonymous_9)
FNDA:0,(anonymous_10)
FNDA:0,(anonymous_11)
FNDA:0,getContratoAtual
FNDA:0,convidarAluno
FNDA:0,(anonymous_14)
FNDA:0,criarAluno
FNDA:0,atualizarDadosAluno
DA:39,0
DA:43,0
DA:44,0
DA:48,0
DA:53,0
DA:54,0
DA:58,0
DA:63,0
DA:64,0
DA:70,0
DA:78,0
DA:79,0
DA:81,0
DA:82,0
DA:86,0
DA:87,0
DA:91,0
DA:92,0
DA:107,0
DA:111,0
DA:113,0
DA:114,0
DA:115,0
DA:121,0
DA:122,0
DA:137,0
DA:144,0
DA:145,0
DA:153,0
DA:156,0
DA:157,0
DA:158,0
DA:160,0
DA:164,0
DA:169,0
DA:171,0
DA:177,0
DA:179,0
DA:194,0
DA:201,0
LF:40
LH:0
BRDA:43,0,0,0
BRDA:43,0,1,0
BRDA:53,1,0,0
BRDA:53,1,1,0
BRDA:63,2,0,0
BRDA:63,2,1,0
BRDA:78,3,0,0
BRDA:78,3,1,0
BRDA:79,4,0,0
BRDA:79,4,1,0
BRDA:81,5,0,0
BRDA:81,5,1,0
BRDA:82,6,0,0
BRDA:82,6,1,0
BRDA:87,7,0,0
BRDA:87,7,1,0
BRDA:92,8,0,0
BRDA:92,8,1,0
BRDA:111,9,0,0
BRDA:111,9,1,0
BRDA:113,10,0,0
BRDA:113,10,1,0
BRDA:121,11,0,0
BRDA:121,11,1,0
BRDA:121,12,0,0
BRDA:121,12,1,0
BRDA:144,13,0,0
BRDA:144,13,1,0
BRDA:156,14,0,0
BRDA:156,14,1,0
BRDA:158,15,0,0
BRDA:158,15,1,0
BRDA:169,16,0,0
BRDA:169,16,1,0
BRDA:177,17,0,0
BRDA:177,17,1,0
BRDA:201,18,0,0
BRDA:201,18,1,0
BRF:38
BRH:0
end_of_record
TN:
SF:src/features/auth/AuthProvider.tsx
FN:38,getResetRedirectUrl
FN:57,AuthProvider
FN:63,(anonymous_2)
FN:64,(anonymous_3)
FN:69,(anonymous_4)
FN:73,(anonymous_5)
FN:78,(anonymous_6)
FN:89,(anonymous_7)
FN:98,(anonymous_8)
FN:105,(anonymous_9)
FN:116,(anonymous_10)
FN:125,(anonymous_11)
FN:130,signIn
FN:138,signUp
FN:154,requestPasswordReset
FN:161,changePassword
FN:182,signOut
FN:188,(anonymous_17)
FN:195,(anonymous_18)
FN:199,(anonymous_19)
FN:201,(anonymous_20)
FN:206,(anonymous_21)
FN:212,(anonymous_22)
FN:214,(anonymous_23)
FN:222,(anonymous_24)
FN:231,(anonymous_25)
FN:242,useAuth
FNF:27
FNH:26
FNDA:1,getResetRedirectUrl
FNDA:55,AuthProvider
FNDA:15,(anonymous_2)
FNDA:15,(anonymous_3)
FNDA:1,(anonymous_4)
FNDA:15,(anonymous_5)
FNDA:23,(anonymous_6)
FNDA:8,(anonymous_7)
FNDA:8,(anonymous_8)
FNDA:31,(anonymous_9)
FNDA:7,(anonymous_10)
FNDA:7,(anonymous_11)
FNDA:1,signIn
FNDA:2,signUp
FNDA:1,requestPasswordReset
FNDA:2,changePassword
FNDA:3,signOut
FNDA:10,(anonymous_17)
FNDA:24,(anonymous_18)
FNDA:24,(anonymous_19)
FNDA:31,(anonymous_20)
FNDA:9,(anonymous_21)
FNDA:24,(anonymous_22)
FNDA:2,(anonymous_23)
FNDA:9,(anonymous_24)
FNDA:0,(anonymous_25)
FNDA:45,useAuth
DA:11,2
DA:36,2
DA:39,1
DA:41,1
DA:42,0
DA:43,0
DA:47,0
DA:48,0
DA:52,1
DA:55,2
DA:58,55
DA:59,55
DA:60,55
DA:61,55
DA:63,55
DA:64,15
DA:65,15
DA:66,15
DA:69,15
DA:70,1
DA:73,15
DA:78,55
DA:79,23
DA:80,15
DA:81,15
DA:83,8
DA:84,8
DA:90,8
DA:91,8
DA:92,0
DA:93,0
DA:94,0
DA:96,8
DA:98,8
DA:99,8
DA:105,55
DA:106,31
DA:107,24
DA:108,24
DA:110,7
DA:111,7
DA:117,7
DA:118,7
DA:119,0
DA:120,0
DA:121,0
DA:123,7
DA:125,7
DA:126,7
DA:131,1
DA:132,1
DA:139,2
DA:140,2
DA:145,2
DA:146,1
DA:148,1
DA:150,0
DA:155,1
DA:157,1
DA:158,1
DA:162,2
DA:163,2
DA:164,0
DA:167,2
DA:171,2
DA:172,1
DA:175,1
DA:176,1
DA:183,3
DA:186,55
DA:188,55
DA:189,10
DA:195,55
DA:196,24
DA:199,55
DA:200,24
DA:201,9
DA:202,31
DA:203,1
DA:206,9
DA:212,55
DA:213,24
DA:214,9
DA:215,2
DA:216,2
DA:217,1
DA:219,1
DA:222,9
DA:225,55
DA:232,0
DA:233,0
DA:243,45
DA:244,45
DA:245,0
DA:247,45
LF:95
LH:80
BRDA:41,0,0,0
BRDA:41,0,1,1
BRDA:41,1,0,1
BRDA:41,1,1,0
BRDA:43,2,0,0
BRDA:43,2,1,0
BRDA:43,2,2,0
BRDA:47,3,0,0
BRDA:47,3,1,0
BRDA:79,4,0,15
BRDA:79,4,1,8
BRDA:90,5,0,0
BRDA:90,5,1,8
BRDA:91,6,0,0
BRDA:91,6,1,8
BRDA:106,7,0,24
BRDA:106,7,1,7
BRDA:106,8,0,31
BRDA:106,8,1,7
BRDA:117,9,0,0
BRDA:117,9,1,7
BRDA:118,10,0,0
BRDA:118,10,1,7
BRDA:132,11,0,1
BRDA:132,11,1,0
BRDA:145,12,0,1
BRDA:145,12,1,1
BRDA:158,13,0,1
BRDA:158,13,1,1
BRDA:163,14,0,0
BRDA:163,14,1,2
BRDA:171,15,0,1
BRDA:171,15,1,1
BRDA:176,16,0,1
BRDA:176,16,1,1
BRDA:196,17,0,9
BRDA:196,17,1,15
BRDA:200,18,0,15
BRDA:200,18,1,9
BRDA:202,19,0,1
BRDA:202,19,1,30
BRDA:213,20,0,15
BRDA:213,20,1,9
BRDA:215,21,0,0
BRDA:215,21,1,2
BRDA:216,22,0,1
BRDA:216,22,1,1
BRDA:244,23,0,0
BRDA:244,23,1,45
BRF:49
BRH:34
end_of_record
TN:
SF:src/features/chamada/api.ts
FN:32,(anonymous_0)
FN:38,getAulasRecorrentesHoje
FN:49,diaSemanaPorDataISO
FN:58,getAulasRecorrentesPorData
FN:65,getGradeSemanal
FN:76,getAulaRecorrente
FN:89,getProfessoresDoModulo
FN:96,(anonymous_7)
FN:104,getOuCriaAula
FN:128,getAlunosPorModulos
FN:142,getProfessores
FN:179,getAulasParticularesPorPeriodo
FN:190,(anonymous_12)
FN:202,criarAulaParticular
FN:215,excluirAulaParticular
FN:228,getDisponibilidadeProfessor
FN:239,criarDisponibilidade
FN:246,excluirDisponibilidade
FN:259,getHorariosLivresProfessor
FN:273,(anonymous_19)
FN:274,(anonymous_20)
FN:275,(anonymous_21)
FN:277,(anonymous_22)
FN:280,(anonymous_23)
FN:281,(anonymous_24)
FN:299,pedirPresenca
FN:309,getMeuPedido
FN:321,getPedidosPendentes
FN:329,(anonymous_28)
FN:342,aprovarPedido
FN:358,recusarPedido
FN:363,getPresencas
FN:375,marcarPresenca
FNF:33
FNH:1
FNDA:0,(anonymous_0)
FNDA:0,getAulasRecorrentesHoje
FNDA:3,diaSemanaPorDataISO
FNDA:0,getAulasRecorrentesPorData
FNDA:0,getGradeSemanal
FNDA:0,getAulaRecorrente
FNDA:0,getProfessoresDoModulo
FNDA:0,(anonymous_7)
FNDA:0,getOuCriaAula
FNDA:0,getAlunosPorModulos
FNDA:0,getProfessores
FNDA:0,getAulasParticularesPorPeriodo
FNDA:0,(anonymous_12)
FNDA:0,criarAulaParticular
FNDA:0,excluirAulaParticular
FNDA:0,getDisponibilidadeProfessor
FNDA:0,criarDisponibilidade
FNDA:0,excluirDisponibilidade
FNDA:0,getHorariosLivresProfessor
FNDA:0,(anonymous_19)
FNDA:0,(anonymous_20)
FNDA:0,(anonymous_21)
FNDA:0,(anonymous_22)
FNDA:0,(anonymous_23)
FNDA:0,(anonymous_24)
FNDA:0,pedirPresenca
FNDA:0,getMeuPedido
FNDA:0,getPedidosPendentes
FNDA:0,(anonymous_28)
FNDA:0,aprovarPedido
FNDA:0,recusarPedido
FNDA:0,getPresencas
FNDA:0,marcarPresenca
DA:33,0
DA:34,0
DA:39,0
DA:45,0
DA:46,0
DA:50,3
DA:51,3
DA:52,1
DA:54,2
DA:55,2
DA:59,0
DA:60,0
DA:66,0
DA:72,0
DA:73,0
DA:77,0
DA:82,0
DA:83,0
DA:90,0
DA:95,0
DA:96,0
DA:110,0
DA:116,0
DA:117,0
DA:119,0
DA:124,0
DA:125,0
DA:129,0
DA:135,0
DA:136,0
DA:143,0
DA:149,0
DA:150,0
DA:180,0
DA:188,0
DA:190,0
DA:209,0
DA:212,0
DA:216,0
DA:217,0
DA:229,0
DA:235,0
DA:236,0
DA:240,0
DA:243,0
DA:247,0
DA:248,0
DA:260,0
DA:262,0
DA:267,0
DA:268,0
DA:269,0
DA:271,0
DA:273,0
DA:274,0
DA:275,0
DA:277,0
DA:279,0
DA:280,0
DA:281,0
DA:300,0
DA:305,0
DA:306,0
DA:310,0
DA:316,0
DA:317,0
DA:322,0
DA:328,0
DA:329,0
DA:343,0
DA:344,0
DA:346,0
DA:349,0
DA:353,0
DA:359,0
DA:360,0
DA:364,0
DA:368,0
DA:369,0
DA:382,0
DA:388,0
DA:390,0
DA:391,0
DA:392,0
DA:395,0
DA:396,0
DA:402,0
DA:404,0
LF:88
LH:5
BRDA:45,0,0,0
BRDA:45,0,1,0
BRDA:51,1,0,1
BRDA:51,1,1,2
BRDA:72,2,0,0
BRDA:72,2,1,0
BRDA:82,3,0,0
BRDA:82,3,1,0
BRDA:95,4,0,0
BRDA:95,4,1,0
BRDA:96,5,0,0
BRDA:96,5,1,0
BRDA:98,6,0,0
BRDA:98,6,1,0
BRDA:116,7,0,0
BRDA:116,7,1,0
BRDA:117,8,0,0
BRDA:117,8,1,0
BRDA:124,9,0,0
BRDA:124,9,1,0
BRDA:135,10,0,0
BRDA:135,10,1,0
BRDA:149,11,0,0
BRDA:149,11,1,0
BRDA:188,12,0,0
BRDA:188,12,1,0
BRDA:190,13,0,0
BRDA:190,13,1,0
BRDA:195,14,0,0
BRDA:195,14,1,0
BRDA:196,15,0,0
BRDA:196,15,1,0
BRDA:197,16,0,0
BRDA:197,16,1,0
BRDA:198,17,0,0
BRDA:198,17,1,0
BRDA:212,18,0,0
BRDA:212,18,1,0
BRDA:217,19,0,0
BRDA:217,19,1,0
BRDA:235,20,0,0
BRDA:235,20,1,0
BRDA:243,21,0,0
BRDA:243,21,1,0
BRDA:248,22,0,0
BRDA:248,22,1,0
BRDA:267,23,0,0
BRDA:267,23,1,0
BRDA:268,24,0,0
BRDA:268,24,1,0
BRDA:269,25,0,0
BRDA:269,25,1,0
BRDA:272,26,0,0
BRDA:272,26,1,0
BRDA:274,27,0,0
BRDA:274,27,1,0
BRDA:274,27,2,0
BRDA:277,28,0,0
BRDA:277,28,1,0
BRDA:279,29,0,0
BRDA:279,29,1,0
BRDA:281,30,0,0
BRDA:281,30,1,0
BRDA:305,31,0,0
BRDA:305,31,1,0
BRDA:316,32,0,0
BRDA:316,32,1,0
BRDA:328,33,0,0
BRDA:328,33,1,0
BRDA:329,34,0,0
BRDA:329,34,1,0
BRDA:335,35,0,0
BRDA:335,35,1,0
BRDA:346,36,0,0
BRDA:346,36,1,0
BRDA:353,37,0,0
BRDA:353,37,1,0
BRDA:360,38,0,0
BRDA:360,38,1,0
BRDA:368,39,0,0
BRDA:368,39,1,0
BRDA:388,40,0,0
BRDA:388,40,1,0
BRDA:390,41,0,0
BRDA:390,41,1,0
BRDA:391,42,0,0
BRDA:391,42,1,0
BRDA:402,43,0,0
BRDA:402,43,1,0
BRF:89
BRH:2
end_of_record
TN:
SF:src/features/chamada/calendar.ts
FN:12,paraDataSemHorario
FN:16,formatDataISO
FN:23,parseDataISO
FN:30,addDias
FN:36,inicioDaSemana
FN:40,getDiasDaSemana
FN:43,(anonymous_6)
FN:56,getGradeMes
FN:80,formatDataExtenso
FN:89,formatMesAno
FN:98,formatIntervaloSemana
FNF:11
FNH:11
FNDA:2853,paraDataSemHorario
FNDA:6967,formatDataISO
FNDA:1,parseDataISO
FNDA:1521,addDias
FNDA:19,inicioDaSemana
FNDA:19,getDiasDaSemana
FNDA:133,(anonymous_6)
FNDA:37,getGradeMes
FNDA:6,formatDataExtenso
FNDA:2,formatMesAno
FNDA:10,formatIntervaloSemana
DA:1,2
DA:13,2853
DA:17,6967
DA:18,6967
DA:19,6967
DA:20,6967
DA:24,1
DA:25,1
DA:26,1
DA:27,1
DA:31,1521
DA:32,1521
DA:33,1521
DA:37,19
DA:41,19
DA:42,19
DA:43,19
DA:44,133
DA:45,133
DA:57,37
DA:58,37
DA:59,37
DA:60,37
DA:61,37
DA:62,37
DA:64,37
DA:65,1295
DA:66,1295
DA:74,1295
DA:77,37
DA:81,6
DA:90,2
DA:99,10
DA:100,10
DA:102,10
DA:103,10
DA:104,10
DA:107,0
DA:108,0
DA:109,0
LF:40
LH:37
BRDA:25,0,0,0
BRDA:25,0,1,1
BRDA:102,1,0,10
BRDA:102,1,1,0
BRF:4
BRH:2
end_of_record
TN:
SF:src/features/chamada/export.ts
FN:37,montarPlanilha
FN:41,(anonymous_1)
FN:59,nomeArquivo
FN:64,base64ParaBytes
FN:73,baixarNoWeb
FN:86,salvarECompartilharNoDispositivo
FN:107,exportarChamada
FNF:7
FNH:0
FNDA:0,montarPlanilha
FNDA:0,(anonymous_1)
FNDA:0,nomeArquivo
FNDA:0,base64ParaBytes
FNDA:0,baixarNoWeb
FNDA:0,salvarECompartilharNoDispositivo
FNDA:0,exportarChamada
DA:20,0
DA:26,0
DA:32,0
DA:38,0
DA:42,0
DA:43,0
DA:46,0
DA:54,0
DA:55,0
DA:56,0
DA:60,0
DA:61,0
DA:65,0
DA:66,0
DA:67,0
DA:68,0
DA:70,0
DA:74,0
DA:75,0
DA:76,0
DA:77,0
DA:78,0
DA:79,0
DA:80,0
DA:81,0
DA:82,0
DA:83,0
DA:92,0
DA:93,0
DA:94,0
DA:96,0
DA:97,0
DA:108,0
DA:109,0
DA:111,0
DA:112,0
DA:113,0
DA:114,0
DA:115,0
DA:117,0
DA:118,0
DA:121,0
DA:122,0
DA:123,0
DA:125,0
DA:126,0
DA:127,0
DA:129,0
LF:48
LH:0
BRDA:39,0,0,0
BRDA:39,0,1,0
BRDA:43,1,0,0
BRDA:43,1,1,0
BRDA:49,2,0,0
BRDA:49,2,1,0
BRDA:60,3,0,0
BRDA:60,3,1,0
BRDA:74,4,0,0
BRDA:74,4,1,0
BRDA:94,5,0,0
BRDA:94,5,1,0
BRDA:96,6,0,0
BRDA:96,6,1,0
BRDA:111,7,0,0
BRDA:111,7,1,0
BRDA:113,8,0,0
BRDA:113,8,1,0
BRDA:125,9,0,0
BRDA:125,9,1,0
BRF:20
BRH:0
end_of_record
TN:
SF:src/features/desempenho/api.ts
FN:28,getHabilidades
FN:38,getAvaliacoesAluno
FN:48,getTestesNivelAluno
FN:60,registrarAvaliacao
FN:75,registrarTesteNivel
FNF:5
FNH:0
FNDA:0,getHabilidades
FNDA:0,getAvaliacoesAluno
FNDA:0,getTestesNivelAluno
FNDA:0,registrarAvaliacao
FNDA:0,registrarTesteNivel
DA:29,0
DA:34,0
DA:35,0
DA:39,0
DA:44,0
DA:45,0
DA:49,0
DA:54,0
DA:55,0
DA:68,0
DA:72,0
DA:83,0
DA:91,0
LF:13
LH:0
BRDA:34,0,0,0
BRDA:34,0,1,0
BRDA:44,1,0,0
BRDA:44,1,1,0
BRDA:54,2,0,0
BRDA:54,2,1,0
BRDA:72,3,0,0
BRDA:72,3,1,0
BRDA:91,4,0,0
BRDA:91,4,1,0
BRF:10
BRH:0
end_of_record
TN:
SF:src/features/eventos/api.ts
FN:19,getTiposEvento
FN:31,getEventosPorPeriodo
FN:42,getEvento
FN:52,criarEvento
FN:71,atualizarEvento
FN:86,excluirEvento
FNF:6
FNH:0
FNDA:0,getTiposEvento
FNDA:0,getEventosPorPeriodo
FNDA:0,getEvento
FNDA:0,criarEvento
FNDA:0,atualizarEvento
FNDA:0,excluirEvento
DA:20,0
DA:25,0
DA:26,0
DA:32,0
DA:38,0
DA:39,0
DA:43,0
DA:48,0
DA:49,0
DA:60,0
DA:68,0
DA:79,0
DA:83,0
DA:87,0
DA:88,0
LF:15
LH:0
BRDA:25,0,0,0
BRDA:25,0,1,0
BRDA:38,1,0,0
BRDA:38,1,1,0
BRDA:48,2,0,0
BRDA:48,2,1,0
BRDA:68,3,0,0
BRDA:68,3,1,0
BRDA:83,4,0,0
BRDA:83,4,1,0
BRDA:88,5,0,0
BRDA:88,5,1,0
BRF:12
BRH:0
end_of_record
TN:
SF:src/features/eventos/feriados.ts
FN:13,buscarFeriadosEstado
FNF:1
FNH:0
FNDA:0,buscarFeriadosEstado
DA:14,0
DA:15,0
DA:16,0
DA:21,0
DA:24,0
DA:25,0
DA:28,0
LF:7
LH:0
BRDA:15,0,0,0
BRDA:15,0,1,0
BRDA:24,1,0,0
BRDA:24,1,1,0
BRF:4
BRH:0
end_of_record
TN:
SF:src/features/evolucao/EvolucaoScreen.tsx
FN:65,formatarDataBR
FN:70,labelTipoHistorico
FN:87,EvolucaoScreen
FN:112,(anonymous_3)
FN:129,(anonymous_4)
FN:158,(anonymous_5)
FN:159,(anonymous_6)
FN:177,(anonymous_7)
FN:182,salvarAvaliacaoRapida
FN:188,(anonymous_9)
FN:213,salvarAvaliacaoDetalhada
FN:251,(anonymous_11)
FN:270,(anonymous_12)
FN:336,(anonymous_13)
FN:353,(anonymous_14)
FN:371,(anonymous_15)
FN:390,(anonymous_16)
FN:396,(anonymous_17)
FN:408,(anonymous_18)
FN:409,(anonymous_19)
FN:418,(anonymous_20)
FN:419,(anonymous_21)
FN:433,(anonymous_22)
FN:443,(anonymous_23)
FN:444,(anonymous_24)
FN:461,(anonymous_25)
FN:468,(anonymous_26)
FN:479,(anonymous_27)
FN:493,(anonymous_28)
FNF:29
FNH:0
FNDA:0,formatarDataBR
FNDA:0,labelTipoHistorico
FNDA:0,EvolucaoScreen
FNDA:0,(anonymous_3)
FNDA:0,(anonymous_4)
FNDA:0,(anonymous_5)
FNDA:0,(anonymous_6)
FNDA:0,(anonymous_7)
FNDA:0,salvarAvaliacaoRapida
FNDA:0,(anonymous_9)
FNDA:0,salvarAvaliacaoDetalhada
FNDA:0,(anonymous_11)
FNDA:0,(anonymous_12)
FNDA:0,(anonymous_13)
FNDA:0,(anonymous_14)
FNDA:0,(anonymous_15)
FNDA:0,(anonymous_16)
FNDA:0,(anonymous_17)
FNDA:0,(anonymous_18)
FNDA:0,(anonymous_19)
FNDA:0,(anonymous_20)
FNDA:0,(anonymous_21)
FNDA:0,(anonymous_22)
FNDA:0,(anonymous_23)
FNDA:0,(anonymous_24)
FNDA:0,(anonymous_25)
FNDA:0,(anonymous_26)
FNDA:0,(anonymous_27)
FNDA:0,(anonymous_28)
DA:45,0
DA:46,0
DA:47,0
DA:57,0
DA:66,0
DA:67,0
DA:71,0
DA:73,0
DA:75,0
DA:77,0
DA:79,0
DA:81,0
DA:83,0
DA:88,0
DA:89,0
DA:90,0
DA:91,0
DA:92,0
DA:93,0
DA:95,0
DA:96,0
DA:97,0
DA:98,0
DA:99,0
DA:100,0
DA:101,0
DA:102,0
DA:103,0
DA:104,0
DA:105,0
DA:106,0
DA:107,0
DA:108,0
DA:109,0
DA:110,0
DA:112,0
DA:113,0
DA:114,0
DA:116,0
DA:117,0
DA:126,0
DA:127,0
DA:129,0
DA:130,0
DA:141,0
DA:142,0
DA:143,0
DA:145,0
DA:146,0
DA:147,0
DA:148,0
DA:149,0
DA:150,0
DA:153,0
DA:158,0
DA:159,0
DA:160,0
DA:161,0
DA:164,0
DA:165,0
DA:166,0
DA:167,0
DA:169,0
DA:170,0
DA:172,0
DA:176,0
DA:178,0
DA:183,0
DA:184,0
DA:185,0
DA:188,0
DA:189,0
DA:190,0
DA:192,0
DA:193,0
DA:204,0
DA:206,0
DA:207,0
DA:209,0
DA:214,0
DA:215,0
DA:216,0
DA:219,0
DA:220,0
DA:221,0
DA:223,0
DA:224,0
DA:225,0
DA:226,0
DA:227,0
DA:228,0
DA:230,0
DA:233,0
DA:234,0
DA:235,0
DA:236,0
DA:239,0
DA:240,0
DA:242,0
DA:243,0
DA:251,0
DA:259,0
DA:260,0
DA:262,0
DA:263,0
DA:265,0
DA:269,0
DA:270,0
DA:272,0
DA:337,0
DA:354,0
DA:372,0
DA:373,0
DA:374,0
DA:375,0
DA:376,0
DA:391,0
DA:392,0
DA:396,0
DA:409,0
DA:419,0
DA:420,0
DA:434,0
DA:444,0
DA:461,0
DA:468,0
DA:479,0
DA:494,0
DA:510,0
LF:129
LH:0
BRDA:71,0,0,0
BRDA:71,0,1,0
BRDA:71,0,2,0
BRDA:71,0,3,0
BRDA:71,0,4,0
BRDA:71,0,5,0
BRDA:87,1,0,0
BRDA:87,2,0,0
BRDA:131,3,0,0
BRDA:131,3,1,0
BRDA:141,4,0,0
BRDA:141,4,1,0
BRDA:142,5,0,0
BRDA:142,5,1,0
BRDA:143,6,0,0
BRDA:143,6,1,0
BRDA:145,7,0,0
BRDA:145,7,1,0
BRDA:160,8,0,0
BRDA:160,8,1,0
BRDA:182,9,0,0
BRDA:183,10,0,0
BRDA:183,10,1,0
BRDA:199,11,0,0
BRDA:199,11,1,0
BRDA:201,12,0,0
BRDA:201,12,1,0
BRDA:202,13,0,0
BRDA:202,13,1,0
BRDA:213,14,0,0
BRDA:214,15,0,0
BRDA:214,15,1,0
BRDA:219,16,0,0
BRDA:219,16,1,0
BRDA:220,17,0,0
BRDA:220,17,1,0
BRDA:226,18,0,0
BRDA:226,18,1,0
BRDA:226,19,0,0
BRDA:226,19,1,0
BRDA:226,19,2,0
BRDA:226,19,3,0
BRDA:234,20,0,0
BRDA:234,20,1,0
BRDA:248,21,0,0
BRDA:248,21,1,0
BRDA:250,22,0,0
BRDA:250,22,1,0
BRDA:269,23,0,0
BRDA:269,23,1,0
BRDA:292,24,0,0
BRDA:292,24,1,0
BRDA:292,25,0,0
BRDA:292,25,1,0
BRDA:294,26,0,0
BRDA:294,26,1,0
BRDA:298,27,0,0
BRDA:298,27,1,0
BRDA:304,28,0,0
BRDA:304,28,1,0
BRDA:304,29,0,0
BRDA:304,29,1,0
BRDA:306,30,0,0
BRDA:306,30,1,0
BRDA:306,31,0,0
BRDA:306,31,1,0
BRDA:310,32,0,0
BRDA:310,32,1,0
BRDA:311,33,0,0
BRDA:311,33,1,0
BRDA:313,34,0,0
BRDA:313,34,1,0
BRDA:316,35,0,0
BRDA:316,35,1,0
BRDA:322,36,0,0
BRDA:322,36,1,0
BRDA:332,37,0,0
BRDA:332,37,1,0
BRDA:350,38,0,0
BRDA:350,38,1,0
BRDA:358,39,0,0
BRDA:358,39,1,0
BRDA:360,40,0,0
BRDA:360,40,1,0
BRDA:367,41,0,0
BRDA:367,41,1,0
BRDA:367,42,0,0
BRDA:367,42,1,0
BRDA:374,43,0,0
BRDA:374,43,1,0
BRDA:383,44,0,0
BRDA:383,44,1,0
BRDA:386,45,0,0
BRDA:386,45,1,0
BRDA:395,46,0,0
BRDA:395,46,1,0
BRDA:399,47,0,0
BRDA:399,47,1,0
BRDA:407,48,0,0
BRDA:407,48,1,0
BRDA:415,49,0,0
BRDA:415,49,1,0
BRDA:417,50,0,0
BRDA:417,50,1,0
BRDA:420,51,0,0
BRDA:420,51,1,0
BRDA:426,52,0,0
BRDA:426,52,1,0
BRDA:431,53,0,0
BRDA:431,53,1,0
BRDA:438,54,0,0
BRDA:438,54,1,0
BRDA:442,55,0,0
BRDA:442,55,1,0
BRDA:447,56,0,0
BRDA:447,56,1,0
BRDA:460,57,0,0
BRDA:460,57,1,0
BRDA:467,58,0,0
BRDA:467,58,1,0
BRDA:478,59,0,0
BRDA:478,59,1,0
BRDA:490,60,0,0
BRDA:490,60,1,0
BRDA:497,61,0,0
BRDA:497,61,1,0
BRF:126
BRH:0
end_of_record
TN:
SF:src/features/evolucao/api.ts
FN:13,hojeISO
FN:17,primeiroItem
FN:24,getMetodologiaAtualAluno
FN:42,(anonymous_3)
FN:64,getStatusHabilidadesAluno
FN:84,(anonymous_5)
FN:96,getRequisitosNivel
FN:116,(anonymous_7)
FN:128,getCriteriosHabilidades
FN:141,(anonymous_9)
FN:151,registrarAvaliacaoEvolucaoRpc
FN:165,(anonymous_11)
FN:183,registrarAvaliacaoRapidaEvolucao
FN:187,registrarAvaliacaoDetalhadaEvolucao
FN:191,getHistoricoNivelAluno
FN:201,(anonymous_15)
FNF:16
FNH:0
FNDA:0,hojeISO
FNDA:0,primeiroItem
FNDA:0,getMetodologiaAtualAluno
FNDA:0,(anonymous_3)
FNDA:0,getStatusHabilidadesAluno
FNDA:0,(anonymous_5)
FNDA:0,getRequisitosNivel
FNDA:0,(anonymous_7)
FNDA:0,getCriteriosHabilidades
FNDA:0,(anonymous_9)
FNDA:0,registrarAvaliacaoEvolucaoRpc
FNDA:0,(anonymous_11)
FNDA:0,registrarAvaliacaoRapidaEvolucao
FNDA:0,registrarAvaliacaoDetalhadaEvolucao
FNDA:0,getHistoricoNivelAluno
FNDA:0,(anonymous_15)
DA:14,0
DA:18,0
DA:19,0
DA:21,0
DA:25,0
DA:40,0
DA:42,0
DA:43,0
DA:44,0
DA:45,0
DA:48,0
DA:50,0
DA:51,0
DA:53,0
DA:65,0
DA:82,0
DA:84,0
DA:97,0
DA:114,0
DA:116,0
DA:129,0
DA:131,0
DA:139,0
DA:141,0
DA:155,0
DA:156,0
DA:165,0
DA:172,0
DA:173,0
DA:174,0
DA:177,0
DA:179,0
DA:180,0
DA:184,0
DA:188,0
DA:192,0
DA:199,0
DA:201,0
LF:38
LH:0
BRDA:18,0,0,0
BRDA:18,0,1,0
BRDA:19,1,0,0
BRDA:19,1,1,0
BRDA:21,2,0,0
BRDA:21,2,1,0
BRDA:24,3,0,0
BRDA:40,4,0,0
BRDA:40,4,1,0
BRDA:42,5,0,0
BRDA:42,5,1,0
BRDA:45,6,0,0
BRDA:45,6,1,0
BRDA:45,6,2,0
BRDA:48,7,0,0
BRDA:48,7,1,0
BRDA:55,8,0,0
BRDA:55,8,1,0
BRDA:57,9,0,0
BRDA:57,9,1,0
BRDA:58,10,0,0
BRDA:58,10,1,0
BRDA:82,11,0,0
BRDA:82,11,1,0
BRDA:84,12,0,0
BRDA:84,12,1,0
BRDA:114,13,0,0
BRDA:114,13,1,0
BRDA:116,14,0,0
BRDA:116,14,1,0
BRDA:129,15,0,0
BRDA:129,15,1,0
BRDA:139,16,0,0
BRDA:139,16,1,0
BRDA:141,17,0,0
BRDA:141,17,1,0
BRDA:155,18,0,0
BRDA:155,18,1,0
BRDA:172,19,0,0
BRDA:172,19,1,0
BRDA:172,20,0,0
BRDA:172,20,1,0
BRDA:179,21,0,0
BRDA:179,21,1,0
BRDA:199,22,0,0
BRDA:199,22,1,0
BRDA:201,23,0,0
BRDA:201,23,1,0
BRF:48
BRH:0
end_of_record
TN:
SF:src/features/evolucao/selectors.ts
FN:20,arredondar
FN:24,atingiuRequisito
FN:31,montarFaltante
FN:44,calcularResumoCategorias
FN:48,(anonymous_4)
FN:86,(anonymous_5)
FN:95,(anonymous_6)
FN:98,calcularFocoAtual
FN:101,(anonymous_8)
FN:106,calcularProgressoNivel
FN:110,(anonymous_10)
FN:141,getStatusOrdem
FN:145,calcularPercentualCriterios
FN:160,derivarStatusPorPercentual
FN:173,calcularFrequenciaPorPlano
FN:196,(anonymous_15)
FNF:16
FNH:16
FNDA:16,arredondar
FNDA:15,atingiuRequisito
FNDA:2,montarFaltante
FNDA:3,calcularResumoCategorias
FNDA:9,(anonymous_4)
FNDA:9,(anonymous_5)
FNDA:9,(anonymous_6)
FNDA:3,calcularFocoAtual
FNDA:9,(anonymous_8)
FNDA:2,calcularProgressoNivel
FNDA:6,(anonymous_10)
FNDA:6,getStatusOrdem
FNDA:1,calcularPercentualCriterios
FNDA:5,derivarStatusPorPercentual
FNDA:7,calcularFrequenciaPorPlano
FNDA:9,(anonymous_15)
DA:12,1
DA:21,16
DA:25,15
DA:26,15
DA:27,10
DA:28,10
DA:32,2
DA:48,9
DA:49,3
DA:51,3
DA:52,9
DA:54,9
DA:66,9
DA:67,9
DA:69,9
DA:70,3
DA:73,9
DA:74,6
DA:77,9
DA:78,6
DA:79,6
DA:82,9
DA:85,3
DA:86,9
DA:95,9
DA:99,3
DA:100,3
DA:101,9
DA:103,3
DA:110,6
DA:111,2
DA:112,2
DA:113,2
DA:114,2
DA:116,2
DA:117,6
DA:118,6
DA:119,6
DA:120,4
DA:121,4
DA:123,2
DA:127,2
DA:129,2
DA:142,6
DA:146,1
DA:147,1
DA:149,1
DA:150,3
DA:151,3
DA:152,3
DA:153,3
DA:156,1
DA:157,1
DA:161,5
DA:162,4
DA:163,3
DA:164,2
DA:165,1
DA:186,7
DA:188,6
DA:189,6
DA:191,5
DA:192,5
DA:193,5
DA:195,5
DA:196,9
DA:199,5
DA:200,5
LF:68
LH:68
BRDA:25,0,0,0
BRDA:25,0,1,15
BRDA:26,1,0,5
BRDA:26,1,1,10
BRDA:27,2,0,0
BRDA:27,2,1,10
BRDA:27,3,0,10
BRDA:27,3,1,5
BRDA:27,4,0,5
BRDA:27,4,1,0
BRDA:34,5,0,2
BRDA:34,5,1,0
BRDA:37,6,0,2
BRDA:37,6,1,0
BRDA:38,7,0,2
BRDA:38,7,1,0
BRDA:54,8,0,9
BRDA:54,8,1,9
BRDA:69,9,0,3
BRDA:69,9,1,6
BRDA:73,10,0,6
BRDA:73,10,1,3
BRDA:73,11,0,9
BRDA:73,11,1,9
BRDA:77,12,0,6
BRDA:77,12,1,3
BRDA:89,13,0,0
BRDA:89,13,1,9
BRDA:95,14,0,9
BRDA:95,14,1,3
BRDA:95,14,2,3
BRDA:99,15,0,0
BRDA:99,15,1,3
BRDA:101,16,0,9
BRDA:101,16,1,6
BRDA:101,16,2,6
BRDA:103,17,0,3
BRDA:103,17,1,0
BRDA:119,18,0,4
BRDA:119,18,1,2
BRDA:130,19,0,0
BRDA:130,19,1,2
BRDA:151,20,0,0
BRDA:151,20,1,3
BRDA:151,21,0,3
BRDA:151,21,1,3
BRDA:156,22,0,0
BRDA:156,22,1,1
BRDA:161,23,0,1
BRDA:161,23,1,4
BRDA:162,24,0,1
BRDA:162,24,1,3
BRDA:163,25,0,1
BRDA:163,25,1,2
BRDA:164,26,0,1
BRDA:164,26,1,1
BRDA:186,27,0,1
BRDA:186,27,1,6
BRDA:188,28,0,6
BRDA:188,28,1,0
BRDA:189,29,0,1
BRDA:189,29,1,5
BRDA:196,30,0,9
BRDA:196,30,1,6
BRDA:196,30,2,5
BRF:65
BRH:52
end_of_record
TN:
SF:src/features/evolucao/types.ts
FNF:0
FNH:0
LF:0
LH:0
BRF:0
BRH:0
end_of_record
TN:
SF:src/features/perfil/api.ts
FN:12,getMeuPerfil
FN:22,atualizarMeuPerfil
FNF:2
FNH:2
FNDA:1,getMeuPerfil
FNDA:2,atualizarMeuPerfil
DA:13,1
DA:18,1
DA:19,1
DA:23,2
DA:27,2
LF:5
LH:5
BRDA:18,0,0,0
BRDA:18,0,1,1
BRDA:27,1,0,1
BRDA:27,1,1,1
BRF:4
BRH:3
end_of_record
TN:
SF:src/lib/supabase.ts
FN:14,getSupabaseConfig
FN:31,createSupabaseOptions
FN:43,createSupabaseClient
FN:56,createMissingConfigClient
FN:58,(anonymous_4)
FN:64,createSingletonClient
FNF:6
FNH:6
FNDA:5,getSupabaseConfig
FNDA:4,createSupabaseOptions
FNDA:4,createSupabaseClient
FNDA:1,createMissingConfigClient
FNDA:1,(anonymous_4)
FNDA:4,createSingletonClient
DA:6,4
DA:21,5
DA:22,5
DA:24,5
DA:25,2
DA:28,3
DA:32,4
DA:48,4
DA:57,1
DA:59,1
DA:65,4
DA:66,4
DA:67,3
DA:69,1
DA:73,4
LF:15
LH:15
BRDA:15,0,0,4
BRDA:24,1,0,2
BRDA:24,1,1,3
BRDA:24,2,0,5
BRDA:24,2,1,3
BRDA:31,3,0,0
BRDA:46,4,0,3
BRF:7
BRH:6
end_of_record
