TN:
SF:app/_layout.tsx
FN:30,ErrorBoundary
FN:42,RootLayout
FN:53,(anonymous_2)
FN:60,(anonymous_3)
FN:66,(anonymous_4)
FN:72,(anonymous_5)
FN:90,(anonymous_6)
FN:96,(anonymous_7)
FN:97,(anonymous_8)
FN:99,(anonymous_9)
FNF:10
FNH:0
FNDA:0,ErrorBoundary
FNDA:0,RootLayout
FNDA:0,(anonymous_2)
FNDA:0,(anonymous_3)
FNDA:0,(anonymous_4)
FNDA:0,(anonymous_5)
FNDA:0,(anonymous_6)
FNDA:0,(anonymous_7)
FNDA:0,(anonymous_8)
FNDA:0,(anonymous_9)
DA:14,0
DA:16,0
DA:17,0
DA:19,0
DA:25,0
DA:31,0
DA:43,0
DA:50,0
DA:51,0
DA:52,0
DA:53,0
DA:54,0
DA:55,0
DA:58,0
DA:60,0
DA:61,0
DA:62,0
DA:66,0
DA:67,0
DA:68,0
DA:72,0
DA:73,0
DA:74,0
DA:75,0
DA:76,0
DA:83,0
DA:84,0
DA:85,0
DA:86,0
DA:90,0
DA:92,0
DA:93,0
DA:96,0
DA:97,0
DA:99,0
DA:100,0
DA:101,0
DA:102,0
DA:106,0
DA:107,0
DA:109,0
DA:114,0
DA:115,0
DA:118,0
DA:119,0
DA:143,0
DA:157,0
LF:47
LH:0
BRDA:58,0,0,0
BRDA:58,0,1,0
BRDA:58,0,2,0
BRDA:61,1,0,0
BRDA:61,1,1,0
BRDA:67,2,0,0
BRDA:67,2,1,0
BRDA:73,3,0,0
BRDA:73,3,1,0
BRDA:73,4,0,0
BRDA:73,4,1,0
BRDA:114,5,0,0
BRDA:114,5,1,0
BRDA:118,6,0,0
BRDA:118,6,1,0
BRDA:123,7,0,0
BRDA:123,7,1,0
BRF:17
BRH:0
end_of_record
TN:
SF:app/(app)/_layout.tsx
FN:5,AppLayout
FNF:1
FNH:0
FNDA:0,AppLayout
DA:6,0
DA:8,0
DA:9,0
DA:12,0
DA:13,0
DA:16,0
LF:6
LH:0
BRDA:8,0,0,0
BRDA:8,0,1,0
BRDA:12,1,0,0
BRDA:12,1,1,0
BRF:4
BRH:0
end_of_record
TN:
SF:app/(app)/catalogo-evolucao.tsx
FN:57,CatalogoEvolucao
FN:115,(anonymous_1)
FN:117,(anonymous_2)
FN:135,adicionarModalidade
FN:155,alternarAtivoModalidade
FN:166,adicionarCategoria
FN:178,(anonymous_6)
FN:190,alternarAtivoCategoria
FN:201,adicionarHabilidade
FN:233,alternarAtivoHabilidade
FN:244,salvarValorBase
FN:248,(anonymous_11)
FN:263,adicionarRequisito
FN:296,removerRequisito
FN:309,(anonymous_14)
FN:309,(anonymous_15)
FN:311,(anonymous_16)
FN:312,(anonymous_17)
FN:314,(anonymous_18)
FN:314,(anonymous_19)
FN:315,(anonymous_20)
FN:322,(anonymous_21)
FN:327,(anonymous_22)
FN:350,(anonymous_23)
FN:355,(anonymous_24)
FN:373,(anonymous_25)
FN:394,(anonymous_26)
FN:401,(anonymous_27)
FN:407,(anonymous_28)
FN:454,(anonymous_29)
FN:467,(anonymous_30)
FN:467,(anonymous_31)
FN:468,(anonymous_32)
FN:471,(anonymous_33)
FN:537,(anonymous_34)
FN:539,(anonymous_35)
FN:546,(anonymous_36)
FN:551,(anonymous_37)
FN:566,(anonymous_38)
FN:576,(anonymous_39)
FN:604,(anonymous_40)
FN:608,(anonymous_41)
FNF:42
FNH:0
FNDA:0,CatalogoEvolucao
FNDA:0,(anonymous_1)
FNDA:0,(anonymous_2)
FNDA:0,adicionarModalidade
FNDA:0,alternarAtivoModalidade
FNDA:0,adicionarCategoria
FNDA:0,(anonymous_6)
FNDA:0,alternarAtivoCategoria
FNDA:0,adicionarHabilidade
FNDA:0,alternarAtivoHabilidade
FNDA:0,salvarValorBase
FNDA:0,(anonymous_11)
FNDA:0,adicionarRequisito
FNDA:0,removerRequisito
FNDA:0,(anonymous_14)
FNDA:0,(anonymous_15)
FNDA:0,(anonymous_16)
FNDA:0,(anonymous_17)
FNDA:0,(anonymous_18)
FNDA:0,(anonymous_19)
FNDA:0,(anonymous_20)
FNDA:0,(anonymous_21)
FNDA:0,(anonymous_22)
FNDA:0,(anonymous_23)
FNDA:0,(anonymous_24)
FNDA:0,(anonymous_25)
FNDA:0,(anonymous_26)
FNDA:0,(anonymous_27)
FNDA:0,(anonymous_28)
FNDA:0,(anonymous_29)
FNDA:0,(anonymous_30)
FNDA:0,(anonymous_31)
FNDA:0,(anonymous_32)
FNDA:0,(anonymous_33)
FNDA:0,(anonymous_34)
FNDA:0,(anonymous_35)
FNDA:0,(anonymous_36)
FNDA:0,(anonymous_37)
FNDA:0,(anonymous_38)
FNDA:0,(anonymous_39)
FNDA:0,(anonymous_40)
FNDA:0,(anonymous_41)
DA:49,0
DA:58,0
DA:59,0
DA:61,0
DA:62,0
DA:63,0
DA:66,0
DA:67,0
DA:70,0
DA:71,0
DA:74,0
DA:75,0
DA:76,0
DA:77,0
DA:80,0
DA:83,0
DA:84,0
DA:85,0
DA:86,0
DA:87,0
DA:88,0
DA:94,0
DA:100,0
DA:106,0
DA:111,0
DA:115,0
DA:117,0
DA:118,0
DA:119,0
DA:126,0
DA:131,0
DA:132,0
DA:136,0
DA:137,0
DA:138,0
DA:140,0
DA:141,0
DA:142,0
DA:143,0
DA:144,0
DA:145,0
DA:146,0
DA:148,0
DA:149,0
DA:151,0
DA:156,0
DA:157,0
DA:158,0
DA:159,0
DA:161,0
DA:162,0
DA:167,0
DA:168,0
DA:169,0
DA:171,0
DA:172,0
DA:173,0
DA:178,0
DA:179,0
DA:180,0
DA:181,0
DA:183,0
DA:184,0
DA:186,0
DA:191,0
DA:192,0
DA:193,0
DA:194,0
DA:196,0
DA:197,0
DA:202,0
DA:203,0
DA:204,0
DA:206,0
DA:207,0
DA:208,0
DA:209,0
DA:211,0
DA:212,0
DA:213,0
DA:214,0
DA:221,0
DA:222,0
DA:223,0
DA:224,0
DA:226,0
DA:227,0
DA:229,0
DA:234,0
DA:235,0
DA:236,0
DA:237,0
DA:239,0
DA:240,0
DA:245,0
DA:246,0
DA:247,0
DA:248,0
DA:249,0
DA:250,0
DA:252,0
DA:253,0
DA:254,0
DA:255,0
DA:256,0
DA:258,0
DA:259,0
DA:264,0
DA:265,0
DA:266,0
DA:268,0
DA:269,0
DA:270,0
DA:271,0
DA:273,0
DA:274,0
DA:275,0
DA:276,0
DA:284,0
DA:285,0
DA:286,0
DA:287,0
DA:289,0
DA:290,0
DA:292,0
DA:297,0
DA:298,0
DA:299,0
DA:300,0
DA:302,0
DA:303,0
DA:307,0
DA:309,0
DA:310,0
DA:311,0
DA:312,0
DA:313,0
DA:314,0
DA:315,0
DA:317,0
DA:323,0
DA:327,0
DA:351,0
DA:355,0
DA:374,0
DA:375,0
DA:394,0
DA:402,0
DA:407,0
DA:455,0
DA:467,0
DA:468,0
DA:471,0
DA:537,0
DA:540,0
DA:541,0
DA:547,0
DA:551,0
DA:567,0
DA:576,0
DA:605,0
DA:608,0
DA:648,0
LF:163
LH:0
BRDA:115,0,0,0
BRDA:115,0,1,0
BRDA:115,1,0,0
BRDA:115,1,1,0
BRDA:118,2,0,0
BRDA:118,2,1,0
BRDA:131,3,0,0
BRDA:131,3,1,0
BRDA:136,4,0,0
BRDA:136,4,1,0
BRDA:167,5,0,0
BRDA:167,5,1,0
BRDA:167,6,0,0
BRDA:167,6,1,0
BRDA:178,7,0,0
BRDA:178,7,1,0
BRDA:202,8,0,0
BRDA:202,8,1,0
BRDA:202,9,0,0
BRDA:202,9,1,0
BRDA:207,10,0,0
BRDA:207,10,1,0
BRDA:207,11,0,0
BRDA:207,11,1,0
BRDA:217,12,0,0
BRDA:217,12,1,0
BRDA:246,13,0,0
BRDA:246,13,1,0
BRDA:252,14,0,0
BRDA:252,14,1,0
BRDA:252,15,0,0
BRDA:252,15,1,0
BRDA:252,15,2,0
BRDA:264,16,0,0
BRDA:264,16,1,0
BRDA:264,17,0,0
BRDA:264,17,1,0
BRDA:269,18,0,0
BRDA:269,18,1,0
BRDA:269,19,0,0
BRDA:269,19,1,0
BRDA:281,20,0,0
BRDA:281,20,1,0
BRDA:307,21,0,0
BRDA:307,21,1,0
BRDA:307,21,2,0
BRDA:307,21,3,0
BRDA:309,22,0,0
BRDA:309,22,1,0
BRDA:310,23,0,0
BRDA:310,23,1,0
BRDA:313,24,0,0
BRDA:313,24,1,0
BRDA:314,25,0,0
BRDA:314,25,1,0
BRDA:314,26,0,0
BRDA:314,26,1,0
BRDA:326,27,0,0
BRDA:326,27,1,0
BRDA:329,28,0,0
BRDA:329,28,1,0
BRDA:330,29,0,0
BRDA:330,29,1,0
BRDA:330,30,0,0
BRDA:330,30,1,0
BRDA:336,31,0,0
BRDA:336,31,1,0
BRDA:338,32,0,0
BRDA:338,32,1,0
BRDA:344,33,0,0
BRDA:344,33,1,0
BRDA:344,34,0,0
BRDA:344,34,1,0
BRDA:350,35,0,0
BRDA:350,35,1,0
BRDA:352,36,0,0
BRDA:352,36,1,0
BRDA:359,37,0,0
BRDA:359,37,1,0
BRDA:382,38,0,0
BRDA:382,38,1,0
BRDA:401,39,0,0
BRDA:401,39,1,0
BRDA:404,40,0,0
BRDA:404,40,1,0
BRDA:413,41,0,0
BRDA:413,41,1,0
BRDA:435,42,0,0
BRDA:435,42,1,0
BRDA:447,43,0,0
BRDA:447,43,1,0
BRDA:447,44,0,0
BRDA:447,44,1,0
BRDA:454,45,0,0
BRDA:454,45,1,0
BRDA:457,46,0,0
BRDA:457,46,1,0
BRDA:460,47,0,0
BRDA:460,47,1,0
BRDA:466,48,0,0
BRDA:466,48,1,0
BRDA:477,49,0,0
BRDA:477,49,1,0
BRDA:515,50,0,0
BRDA:515,50,1,0
BRDA:527,51,0,0
BRDA:527,51,1,0
BRDA:527,52,0,0
BRDA:527,52,1,0
BRDA:537,53,0,0
BRDA:537,53,1,0
BRDA:544,54,0,0
BRDA:544,54,1,0
BRDA:550,55,0,0
BRDA:550,55,1,0
BRDA:553,56,0,0
BRDA:553,56,1,0
BRDA:561,57,0,0
BRDA:561,57,1,0
BRDA:562,58,0,0
BRDA:562,58,1,0
BRDA:566,59,0,0
BRDA:566,59,1,0
BRDA:573,60,0,0
BRDA:573,60,1,0
BRDA:607,61,0,0
BRDA:607,61,1,0
BRDA:611,62,0,0
BRDA:611,62,1,0
BRDA:628,63,0,0
BRDA:628,63,1,0
BRF:131
BRH:0
end_of_record
TN:
SF:app/(app)/index.tsx
FN:28,Home
FN:47,(anonymous_1)
FN:50,abrirListaChamada
FN:88,(anonymous_3)
FN:106,(anonymous_4)
FN:153,(anonymous_5)
FNF:6
FNH:0
FNDA:0,Home
FNDA:0,(anonymous_1)
FNDA:0,abrirListaChamada
FNDA:0,(anonymous_3)
FNDA:0,(anonymous_4)
FNDA:0,(anonymous_5)
DA:12,0
DA:19,0
DA:25,0
DA:26,0
DA:29,0
DA:30,0
DA:31,0
DA:32,0
DA:33,0
DA:34,0
DA:35,0
DA:36,0
DA:37,0
DA:38,0
DA:39,0
DA:40,0
DA:44,0
DA:45,0
DA:47,0
DA:48,0
DA:51,0
DA:52,0
DA:53,0
DA:55,0
DA:58,0
DA:88,0
DA:106,0
DA:153,0
DA:175,0
LF:29
LH:0
BRDA:32,0,0,0
BRDA:32,0,1,0
BRDA:35,1,0,0
BRDA:35,1,1,0
BRDA:35,2,0,0
BRDA:35,2,1,0
BRDA:39,3,0,0
BRDA:39,3,1,0
BRDA:39,4,0,0
BRDA:39,4,1,0
BRDA:40,5,0,0
BRDA:40,5,1,0
BRDA:40,6,0,0
BRDA:40,6,1,0
BRDA:45,7,0,0
BRDA:45,7,1,0
BRDA:48,8,0,0
BRDA:48,8,1,0
BRDA:51,9,0,0
BRDA:51,9,1,0
BRDA:79,10,0,0
BRDA:79,10,1,0
BRDA:87,11,0,0
BRDA:87,11,1,0
BRDA:103,12,0,0
BRDA:103,12,1,0
BRDA:105,13,0,0
BRDA:105,13,1,0
BRDA:122,14,0,0
BRDA:122,14,1,0
BRDA:126,15,0,0
BRDA:126,15,1,0
BRDA:128,16,0,0
BRDA:128,16,1,0
BRDA:137,17,0,0
BRDA:137,17,1,0
BRDA:141,18,0,0
BRDA:141,18,1,0
BRDA:150,19,0,0
BRDA:150,19,1,0
BRDA:152,20,0,0
BRDA:152,20,1,0
BRF:42
BRH:0
end_of_record
TN:
SF:app/(app)/minha-evolucao.tsx
FN:10,MinhaEvolucaoScreen
FNF:1
FNH:0
FNDA:0,MinhaEvolucaoScreen
DA:11,0
DA:12,0
DA:14,0
DA:15,0
DA:22,0
DA:23,0
DA:26,0
DA:27,0
DA:40,0
DA:43,0
LF:10
LH:0
BRDA:12,0,0,0
BRDA:12,0,1,0
BRDA:14,1,0,0
BRDA:14,1,1,0
BRDA:14,2,0,0
BRDA:14,2,1,0
BRDA:14,2,2,0
BRDA:22,3,0,0
BRDA:22,3,1,0
BRDA:26,4,0,0
BRDA:26,4,1,0
BRF:11
BRH:0
end_of_record
TN:
SF:app/(app)/perfil.tsx
FN:34,(anonymous_0)
FN:35,(anonymous_1)
FN:36,(anonymous_2)
FN:37,(anonymous_3)
FN:40,Perfil
FN:65,(anonymous_5)
FN:71,(anonymous_6)
FN:77,(anonymous_7)
FN:83,(anonymous_8)
FN:91,selecionarDataNascimentoAluno
FN:97,salvarDadosAluno
FN:128,salvarPerfil
FN:152,salvarSenha
FN:221,(anonymous_13)
FN:233,(anonymous_14)
FN:264,(anonymous_15)
FN:275,(anonymous_16)
FN:284,(anonymous_17)
FN:300,(anonymous_18)
FN:331,(anonymous_19)
FN:340,(anonymous_20)
FN:340,(anonymous_21)
FN:351,(anonymous_22)
FN:359,(anonymous_23)
FN:368,(anonymous_24)
FN:400,(anonymous_25)
FN:406,(anonymous_26)
FNF:27
FNH:0
FNDA:0,(anonymous_0)
FNDA:0,(anonymous_1)
FNDA:0,(anonymous_2)
FNDA:0,(anonymous_3)
FNDA:0,Perfil
FNDA:0,(anonymous_5)
FNDA:0,(anonymous_6)
FNDA:0,(anonymous_7)
FNDA:0,(anonymous_8)
FNDA:0,selecionarDataNascimentoAluno
FNDA:0,salvarDadosAluno
FNDA:0,salvarPerfil
FNDA:0,salvarSenha
FNDA:0,(anonymous_13)
FNDA:0,(anonymous_14)
FNDA:0,(anonymous_15)
FNDA:0,(anonymous_16)
FNDA:0,(anonymous_17)
FNDA:0,(anonymous_18)
FNDA:0,(anonymous_19)
FNDA:0,(anonymous_20)
FNDA:0,(anonymous_21)
FNDA:0,(anonymous_22)
FNDA:0,(anonymous_23)
FNDA:0,(anonymous_24)
FNDA:0,(anonymous_25)
FNDA:0,(anonymous_26)
DA:27,0
DA:33,0
DA:34,0
DA:35,0
DA:36,0
DA:37,0
DA:41,0
DA:42,0
DA:43,0
DA:44,0
DA:45,0
DA:46,0
DA:47,0
DA:48,0
DA:49,0
DA:50,0
DA:51,0
DA:52,0
DA:53,0
DA:54,0
DA:55,0
DA:56,0
DA:57,0
DA:58,0
DA:59,0
DA:60,0
DA:61,0
DA:62,0
DA:63,0
DA:65,0
DA:71,0
DA:75,0
DA:77,0
DA:78,0
DA:79,0
DA:80,0
DA:83,0
DA:84,0
DA:85,0
DA:86,0
DA:87,0
DA:88,0
DA:92,0
DA:93,0
DA:94,0
DA:98,0
DA:99,0
DA:100,0
DA:101,0
DA:103,0
DA:104,0
DA:105,0
DA:106,0
DA:109,0
DA:110,0
DA:111,0
DA:112,0
DA:113,0
DA:119,0
DA:121,0
DA:122,0
DA:124,0
DA:129,0
DA:130,0
DA:131,0
DA:132,0
DA:135,0
DA:136,0
DA:137,0
DA:138,0
DA:139,0
DA:143,0
DA:145,0
DA:146,0
DA:148,0
DA:153,0
DA:154,0
DA:156,0
DA:157,0
DA:158,0
DA:160,0
DA:161,0
DA:162,0
DA:164,0
DA:165,0
DA:166,0
DA:169,0
DA:170,0
DA:171,0
DA:173,0
DA:174,0
DA:175,0
DA:178,0
DA:179,0
DA:180,0
DA:181,0
DA:182,0
DA:185,0
DA:186,0
DA:196,0
DA:222,0
DA:223,0
DA:234,0
DA:235,0
DA:265,0
DA:266,0
DA:276,0
DA:277,0
DA:278,0
DA:285,0
DA:286,0
DA:287,0
DA:301,0
DA:302,0
DA:332,0
DA:333,0
DA:340,0
DA:351,0
DA:360,0
DA:361,0
DA:369,0
DA:370,0
DA:400,0
DA:406,0
DA:425,0
LF:125
LH:0
BRDA:43,0,0,0
BRDA:43,0,1,0
BRDA:75,1,0,0
BRDA:75,1,1,0
BRDA:78,2,0,0
BRDA:78,2,1,0
BRDA:80,3,0,0
BRDA:80,3,1,0
BRDA:84,4,0,0
BRDA:84,4,1,0
BRDA:86,5,0,0
BRDA:86,5,1,0
BRDA:87,6,0,0
BRDA:87,6,1,0
BRDA:88,7,0,0
BRDA:88,7,1,0
BRDA:93,8,0,0
BRDA:93,8,1,0
BRDA:98,9,0,0
BRDA:98,9,1,0
BRDA:99,10,0,0
BRDA:99,10,1,0
BRDA:103,11,0,0
BRDA:103,11,1,0
BRDA:104,12,0,0
BRDA:104,12,1,0
BRDA:104,13,0,0
BRDA:104,13,1,0
BRDA:116,14,0,0
BRDA:116,14,1,0
BRDA:117,15,0,0
BRDA:117,15,1,0
BRDA:129,16,0,0
BRDA:129,16,1,0
BRDA:130,17,0,0
BRDA:130,17,1,0
BRDA:141,18,0,0
BRDA:141,18,1,0
BRDA:156,19,0,0
BRDA:156,19,1,0
BRDA:160,20,0,0
BRDA:160,20,1,0
BRDA:164,21,0,0
BRDA:164,21,1,0
BRDA:173,22,0,0
BRDA:173,22,1,0
BRDA:185,23,0,0
BRDA:185,23,1,0
BRDA:199,24,0,0
BRDA:199,24,1,0
BRDA:204,25,0,0
BRDA:204,25,1,0
BRDA:204,25,2,0
BRDA:205,26,0,0
BRDA:205,26,1,0
BRDA:205,27,0,0
BRDA:205,27,1,0
BRDA:206,28,0,0
BRDA:206,28,1,0
BRDA:223,29,0,0
BRDA:223,29,1,0
BRDA:235,30,0,0
BRDA:235,30,1,0
BRDA:241,31,0,0
BRDA:241,31,1,0
BRDA:242,32,0,0
BRDA:242,32,1,0
BRDA:245,33,0,0
BRDA:245,33,1,0
BRDA:249,34,0,0
BRDA:249,34,1,0
BRDA:266,35,0,0
BRDA:266,35,1,0
BRDA:277,36,0,0
BRDA:277,36,1,0
BRDA:278,37,0,0
BRDA:278,37,1,0
BRDA:286,38,0,0
BRDA:286,38,1,0
BRDA:286,39,0,0
BRDA:286,39,1,0
BRDA:289,40,0,0
BRDA:289,40,1,0
BRDA:289,41,0,0
BRDA:289,41,1,0
BRDA:302,42,0,0
BRDA:302,42,1,0
BRDA:307,43,0,0
BRDA:307,43,1,0
BRDA:308,44,0,0
BRDA:308,44,1,0
BRDA:311,45,0,0
BRDA:311,45,1,0
BRDA:315,46,0,0
BRDA:315,46,1,0
BRDA:323,47,0,0
BRDA:323,47,1,0
BRDA:323,48,0,0
BRDA:323,48,1,0
BRDA:333,49,0,0
BRDA:333,49,1,0
BRDA:341,50,0,0
BRDA:341,50,1,0
BRDA:342,51,0,0
BRDA:342,51,1,0
BRDA:345,52,0,0
BRDA:345,52,1,0
BRDA:348,53,0,0
BRDA:348,53,1,0
BRDA:349,54,0,0
BRDA:349,54,1,0
BRDA:361,55,0,0
BRDA:361,55,1,0
BRDA:370,56,0,0
BRDA:370,56,1,0
BRDA:376,57,0,0
BRDA:376,57,1,0
BRDA:377,58,0,0
BRDA:377,58,1,0
BRDA:380,59,0,0
BRDA:380,59,1,0
BRDA:384,60,0,0
BRDA:384,60,1,0
BRDA:393,61,0,0
BRDA:393,61,1,0
BRDA:394,62,0,0
BRDA:394,62,1,0
BRF:127
BRH:0
end_of_record
TN:
SF:app/(app)/alunos/index.tsx
FN:18,AlunosIndex
FN:37,(anonymous_1)
FN:39,(anonymous_2)
FN:48,(anonymous_3)
FN:57,horariosDoModulo
FN:59,(anonymous_5)
FN:60,(anonymous_6)
FN:67,limparFiltros
FN:96,(anonymous_8)
FN:114,(anonymous_9)
FN:122,(anonymous_10)
FN:128,(anonymous_11)
FN:132,(anonymous_12)
FN:154,(anonymous_13)
FN:171,(anonymous_14)
FN:175,(anonymous_15)
FNF:16
FNH:0
FNDA:0,AlunosIndex
FNDA:0,(anonymous_1)
FNDA:0,(anonymous_2)
FNDA:0,(anonymous_3)
FNDA:0,horariosDoModulo
FNDA:0,(anonymous_5)
FNDA:0,(anonymous_6)
FNDA:0,limparFiltros
FNDA:0,(anonymous_8)
FNDA:0,(anonymous_9)
FNDA:0,(anonymous_10)
FNDA:0,(anonymous_11)
FNDA:0,(anonymous_12)
FNDA:0,(anonymous_13)
FNDA:0,(anonymous_14)
FNDA:0,(anonymous_15)
DA:14,0
DA:15,0
DA:19,0
DA:20,0
DA:21,0
DA:22,0
DA:23,0
DA:29,0
DA:30,0
DA:34,0
DA:35,0
DA:37,0
DA:38,0
DA:39,0
DA:40,0
DA:41,0
DA:42,0
DA:43,0
DA:44,0
DA:48,0
DA:49,0
DA:50,0
DA:51,0
DA:52,0
DA:54,0
DA:58,0
DA:59,0
DA:60,0
DA:64,0
DA:65,0
DA:68,0
DA:69,0
DA:70,0
DA:73,0
DA:74,0
DA:77,0
DA:78,0
DA:88,0
DA:96,0
DA:114,0
DA:122,0
DA:129,0
DA:132,0
DA:155,0
DA:156,0
DA:157,0
DA:172,0
DA:175,0
DA:198,0
LF:49
LH:0
BRDA:30,0,0,0
BRDA:30,0,1,0
BRDA:35,1,0,0
BRDA:35,1,1,0
BRDA:40,2,0,0
BRDA:40,2,1,0
BRDA:40,3,0,0
BRDA:40,3,1,0
BRDA:41,4,0,0
BRDA:41,4,1,0
BRDA:41,5,0,0
BRDA:41,5,1,0
BRDA:42,6,0,0
BRDA:42,6,1,0
BRDA:42,7,0,0
BRDA:42,7,1,0
BRDA:43,8,0,0
BRDA:43,8,1,0
BRDA:43,9,0,0
BRDA:43,9,1,0
BRDA:64,10,0,0
BRDA:64,10,1,0
BRDA:64,10,2,0
BRDA:65,11,0,0
BRDA:65,11,1,0
BRDA:73,12,0,0
BRDA:73,12,1,0
BRDA:73,13,0,0
BRDA:73,13,1,0
BRDA:77,14,0,0
BRDA:77,14,1,0
BRDA:113,15,0,0
BRDA:113,15,1,0
BRDA:114,16,0,0
BRDA:114,16,1,0
BRDA:118,17,0,0
BRDA:118,17,1,0
BRDA:121,18,0,0
BRDA:121,18,1,0
BRDA:122,19,0,0
BRDA:122,19,1,0
BRDA:126,20,0,0
BRDA:126,20,1,0
BRDA:131,21,0,0
BRDA:131,21,1,0
BRDA:132,22,0,0
BRDA:132,22,1,0
BRDA:136,23,0,0
BRDA:136,23,1,0
BRDA:139,24,0,0
BRDA:139,24,1,0
BRDA:146,25,0,0
BRDA:146,25,1,0
BRDA:155,26,0,0
BRDA:155,26,1,0
BRDA:158,27,0,0
BRDA:158,27,1,0
BRDA:162,28,0,0
BRDA:162,28,1,0
BRDA:166,29,0,0
BRDA:166,29,1,0
BRDA:168,30,0,0
BRDA:168,30,1,0
BRDA:181,31,0,0
BRDA:181,31,1,0
BRDA:182,32,0,0
BRDA:182,32,1,0
BRF:67
BRH:0
end_of_record
TN:
SF:app/(app)/alunos/novo.tsx
FN:34,somaMeses
FN:42,NovoAluno
FN:67,escolherPlano
FN:69,(anonymous_3)
FN:73,selecionarDataNascimento
FN:78,selecionarDataInicio
FN:81,(anonymous_6)
FN:86,selecionarDataFim
FN:91,salvar
FN:178,(anonymous_9)
FN:190,(anonymous_10)
FN:196,(anonymous_11)
FN:197,(anonymous_12)
FN:216,(anonymous_13)
FN:236,(anonymous_14)
FN:237,(anonymous_15)
FN:244,(anonymous_16)
FN:254,(anonymous_17)
FN:261,(anonymous_18)
FN:271,(anonymous_19)
FN:280,(anonymous_20)
FNF:21
FNH:0
FNDA:0,somaMeses
FNDA:0,NovoAluno
FNDA:0,escolherPlano
FNDA:0,(anonymous_3)
FNDA:0,selecionarDataNascimento
FNDA:0,selecionarDataInicio
FNDA:0,(anonymous_6)
FNDA:0,selecionarDataFim
FNDA:0,salvar
FNDA:0,(anonymous_9)
FNDA:0,(anonymous_10)
FNDA:0,(anonymous_11)
FNDA:0,(anonymous_12)
FNDA:0,(anonymous_13)
FNDA:0,(anonymous_14)
FNDA:0,(anonymous_15)
FNDA:0,(anonymous_16)
FNDA:0,(anonymous_17)
FNDA:0,(anonymous_18)
FNDA:0,(anonymous_19)
FNDA:0,(anonymous_20)
DA:24,0
DA:26,0
DA:27,0
DA:35,0
DA:36,0
DA:37,0
DA:38,0
DA:39,0
DA:43,0
DA:44,0
DA:46,0
DA:47,0
DA:48,0
DA:49,0
DA:50,0
DA:51,0
DA:52,0
DA:53,0
DA:54,0
DA:55,0
DA:56,0
DA:57,0
DA:61,0
DA:64,0
DA:65,0
DA:68,0
DA:69,0
DA:70,0
DA:74,0
DA:75,0
DA:79,0
DA:80,0
DA:81,0
DA:82,0
DA:83,0
DA:87,0
DA:88,0
DA:92,0
DA:93,0
DA:95,0
DA:96,0
DA:97,0
DA:98,0
DA:101,0
DA:102,0
DA:103,0
DA:104,0
DA:105,0
DA:108,0
DA:109,0
DA:110,0
DA:111,0
DA:114,0
DA:115,0
DA:116,0
DA:117,0
DA:118,0
DA:121,0
DA:122,0
DA:123,0
DA:138,0
DA:139,0
DA:140,0
DA:142,0
DA:143,0
DA:144,0
DA:149,0
DA:153,0
DA:154,0
DA:156,0
DA:157,0
DA:159,0
DA:163,0
DA:164,0
DA:167,0
DA:178,0
DA:190,0
DA:197,0
DA:216,0
DA:237,0
DA:244,0
DA:254,0
DA:261,0
DA:271,0
DA:280,0
DA:296,0
LF:86
LH:0
BRDA:36,0,0,0
BRDA:36,0,1,0
BRDA:69,1,0,0
BRDA:69,1,1,0
BRDA:81,2,0,0
BRDA:81,2,1,0
BRDA:95,3,0,0
BRDA:95,3,1,0
BRDA:103,4,0,0
BRDA:103,4,1,0
BRDA:103,5,0,0
BRDA:103,5,1,0
BRDA:108,6,0,0
BRDA:108,6,1,0
BRDA:109,7,0,0
BRDA:109,7,1,0
BRDA:109,8,0,0
BRDA:109,8,1,0
BRDA:114,9,0,0
BRDA:114,9,1,0
BRDA:115,10,0,0
BRDA:115,10,1,0
BRDA:128,11,0,0
BRDA:128,11,1,0
BRDA:129,12,0,0
BRDA:129,12,1,0
BRDA:133,13,0,0
BRDA:133,13,1,0
BRDA:138,14,0,0
BRDA:138,14,1,0
BRDA:146,15,0,0
BRDA:146,15,1,0
BRDA:153,16,0,0
BRDA:153,16,1,0
BRDA:163,17,0,0
BRDA:163,17,1,0
BRDA:163,18,0,0
BRDA:163,18,1,0
BRDA:170,19,0,0
BRDA:170,19,1,0
BRDA:178,20,0,0
BRDA:178,20,1,0
BRDA:180,21,0,0
BRDA:180,21,1,0
BRDA:181,22,0,0
BRDA:181,22,1,0
BRDA:184,23,0,0
BRDA:184,23,1,0
BRDA:187,24,0,0
BRDA:187,24,1,0
BRDA:188,25,0,0
BRDA:188,25,1,0
BRDA:244,26,0,0
BRDA:244,26,1,0
BRDA:248,27,0,0
BRDA:248,27,1,0
BRDA:251,28,0,0
BRDA:251,28,1,0
BRDA:252,29,0,0
BRDA:252,29,1,0
BRDA:261,30,0,0
BRDA:261,30,1,0
BRDA:265,31,0,0
BRDA:265,31,1,0
BRDA:268,32,0,0
BRDA:268,32,1,0
BRDA:269,33,0,0
BRDA:269,33,1,0
BRDA:275,34,0,0
BRDA:275,34,1,0
BRDA:276,35,0,0
BRDA:276,35,1,0
BRDA:279,36,0,0
BRDA:279,36,1,0
BRDA:280,37,0,0
BRDA:280,37,1,0
BRDA:280,38,0,0
BRDA:280,38,1,0
BRDA:283,39,0,0
BRDA:283,39,1,0
BRDA:286,40,0,0
BRDA:286,40,1,0
BRF:82
BRH:0
end_of_record
TN:
SF:app/(app)/alunos/[id]/desempenho.tsx
FN:44,labelTipoHistorico
FN:65,montarJornada
FN:74,(anonymous_2)
FN:75,(anonymous_3)
FN:77,(anonymous_4)
FN:81,JornadaAluno
FN:92,(anonymous_6)
FN:113,(anonymous_7)
FN:179,(anonymous_8)
FN:185,(anonymous_9)
FN:207,(anonymous_10)
FNF:11
FNH:0
FNDA:0,labelTipoHistorico
FNDA:0,montarJornada
FNDA:0,(anonymous_2)
FNDA:0,(anonymous_3)
FNDA:0,(anonymous_4)
FNDA:0,JornadaAluno
FNDA:0,(anonymous_6)
FNDA:0,(anonymous_7)
FNDA:0,(anonymous_8)
FNDA:0,(anonymous_9)
FNDA:0,(anonymous_10)
DA:28,0
DA:36,0
DA:45,0
DA:47,0
DA:49,0
DA:51,0
DA:53,0
DA:55,0
DA:57,0
DA:66,0
DA:67,0
DA:68,0
DA:69,0
DA:70,0
DA:73,0
DA:74,0
DA:75,0
DA:77,0
DA:78,0
DA:82,0
DA:83,0
DA:84,0
DA:86,0
DA:87,0
DA:88,0
DA:89,0
DA:90,0
DA:92,0
DA:93,0
DA:94,0
DA:95,0
DA:96,0
DA:101,0
DA:102,0
DA:103,0
DA:105,0
DA:106,0
DA:108,0
DA:112,0
DA:114,0
DA:118,0
DA:119,0
DA:126,0
DA:127,0
DA:128,0
DA:140,0
DA:141,0
DA:145,0
DA:146,0
DA:156,0
DA:159,0
DA:173,0
DA:179,0
DA:186,0
DA:187,0
DA:188,0
DA:208,0
DA:229,0
LF:58
LH:0
BRDA:45,0,0,0
BRDA:45,0,1,0
BRDA:45,0,2,0
BRDA:45,0,3,0
BRDA:45,0,4,0
BRDA:45,0,5,0
BRDA:68,1,0,0
BRDA:68,1,1,0
BRDA:77,2,0,0
BRDA:77,2,1,0
BRDA:77,3,0,0
BRDA:77,3,1,0
BRDA:84,4,0,0
BRDA:84,4,1,0
BRDA:118,5,0,0
BRDA:118,5,1,0
BRDA:118,6,0,0
BRDA:118,6,1,0
BRDA:126,7,0,0
BRDA:126,7,1,0
BRDA:127,8,0,0
BRDA:127,8,1,0
BRDA:140,9,0,0
BRDA:140,9,1,0
BRDA:145,10,0,0
BRDA:145,10,1,0
BRDA:169,11,0,0
BRDA:169,11,1,0
BRDA:175,12,0,0
BRDA:175,12,1,0
BRDA:183,13,0,0
BRDA:183,13,1,0
BRDA:191,14,0,0
BRDA:191,14,1,0
BRDA:192,15,0,0
BRDA:192,15,1,0
BRDA:196,16,0,0
BRDA:196,16,1,0
BRDA:199,17,0,0
BRDA:199,17,1,0
BRDA:200,18,0,0
BRDA:200,18,1,0
BRF:42
BRH:0
end_of_record
TN:
SF:app/(app)/alunos/[id]/evolucao.tsx
FN:10,EvolucaoAlunoPorIdScreen
FNF:1
FNH:0
FNDA:0,EvolucaoAlunoPorIdScreen
DA:11,0
DA:12,0
DA:13,0
DA:15,0
DA:16,0
DA:23,0
DA:24,0
DA:25,0
DA:37,0
DA:38,0
DA:42,0
DA:53,0
LF:12
LH:0
BRDA:13,0,0,0
BRDA:13,0,1,0
BRDA:15,1,0,0
BRDA:15,1,1,0
BRDA:15,2,0,0
BRDA:15,2,1,0
BRDA:15,2,2,0
BRDA:23,3,0,0
BRDA:23,3,1,0
BRDA:24,4,0,0
BRDA:24,4,1,0
BRDA:37,5,0,0
BRDA:37,5,1,0
BRDA:47,6,0,0
BRDA:47,6,1,0
BRDA:48,7,0,0
BRDA:48,7,1,0
BRF:17
BRH:0
end_of_record
TN:
SF:app/(app)/alunos/[id]/frequencia.tsx
FN:24,FrequenciaAluno
FN:31,(anonymous_1)
FN:79,(anonymous_2)
FN:80,(anonymous_3)
FN:81,(anonymous_4)
FN:108,(anonymous_5)
FN:113,(anonymous_6)
FNF:7
FNH:0
FNDA:0,FrequenciaAluno
FNDA:0,(anonymous_1)
FNDA:0,(anonymous_2)
FNDA:0,(anonymous_3)
FNDA:0,(anonymous_4)
FNDA:0,(anonymous_5)
FNDA:0,(anonymous_6)
DA:12,0
DA:18,0
DA:25,0
DA:26,0
DA:27,0
DA:28,0
DA:30,0
DA:32,0
DA:33,0
DA:38,0
DA:39,0
DA:41,0
DA:42,0
DA:49,0
DA:50,0
DA:51,0
DA:63,0
DA:64,0
DA:68,0
DA:69,0
DA:79,0
DA:80,0
DA:81,0
DA:83,0
DA:108,0
DA:114,0
DA:130,0
LF:27
LH:0
BRDA:28,0,0,0
BRDA:28,0,1,0
BRDA:36,1,0,0
BRDA:36,1,1,0
BRDA:38,2,0,0
BRDA:38,2,1,0
BRDA:39,3,0,0
BRDA:39,3,1,0
BRDA:41,4,0,0
BRDA:41,4,1,0
BRDA:41,5,0,0
BRDA:41,5,1,0
BRDA:49,6,0,0
BRDA:49,6,1,0
BRDA:50,7,0,0
BRDA:50,7,1,0
BRDA:63,8,0,0
BRDA:63,8,1,0
BRDA:68,9,0,0
BRDA:68,9,1,0
BRDA:85,10,0,0
BRDA:85,10,1,0
BRDA:89,11,0,0
BRDA:89,11,1,0
BRDA:111,12,0,0
BRDA:111,12,1,0
BRF:26
BRH:0
end_of_record
TN:
SF:app/(app)/alunos/[id]/index.tsx
FN:55,montarTimeline
FN:64,(anonymous_1)
FN:65,(anonymous_2)
FN:67,(anonymous_3)
FN:71,AlunoDetalhe
FN:90,(anonymous_5)
FN:123,(anonymous_6)
FN:128,vincular
FN:143,confirmarDesvincular
FN:153,desvincular
FN:183,(anonymous_10)
FN:184,(anonymous_11)
FN:185,(anonymous_12)
FN:187,(anonymous_13)
FN:201,(anonymous_14)
FN:204,(anonymous_15)
FN:231,(anonymous_16)
FN:246,(anonymous_17)
FN:246,(anonymous_18)
FN:261,(anonymous_19)
FN:273,(anonymous_20)
FN:287,(anonymous_21)
FN:288,(anonymous_22)
FN:352,(anonymous_23)
FN:356,(anonymous_24)
FNF:25
FNH:0
FNDA:0,montarTimeline
FNDA:0,(anonymous_1)
FNDA:0,(anonymous_2)
FNDA:0,(anonymous_3)
FNDA:0,AlunoDetalhe
FNDA:0,(anonymous_5)
FNDA:0,(anonymous_6)
FNDA:0,vincular
FNDA:0,confirmarDesvincular
FNDA:0,desvincular
FNDA:0,(anonymous_10)
FNDA:0,(anonymous_11)
FNDA:0,(anonymous_12)
FNDA:0,(anonymous_13)
FNDA:0,(anonymous_14)
FNDA:0,(anonymous_15)
FNDA:0,(anonymous_16)
FNDA:0,(anonymous_17)
FNDA:0,(anonymous_18)
FNDA:0,(anonymous_19)
FNDA:0,(anonymous_20)
FNDA:0,(anonymous_21)
FNDA:0,(anonymous_22)
FNDA:0,(anonymous_23)
FNDA:0,(anonymous_24)
DA:33,0
DA:39,0
DA:45,0
DA:56,0
DA:57,0
DA:58,0
DA:59,0
DA:60,0
DA:63,0
DA:64,0
DA:65,0
DA:67,0
DA:68,0
DA:72,0
DA:73,0
DA:74,0
DA:76,0
DA:77,0
DA:78,0
DA:79,0
DA:80,0
DA:81,0
DA:82,0
DA:83,0
DA:84,0
DA:85,0
DA:88,0
DA:90,0
DA:91,0
DA:92,0
DA:93,0
DA:94,0
DA:101,0
DA:102,0
DA:103,0
DA:104,0
DA:105,0
DA:107,0
DA:108,0
DA:109,0
DA:111,0
DA:112,0
DA:115,0
DA:116,0
DA:118,0
DA:122,0
DA:124,0
DA:129,0
DA:130,0
DA:131,0
DA:132,0
DA:133,0
DA:134,0
DA:136,0
DA:137,0
DA:139,0
DA:144,0
DA:145,0
DA:154,0
DA:155,0
DA:156,0
DA:157,0
DA:158,0
DA:159,0
DA:161,0
DA:162,0
DA:164,0
DA:168,0
DA:169,0
DA:172,0
DA:173,0
DA:183,0
DA:184,0
DA:185,0
DA:187,0
DA:188,0
DA:190,0
DA:201,0
DA:204,0
DA:232,0
DA:246,0
DA:262,0
DA:274,0
DA:275,0
DA:276,0
DA:288,0
DA:289,0
DA:353,0
DA:356,0
DA:374,0
LF:90
LH:0
BRDA:58,0,0,0
BRDA:58,0,1,0
BRDA:67,1,0,0
BRDA:67,1,1,0
BRDA:67,2,0,0
BRDA:67,2,1,0
BRDA:107,3,0,0
BRDA:107,3,1,0
BRDA:129,4,0,0
BRDA:129,4,1,0
BRDA:144,5,0,0
BRDA:144,5,1,0
BRDA:144,6,0,0
BRDA:144,6,1,0
BRDA:154,7,0,0
BRDA:154,7,1,0
BRDA:168,8,0,0
BRDA:168,8,1,0
BRDA:168,9,0,0
BRDA:168,9,1,0
BRDA:172,10,0,0
BRDA:172,10,1,0
BRDA:192,11,0,0
BRDA:192,11,1,0
BRDA:197,12,0,0
BRDA:197,12,1,0
BRDA:197,13,0,0
BRDA:197,13,1,0
BRDA:209,14,0,0
BRDA:209,14,1,0
BRDA:227,15,0,0
BRDA:227,15,1,0
BRDA:251,16,0,0
BRDA:251,16,1,0
BRDA:258,17,0,0
BRDA:258,17,1,0
BRDA:270,18,0,0
BRDA:270,18,1,0
BRDA:279,19,0,0
BRDA:279,19,1,0
BRDA:280,20,0,0
BRDA:280,20,1,0
BRDA:284,21,0,0
BRDA:284,21,1,0
BRDA:295,22,0,0
BRDA:295,22,1,0
BRDA:308,23,0,0
BRDA:308,23,1,0
BRDA:310,24,0,0
BRDA:310,24,1,0
BRDA:312,25,0,0
BRDA:312,25,1,0
BRDA:327,26,0,0
BRDA:327,26,1,0
BRDA:330,27,0,0
BRDA:330,27,1,0
BRDA:334,28,0,0
BRDA:334,28,1,0
BRDA:346,29,0,0
BRDA:346,29,1,0
BRDA:355,30,0,0
BRDA:355,30,1,0
BRDA:360,31,0,0
BRDA:360,31,1,0
BRF:64
BRH:0
end_of_record
TN:
SF:app/(app)/chamada/[id].tsx
FN:39,hojeISO
FN:46,dataValidaOuHoje
FN:53,ChamadaDetalhe
FN:88,(anonymous_3)
FN:116,(anonymous_4)
FN:143,(anonymous_5)
FN:149,(anonymous_6)
FN:156,(anonymous_7)
FN:157,(anonymous_8)
FN:166,(anonymous_9)
FN:168,(anonymous_10)
FN:176,(anonymous_11)
FN:186,(anonymous_12)
FN:202,(anonymous_13)
FN:207,(anonymous_14)
FN:211,(anonymous_15)
FN:211,(anonymous_16)
FN:223,(anonymous_17)
FN:239,(anonymous_18)
FN:244,(anonymous_19)
FN:244,(anonymous_20)
FN:254,(anonymous_21)
FN:294,(anonymous_22)
FN:314,(anonymous_23)
FNF:24
FNH:23
FNDA:12,hojeISO
FNDA:74,dataValidaOuHoje
FNDA:74,ChamadaDetalhe
FNDA:26,(anonymous_3)
FNDA:1,(anonymous_4)
FNDA:26,(anonymous_5)
FNDA:6,(anonymous_6)
FNDA:6,(anonymous_7)
FNDA:6,(anonymous_8)
FNDA:3,(anonymous_9)
FNDA:3,(anonymous_10)
FNDA:6,(anonymous_11)
FNDA:2,(anonymous_12)
FNDA:3,(anonymous_13)
FNDA:2,(anonymous_14)
FNDA:2,(anonymous_15)
FNDA:3,(anonymous_16)
FNDA:3,(anonymous_17)
FNDA:2,(anonymous_18)
FNDA:1,(anonymous_19)
FNDA:1,(anonymous_20)
FNDA:0,(anonymous_21)
FNDA:4,(anonymous_22)
FNDA:1,(anonymous_23)
DA:40,12
DA:41,12
DA:42,12
DA:43,12
DA:47,74
DA:48,72
DA:50,2
DA:54,74
DA:55,74
DA:56,74
DA:57,74
DA:58,74
DA:60,74
DA:61,74
DA:62,74
DA:63,74
DA:64,74
DA:65,74
DA:69,74
DA:70,74
DA:74,74
DA:75,74
DA:76,74
DA:77,74
DA:78,74
DA:80,74
DA:81,74
DA:82,74
DA:84,74
DA:85,74
DA:86,74
DA:88,74
DA:89,26
DA:90,26
DA:91,26
DA:92,26
DA:93,26
DA:94,26
DA:96,26
DA:97,10
DA:98,10
DA:99,10
DA:100,1
DA:101,1
DA:102,1
DA:103,1
DA:104,1
DA:106,9
DA:107,9
DA:108,2
DA:109,2
DA:110,2
DA:111,2
DA:113,7
DA:114,7
DA:115,7
DA:116,7
DA:117,7
DA:118,7
DA:119,7
DA:122,16
DA:127,16
DA:129,16
DA:130,16
DA:131,16
DA:132,16
DA:133,16
DA:135,0
DA:136,0
DA:138,26
DA:142,74
DA:144,26
DA:148,74
DA:154,6
DA:155,6
DA:156,6
DA:157,6
DA:158,6
DA:159,6
DA:166,3
DA:168,3
DA:169,3
DA:170,2
DA:172,1
DA:173,1
DA:176,6
DA:177,6
DA:178,6
DA:179,6
DA:186,74
DA:187,2
DA:188,2
DA:189,2
DA:190,2
DA:191,2
DA:192,1
DA:194,1
DA:195,1
DA:197,2
DA:201,74
DA:203,3
DA:204,3
DA:205,3
DA:206,3
DA:207,2
DA:211,3
DA:213,1
DA:214,1
DA:216,3
DA:222,74
DA:224,3
DA:225,3
DA:226,3
DA:227,3
DA:228,3
DA:230,1
DA:231,1
DA:233,3
DA:239,74
DA:240,2
DA:241,2
DA:242,2
DA:243,2
DA:244,1
DA:246,1
DA:247,1
DA:249,2
DA:253,74
DA:254,0
DA:258,74
DA:259,26
DA:269,48
DA:270,12
DA:285,36
DA:294,4
DA:314,1
DA:359,1
LF:137
LH:134
BRDA:47,0,0,72
BRDA:47,0,1,2
BRDA:47,1,0,74
BRDA:47,1,1,74
BRDA:57,2,0,74
BRDA:57,2,1,52
BRDA:96,3,0,10
BRDA:96,3,1,16
BRDA:97,4,0,10
BRDA:97,4,1,9
BRDA:97,5,0,9
BRDA:97,5,1,1
BRDA:99,6,0,1
BRDA:99,6,1,9
BRDA:107,7,0,2
BRDA:107,7,1,7
BRDA:113,8,0,7
BRDA:113,8,1,0
BRDA:117,9,0,1
BRDA:117,9,1,6
BRDA:123,10,0,16
BRDA:123,10,1,0
BRDA:154,11,0,0
BRDA:154,11,1,6
BRDA:154,12,0,6
BRDA:154,12,1,6
BRDA:157,13,0,6
BRDA:157,13,1,5
BRDA:163,14,0,6
BRDA:163,14,1,0
BRDA:164,15,0,6
BRDA:164,15,1,5
BRDA:169,16,0,2
BRDA:169,16,1,1
BRDA:187,17,0,0
BRDA:187,17,1,2
BRDA:187,18,0,2
BRDA:187,18,1,2
BRDA:206,19,0,3
BRDA:206,19,1,0
BRDA:258,20,0,26
BRDA:258,20,1,48
BRDA:269,21,0,12
BRDA:269,21,1,36
BRDA:287,22,0,36
BRDA:287,22,1,0
BRDA:293,23,0,36
BRDA:293,23,1,0
BRDA:297,24,0,0
BRDA:297,24,1,36
BRDA:305,25,0,1
BRDA:305,25,1,35
BRDA:319,26,0,3
BRDA:319,26,1,33
BRDA:325,27,0,3
BRDA:325,27,1,33
BRF:56
BRH:47
end_of_record
TN:
SF:app/(app)/chamada/agendar.tsx
FN:9,AgendarAula
FN:24,(anonymous_1)
FN:35,(anonymous_2)
FNF:3
FNH:0
FNDA:0,AgendarAula
FNDA:0,(anonymous_1)
FNDA:0,(anonymous_2)
DA:10,0
DA:11,0
DA:13,0
DA:14,0
DA:17,0
DA:24,0
DA:35,0
DA:48,0
LF:8
LH:0
BRDA:13,0,0,0
BRDA:13,0,1,0
BRDA:13,1,0,0
BRDA:13,1,1,0
BRF:4
BRH:0
end_of_record
TN:
SF:app/(app)/chamada/disponibilidade.tsx
FN:50,formatBR
FN:54,formatHora
FN:58,formatPeriodo
FN:70,chaveJanela
FN:75,DisponibilidadeParticularScreen
FN:84,(anonymous_5)
FN:102,(anonymous_6)
FN:111,(anonymous_7)
FN:117,adicionarHora
FN:126,(anonymous_9)
FN:129,removerHoraEmEdicao
FN:130,(anonymous_11)
FN:130,(anonymous_12)
FN:133,salvar
FN:152,(anonymous_14)
FN:154,(anonymous_15)
FN:157,(anonymous_16)
FN:184,confirmarRemocao
FN:189,(anonymous_18)
FN:193,remover
FN:197,(anonymous_20)
FN:197,(anonymous_21)
FN:241,(anonymous_22)
FN:241,(anonymous_23)
FN:249,(anonymous_24)
FN:253,(anonymous_25)
FN:259,(anonymous_26)
FN:264,(anonymous_27)
FN:272,(anonymous_28)
FN:272,(anonymous_29)
FN:280,(anonymous_30)
FN:284,(anonymous_31)
FN:306,(anonymous_32)
FN:311,(anonymous_33)
FN:344,(anonymous_34)
FN:352,(anonymous_35)
FNF:36
FNH:0
FNDA:0,formatBR
FNDA:0,formatHora
FNDA:0,formatPeriodo
FNDA:0,chaveJanela
FNDA:0,DisponibilidadeParticularScreen
FNDA:0,(anonymous_5)
FNDA:0,(anonymous_6)
FNDA:0,(anonymous_7)
FNDA:0,adicionarHora
FNDA:0,(anonymous_9)
FNDA:0,removerHoraEmEdicao
FNDA:0,(anonymous_11)
FNDA:0,(anonymous_12)
FNDA:0,salvar
FNDA:0,(anonymous_14)
FNDA:0,(anonymous_15)
FNDA:0,(anonymous_16)
FNDA:0,confirmarRemocao
FNDA:0,(anonymous_18)
FNDA:0,remover
FNDA:0,(anonymous_20)
FNDA:0,(anonymous_21)
FNDA:0,(anonymous_22)
FNDA:0,(anonymous_23)
FNDA:0,(anonymous_24)
FNDA:0,(anonymous_25)
FNDA:0,(anonymous_26)
FNDA:0,(anonymous_27)
FNDA:0,(anonymous_28)
FNDA:0,(anonymous_29)
FNDA:0,(anonymous_30)
FNDA:0,(anonymous_31)
FNDA:0,(anonymous_32)
FNDA:0,(anonymous_33)
FNDA:0,(anonymous_34)
FNDA:0,(anonymous_35)
DA:34,0
DA:42,0
DA:51,0
DA:55,0
DA:59,0
DA:60,0
DA:62,0
DA:71,0
DA:72,0
DA:76,0
DA:77,0
DA:79,0
DA:80,0
DA:82,0
DA:83,0
DA:84,0
DA:86,0
DA:87,0
DA:88,0
DA:89,0
DA:90,0
DA:91,0
DA:92,0
DA:93,0
DA:94,0
DA:102,0
DA:107,0
DA:111,0
DA:112,0
DA:113,0
DA:114,0
DA:118,0
DA:119,0
DA:120,0
DA:121,0
DA:123,0
DA:124,0
DA:125,0
DA:126,0
DA:130,0
DA:134,0
DA:135,0
DA:136,0
DA:138,0
DA:139,0
DA:140,0
DA:145,0
DA:146,0
DA:147,0
DA:150,0
DA:151,0
DA:152,0
DA:153,0
DA:154,0
DA:156,0
DA:157,0
DA:158,0
DA:161,0
DA:164,0
DA:165,0
DA:166,0
DA:167,0
DA:174,0
DA:175,0
DA:177,0
DA:178,0
DA:180,0
DA:185,0
DA:189,0
DA:194,0
DA:195,0
DA:196,0
DA:197,0
DA:199,0
DA:200,0
DA:204,0
DA:205,0
DA:208,0
DA:241,0
DA:250,0
DA:251,0
DA:253,0
DA:260,0
DA:264,0
DA:272,0
DA:281,0
DA:282,0
DA:284,0
DA:307,0
DA:311,0
DA:345,0
DA:352,0
DA:368,0
LF:93
LH:0
BRDA:59,0,0,0
BRDA:59,0,1,0
BRDA:71,1,0,0
BRDA:71,1,1,0
BRDA:71,1,2,0
BRDA:72,2,0,0
BRDA:72,2,1,0
BRDA:80,3,0,0
BRDA:80,3,1,0
BRDA:80,4,0,0
BRDA:80,4,1,0
BRDA:83,5,0,0
BRDA:83,5,1,0
BRDA:107,6,0,0
BRDA:107,6,1,0
BRDA:119,7,0,0
BRDA:119,7,1,0
BRDA:125,8,0,0
BRDA:125,8,1,0
BRDA:134,9,0,0
BRDA:134,9,1,0
BRDA:138,10,0,0
BRDA:138,10,1,0
BRDA:145,11,0,0
BRDA:145,11,1,0
BRDA:145,12,0,0
BRDA:145,12,1,0
BRDA:150,13,0,0
BRDA:150,13,1,0
BRDA:152,14,0,0
BRDA:152,14,1,0
BRDA:153,15,0,0
BRDA:153,15,1,0
BRDA:156,16,0,0
BRDA:156,16,1,0
BRDA:159,17,0,0
BRDA:159,17,1,0
BRDA:170,18,0,0
BRDA:170,18,1,0
BRDA:197,19,0,0
BRDA:197,19,1,0
BRDA:204,20,0,0
BRDA:204,20,1,0
BRDA:204,21,0,0
BRDA:204,21,1,0
BRDA:211,22,0,0
BRDA:211,22,1,0
BRDA:213,23,0,0
BRDA:213,23,1,0
BRDA:232,24,0,0
BRDA:232,24,1,0
BRDA:233,25,0,0
BRDA:233,25,1,0
BRDA:236,26,0,0
BRDA:236,26,1,0
BRDA:244,27,0,0
BRDA:244,27,1,0
BRDA:269,28,0,0
BRDA:269,28,1,0
BRDA:275,29,0,0
BRDA:275,29,1,0
BRDA:304,30,0,0
BRDA:304,30,1,0
BRDA:325,31,0,0
BRDA:325,31,1,0
BRDA:328,32,0,0
BRDA:328,32,1,0
BRDA:332,33,0,0
BRDA:332,33,1,0
BRDA:340,34,0,0
BRDA:340,34,1,0
BRDA:340,35,0,0
BRDA:340,35,1,0
BRF:73
BRH:0
end_of_record
TN:
SF:app/(app)/chamada/index.tsx
FN:54,ChamadaIndex
FN:70,(anonymous_1)
FN:71,(anonymous_2)
FN:72,(anonymous_3)
FN:75,(anonymous_4)
FN:86,(anonymous_5)
FN:92,(anonymous_6)
FN:100,(anonymous_7)
FN:109,(anonymous_8)
FN:115,(anonymous_9)
FN:118,(anonymous_10)
FN:122,(anonymous_11)
FN:126,(anonymous_12)
FN:131,(anonymous_13)
FN:136,(anonymous_14)
FN:138,(anonymous_15)
FN:138,(anonymous_16)
FN:138,(anonymous_17)
FN:139,(anonymous_18)
FN:147,(anonymous_19)
FN:148,(anonymous_20)
FN:153,(anonymous_21)
FN:155,(anonymous_22)
FN:155,(anonymous_23)
FN:155,(anonymous_24)
FN:156,(anonymous_25)
FN:167,(anonymous_26)
FN:175,(anonymous_27)
FN:179,(anonymous_28)
FN:181,(anonymous_29)
FN:186,(anonymous_30)
FN:188,(anonymous_31)
FN:191,(anonymous_32)
FN:196,(anonymous_33)
FN:205,(anonymous_34)
FN:206,(anonymous_35)
FN:209,(anonymous_36)
FN:234,(anonymous_37)
FN:235,(anonymous_38)
FN:256,(anonymous_39)
FN:269,(anonymous_40)
FN:284,(anonymous_41)
FN:297,(anonymous_42)
FN:312,(anonymous_43)
FN:313,(anonymous_44)
FN:330,(anonymous_45)
FN:338,(anonymous_46)
FN:342,(anonymous_47)
FNF:48
FNH:21
FNDA:19,ChamadaIndex
FNDA:6,(anonymous_1)
FNDA:6,(anonymous_2)
FNDA:6,(anonymous_3)
FNDA:3,(anonymous_4)
FNDA:6,(anonymous_5)
FNDA:4,(anonymous_6)
FNDA:4,(anonymous_7)
FNDA:4,(anonymous_8)
FNDA:6,(anonymous_9)
FNDA:10,(anonymous_10)
FNDA:10,(anonymous_11)
FNDA:10,(anonymous_12)
FNDA:0,(anonymous_13)
FNDA:0,(anonymous_14)
FNDA:0,(anonymous_15)
FNDA:0,(anonymous_16)
FNDA:0,(anonymous_17)
FNDA:0,(anonymous_18)
FNDA:0,(anonymous_19)
FNDA:0,(anonymous_20)
FNDA:0,(anonymous_21)
FNDA:0,(anonymous_22)
FNDA:0,(anonymous_23)
FNDA:0,(anonymous_24)
FNDA:0,(anonymous_25)
FNDA:6,(anonymous_26)
FNDA:0,(anonymous_27)
FNDA:3,(anonymous_28)
FNDA:6,(anonymous_29)
FNDA:0,(anonymous_30)
FNDA:0,(anonymous_31)
FNDA:0,(anonymous_32)
FNDA:0,(anonymous_33)
FNDA:0,(anonymous_34)
FNDA:0,(anonymous_35)
FNDA:0,(anonymous_36)
FNDA:0,(anonymous_37)
FNDA:0,(anonymous_38)
FNDA:0,(anonymous_39)
FNDA:3,(anonymous_40)
FNDA:0,(anonymous_41)
FNDA:0,(anonymous_42)
FNDA:0,(anonymous_43)
FNDA:1,(anonymous_44)
FNDA:2,(anonymous_45)
FNDA:1,(anonymous_46)
FNDA:1,(anonymous_47)
DA:55,19
DA:56,19
DA:57,19
DA:58,19
DA:59,19
DA:63,19
DA:64,19
DA:65,19
DA:66,19
DA:67,19
DA:68,19
DA:70,19
DA:71,19
DA:72,19
DA:73,19
DA:75,19
DA:76,19
DA:78,19
DA:79,19
DA:83,19
DA:84,19
DA:86,19
DA:88,19
DA:89,19
DA:91,19
DA:92,4
DA:95,19
DA:99,19
DA:100,4
DA:104,19
DA:108,19
DA:109,4
DA:113,19
DA:115,19
DA:117,19
DA:118,10
DA:121,19
DA:122,10
DA:125,19
DA:126,10
DA:130,19
DA:132,0
DA:137,0
DA:138,0
DA:139,0
DA:146,19
DA:148,0
DA:149,0
DA:154,0
DA:155,0
DA:156,0
DA:167,19
DA:174,19
DA:175,0
DA:179,19
DA:180,19
DA:181,6
DA:185,19
DA:187,0
DA:188,0
DA:189,0
DA:191,0
DA:196,19
DA:197,0
DA:198,0
DA:199,0
DA:201,0
DA:202,0
DA:205,19
DA:206,0
DA:209,19
DA:210,0
DA:211,0
DA:212,0
DA:213,0
DA:216,19
DA:217,6
DA:228,13
DA:234,0
DA:235,0
DA:256,0
DA:270,3
DA:271,3
DA:285,0
DA:286,0
DA:297,0
DA:312,0
DA:313,1
DA:324,13
DA:330,2
DA:339,1
DA:342,1
DA:354,1
LF:93
LH:62
BRDA:57,0,0,19
BRDA:57,0,1,0
BRDA:59,1,0,19
BRDA:59,1,1,19
BRDA:63,2,0,19
BRDA:63,2,1,0
BRDA:78,3,0,16
BRDA:78,3,1,3
BRDA:79,4,0,16
BRDA:79,4,1,3
BRDA:84,5,0,19
BRDA:84,5,1,3
BRDA:89,6,0,19
BRDA:89,6,1,3
BRDA:95,7,0,19
BRDA:95,7,1,3
BRDA:104,8,0,19
BRDA:104,8,1,3
BRDA:113,9,0,19
BRDA:113,9,1,3
BRDA:118,10,0,3
BRDA:118,10,1,7
BRDA:122,11,0,3
BRDA:122,11,1,7
BRDA:126,12,0,3
BRDA:126,12,1,7
BRDA:138,13,0,0
BRDA:138,13,1,0
BRDA:148,14,0,0
BRDA:148,14,1,0
BRDA:155,15,0,0
BRDA:155,15,1,0
BRDA:177,16,0,19
BRDA:177,16,1,0
BRDA:179,17,0,3
BRDA:179,17,1,3
BRDA:181,18,0,6
BRDA:181,18,1,3
BRDA:187,19,0,0
BRDA:187,19,1,0
BRDA:197,20,0,0
BRDA:197,20,1,0
BRDA:216,21,0,6
BRDA:216,21,1,13
BRDA:248,22,0,0
BRDA:248,22,1,13
BRDA:260,23,0,10
BRDA:260,23,1,3
BRDA:316,24,0,0
BRDA:316,24,1,13
BRDA:334,25,0,13
BRDA:334,25,1,0
BRF:52
BRH:36
end_of_record
TN:
SF:app/(app)/chamada/lista.tsx
FN:11,formatHora
FN:15,formatModulos
FN:19,ListaChamada
FN:23,(anonymous_3)
FN:32,(anonymous_4)
FN:36,(anonymous_5)
FN:37,(anonymous_6)
FN:67,(anonymous_7)
FN:73,(anonymous_8)
FN:74,(anonymous_9)
FNF:10
FNH:9
FNDA:4,formatHora
FNDA:4,formatModulos
FNDA:10,ListaChamada
FNDA:5,(anonymous_3)
FNDA:3,(anonymous_4)
FNDA:2,(anonymous_5)
FNDA:10,(anonymous_6)
FNDA:0,(anonymous_7)
FNDA:4,(anonymous_8)
FNDA:1,(anonymous_9)
DA:12,4
DA:16,4
DA:20,10
DA:21,10
DA:22,10
DA:23,10
DA:31,10
DA:32,3
DA:36,10
DA:37,10
DA:39,10
DA:40,2
DA:43,8
DA:44,4
DA:54,4
DA:67,0
DA:74,4
DA:87,1
LF:18
LH:17
BRDA:16,0,0,0
BRDA:16,0,1,4
BRDA:34,1,0,10
BRDA:34,1,1,6
BRDA:36,2,0,10
BRDA:36,2,1,7
BRDA:37,3,0,10
BRDA:37,3,1,5
BRDA:37,4,0,10
BRDA:37,4,1,6
BRDA:39,5,0,2
BRDA:39,5,1,8
BRDA:39,6,0,10
BRDA:39,6,1,8
BRDA:43,7,0,4
BRDA:43,7,1,4
BRDA:43,8,0,8
BRDA:43,8,1,4
BRDA:43,8,2,3
BRDA:60,9,0,0
BRDA:60,9,1,4
BRDA:62,10,0,1
BRDA:62,10,1,3
BRDA:62,11,0,4
BRDA:62,11,1,4
BRF:25
BRH:23
end_of_record
TN:
SF:app/(app)/chamada/modulos.tsx
FN:24,formatHora
FN:28,chave
FN:32,MeusModulos
FN:41,(anonymous_3)
FN:52,(anonymous_4)
FN:64,(anonymous_5)
FN:67,alternar
FN:76,(anonymous_7)
FN:77,(anonymous_8)
FN:81,(anonymous_9)
FN:135,(anonymous_10)
FN:141,(anonymous_11)
FN:149,(anonymous_12)
FNF:13
FNH:0
FNDA:0,formatHora
FNDA:0,chave
FNDA:0,MeusModulos
FNDA:0,(anonymous_3)
FNDA:0,(anonymous_4)
FNDA:0,(anonymous_5)
FNDA:0,alternar
FNDA:0,(anonymous_7)
FNDA:0,(anonymous_8)
FNDA:0,(anonymous_9)
FNDA:0,(anonymous_10)
FNDA:0,(anonymous_11)
FNDA:0,(anonymous_12)
DA:22,0
DA:25,0
DA:29,0
DA:33,0
DA:34,0
DA:36,0
DA:37,0
DA:39,0
DA:40,0
DA:41,0
DA:43,0
DA:44,0
DA:51,0
DA:53,0
DA:57,0
DA:62,0
DA:63,0
DA:64,0
DA:65,0
DA:68,0
DA:69,0
DA:70,0
DA:71,0
DA:72,0
DA:73,0
DA:74,0
DA:75,0
DA:76,0
DA:77,0
DA:80,0
DA:81,0
DA:82,0
DA:88,0
DA:89,0
DA:91,0
DA:95,0
DA:96,0
DA:99,0
DA:136,0
DA:142,0
DA:143,0
DA:149,0
DA:164,0
LF:43
LH:0
BRDA:37,0,0,0
BRDA:37,0,1,0
BRDA:37,1,0,0
BRDA:37,1,1,0
BRDA:40,2,0,0
BRDA:40,2,1,0
BRDA:55,3,0,0
BRDA:55,3,1,0
BRDA:62,4,0,0
BRDA:62,4,1,0
BRDA:63,5,0,0
BRDA:63,5,1,0
BRDA:65,6,0,0
BRDA:65,6,1,0
BRDA:68,7,0,0
BRDA:68,7,1,0
BRDA:74,8,0,0
BRDA:74,8,1,0
BRDA:77,9,0,0
BRDA:77,9,1,0
BRDA:82,10,0,0
BRDA:82,10,1,0
BRDA:95,11,0,0
BRDA:95,11,1,0
BRDA:95,12,0,0
BRDA:95,12,1,0
BRDA:101,13,0,0
BRDA:101,13,1,0
BRDA:103,14,0,0
BRDA:103,14,1,0
BRDA:122,15,0,0
BRDA:122,15,1,0
BRDA:124,16,0,0
BRDA:124,16,1,0
BRDA:125,17,0,0
BRDA:125,17,1,0
BRDA:131,18,0,0
BRDA:131,18,1,0
BRDA:147,19,0,0
BRDA:147,19,1,0
BRF:40
BRH:0
end_of_record
TN:
SF:app/(app)/chamada/nova-particular.tsx
FN:27,formatBR
FN:31,formatHora
FN:35,NovaAulaParticular
FN:56,(anonymous_3)
FN:63,(anonymous_4)
FN:72,(anonymous_5)
FN:80,(anonymous_6)
FN:84,(anonymous_7)
FN:92,(anonymous_8)
FN:102,(anonymous_9)
FN:105,(anonymous_10)
FN:109,(anonymous_11)
FN:112,(anonymous_12)
FN:117,(anonymous_13)
FN:118,(anonymous_14)
FN:120,salvar
FN:221,(anonymous_16)
FN:221,(anonymous_17)
FN:229,(anonymous_18)
FN:233,(anonymous_19)
FN:249,(anonymous_20)
FN:258,(anonymous_21)
FN:259,(anonymous_22)
FN:265,(anonymous_23)
FNF:24
FNH:0
FNDA:0,formatBR
FNDA:0,formatHora
FNDA:0,NovaAulaParticular
FNDA:0,(anonymous_3)
FNDA:0,(anonymous_4)
FNDA:0,(anonymous_5)
FNDA:0,(anonymous_6)
FNDA:0,(anonymous_7)
FNDA:0,(anonymous_8)
FNDA:0,(anonymous_9)
FNDA:0,(anonymous_10)
FNDA:0,(anonymous_11)
FNDA:0,(anonymous_12)
FNDA:0,(anonymous_13)
FNDA:0,(anonymous_14)
FNDA:0,salvar
FNDA:0,(anonymous_16)
FNDA:0,(anonymous_17)
FNDA:0,(anonymous_18)
FNDA:0,(anonymous_19)
FNDA:0,(anonymous_20)
FNDA:0,(anonymous_21)
FNDA:0,(anonymous_22)
FNDA:0,(anonymous_23)
DA:28,0
DA:32,0
DA:36,0
DA:37,0
DA:38,0
DA:40,0
DA:41,0
DA:42,0
DA:43,0
DA:44,0
DA:45,0
DA:46,0
DA:47,0
DA:48,0
DA:49,0
DA:55,0
DA:59,0
DA:63,0
DA:68,0
DA:69,0
DA:70,0
DA:72,0
DA:73,0
DA:74,0
DA:80,0
DA:81,0
DA:82,0
DA:83,0
DA:84,0
DA:85,0
DA:92,0
DA:93,0
DA:94,0
DA:95,0
DA:96,0
DA:98,0
DA:99,0
DA:100,0
DA:101,0
DA:103,0
DA:106,0
DA:107,0
DA:110,0
DA:112,0
DA:113,0
DA:117,0
DA:118,0
DA:121,0
DA:123,0
DA:124,0
DA:125,0
DA:127,0
DA:128,0
DA:129,0
DA:131,0
DA:132,0
DA:133,0
DA:136,0
DA:137,0
DA:138,0
DA:139,0
DA:140,0
DA:142,0
DA:144,0
DA:145,0
DA:151,0
DA:155,0
DA:156,0
DA:163,0
DA:164,0
DA:177,0
DA:178,0
DA:188,0
DA:221,0
DA:230,0
DA:231,0
DA:233,0
DA:249,0
DA:259,0
DA:265,0
DA:289,0
LF:81
LH:0
BRDA:38,0,0,0
BRDA:38,0,1,0
BRDA:60,1,0,0
BRDA:60,1,1,0
BRDA:68,2,0,0
BRDA:68,2,1,0
BRDA:69,3,0,0
BRDA:69,3,1,0
BRDA:70,4,0,0
BRDA:70,4,1,0
BRDA:73,5,0,0
BRDA:73,5,1,0
BRDA:73,6,0,0
BRDA:73,6,1,0
BRDA:81,7,0,0
BRDA:81,7,1,0
BRDA:82,8,0,0
BRDA:82,8,1,0
BRDA:84,9,0,0
BRDA:84,9,1,0
BRDA:84,10,0,0
BRDA:84,10,1,0
BRDA:93,11,0,0
BRDA:93,11,1,0
BRDA:103,12,0,0
BRDA:103,12,1,0
BRDA:107,13,0,0
BRDA:107,13,1,0
BRDA:110,14,0,0
BRDA:110,14,1,0
BRDA:123,15,0,0
BRDA:123,15,1,0
BRDA:127,16,0,0
BRDA:127,16,1,0
BRDA:131,17,0,0
BRDA:131,17,1,0
BRDA:138,18,0,0
BRDA:138,18,1,0
BRDA:139,19,0,0
BRDA:139,19,1,0
BRDA:144,20,0,0
BRDA:144,20,1,0
BRDA:144,20,2,0
BRDA:144,20,3,0
BRDA:146,21,0,0
BRDA:146,21,1,0
BRDA:155,22,0,0
BRDA:155,22,1,0
BRDA:155,23,0,0
BRDA:155,23,1,0
BRDA:163,24,0,0
BRDA:163,24,1,0
BRDA:163,25,0,0
BRDA:163,25,1,0
BRDA:177,26,0,0
BRDA:177,26,1,0
BRDA:191,27,0,0
BRDA:191,27,1,0
BRDA:194,28,0,0
BRDA:194,28,1,0
BRDA:224,29,0,0
BRDA:224,29,1,0
BRDA:238,30,0,0
BRDA:238,30,1,0
BRDA:240,31,0,0
BRDA:240,31,1,0
BRDA:242,32,0,0
BRDA:242,32,1,0
BRDA:244,33,0,0
BRDA:244,33,1,0
BRDA:264,34,0,0
BRDA:264,34,1,0
BRDA:273,35,0,0
BRDA:273,35,1,0
BRDA:276,36,0,0
BRDA:276,36,1,0
BRDA:280,37,0,0
BRDA:280,37,1,0
BRF:78
BRH:0
end_of_record
TN:
SF:app/(app)/chamada/nova-teste.tsx
FN:32,formatBR
FN:36,formatHora
FN:40,formatModulos
FN:44,NovaAulaTeste
FN:64,(anonymous_4)
FN:69,(anonymous_5)
FN:70,(anonymous_6)
FN:79,(anonymous_7)
FN:83,(anonymous_8)
FN:92,adicionarCandidato
FN:99,(anonymous_10)
FN:104,removerCandidato
FN:105,(anonymous_12)
FN:105,(anonymous_13)
FN:108,salvar
FN:129,(anonymous_15)
FN:166,(anonymous_16)
FN:207,(anonymous_17)
FN:216,(anonymous_18)
FN:236,(anonymous_19)
FN:236,(anonymous_20)
FN:244,(anonymous_21)
FN:248,(anonymous_22)
FNF:23
FNH:0
FNDA:0,formatBR
FNDA:0,formatHora
FNDA:0,formatModulos
FNDA:0,NovaAulaTeste
FNDA:0,(anonymous_4)
FNDA:0,(anonymous_5)
FNDA:0,(anonymous_6)
FNDA:0,(anonymous_7)
FNDA:0,(anonymous_8)
FNDA:0,adicionarCandidato
FNDA:0,(anonymous_10)
FNDA:0,removerCandidato
FNDA:0,(anonymous_12)
FNDA:0,(anonymous_13)
FNDA:0,salvar
FNDA:0,(anonymous_15)
FNDA:0,(anonymous_16)
FNDA:0,(anonymous_17)
FNDA:0,(anonymous_18)
FNDA:0,(anonymous_19)
FNDA:0,(anonymous_20)
FNDA:0,(anonymous_21)
FNDA:0,(anonymous_22)
DA:30,0
DA:33,0
DA:37,0
DA:41,0
DA:45,0
DA:46,0
DA:47,0
DA:49,0
DA:50,0
DA:51,0
DA:52,0
DA:53,0
DA:54,0
DA:55,0
DA:56,0
DA:57,0
DA:63,0
DA:65,0
DA:69,0
DA:70,0
DA:71,0
DA:76,0
DA:77,0
DA:79,0
DA:80,0
DA:81,0
DA:83,0
DA:93,0
DA:94,0
DA:95,0
DA:96,0
DA:98,0
DA:99,0
DA:100,0
DA:101,0
DA:105,0
DA:109,0
DA:111,0
DA:112,0
DA:113,0
DA:115,0
DA:116,0
DA:117,0
DA:119,0
DA:120,0
DA:121,0
DA:124,0
DA:125,0
DA:126,0
DA:129,0
DA:132,0
DA:133,0
DA:135,0
DA:136,0
DA:138,0
DA:142,0
DA:143,0
DA:146,0
DA:147,0
DA:157,0
DA:166,0
DA:208,0
DA:216,0
DA:236,0
DA:245,0
DA:246,0
DA:248,0
DA:280,0
LF:68
LH:0
BRDA:41,0,0,0
BRDA:41,0,1,0
BRDA:67,1,0,0
BRDA:67,1,1,0
BRDA:67,2,0,0
BRDA:67,2,1,0
BRDA:70,3,0,0
BRDA:70,3,1,0
BRDA:76,4,0,0
BRDA:76,4,1,0
BRDA:77,5,0,0
BRDA:77,5,1,0
BRDA:79,6,0,0
BRDA:79,6,1,0
BRDA:80,7,0,0
BRDA:80,7,1,0
BRDA:81,8,0,0
BRDA:81,8,1,0
BRDA:94,9,0,0
BRDA:94,9,1,0
BRDA:111,10,0,0
BRDA:111,10,1,0
BRDA:115,11,0,0
BRDA:115,11,1,0
BRDA:119,12,0,0
BRDA:119,12,1,0
BRDA:129,13,0,0
BRDA:129,13,1,0
BRDA:130,14,0,0
BRDA:130,14,1,0
BRDA:132,15,0,0
BRDA:132,15,1,0
BRDA:142,16,0,0
BRDA:142,16,1,0
BRDA:142,17,0,0
BRDA:142,17,1,0
BRDA:146,18,0,0
BRDA:146,18,1,0
BRDA:160,19,0,0
BRDA:160,19,1,0
BRDA:163,20,0,0
BRDA:163,20,1,0
BRDA:205,21,0,0
BRDA:205,21,1,0
BRDA:211,22,0,0
BRDA:211,22,1,0
BRDA:232,23,0,0
BRDA:232,23,1,0
BRDA:239,24,0,0
BRDA:239,24,1,0
BRDA:251,25,0,0
BRDA:251,25,1,0
BRDA:260,26,0,0
BRDA:260,26,1,0
BRDA:263,27,0,0
BRDA:263,27,1,0
BRDA:267,28,0,0
BRDA:267,28,1,0
BRF:58
BRH:0
end_of_record
TN:
SF:app/(app)/chamada/novo-evento.tsx
FN:31,formatBR
FN:35,NovoEvento
FN:53,(anonymous_2)
FN:59,(anonymous_3)
FN:69,(anonymous_4)
FN:72,(anonymous_5)
FN:76,(anonymous_6)
FN:80,(anonymous_7)
FN:85,salvar
FN:115,confirmarExclusao
FN:120,excluir
FN:159,(anonymous_11)
FN:165,(anonymous_12)
FN:180,(anonymous_13)
FN:180,(anonymous_14)
FN:192,(anonymous_15)
FN:197,(anonymous_16)
FNF:17
FNH:0
FNDA:0,formatBR
FNDA:0,NovoEvento
FNDA:0,(anonymous_2)
FNDA:0,(anonymous_3)
FNDA:0,(anonymous_4)
FNDA:0,(anonymous_5)
FNDA:0,(anonymous_6)
FNDA:0,(anonymous_7)
FNDA:0,salvar
FNDA:0,confirmarExclusao
FNDA:0,excluir
FNDA:0,(anonymous_11)
FNDA:0,(anonymous_12)
FNDA:0,(anonymous_13)
FNDA:0,(anonymous_14)
FNDA:0,(anonymous_15)
FNDA:0,(anonymous_16)
DA:32,0
DA:36,0
DA:37,0
DA:38,0
DA:39,0
DA:41,0
DA:42,0
DA:43,0
DA:44,0
DA:45,0
DA:46,0
DA:47,0
DA:48,0
DA:49,0
DA:50,0
DA:51,0
DA:53,0
DA:54,0
DA:55,0
DA:56,0
DA:58,0
DA:60,0
DA:61,0
DA:62,0
DA:63,0
DA:64,0
DA:65,0
DA:66,0
DA:67,0
DA:69,0
DA:73,0
DA:74,0
DA:77,0
DA:80,0
DA:81,0
DA:86,0
DA:87,0
DA:88,0
DA:90,0
DA:91,0
DA:92,0
DA:93,0
DA:94,0
DA:97,0
DA:98,0
DA:99,0
DA:100,0
DA:101,0
DA:103,0
DA:105,0
DA:106,0
DA:108,0
DA:109,0
DA:111,0
DA:116,0
DA:117,0
DA:121,0
DA:122,0
DA:123,0
DA:124,0
DA:125,0
DA:126,0
DA:127,0
DA:129,0
DA:130,0
DA:131,0
DA:135,0
DA:137,0
DA:138,0
DA:141,0
DA:142,0
DA:152,0
DA:160,0
DA:161,0
DA:165,0
DA:180,0
DA:193,0
DA:194,0
DA:195,0
DA:197,0
DA:238,0
LF:81
LH:0
BRDA:58,0,0,0
BRDA:58,0,1,0
BRDA:60,1,0,0
BRDA:60,1,1,0
BRDA:62,2,0,0
BRDA:62,2,1,0
BRDA:67,3,0,0
BRDA:67,3,1,0
BRDA:69,4,0,0
BRDA:69,4,1,0
BRDA:69,4,2,0
BRDA:74,5,0,0
BRDA:74,5,1,0
BRDA:77,6,0,0
BRDA:77,6,1,0
BRDA:86,7,0,0
BRDA:86,7,1,0
BRDA:86,8,0,0
BRDA:86,8,1,0
BRDA:92,9,0,0
BRDA:92,9,1,0
BRDA:100,10,0,0
BRDA:100,10,1,0
BRDA:100,11,0,0
BRDA:100,11,1,0
BRDA:101,12,0,0
BRDA:101,12,1,0
BRDA:103,13,0,0
BRDA:103,13,1,0
BRDA:103,14,0,0
BRDA:103,14,1,0
BRDA:105,15,0,0
BRDA:105,15,1,0
BRDA:116,16,0,0
BRDA:116,16,1,0
BRDA:121,17,0,0
BRDA:121,17,1,0
BRDA:126,18,0,0
BRDA:126,18,1,0
BRDA:135,19,0,0
BRDA:135,19,1,0
BRDA:137,20,0,0
BRDA:137,20,1,0
BRDA:137,21,0,0
BRDA:137,21,1,0
BRDA:141,22,0,0
BRDA:141,22,1,0
BRDA:155,23,0,0
BRDA:155,23,1,0
BRDA:164,24,0,0
BRDA:164,24,1,0
BRDA:170,25,0,0
BRDA:170,25,1,0
BRDA:182,26,0,0
BRDA:182,26,1,0
BRDA:188,27,0,0
BRDA:188,27,1,0
BRDA:204,28,0,0
BRDA:204,28,1,0
BRDA:207,29,0,0
BRDA:207,29,1,0
BRDA:207,29,2,0
BRDA:209,30,0,0
BRDA:209,30,1,0
BRDA:211,31,0,0
BRDA:211,31,1,0
BRDA:214,32,0,0
BRDA:214,32,1,0
BRDA:218,33,0,0
BRDA:218,33,1,0
BRDA:220,34,0,0
BRDA:220,34,1,0
BRDA:220,34,2,0
BRDA:222,35,0,0
BRDA:222,35,1,0
BRDA:224,36,0,0
BRDA:224,36,1,0
BRF:77
BRH:0
end_of_record
TN:
SF:app/(app)/chamada/remarcar-particular.tsx
FN:20,formatBR
FN:24,formatHora
FN:28,RemarcarAulaParticular
FN:41,(anonymous_3)
FN:46,(anonymous_4)
FN:49,(anonymous_5)
FN:53,(anonymous_6)
FN:56,(anonymous_7)
FN:61,salvar
FN:84,confirmarCancelamento
FN:93,cancelar
FN:112,(anonymous_11)
FN:112,(anonymous_12)
FN:120,(anonymous_13)
FN:124,(anonymous_14)
FN:135,(anonymous_15)
FN:136,(anonymous_16)
FNF:17
FNH:0
FNDA:0,formatBR
FNDA:0,formatHora
FNDA:0,RemarcarAulaParticular
FNDA:0,(anonymous_3)
FNDA:0,(anonymous_4)
FNDA:0,(anonymous_5)
FNDA:0,(anonymous_6)
FNDA:0,(anonymous_7)
FNDA:0,salvar
FNDA:0,confirmarCancelamento
FNDA:0,cancelar
FNDA:0,(anonymous_11)
FNDA:0,(anonymous_12)
FNDA:0,(anonymous_13)
FNDA:0,(anonymous_14)
FNDA:0,(anonymous_15)
FNDA:0,(anonymous_16)
DA:21,0
DA:25,0
DA:29,0
DA:30,0
DA:32,0
DA:33,0
DA:34,0
DA:35,0
DA:36,0
DA:37,0
DA:38,0
DA:39,0
DA:41,0
DA:42,0
DA:43,0
DA:44,0
DA:45,0
DA:47,0
DA:50,0
DA:51,0
DA:54,0
DA:56,0
DA:57,0
DA:62,0
DA:63,0
DA:64,0
DA:67,0
DA:68,0
DA:69,0
DA:70,0
DA:71,0
DA:72,0
DA:74,0
DA:75,0
DA:77,0
DA:85,0
DA:94,0
DA:95,0
DA:96,0
DA:97,0
DA:98,0
DA:99,0
DA:101,0
DA:102,0
DA:103,0
DA:107,0
DA:112,0
DA:121,0
DA:122,0
DA:124,0
DA:136,0
DA:172,0
LF:52
LH:0
BRDA:47,0,0,0
BRDA:47,0,1,0
BRDA:51,1,0,0
BRDA:51,1,1,0
BRDA:54,2,0,0
BRDA:54,2,1,0
BRDA:62,3,0,0
BRDA:62,3,1,0
BRDA:71,4,0,0
BRDA:71,4,1,0
BRDA:98,5,0,0
BRDA:98,5,1,0
BRDA:115,6,0,0
BRDA:115,6,1,0
BRDA:129,7,0,0
BRDA:129,7,1,0
BRDA:131,8,0,0
BRDA:131,8,1,0
BRDA:141,9,0,0
BRDA:141,9,1,0
BRDA:144,10,0,0
BRDA:144,10,1,0
BRDA:144,10,2,0
BRDA:144,10,3,0
BRDA:146,11,0,0
BRDA:146,11,1,0
BRDA:146,11,2,0
BRDA:148,12,0,0
BRDA:148,12,1,0
BRDA:156,13,0,0
BRDA:156,13,1,0
BRDA:156,13,2,0
BRDA:158,14,0,0
BRDA:158,14,1,0
BRDA:160,15,0,0
BRDA:160,15,1,0
BRF:36
BRH:0
end_of_record
TN:
SF:app/(app)/configuracoes/grade-semanal.tsx
FN:26,formatHora
FN:30,formatModulos
FN:34,GradeSemanalAdmin
FN:55,alternarModulo
FN:56,(anonymous_4)
FN:56,(anonymous_5)
FN:59,adicionarSlot
FN:89,alternarAtivo
FN:100,verificarUso
FN:105,(anonymous_9)
FN:114,excluir
FN:147,(anonymous_11)
FN:160,(anonymous_12)
FN:173,(anonymous_13)
FN:181,(anonymous_14)
FN:195,(anonymous_15)
FN:200,(anonymous_16)
FN:221,(anonymous_17)
FN:226,(anonymous_18)
FNF:19
FNH:0
FNDA:0,formatHora
FNDA:0,formatModulos
FNDA:0,GradeSemanalAdmin
FNDA:0,alternarModulo
FNDA:0,(anonymous_4)
FNDA:0,(anonymous_5)
FNDA:0,adicionarSlot
FNDA:0,alternarAtivo
FNDA:0,verificarUso
FNDA:0,(anonymous_9)
FNDA:0,excluir
FNDA:0,(anonymous_11)
FNDA:0,(anonymous_12)
FNDA:0,(anonymous_13)
FNDA:0,(anonymous_14)
FNDA:0,(anonymous_15)
FNDA:0,(anonymous_16)
FNDA:0,(anonymous_17)
FNDA:0,(anonymous_18)
DA:23,0
DA:24,0
DA:27,0
DA:31,0
DA:35,0
DA:36,0
DA:38,0
DA:39,0
DA:40,0
DA:41,0
DA:43,0
DA:44,0
DA:45,0
DA:47,0
DA:51,0
DA:52,0
DA:56,0
DA:60,0
DA:61,0
DA:62,0
DA:64,0
DA:65,0
DA:66,0
DA:68,0
DA:69,0
DA:70,0
DA:72,0
DA:73,0
DA:74,0
DA:75,0
DA:76,0
DA:77,0
DA:78,0
DA:80,0
DA:82,0
DA:83,0
DA:85,0
DA:90,0
DA:91,0
DA:92,0
DA:93,0
DA:95,0
DA:96,0
DA:101,0
DA:102,0
DA:103,0
DA:104,0
DA:105,0
DA:107,0
DA:108,0
DA:110,0
DA:115,0
DA:116,0
DA:117,0
DA:118,0
DA:120,0
DA:121,0
DA:125,0
DA:126,0
DA:136,0
DA:148,0
DA:149,0
DA:150,0
DA:151,0
DA:160,0
DA:173,0
DA:181,0
DA:196,0
DA:200,0
DA:222,0
DA:226,0
DA:248,0
LF:72
LH:0
BRDA:31,0,0,0
BRDA:31,0,1,0
BRDA:51,1,0,0
BRDA:51,1,1,0
BRDA:56,2,0,0
BRDA:56,2,1,0
BRDA:60,3,0,0
BRDA:60,3,1,0
BRDA:64,4,0,0
BRDA:64,4,1,0
BRDA:68,5,0,0
BRDA:68,5,1,0
BRDA:82,6,0,0
BRDA:82,6,1,0
BRDA:82,6,2,0
BRDA:82,6,3,0
BRDA:83,7,0,0
BRDA:83,7,1,0
BRDA:125,8,0,0
BRDA:125,8,1,0
BRDA:145,9,0,0
BRDA:145,9,1,0
BRDA:147,10,0,0
BRDA:147,10,1,0
BRDA:149,11,0,0
BRDA:149,11,1,0
BRDA:149,11,2,0
BRDA:150,12,0,0
BRDA:150,12,1,0
BRDA:150,12,2,0
BRDA:155,13,0,0
BRDA:155,13,1,0
BRDA:163,14,0,0
BRDA:163,14,1,0
BRDA:165,15,0,0
BRDA:165,15,1,0
BRDA:172,16,0,0
BRDA:172,16,1,0
BRDA:174,17,0,0
BRDA:174,17,1,0
BRDA:180,18,0,0
BRDA:180,18,1,0
BRDA:199,19,0,0
BRDA:199,19,1,0
BRDA:202,20,0,0
BRDA:202,20,1,0
BRDA:225,21,0,0
BRDA:225,21,1,0
BRDA:228,22,0,0
BRDA:228,22,1,0
BRDA:235,23,0,0
BRDA:235,23,1,0
BRDA:239,24,0,0
BRDA:239,24,1,0
BRF:54
BRH:0
end_of_record
TN:
SF:app/(app)/configuracoes/index.tsx
FN:16,ConfiguracoesIndex
FN:45,(anonymous_1)
FN:46,(anonymous_2)
FNF:3
FNH:0
FNDA:0,ConfiguracoesIndex
FNDA:0,(anonymous_1)
FNDA:0,(anonymous_2)
DA:17,0
DA:18,0
DA:19,0
DA:20,0
DA:22,0
DA:23,0
DA:26,0
DA:41,0
DA:46,0
DA:57,0
LF:10
LH:0
BRDA:22,0,0,0
BRDA:22,0,1,0
BRDA:22,1,0,0
BRDA:22,1,1,0
BRDA:26,2,0,0
BRDA:26,2,1,0
BRF:6
BRH:0
end_of_record
TN:
SF:app/(app)/configuracoes/tipos-evento.tsx
FN:25,TiposEventoAdminScreen
FN:42,adicionar
FN:65,alternarAtivo
FN:97,(anonymous_3)
FN:101,(anonymous_4)
FN:119,(anonymous_5)
FN:124,(anonymous_6)
FNF:7
FNH:0
FNDA:0,TiposEventoAdminScreen
FNDA:0,adicionar
FNDA:0,alternarAtivo
FNDA:0,(anonymous_3)
FNDA:0,(anonymous_4)
FNDA:0,(anonymous_5)
FNDA:0,(anonymous_6)
DA:20,0
DA:26,0
DA:27,0
DA:29,0
DA:30,0
DA:31,0
DA:32,0
DA:34,0
DA:38,0
DA:39,0
DA:43,0
DA:44,0
DA:45,0
DA:47,0
DA:48,0
DA:49,0
DA:50,0
DA:51,0
DA:52,0
DA:53,0
DA:54,0
DA:56,0
DA:58,0
DA:59,0
DA:61,0
DA:66,0
DA:67,0
DA:68,0
DA:69,0
DA:71,0
DA:72,0
DA:76,0
DA:77,0
DA:87,0
DA:98,0
DA:101,0
DA:120,0
DA:124,0
DA:144,0
LF:39
LH:0
BRDA:27,0,0,0
BRDA:27,0,1,0
BRDA:38,1,0,0
BRDA:38,1,1,0
BRDA:43,2,0,0
BRDA:43,2,1,0
BRDA:50,3,0,0
BRDA:50,3,1,0
BRDA:58,4,0,0
BRDA:58,4,1,0
BRDA:58,4,2,0
BRDA:58,4,3,0
BRDA:59,5,0,0
BRDA:59,5,1,0
BRDA:76,6,0,0
BRDA:76,6,1,0
BRDA:95,7,0,0
BRDA:95,7,1,0
BRDA:97,8,0,0
BRDA:97,8,1,0
BRDA:100,9,0,0
BRDA:100,9,1,0
BRDA:123,10,0,0
BRDA:123,10,1,0
BRDA:131,11,0,0
BRDA:131,11,1,0
BRDA:135,12,0,0
BRDA:135,12,1,0
BRF:28
BRH:0
end_of_record
TN:
SF:app/(app)/eventos/[id].tsx
FN:14,DetalheEvento
FN:28,(anonymous_1)
FN:30,(anonymous_2)
FN:39,confirmarExclusao
FN:43,excluir
FN:113,(anonymous_5)
FNF:6
FNH:0
FNDA:0,DetalheEvento
FNDA:0,(anonymous_1)
FNDA:0,(anonymous_2)
FNDA:0,confirmarExclusao
FNDA:0,excluir
FNDA:0,(anonymous_5)
DA:15,0
DA:16,0
DA:17,0
DA:18,0
DA:20,0
DA:21,0
DA:27,0
DA:29,0
DA:30,0
DA:35,0
DA:36,0
DA:37,0
DA:40,0
DA:44,0
DA:45,0
DA:46,0
DA:47,0
DA:48,0
DA:49,0
DA:51,0
DA:52,0
DA:53,0
DA:57,0
DA:58,0
DA:68,0
DA:69,0
DA:80,0
DA:84,0
DA:113,0
DA:133,0
LF:30
LH:0
BRDA:18,0,0,0
BRDA:18,0,1,0
BRDA:30,1,0,0
BRDA:30,1,1,0
BRDA:35,2,0,0
BRDA:35,2,1,0
BRDA:36,3,0,0
BRDA:36,3,1,0
BRDA:37,4,0,0
BRDA:37,4,1,0
BRDA:48,5,0,0
BRDA:48,5,1,0
BRDA:57,6,0,0
BRDA:57,6,1,0
BRDA:68,7,0,0
BRDA:68,7,1,0
BRDA:73,8,0,0
BRDA:73,8,1,0
BRDA:80,9,0,0
BRDA:80,9,1,0
BRDA:89,10,0,0
BRDA:89,10,1,0
BRDA:99,11,0,0
BRDA:99,11,1,0
BRDA:107,12,0,0
BRDA:107,12,1,0
BRDA:109,13,0,0
BRDA:109,13,1,0
BRDA:119,14,0,0
BRDA:119,14,1,0
BRF:30
BRH:0
end_of_record
TN:
SF:app/(app)/eventos/index.tsx
FN:23,primeiroDiaDoMes
FN:27,ultimoDiaDoMes
FN:31,EventosIndex
FN:36,(anonymous_3)
FN:56,(anonymous_4)
FN:61,(anonymous_5)
FN:63,navegarMes
FN:64,(anonymous_7)
FN:67,confirmarImportacao
FN:110,(anonymous_9)
FN:111,(anonymous_10)
FN:118,(anonymous_11)
FN:130,(anonymous_12)
FN:154,(anonymous_13)
FN:163,(anonymous_14)
FN:173,(anonymous_15)
FN:203,(anonymous_16)
FN:209,(anonymous_17)
FN:210,(anonymous_18)
FNF:19
FNH:0
FNDA:0,primeiroDiaDoMes
FNDA:0,ultimoDiaDoMes
FNDA:0,EventosIndex
FNDA:0,(anonymous_3)
FNDA:0,(anonymous_4)
FNDA:0,(anonymous_5)
FNDA:0,navegarMes
FNDA:0,(anonymous_7)
FNDA:0,confirmarImportacao
FNDA:0,(anonymous_9)
FNDA:0,(anonymous_10)
FNDA:0,(anonymous_11)
FNDA:0,(anonymous_12)
FNDA:0,(anonymous_13)
FNDA:0,(anonymous_14)
FNDA:0,(anonymous_15)
FNDA:0,(anonymous_16)
FNDA:0,(anonymous_17)
FNDA:0,(anonymous_18)
DA:17,0
DA:24,0
DA:28,0
DA:32,0
DA:33,0
DA:34,0
DA:36,0
DA:37,0
DA:38,0
DA:39,0
DA:40,0
DA:41,0
DA:43,0
DA:44,0
DA:45,0
DA:50,0
DA:56,0
DA:61,0
DA:64,0
DA:68,0
DA:69,0
DA:70,0
DA:72,0
DA:73,0
DA:74,0
DA:75,0
DA:76,0
DA:77,0
DA:82,0
DA:84,0
DA:85,0
DA:91,0
DA:96,0
DA:111,0
DA:112,0
DA:113,0
DA:118,0
DA:130,0
DA:154,0
DA:163,0
DA:174,0
DA:186,0
DA:187,0
DA:197,0
DA:203,0
DA:210,0
DA:228,0
LF:47
LH:0
BRDA:34,0,0,0
BRDA:34,0,1,0
BRDA:61,1,0,0
BRDA:61,1,1,0
BRDA:68,2,0,0
BRDA:68,2,1,0
BRDA:76,3,0,0
BRDA:76,3,1,0
BRDA:78,4,0,0
BRDA:78,4,1,0
BRDA:86,5,0,0
BRDA:86,5,1,0
BRDA:106,6,0,0
BRDA:106,6,1,0
BRDA:124,7,0,0
BRDA:124,7,1,0
BRDA:124,8,0,0
BRDA:124,8,1,0
BRDA:134,9,0,0
BRDA:134,9,1,0
BRDA:135,10,0,0
BRDA:135,10,1,0
BRDA:138,11,0,0
BRDA:138,11,1,0
BRDA:142,12,0,0
BRDA:142,12,1,0
BRDA:171,13,0,0
BRDA:171,13,1,0
BRDA:171,14,0,0
BRDA:171,14,1,0
BRDA:182,15,0,0
BRDA:182,15,1,0
BRDA:186,16,0,0
BRDA:186,16,1,0
BRDA:207,17,0,0
BRDA:207,17,1,0
BRDA:215,18,0,0
BRDA:215,18,1,0
BRF:38
BRH:0
end_of_record
TN:
SF:app/(app)/usuarios/[id].tsx
FN:21,UsuarioDetalhe
FN:30,(anonymous_1)
FN:44,(anonymous_2)
FN:56,confirmarMudarPapel
FN:58,(anonymous_4)
FN:63,(anonymous_5)
FN:67,confirmarAlternarAtivo
FN:80,mudarPapel
FN:95,alternarAtivo
FN:143,(anonymous_9)
FN:148,(anonymous_10)
FNF:11
FNH:11
FNDA:12,UsuarioDetalhe
FNDA:5,(anonymous_1)
FNDA:5,(anonymous_2)
FNDA:2,confirmarMudarPapel
FNDA:3,(anonymous_4)
FNDA:1,(anonymous_5)
FNDA:2,confirmarAlternarAtivo
FNDA:1,mudarPapel
FNDA:1,alternarAtivo
FNDA:20,(anonymous_9)
FNDA:2,(anonymous_10)
DA:14,1
DA:22,12
DA:23,12
DA:25,12
DA:26,12
DA:27,12
DA:28,12
DA:30,12
DA:31,5
DA:32,5
DA:33,5
DA:34,5
DA:36,1
DA:37,1
DA:39,5
DA:43,12
DA:45,5
DA:51,12
DA:57,2
DA:58,3
DA:59,1
DA:63,1
DA:68,2
DA:69,1
DA:70,1
DA:81,1
DA:82,1
DA:83,1
DA:84,1
DA:85,1
DA:86,1
DA:88,0
DA:89,0
DA:91,1
DA:96,1
DA:97,1
DA:98,1
DA:99,1
DA:100,1
DA:101,1
DA:102,1
DA:104,0
DA:105,0
DA:107,1
DA:111,12
DA:112,2
DA:115,10
DA:116,4
DA:126,6
DA:144,20
DA:148,2
DA:175,1
LF:52
LH:48
BRDA:57,0,0,1
BRDA:57,0,1,1
BRDA:57,1,0,2
BRDA:57,1,1,2
BRDA:57,1,2,1
BRDA:58,2,0,1
BRDA:58,2,1,0
BRDA:68,3,0,1
BRDA:68,3,1,1
BRDA:68,4,0,2
BRDA:68,4,1,2
BRDA:71,5,0,0
BRDA:71,5,1,1
BRDA:72,6,0,0
BRDA:72,6,1,1
BRDA:75,7,0,0
BRDA:75,7,1,1
BRDA:81,8,0,0
BRDA:81,8,1,1
BRDA:81,9,0,1
BRDA:81,9,1,1
BRDA:81,9,2,1
BRDA:96,10,0,0
BRDA:96,10,1,1
BRDA:96,11,0,1
BRDA:96,11,1,1
BRDA:111,12,0,2
BRDA:111,12,1,10
BRDA:115,13,0,4
BRDA:115,13,1,6
BRDA:128,14,0,6
BRDA:128,14,1,1
BRDA:131,15,0,1
BRDA:131,15,1,5
BRDA:133,16,0,5
BRDA:133,16,1,1
BRDA:136,17,0,5
BRDA:136,17,1,0
BRDA:159,18,0,1
BRDA:159,18,1,4
BRDA:165,19,0,0
BRDA:165,19,1,5
BRF:42
BRH:34
end_of_record
TN:
SF:app/(app)/usuarios/index.tsx
FN:18,UsuariosIndex
FN:55,(anonymous_1)
FN:67,(anonymous_2)
FN:72,(anonymous_3)
FNF:4
FNH:4
FNDA:8,UsuariosIndex
FNDA:1,(anonymous_1)
FNDA:3,(anonymous_2)
FNDA:1,(anonymous_3)
DA:11,1
DA:19,8
DA:20,8
DA:22,8
DA:26,8
DA:31,8
DA:32,2
DA:35,6
DA:36,3
DA:46,3
DA:55,1
DA:68,3
DA:72,1
DA:91,1
LF:14
LH:14
BRDA:26,0,0,8
BRDA:26,0,1,5
BRDA:31,1,0,2
BRDA:31,1,1,6
BRDA:35,2,0,3
BRDA:35,2,1,3
BRDA:61,3,0,1
BRDA:61,3,1,2
BRDA:63,4,0,1
BRDA:63,4,1,2
BRDA:78,5,0,3
BRDA:78,5,1,0
BRDA:79,6,0,1
BRDA:79,6,1,2
BRF:14
BRH:13
end_of_record
TN:
SF:app/(app)/usuarios/novo.tsx
FN:31,NovoUsuario
FN:44,(anonymous_1)
FN:46,enviarConvite
FN:81,(anonymous_3)
FN:86,(anonymous_4)
FN:124,(anonymous_5)
FN:125,(anonymous_6)
FNF:7
FNH:6
FNDA:17,NovoUsuario
FNDA:4,(anonymous_1)
FNDA:4,enviarConvite
FNDA:3,(anonymous_3)
FNDA:0,(anonymous_4)
FNDA:59,(anonymous_5)
FNDA:1,(anonymous_6)
DA:22,1
DA:24,1
DA:32,17
DA:33,17
DA:35,17
DA:36,17
DA:37,17
DA:38,17
DA:39,17
DA:40,17
DA:44,17
DA:47,4
DA:49,4
DA:50,1
DA:51,1
DA:53,3
DA:54,1
DA:55,1
DA:58,2
DA:59,2
DA:60,2
DA:61,1
DA:63,1
DA:65,2
DA:69,17
DA:70,1
DA:73,16
DA:74,1
DA:81,3
DA:86,0
DA:96,15
DA:125,59
DA:154,1
LF:33
LH:32
BRDA:44,0,0,1
BRDA:44,0,1,16
BRDA:49,1,0,1
BRDA:49,1,1,3
BRDA:53,2,0,1
BRDA:53,2,1,2
BRDA:63,3,0,1
BRDA:63,3,1,0
BRDA:69,4,0,1
BRDA:69,4,1,16
BRDA:69,5,0,17
BRDA:69,5,1,2
BRDA:73,6,0,1
BRDA:73,6,1,15
BRDA:86,7,0,0
BRDA:86,7,1,0
BRDA:99,8,0,15
BRDA:99,8,1,0
BRDA:129,9,0,3
BRDA:129,9,1,12
BRDA:137,10,0,15
BRDA:137,10,1,0
BRDA:141,11,0,0
BRDA:141,11,1,15
BRF:24
BRH:18
end_of_record
TN:
SF:app/(auth)/_layout.tsx
FN:5,AuthLayout
FNF:1
FNH:0
FNDA:0,AuthLayout
DA:6,0
DA:7,0
DA:8,0
DA:10,0
DA:11,0
DA:14,0
DA:15,0
DA:18,0
LF:8
LH:0
BRDA:10,0,0,0
BRDA:10,0,1,0
BRDA:14,1,0,0
BRDA:14,1,1,0
BRDA:14,2,0,0
BRDA:14,2,1,0
BRF:6
BRH:0
end_of_record
TN:
SF:app/(auth)/login.tsx
FN:23,Login
FN:46,(anonymous_1)
FN:48,(anonymous_2)
FN:51,(anonymous_3)
FN:56,handleSubmit
FN:67,handleForgotPassword
FN:123,(anonymous_6)
FN:123,(anonymous_7)
FN:173,(anonymous_8)
FNF:9
FNH:8
FNDA:30,Login
FNDA:11,(anonymous_1)
FNDA:11,(anonymous_2)
FNDA:11,(anonymous_3)
FNDA:3,handleSubmit
FNDA:3,handleForgotPassword
FNDA:2,(anonymous_6)
FNDA:2,(anonymous_7)
FNDA:0,(anonymous_8)
DA:24,30
DA:25,30
DA:26,30
DA:27,30
DA:28,30
DA:29,30
DA:30,30
DA:31,30
DA:32,30
DA:33,30
DA:34,30
DA:35,30
DA:36,30
DA:37,30
DA:38,30
DA:39,30
DA:41,30
DA:46,30
DA:47,11
DA:48,11
DA:49,11
DA:51,11
DA:52,11
DA:57,3
DA:58,3
DA:59,3
DA:60,3
DA:61,3
DA:62,3
DA:63,1
DA:68,3
DA:69,3
DA:71,3
DA:72,1
DA:73,1
DA:76,2
DA:77,2
DA:78,2
DA:80,2
DA:81,1
DA:82,1
DA:85,1
DA:88,30
DA:123,2
DA:173,0
DA:183,1
LF:46
LH:45
BRDA:29,0,0,30
BRDA:29,0,1,0
BRDA:31,1,0,30
BRDA:31,1,1,30
BRDA:31,1,2,30
BRDA:32,2,0,0
BRDA:32,2,1,30
BRDA:49,3,0,0
BRDA:49,3,1,11
BRDA:49,4,0,11
BRDA:49,4,1,11
BRDA:62,5,0,1
BRDA:62,5,1,2
BRDA:71,6,0,1
BRDA:71,6,1,2
BRDA:80,7,0,1
BRDA:80,7,1,1
BRDA:89,8,0,30
BRDA:89,8,1,0
BRDA:92,9,0,30
BRDA:92,9,1,0
BRDA:127,10,0,30
BRDA:127,10,1,27
BRDA:128,11,0,27
BRDA:128,11,1,3
BRDA:133,12,0,3
BRDA:133,12,1,27
BRDA:138,13,0,1
BRDA:138,13,1,29
BRDA:146,14,0,30
BRDA:146,14,1,30
BRDA:146,14,2,17
BRDA:146,14,3,23
BRDA:148,15,0,30
BRDA:148,15,1,30
BRDA:148,15,2,17
BRDA:150,16,0,0
BRDA:150,16,1,30
BRDA:163,17,0,0
BRDA:163,17,1,30
BRF:40
BRH:33
end_of_record
TN:
SF:app/(auth)/reset-password.tsx
FN:22,(anonymous_0)
FN:23,(anonymous_1)
FN:24,(anonymous_2)
FN:25,(anonymous_3)
FN:28,getTextoParam
FN:38,paramsDoFragmento
FN:45,(anonymous_6)
FN:52,ResetPassword
FN:65,(anonymous_8)
FN:68,(anonymous_9)
FN:71,validarLink
FN:96,(anonymous_11)
FN:97,(anonymous_12)
FN:101,(anonymous_13)
FN:152,(anonymous_14)
FN:157,salvar
FN:207,(anonymous_16)
FN:214,(anonymous_17)
FN:262,(anonymous_18)
FNF:19
FNH:16
FNDA:50,(anonymous_0)
FNDA:34,(anonymous_1)
FNDA:34,(anonymous_2)
FNDA:34,(anonymous_3)
FNDA:52,getTextoParam
FNDA:1,paramsDoFragmento
FNDA:3,(anonymous_6)
FNDA:29,ResetPassword
FNDA:68,(anonymous_8)
FNDA:8,(anonymous_9)
FNDA:8,validarLink
FNDA:0,(anonymous_11)
FNDA:0,(anonymous_12)
FNDA:0,(anonymous_13)
FNDA:8,(anonymous_14)
FNDA:3,salvar
FNDA:5,(anonymous_16)
FNDA:84,(anonymous_17)
FNDA:1,(anonymous_18)
DA:21,1
DA:22,50
DA:23,34
DA:24,34
DA:25,34
DA:29,52
DA:30,12
DA:39,1
DA:40,1
DA:41,1
DA:42,1
DA:43,1
DA:44,2
DA:45,1
DA:46,3
DA:49,1
DA:53,29
DA:54,29
DA:56,29
DA:57,29
DA:58,29
DA:59,29
DA:60,29
DA:61,29
DA:62,29
DA:63,29
DA:65,68
DA:66,29
DA:68,29
DA:69,8
DA:72,8
DA:73,8
DA:75,8
DA:76,8
DA:77,8
DA:78,8
DA:80,8
DA:84,8
DA:86,1
DA:89,1
DA:95,1
DA:96,0
DA:97,0
DA:98,0
DA:99,0
DA:101,0
DA:102,0
DA:103,0
DA:106,0
DA:109,1
DA:110,1
DA:111,1
DA:112,1
DA:113,1
DA:116,8
DA:117,8
DA:118,5
DA:119,5
DA:120,4
DA:121,4
DA:124,3
DA:125,1
DA:126,1
DA:127,1
DA:128,1
DA:131,2
DA:132,2
DA:135,2
DA:136,2
DA:143,1
DA:144,1
DA:146,8
DA:150,8
DA:152,8
DA:153,8
DA:158,3
DA:159,3
DA:161,3
DA:162,0
DA:163,0
DA:166,3
DA:167,0
DA:168,0
DA:171,3
DA:172,1
DA:173,1
DA:176,2
DA:177,2
DA:178,2
DA:180,2
DA:181,1
DA:182,1
DA:185,1
DA:188,29
DA:208,5
DA:209,5
DA:215,84
DA:216,84
DA:217,84
DA:262,1
DA:273,1
LF:101
LH:89
BRDA:29,0,0,40
BRDA:29,0,1,12
BRDA:30,1,0,0
BRDA:30,1,1,12
BRDA:39,2,0,0
BRDA:39,2,1,1
BRDA:44,3,0,1
BRDA:44,3,1,1
BRDA:66,4,0,29
BRDA:66,4,1,13
BRDA:80,5,0,8
BRDA:80,5,1,6
BRDA:80,5,2,6
BRDA:84,6,0,1
BRDA:84,6,1,7
BRDA:84,7,0,8
BRDA:84,7,1,3
BRDA:84,7,2,3
BRDA:86,8,0,0
BRDA:86,8,1,1
BRDA:86,9,0,1
BRDA:86,9,1,0
BRDA:95,10,0,0
BRDA:95,10,1,1
BRDA:95,11,0,1
BRDA:95,11,1,1
BRDA:95,11,2,0
BRDA:95,11,3,0
BRDA:109,12,0,1
BRDA:109,12,1,1
BRDA:110,13,0,1
BRDA:110,13,1,0
BRDA:111,14,0,1
BRDA:111,14,1,0
BRDA:112,15,0,1
BRDA:112,15,1,0
BRDA:113,16,0,1
BRDA:113,16,1,1
BRDA:113,16,2,1
BRDA:113,16,3,1
BRDA:117,17,0,5
BRDA:117,17,1,3
BRDA:117,18,0,8
BRDA:117,18,1,5
BRDA:119,19,0,1
BRDA:119,19,1,4
BRDA:120,20,0,4
BRDA:120,20,1,0
BRDA:124,21,0,1
BRDA:124,21,1,2
BRDA:124,22,0,3
BRDA:124,22,1,1
BRDA:126,23,0,0
BRDA:126,23,1,1
BRDA:127,24,0,1
BRDA:127,24,1,0
BRDA:131,25,0,2
BRDA:131,25,1,0
BRDA:135,26,0,2
BRDA:135,26,1,0
BRDA:137,27,0,2
BRDA:137,27,1,0
BRDA:144,28,0,1
BRDA:144,28,1,0
BRDA:146,29,0,8
BRDA:146,29,1,0
BRDA:161,30,0,0
BRDA:161,30,1,3
BRDA:166,31,0,0
BRDA:166,31,1,3
BRDA:171,32,0,1
BRDA:171,32,1,2
BRDA:180,33,0,1
BRDA:180,33,1,1
BRDA:189,34,0,29
BRDA:189,34,1,0
BRDA:192,35,0,8
BRDA:192,35,1,21
BRDA:209,36,0,5
BRDA:209,36,1,0
BRDA:216,37,0,32
BRDA:216,37,1,52
BRDA:216,38,0,52
BRDA:216,38,1,0
BRDA:219,39,0,52
BRDA:219,39,1,32
BRDA:219,40,0,84
BRDA:219,40,1,52
BRDA:235,41,0,5
BRDA:235,41,1,16
BRDA:240,42,0,1
BRDA:240,42,1,20
BRDA:248,43,0,21
BRDA:248,43,1,21
BRDA:248,43,2,3
BRDA:250,44,0,21
BRDA:250,44,1,21
BRDA:252,45,0,0
BRDA:252,45,1,21
BRF:99
BRH:75
end_of_record
TN:
SF:app/(auth)/signup.tsx
FN:35,(anonymous_0)
FN:36,(anonymous_1)
FN:37,(anonymous_2)
FN:38,(anonymous_3)
FN:41,Signup
FN:59,(anonymous_5)
FN:63,handleSubmit
FN:90,(anonymous_7)
FN:131,(anonymous_8)
FN:137,(anonymous_9)
FN:167,(anonymous_10)
FN:178,(anonymous_11)
FN:191,(anonymous_12)
FN:191,(anonymous_13)
FN:223,(anonymous_14)
FNF:15
FNH:13
FNDA:78,(anonymous_0)
FNDA:59,(anonymous_1)
FNDA:59,(anonymous_2)
FNDA:59,(anonymous_3)
FNDA:40,Signup
FNDA:103,(anonymous_5)
FNDA:3,handleSubmit
FNDA:1,(anonymous_7)
FNDA:6,(anonymous_8)
FNDA:152,(anonymous_9)
FNDA:0,(anonymous_10)
FNDA:2,(anonymous_11)
FNDA:5,(anonymous_12)
FNDA:5,(anonymous_13)
FNDA:0,(anonymous_14)
DA:23,1
DA:25,1
DA:32,1
DA:34,1
DA:35,78
DA:36,59
DA:37,59
DA:38,59
DA:42,40
DA:43,40
DA:45,40
DA:46,40
DA:47,40
DA:48,40
DA:49,40
DA:50,40
DA:51,40
DA:53,40
DA:54,40
DA:55,40
DA:57,40
DA:58,40
DA:59,103
DA:60,40
DA:61,40
DA:64,3
DA:65,3
DA:67,3
DA:68,3
DA:69,3
DA:71,3
DA:72,1
DA:73,1
DA:75,2
DA:78,40
DA:79,2
DA:90,1
DA:99,38
DA:132,6
DA:133,6
DA:138,152
DA:139,152
DA:140,152
DA:167,0
DA:178,2
DA:191,5
DA:223,0
DA:233,1
LF:48
LH:46
BRDA:60,0,0,40
BRDA:60,0,1,21
BRDA:61,1,0,40
BRDA:61,1,1,24
BRDA:61,1,2,20
BRDA:61,1,3,16
BRDA:61,1,4,12
BRDA:61,1,5,8
BRDA:65,2,0,0
BRDA:65,2,1,3
BRDA:71,3,0,1
BRDA:71,3,1,2
BRDA:78,4,0,2
BRDA:78,4,1,38
BRDA:100,5,0,38
BRDA:100,5,1,0
BRDA:133,6,0,6
BRDA:133,6,1,0
BRDA:139,7,0,76
BRDA:139,7,1,76
BRDA:139,8,0,76
BRDA:139,8,1,0
BRDA:142,9,0,76
BRDA:142,9,1,76
BRDA:142,10,0,152
BRDA:142,10,1,76
BRDA:156,11,0,1
BRDA:156,11,1,37
BRDA:156,12,0,38
BRDA:156,12,1,13
BRDA:166,13,0,38
BRDA:166,13,1,36
BRDA:171,14,0,38
BRDA:171,14,1,36
BRDA:177,15,0,38
BRDA:177,15,1,2
BRDA:182,16,0,38
BRDA:182,16,1,2
BRDA:195,17,0,38
BRDA:195,17,1,7
BRDA:196,18,0,7
BRDA:196,18,1,31
BRDA:201,19,0,1
BRDA:201,19,1,37
BRDA:209,20,0,38
BRDA:209,20,1,32
BRDA:213,21,0,0
BRDA:213,21,1,38
BRF:48
BRH:43
end_of_record
TN:
SF:src/components/Chip.tsx
FN:16,Chip
FNF:1
FNH:1
FNDA:89,Chip
DA:17,89
DA:34,2
LF:2
LH:2
BRDA:16,0,0,89
BRDA:16,1,0,89
BRDA:21,2,0,0
BRDA:21,2,1,89
BRDA:22,3,0,89
BRDA:22,3,1,0
BRDA:23,4,0,89
BRDA:23,4,1,25
BRDA:29,5,0,89
BRDA:29,5,1,25
BRF:10
BRH:8
end_of_record
TN:
SF:src/components/DateRangePicker.tsx
FN:22,formatBR
FN:30,DateRangePicker
FN:31,(anonymous_2)
FN:40,navegarMes
FN:41,(anonymous_4)
FN:44,tocarDia
FN:70,(anonymous_6)
FN:79,(anonymous_7)
FN:88,(anonymous_8)
FN:96,(anonymous_9)
FN:110,(anonymous_10)
FN:141,(anonymous_11)
FNF:12
FNH:0
FNDA:0,formatBR
FNDA:0,DateRangePicker
FNDA:0,(anonymous_2)
FNDA:0,navegarMes
FNDA:0,(anonymous_4)
FNDA:0,tocarDia
FNDA:0,(anonymous_6)
FNDA:0,(anonymous_7)
FNDA:0,(anonymous_8)
FNDA:0,(anonymous_9)
FNDA:0,(anonymous_10)
FNDA:0,(anonymous_11)
DA:8,0
DA:9,0
DA:23,0
DA:31,0
DA:32,0
DA:33,0
DA:37,0
DA:38,0
DA:41,0
DA:45,0
DA:46,0
DA:47,0
DA:49,0
DA:50,0
DA:51,0
DA:52,0
DA:54,0
DA:55,0
DA:56,0
DA:58,0
DA:61,0
DA:70,0
DA:79,0
DA:89,0
DA:97,0
DA:98,0
DA:99,0
DA:100,0
DA:101,0
DA:110,0
DA:141,0
DA:150,0
LF:32
LH:0
BRDA:30,0,0,0
BRDA:31,1,0,0
BRDA:31,1,1,0
BRDA:34,2,0,0
BRDA:34,2,1,0
BRDA:34,3,0,0
BRDA:34,3,1,0
BRDA:45,4,0,0
BRDA:45,4,1,0
BRDA:49,5,0,0
BRDA:49,5,1,0
BRDA:49,6,0,0
BRDA:49,6,1,0
BRDA:54,7,0,0
BRDA:54,7,1,0
BRDA:64,8,0,0
BRDA:64,8,1,0
BRDA:98,9,0,0
BRDA:98,9,1,0
BRDA:99,10,0,0
BRDA:99,10,1,0
BRDA:100,11,0,0
BRDA:100,11,1,0
BRDA:106,12,0,0
BRDA:106,12,1,0
BRDA:107,13,0,0
BRDA:107,13,1,0
BRDA:108,14,0,0
BRDA:108,14,1,0
BRDA:116,15,0,0
BRDA:116,15,1,0
BRDA:117,16,0,0
BRDA:117,16,1,0
BRDA:128,17,0,0
BRDA:128,17,1,0
BRDA:130,18,0,0
BRDA:130,18,1,0
BRDA:141,19,0,0
BRDA:141,19,1,0
BRF:39
BRH:0
end_of_record
TN:
SF:src/components/Dropdown.tsx
FN:39,Dropdown
FN:47,(anonymous_1)
FN:48,(anonymous_2)
FN:53,(anonymous_3)
FN:56,escolher
FN:59,(anonymous_5)
FN:73,(anonymous_6)
FN:73,(anonymous_7)
FN:97,(anonymous_8)
FN:104,(anonymous_9)
FN:122,(anonymous_10)
FNF:11
FNH:0
FNDA:0,Dropdown
FNDA:0,(anonymous_1)
FNDA:0,(anonymous_2)
FNDA:0,(anonymous_3)
FNDA:0,escolher
FNDA:0,(anonymous_5)
FNDA:0,(anonymous_6)
FNDA:0,(anonymous_7)
FNDA:0,(anonymous_8)
FNDA:0,(anonymous_9)
FNDA:0,(anonymous_10)
DA:40,0
DA:41,0
DA:42,0
DA:44,0
DA:45,0
DA:47,0
DA:48,0
DA:52,0
DA:53,0
DA:57,0
DA:58,0
DA:59,0
DA:60,0
DA:61,0
DA:63,0
DA:64,0
DA:65,0
DA:68,0
DA:73,0
DA:98,0
DA:99,0
DA:104,0
DA:122,0
DA:132,0
LF:24
LH:0
BRDA:40,0,0,0
BRDA:40,1,0,0
BRDA:44,2,0,0
BRDA:44,2,1,0
BRDA:44,3,0,0
BRDA:44,3,1,0
BRDA:45,4,0,0
BRDA:45,4,1,0
BRDA:52,5,0,0
BRDA:52,5,1,0
BRDA:57,6,0,0
BRDA:57,6,1,0
BRDA:59,7,0,0
BRDA:59,7,1,0
BRDA:75,8,0,0
BRDA:75,8,1,0
BRDA:78,9,0,0
BRDA:78,9,1,0
BRDA:81,10,0,0
BRDA:81,10,1,0
BRDA:83,11,0,0
BRDA:83,11,1,0
BRDA:93,12,0,0
BRDA:93,12,1,0
BRDA:102,13,0,0
BRDA:102,13,1,0
BRDA:103,14,0,0
BRDA:103,14,1,0
BRDA:109,15,0,0
BRDA:109,15,1,0
BRDA:110,16,0,0
BRDA:110,16,1,0
BRDA:114,17,0,0
BRDA:114,17,1,0
BRDA:121,18,0,0
BRDA:121,18,1,0
BRF:36
BRH:0
end_of_record
TN:
SF:src/components/Footer.tsx
FN:14,Footer
FNF:1
FNH:1
FNDA:80,Footer
DA:11,7
DA:12,7
DA:15,80
DA:23,7
LF:4
LH:4
BRF:0
BRH:0
end_of_record
TN:
SF:src/components/PageHeader.tsx
FN:20,PageHeader
FN:30,(anonymous_1)
FNF:2
FNH:1
FNDA:230,PageHeader
FNDA:0,(anonymous_1)
DA:21,230
DA:22,230
DA:24,230
DA:30,0
DA:49,9
LF:5
LH:4
BRDA:20,0,0,171
BRDA:20,1,0,133
BRDA:27,2,0,171
BRDA:27,2,1,59
BRDA:30,3,0,0
BRDA:30,3,1,0
BRDA:43,4,0,133
BRDA:43,4,1,97
BRF:8
BRH:6
end_of_record
TN:
SF:src/components/PasswordInput.tsx
FN:9,PasswordInput
FN:17,(anonymous_1)
FN:17,(anonymous_2)
FNF:3
FNH:3
FNDA:147,PasswordInput
FNDA:1,(anonymous_1)
FNDA:1,(anonymous_2)
DA:10,147
DA:12,147
DA:17,1
DA:28,3
LF:4
LH:4
BRDA:18,0,0,1
BRDA:18,0,1,146
BRDA:19,1,0,147
BRDA:19,1,1,0
BRDA:22,2,0,1
BRDA:22,2,1,146
BRF:6
BRH:5
end_of_record
TN:
SF:src/components/PersonIcon.tsx
FN:13,PersonIcon
FNF:1
FNH:0
FNDA:0,PersonIcon
DA:14,0
DA:44,9
LF:2
LH:1
BRDA:13,0,0,0
BRDA:13,1,0,0
BRF:2
BRH:0
end_of_record
TN:
SF:src/components/QuickMenu.tsx
FN:30,QuickMenu
FN:38,(anonymous_1)
FN:44,(anonymous_2)
FN:81,abrir
FN:86,fechar
FN:90,navegar
FN:95,sair
FN:140,(anonymous_7)
FN:162,(anonymous_8)
FN:163,(anonymous_9)
FNF:10
FNH:3
FNDA:133,QuickMenu
FNDA:55,(anonymous_1)
FNDA:0,(anonymous_2)
FNDA:0,abrir
FNDA:0,fechar
FNDA:0,navegar
FNDA:0,sair
FNDA:0,(anonymous_7)
FNDA:907,(anonymous_8)
FNDA:0,(anonymous_9)
DA:11,9
DA:12,9
DA:23,9
DA:31,133
DA:32,133
DA:33,133
DA:34,133
DA:35,133
DA:36,133
DA:38,133
DA:39,55
DA:40,0
DA:45,0
DA:49,133
DA:50,133
DA:52,133
DA:58,133
DA:59,111
DA:60,111
DA:65,111
DA:68,133
DA:69,22
DA:70,22
DA:71,20
DA:79,133
DA:82,0
DA:83,0
DA:87,0
DA:91,0
DA:92,0
DA:96,0
DA:97,0
DA:100,133
DA:105,133
DA:140,0
DA:163,907
DA:192,9
LF:37
LH:27
BRDA:30,0,0,0
BRDA:39,1,0,55
BRDA:39,1,1,0
BRDA:41,2,0,0
BRDA:41,2,1,0
BRDA:45,3,0,0
BRDA:45,3,1,0
BRDA:45,4,0,0
BRDA:45,4,1,0
BRDA:49,5,0,133
BRDA:49,5,1,111
BRDA:50,6,0,133
BRDA:50,6,1,81
BRDA:58,7,0,111
BRDA:58,7,1,22
BRDA:68,8,0,22
BRDA:68,8,1,111
BRDA:70,9,0,20
BRDA:70,9,1,2
BRDA:110,10,0,133
BRDA:110,10,1,133
BRDA:111,11,0,133
BRDA:111,11,1,0
BRDA:139,12,0,111
BRDA:139,12,1,22
BRDA:143,13,0,111
BRDA:143,13,1,91
BRDA:143,13,2,91
BRDA:148,14,0,111
BRDA:148,14,1,91
BRDA:151,15,0,111
BRDA:151,15,1,0
BRDA:151,16,0,111
BRDA:151,16,1,0
BRDA:165,17,0,133
BRDA:165,17,1,774
BRF:36
BRH:25
end_of_record
TN:
SF:src/components/RadarChart.tsx
FN:18,pontoNoEixo
FN:37,RadarChart
FN:48,(anonymous_2)
FN:49,(anonymous_3)
FN:54,(anonymous_4)
FN:56,(anonymous_5)
FN:57,(anonymous_6)
FN:64,(anonymous_7)
FN:81,(anonymous_8)
FN:86,(anonymous_9)
FNF:10
FNH:10
FNDA:120,pontoNoEixo
FNDA:4,RadarChart
FNDA:15,(anonymous_2)
FNDA:15,(anonymous_3)
FNDA:12,(anonymous_4)
FNDA:60,(anonymous_5)
FNDA:60,(anonymous_6)
FNDA:15,(anonymous_7)
FNDA:15,(anonymous_8)
FNDA:15,(anonymous_9)
DA:16,1
DA:22,120
DA:23,120
DA:24,120
DA:38,4
DA:39,1
DA:42,3
DA:43,3
DA:44,3
DA:45,3
DA:47,3
DA:48,15
DA:49,15
DA:52,3
DA:55,12
DA:56,60
DA:57,60
DA:59,12
DA:65,15
DA:66,15
DA:82,15
DA:83,15
DA:87,15
DA:88,15
LF:24
LH:24
BRDA:37,0,0,4
BRDA:38,1,0,1
BRDA:38,1,1,3
BRF:3
BRH:3
end_of_record
TN:
SF:src/constants/theme.ts
FNF:0
FNH:0
DA:7,11
DA:43,11
DA:51,11
DA:60,11
DA:69,11
DA:77,11
DA:79,11
LF:7
LH:7
BRF:0
BRH:0
end_of_record
TN:
SF:src/constants/uiAssets.ts
FNF:0
FNH:0
DA:2,10
LF:1
LH:1
BRF:0
BRH:0
end_of_record
TN:
SF:src/features/alunos/api.ts
FN:43,getAlunos
FN:54,getAluno
FN:66,getPerfilVinculado
FN:78,getPerfisNaoVinculados
FN:90,(anonymous_4)
FN:91,(anonymous_5)
FN:94,vincularPerfil
FN:99,desvincularPerfil
FN:115,getFrequenciaAluno
FN:123,(anonymous_9)
FN:124,(anonymous_10)
FN:130,(anonymous_11)
FN:145,getContratoAtual
FN:161,convidarAluno
FN:166,(anonymous_14)
FN:172,criarAluno
FN:202,atualizarDadosAluno
FNF:17
FNH:0
FNDA:0,getAlunos
FNDA:0,getAluno
FNDA:0,getPerfilVinculado
FNDA:0,getPerfisNaoVinculados
FNDA:0,(anonymous_4)
FNDA:0,(anonymous_5)
FNDA:0,vincularPerfil
FNDA:0,desvincularPerfil
FNDA:0,getFrequenciaAluno
FNDA:0,(anonymous_9)
FNDA:0,(anonymous_10)
FNDA:0,(anonymous_11)
FNDA:0,getContratoAtual
FNDA:0,convidarAluno
FNDA:0,(anonymous_14)
FNDA:0,criarAluno
FNDA:0,atualizarDadosAluno
DA:44,0
DA:50,0
DA:51,0
DA:55,0
DA:62,0
DA:63,0
DA:67,0
DA:72,0
DA:73,0
DA:79,0
DA:87,0
DA:88,0
DA:90,0
DA:91,0
DA:95,0
DA:96,0
DA:100,0
DA:101,0
DA:116,0
DA:120,0
DA:122,0
DA:123,0
DA:124,0
DA:130,0
DA:131,0
DA:146,0
DA:153,0
DA:154,0
DA:162,0
DA:165,0
DA:166,0
DA:167,0
DA:169,0
DA:173,0
DA:178,0
DA:180,0
DA:186,0
DA:188,0
DA:203,0
DA:210,0
LF:40
LH:0
BRDA:50,0,0,0
BRDA:50,0,1,0
BRDA:62,1,0,0
BRDA:62,1,1,0
BRDA:72,2,0,0
BRDA:72,2,1,0
BRDA:87,3,0,0
BRDA:87,3,1,0
BRDA:88,4,0,0
BRDA:88,4,1,0
BRDA:90,5,0,0
BRDA:90,5,1,0
BRDA:91,6,0,0
BRDA:91,6,1,0
BRDA:96,7,0,0
BRDA:96,7,1,0
BRDA:101,8,0,0
BRDA:101,8,1,0
BRDA:120,9,0,0
BRDA:120,9,1,0
BRDA:122,10,0,0
BRDA:122,10,1,0
BRDA:130,11,0,0
BRDA:130,11,1,0
BRDA:130,12,0,0
BRDA:130,12,1,0
BRDA:153,13,0,0
BRDA:153,13,1,0
BRDA:165,14,0,0
BRDA:165,14,1,0
BRDA:167,15,0,0
BRDA:167,15,1,0
BRDA:178,16,0,0
BRDA:178,16,1,0
BRDA:186,17,0,0
BRDA:186,17,1,0
BRDA:210,18,0,0
BRDA:210,18,1,0
BRF:38
BRH:0
end_of_record
TN:
SF:src/features/auth/AuthProvider.tsx
FN:51,getResetRedirectUrl
FN:70,AuthProvider
FN:77,(anonymous_2)
FN:78,(anonymous_3)
FN:83,(anonymous_4)
FN:87,(anonymous_5)
FN:96,(anonymous_6)
FN:97,(anonymous_7)
FN:104,(anonymous_8)
FN:109,(anonymous_9)
FN:120,(anonymous_10)
FN:136,(anonymous_11)
FN:143,(anonymous_12)
FN:156,(anonymous_13)
FN:166,(anonymous_14)
FN:171,signIn
FN:204,signUp
FN:229,requestPasswordReset
FN:236,changePassword
FN:257,signOut
FN:274,(anonymous_20)
FN:281,(anonymous_21)
FN:285,(anonymous_22)
FN:287,(anonymous_23)
FN:300,(anonymous_24)
FN:306,(anonymous_25)
FN:312,(anonymous_26)
FN:314,(anonymous_27)
FN:322,(anonymous_28)
FN:342,(anonymous_29)
FN:353,useAuth
FNF:31
FNH:30
FNDA:1,getResetRedirectUrl
FNDA:114,AuthProvider
FNDA:21,(anonymous_2)
FNDA:21,(anonymous_3)
FNDA:1,(anonymous_4)
FNDA:21,(anonymous_5)
FNDA:21,(anonymous_6)
FNDA:2,(anonymous_7)
FNDA:21,(anonymous_8)
FNDA:34,(anonymous_9)
FNDA:12,(anonymous_10)
FNDA:12,(anonymous_11)
FNDA:47,(anonymous_12)
FNDA:11,(anonymous_13)
FNDA:11,(anonymous_14)
FNDA:2,signIn
FNDA:2,signUp
FNDA:1,requestPasswordReset
FNDA:2,changePassword
FNDA:6,signOut
FNDA:14,(anonymous_20)
FNDA:35,(anonymous_21)
FNDA:35,(anonymous_22)
FNDA:32,(anonymous_23)
FNDA:31,(anonymous_24)
FNDA:13,(anonymous_25)
FNDA:35,(anonymous_26)
FNDA:2,(anonymous_27)
FNDA:13,(anonymous_28)
FNDA:0,(anonymous_29)
FNDA:107,useAuth
DA:12,2
DA:49,2
DA:52,1
DA:54,1
DA:55,0
DA:56,0
DA:60,0
DA:61,0
DA:65,1
DA:68,2
DA:71,114
DA:72,114
DA:73,114
DA:74,114
DA:75,114
DA:77,114
DA:78,21
DA:79,21
DA:80,21
DA:83,21
DA:84,1
DA:87,21
DA:96,114
DA:97,21
DA:98,2
DA:99,1
DA:101,1
DA:104,21
DA:109,114
DA:110,34
DA:111,22
DA:112,22
DA:114,12
DA:115,12
DA:121,12
DA:122,12
DA:123,0
DA:124,0
DA:125,0
DA:129,12
DA:130,0
DA:131,0
DA:132,0
DA:134,12
DA:136,12
DA:137,12
DA:143,114
DA:144,47
DA:145,36
DA:146,36
DA:147,36
DA:149,11
DA:150,11
DA:151,11
DA:157,11
DA:158,11
DA:159,0
DA:160,0
DA:162,11
DA:164,11
DA:166,11
DA:167,11
DA:174,2
DA:175,2
DA:176,2
DA:177,1
DA:180,1
DA:185,1
DA:186,1
DA:187,1
DA:192,1
DA:193,1
DA:194,1
DA:198,0
DA:211,2
DA:215,2
DA:220,2
DA:221,1
DA:223,1
DA:225,0
DA:230,1
DA:232,1
DA:233,1
DA:237,2
DA:238,2
DA:239,0
DA:242,2
DA:246,2
DA:247,1
DA:250,1
DA:251,1
DA:258,6
DA:259,6
DA:267,1
DA:268,1
DA:272,114
DA:274,114
DA:275,14
DA:281,114
DA:282,35
DA:285,114
DA:286,35
DA:287,13
DA:288,32
DA:289,1
DA:290,1
DA:295,31
DA:301,31
DA:302,1
DA:306,13
DA:312,114
DA:313,35
DA:314,13
DA:315,2
DA:316,2
DA:317,1
DA:319,1
DA:322,13
DA:325,114
DA:343,0
DA:344,0
DA:354,107
DA:355,107
DA:356,0
DA:358,107
LF:125
LH:107
BRDA:54,0,0,0
BRDA:54,0,1,1
BRDA:54,1,0,1
BRDA:54,1,1,0
BRDA:56,2,0,0
BRDA:56,2,1,0
BRDA:56,2,2,0
BRDA:60,3,0,0
BRDA:60,3,1,0
BRDA:98,4,0,1
BRDA:98,4,1,1
BRDA:110,5,0,22
BRDA:110,5,1,12
BRDA:121,6,0,0
BRDA:121,6,1,12
BRDA:122,7,0,0
BRDA:122,7,1,12
BRDA:129,8,0,0
BRDA:129,8,1,12
BRDA:144,9,0,36
BRDA:144,9,1,11
BRDA:144,10,0,47
BRDA:144,10,1,36
BRDA:144,10,2,12
BRDA:157,11,0,0
BRDA:157,11,1,11
BRDA:158,12,0,0
BRDA:158,12,1,11
BRDA:171,13,0,2
BRDA:176,14,0,1
BRDA:176,14,1,1
BRDA:186,15,0,1
BRDA:186,15,1,0
BRDA:192,16,0,1
BRDA:192,16,1,0
BRDA:192,17,0,1
BRDA:192,17,1,1
BRDA:192,17,2,1
BRDA:220,18,0,1
BRDA:220,18,1,1
BRDA:233,19,0,1
BRDA:233,19,1,1
BRDA:238,20,0,0
BRDA:238,20,1,2
BRDA:246,21,0,1
BRDA:246,21,1,1
BRDA:251,22,0,1
BRDA:251,22,1,1
BRDA:282,23,0,13
BRDA:282,23,1,22
BRDA:286,24,0,22
BRDA:286,24,1,13
BRDA:288,25,0,1
BRDA:288,25,1,31
BRDA:301,26,0,1
BRDA:301,26,1,30
BRDA:301,27,0,31
BRDA:301,27,1,31
BRDA:301,27,2,31
BRDA:313,28,0,22
BRDA:313,28,1,13
BRDA:315,29,0,0
BRDA:315,29,1,2
BRDA:316,30,0,1
BRDA:316,30,1,1
BRDA:355,31,0,0
BRDA:355,31,1,107
BRF:67
BRH:50
end_of_record
TN:
SF:src/features/chamada/api.ts
FN:32,(anonymous_0)
FN:38,getAulasRecorrentesHoje
FN:49,diaSemanaPorDataISO
FN:58,getAulasRecorrentesPorData
FN:65,getGradeSemanal
FN:76,getAulaRecorrente
FN:93,getGradeCompleta
FN:103,criarSlotGrade
FN:108,atualizarSlotGrade
FN:121,getUsoSlotGrade
FN:131,excluirSlotGrade
FN:139,getProfessoresDoModulo
FN:146,(anonymous_12)
FN:154,getOuCriaAula
FN:194,getAlunosPorModulos
FN:208,getProfessores
FN:245,getAulasParticularesPorPeriodo
FN:256,(anonymous_17)
FN:268,criarAulaParticular
FN:281,excluirAulaParticular
FN:289,remarcarAulaParticular
FN:312,getDisponibilidadeProfessor
FN:322,criarDisponibilidade
FN:339,excluirDisponibilidade
FN:348,getHorariosLivresProfessor
FN:354,(anonymous_25)
FN:366,getResponsabilidadesProfessor
FN:375,adicionarResponsabilidade
FN:385,removerResponsabilidade
FN:421,getAulasTestePorPeriodo
FN:432,(anonymous_30)
FN:447,getCandidatosTesteDoDia
FN:456,(anonymous_32)
FN:460,criarAulaTeste
FN:475,(anonymous_34)
FN:481,excluirAulaTeste
FN:500,pedirPresenca
FN:510,getMeuPedido
FN:522,getPedidosPendentes
FN:530,(anonymous_39)
FN:543,aprovarPedido
FN:559,recusarPedido
FN:564,getPresencas
FN:576,marcarPresenca
FNF:44
FNH:1
FNDA:0,(anonymous_0)
FNDA:0,getAulasRecorrentesHoje
FNDA:3,diaSemanaPorDataISO
FNDA:0,getAulasRecorrentesPorData
FNDA:0,getGradeSemanal
FNDA:0,getAulaRecorrente
FNDA:0,getGradeCompleta
FNDA:0,criarSlotGrade
FNDA:0,atualizarSlotGrade
FNDA:0,getUsoSlotGrade
FNDA:0,excluirSlotGrade
FNDA:0,getProfessoresDoModulo
FNDA:0,(anonymous_12)
FNDA:0,getOuCriaAula
FNDA:0,getAlunosPorModulos
FNDA:0,getProfessores
FNDA:0,getAulasParticularesPorPeriodo
FNDA:0,(anonymous_17)
FNDA:0,criarAulaParticular
FNDA:0,excluirAulaParticular
FNDA:0,remarcarAulaParticular
FNDA:0,getDisponibilidadeProfessor
FNDA:0,criarDisponibilidade
FNDA:0,excluirDisponibilidade
FNDA:0,getHorariosLivresProfessor
FNDA:0,(anonymous_25)
FNDA:0,getResponsabilidadesProfessor
FNDA:0,adicionarResponsabilidade
FNDA:0,removerResponsabilidade
FNDA:0,getAulasTestePorPeriodo
FNDA:0,(anonymous_30)
FNDA:0,getCandidatosTesteDoDia
FNDA:0,(anonymous_32)
FNDA:0,criarAulaTeste
FNDA:0,(anonymous_34)
FNDA:0,excluirAulaTeste
FNDA:0,pedirPresenca
FNDA:0,getMeuPedido
FNDA:0,getPedidosPendentes
FNDA:0,(anonymous_39)
FNDA:0,aprovarPedido
FNDA:0,recusarPedido
FNDA:0,getPresencas
FNDA:0,marcarPresenca
DA:33,0
DA:34,0
DA:39,0
DA:45,0
DA:46,0
DA:50,3
DA:51,3
DA:52,1
DA:54,2
DA:55,2
DA:59,0
DA:60,0
DA:66,0
DA:72,0
DA:73,0
DA:77,0
DA:82,0
DA:83,0
DA:94,0
DA:99,0
DA:100,0
DA:104,0
DA:105,0
DA:112,0
DA:113,0
DA:122,0
DA:126,0
DA:127,0
DA:128,0
DA:132,0
DA:133,0
DA:140,0
DA:145,0
DA:146,0
DA:160,0
DA:166,0
DA:167,0
DA:169,0
DA:174,0
DA:179,0
DA:180,0
DA:186,0
DA:187,0
DA:189,0
DA:191,0
DA:195,0
DA:201,0
DA:202,0
DA:209,0
DA:215,0
DA:216,0
DA:246,0
DA:254,0
DA:256,0
DA:275,0
DA:278,0
DA:282,0
DA:283,0
DA:290,0
DA:295,0
DA:313,0
DA:318,0
DA:319,0
DA:329,0
DA:336,0
DA:340,0
DA:341,0
DA:349,0
DA:353,0
DA:354,0
DA:367,0
DA:371,0
DA:372,0
DA:376,0
DA:381,0
DA:382,0
DA:386,0
DA:387,0
DA:422,0
DA:430,0
DA:432,0
DA:448,0
DA:453,0
DA:455,0
DA:456,0
DA:466,0
DA:471,0
DA:473,0
DA:475,0
DA:476,0
DA:478,0
DA:482,0
DA:483,0
DA:501,0
DA:506,0
DA:507,0
DA:511,0
DA:517,0
DA:518,0
DA:523,0
DA:529,0
DA:530,0
DA:544,0
DA:545,0
DA:547,0
DA:550,0
DA:554,0
DA:560,0
DA:561,0
DA:565,0
DA:569,0
DA:570,0
DA:583,0
DA:589,0
DA:591,0
DA:592,0
DA:593,0
DA:596,0
DA:597,0
DA:603,0
DA:605,0
LF:121
LH:5
BRDA:45,0,0,0
BRDA:45,0,1,0
BRDA:51,1,0,1
BRDA:51,1,1,2
BRDA:72,2,0,0
BRDA:72,2,1,0
BRDA:82,3,0,0
BRDA:82,3,1,0
BRDA:99,4,0,0
BRDA:99,4,1,0
BRDA:105,5,0,0
BRDA:105,5,1,0
BRDA:113,6,0,0
BRDA:113,6,1,0
BRDA:126,7,0,0
BRDA:126,7,1,0
BRDA:127,8,0,0
BRDA:127,8,1,0
BRDA:128,9,0,0
BRDA:128,9,1,0
BRDA:128,10,0,0
BRDA:128,10,1,0
BRDA:133,11,0,0
BRDA:133,11,1,0
BRDA:145,12,0,0
BRDA:145,12,1,0
BRDA:146,13,0,0
BRDA:146,13,1,0
BRDA:148,14,0,0
BRDA:148,14,1,0
BRDA:166,15,0,0
BRDA:166,15,1,0
BRDA:167,16,0,0
BRDA:167,16,1,0
[...]
FNDA:0,getHabilidades
FNDA:0,getAvaliacoesAluno
FNDA:0,getTestesNivelAluno
FNDA:0,registrarAvaliacao
FNDA:0,registrarTesteNivel
DA:29,0
DA:34,0
DA:35,0
DA:39,0
DA:44,0
DA:45,0
DA:49,0
DA:54,0
DA:55,0
DA:68,0
DA:72,0
DA:83,0
DA:91,0
LF:13
LH:0
BRDA:34,0,0,0
BRDA:34,0,1,0
BRDA:44,1,0,0
BRDA:44,1,1,0
BRDA:54,2,0,0
BRDA:54,2,1,0
BRDA:72,3,0,0
BRDA:72,3,1,0
BRDA:91,4,0,0
BRDA:91,4,1,0
BRF:10
BRH:0
end_of_record
TN:
SF:src/features/eventos/api.ts
FN:27,getTiposEventoAdmin
FN:33,criarTipoEvento
FN:38,atualizarTipoEvento
FN:46,getTiposEvento
FN:58,getEventosPorPeriodo
FN:69,getEvento
FN:79,criarEvento
FN:98,atualizarEvento
FN:113,excluirEvento
FNF:9
FNH:0
FNDA:0,getTiposEventoAdmin
FNDA:0,criarTipoEvento
FNDA:0,atualizarTipoEvento
FNDA:0,getTiposEvento
FNDA:0,getEventosPorPeriodo
FNDA:0,getEvento
FNDA:0,criarEvento
FNDA:0,atualizarEvento
FNDA:0,excluirEvento
DA:28,0
DA:29,0
DA:30,0
DA:34,0
DA:35,0
DA:42,0
DA:43,0
DA:47,0
DA:52,0
DA:53,0
DA:59,0
DA:65,0
DA:66,0
DA:70,0
DA:75,0
DA:76,0
DA:87,0
DA:95,0
DA:106,0
DA:110,0
DA:114,0
DA:115,0
LF:22
LH:0
BRDA:29,0,0,0
BRDA:29,0,1,0
BRDA:35,1,0,0
BRDA:35,1,1,0
BRDA:43,2,0,0
BRDA:43,2,1,0
BRDA:52,3,0,0
BRDA:52,3,1,0
BRDA:65,4,0,0
BRDA:65,4,1,0
BRDA:75,5,0,0
BRDA:75,5,1,0
BRDA:95,6,0,0
BRDA:95,6,1,0
BRDA:110,7,0,0
BRDA:110,7,1,0
BRDA:115,8,0,0
BRDA:115,8,1,0
BRF:18
BRH:0
end_of_record
TN:
SF:src/features/eventos/feriados.ts
FN:15,buscarFeriadosEstado
FN:37,importarFeriados
FN:43,(anonymous_2)
FN:51,(anonymous_3)
FN:52,(anonymous_4)
FNF:5
FNH:5
FNDA:4,buscarFeriadosEstado
FNDA:3,importarFeriados
FNDA:2,(anonymous_2)
FNDA:1,(anonymous_3)
FNDA:1,(anonymous_4)
DA:16,4
DA:17,4
DA:18,1
DA:23,3
DA:26,3
DA:27,0
DA:30,3
DA:38,3
DA:43,3
DA:44,3
DA:45,1
DA:48,2
DA:49,2
DA:51,1
DA:52,1
DA:55,2
DA:56,2
DA:57,4
DA:58,4
DA:59,3
DA:60,3
DA:63,2
LF:22
LH:21
BRDA:17,0,0,1
BRDA:17,0,1,3
BRDA:26,1,0,0
BRDA:26,1,1,3
BRDA:44,2,0,1
BRDA:44,2,1,2
BRDA:58,3,0,1
BRDA:58,3,1,3
BRF:8
BRH:7
end_of_record
TN:
SF:src/features/evolucao/EvolucaoScreen.tsx
FN:76,formatarDataBR
FN:81,labelTipoHistorico
FN:98,EvolucaoScreen
FN:137,(anonymous_3)
FN:154,(anonymous_4)
FN:176,(anonymous_5)
FN:192,(anonymous_6)
FN:193,(anonymous_7)
FN:215,(anonymous_8)
FN:220,salvarAvaliacaoRapida
FN:226,(anonymous_10)
FN:251,salvarAvaliacaoDetalhada
FN:289,(anonymous_12)
FN:307,atribuirMetodologia
FN:328,registrarPromocao
FN:353,(anonymous_15)
FN:354,(anonymous_16)
FN:356,(anonymous_17)
FN:359,(anonymous_18)
FN:420,(anonymous_19)
FN:422,(anonymous_20)
FN:431,(anonymous_21)
FN:438,(anonymous_22)
FN:497,(anonymous_23)
FN:504,(anonymous_24)
FN:550,(anonymous_25)
FN:559,(anonymous_26)
FN:576,(anonymous_27)
FN:594,(anonymous_28)
FN:613,(anonymous_29)
FN:619,(anonymous_30)
FN:631,(anonymous_31)
FN:632,(anonymous_32)
FN:641,(anonymous_33)
FN:642,(anonymous_34)
FN:656,(anonymous_35)
FN:666,(anonymous_36)
FN:667,(anonymous_37)
FN:684,(anonymous_38)
FN:691,(anonymous_39)
FN:702,(anonymous_40)
FN:716,(anonymous_41)
FN:725,(anonymous_42)
FNF:43
FNH:0
FNDA:0,formatarDataBR
FNDA:0,labelTipoHistorico
FNDA:0,EvolucaoScreen
FNDA:0,(anonymous_3)
FNDA:0,(anonymous_4)
FNDA:0,(anonymous_5)
FNDA:0,(anonymous_6)
FNDA:0,(anonymous_7)
FNDA:0,(anonymous_8)
FNDA:0,salvarAvaliacaoRapida
FNDA:0,(anonymous_10)
FNDA:0,salvarAvaliacaoDetalhada
FNDA:0,(anonymous_12)
FNDA:0,atribuirMetodologia
FNDA:0,registrarPromocao
FNDA:0,(anonymous_15)
FNDA:0,(anonymous_16)
FNDA:0,(anonymous_17)
FNDA:0,(anonymous_18)
FNDA:0,(anonymous_19)
FNDA:0,(anonymous_20)
FNDA:0,(anonymous_21)
FNDA:0,(anonymous_22)
FNDA:0,(anonymous_23)
FNDA:0,(anonymous_24)
FNDA:0,(anonymous_25)
FNDA:0,(anonymous_26)
FNDA:0,(anonymous_27)
FNDA:0,(anonymous_28)
FNDA:0,(anonymous_29)
FNDA:0,(anonymous_30)
FNDA:0,(anonymous_31)
FNDA:0,(anonymous_32)
FNDA:0,(anonymous_33)
FNDA:0,(anonymous_34)
FNDA:0,(anonymous_35)
FNDA:0,(anonymous_36)
FNDA:0,(anonymous_37)
FNDA:0,(anonymous_38)
FNDA:0,(anonymous_39)
FNDA:0,(anonymous_40)
FNDA:0,(anonymous_41)
FNDA:0,(anonymous_42)
DA:56,0
DA:57,0
DA:58,0
DA:68,0
DA:77,0
DA:78,0
DA:82,0
DA:84,0
DA:86,0
DA:88,0
DA:90,0
DA:92,0
DA:94,0
DA:99,0
DA:100,0
DA:101,0
DA:102,0
DA:103,0
DA:104,0
DA:105,0
DA:107,0
DA:108,0
DA:109,0
DA:110,0
DA:111,0
DA:112,0
DA:113,0
DA:114,0
DA:115,0
DA:116,0
DA:117,0
DA:118,0
DA:119,0
DA:120,0
DA:121,0
DA:122,0
DA:126,0
DA:127,0
DA:128,0
DA:129,0
DA:134,0
DA:135,0
DA:137,0
DA:138,0
DA:139,0
DA:141,0
DA:142,0
DA:151,0
DA:152,0
DA:154,0
DA:155,0
DA:166,0
DA:167,0
DA:168,0
DA:173,0
DA:174,0
DA:175,0
DA:176,0
DA:179,0
DA:180,0
DA:181,0
DA:182,0
DA:183,0
DA:184,0
DA:187,0
DA:192,0
DA:193,0
DA:194,0
DA:195,0
DA:198,0
DA:199,0
DA:200,0
DA:201,0
DA:203,0
DA:204,0
DA:210,0
DA:214,0
DA:216,0
DA:221,0
DA:222,0
DA:223,0
DA:226,0
DA:227,0
DA:228,0
DA:230,0
DA:231,0
DA:242,0
DA:244,0
DA:245,0
DA:247,0
DA:252,0
DA:253,0
DA:254,0
DA:257,0
DA:258,0
DA:259,0
DA:261,0
DA:262,0
DA:263,0
DA:264,0
DA:265,0
DA:266,0
DA:268,0
DA:271,0
DA:272,0
DA:273,0
DA:274,0
DA:277,0
DA:278,0
DA:280,0
DA:281,0
DA:289,0
DA:297,0
DA:298,0
DA:300,0
DA:301,0
DA:303,0
DA:308,0
DA:309,0
DA:310,0
DA:313,0
DA:314,0
DA:316,0
DA:317,0
DA:318,0
DA:319,0
DA:321,0
DA:322,0
DA:324,0
DA:329,0
DA:330,0
DA:331,0
DA:334,0
DA:335,0
DA:337,0
DA:338,0
DA:339,0
DA:340,0
DA:342,0
DA:343,0
DA:345,0
DA:349,0
DA:352,0
DA:353,0
DA:354,0
DA:355,0
DA:356,0
DA:358,0
DA:359,0
DA:362,0
DA:420,0
DA:423,0
DA:424,0
DA:432,0
DA:433,0
DA:438,0
DA:498,0
DA:499,0
DA:504,0
DA:550,0
DA:560,0
DA:577,0
DA:595,0
DA:596,0
DA:597,0
DA:598,0
DA:599,0
DA:614,0
DA:615,0
DA:619,0
DA:632,0
DA:642,0
DA:643,0
DA:657,0
DA:667,0
DA:684,0
DA:691,0
DA:702,0
DA:717,0
DA:725,0
DA:739,0
LF:181
LH:0
BRDA:82,0,0,0
BRDA:82,0,1,0
BRDA:82,0,2,0
BRDA:82,0,3,0
BRDA:82,0,4,0
BRDA:82,0,5,0
BRDA:98,1,0,0
BRDA:98,2,0,0
BRDA:156,3,0,0
BRDA:156,3,1,0
BRDA:166,4,0,0
BRDA:166,4,1,0
BRDA:167,5,0,0
BRDA:167,5,1,0
BRDA:168,6,0,0
BRDA:168,6,1,0
BRDA:173,7,0,0
BRDA:173,7,1,0
BRDA:176,8,0,0
BRDA:176,8,1,0
BRDA:176,8,2,0
BRDA:176,8,3,0
BRDA:179,9,0,0
BRDA:179,9,1,0
BRDA:194,10,0,0
BRDA:194,10,1,0
BRDA:205,11,0,0
BRDA:205,11,1,0
BRDA:220,12,0,0
BRDA:221,13,0,0
BRDA:221,13,1,0
BRDA:237,14,0,0
BRDA:237,14,1,0
BRDA:239,15,0,0
BRDA:239,15,1,0
BRDA:240,16,0,0
BRDA:240,16,1,0
BRDA:251,17,0,0
BRDA:252,18,0,0
BRDA:252,18,1,0
BRDA:257,19,0,0
BRDA:257,19,1,0
BRDA:258,20,0,0
BRDA:258,20,1,0
BRDA:264,21,0,0
BRDA:264,21,1,0
BRDA:264,22,0,0
BRDA:264,22,1,0
BRDA:264,22,2,0
BRDA:264,22,3,0
BRDA:272,23,0,0
BRDA:272,23,1,0
BRDA:286,24,0,0
BRDA:286,24,1,0
BRDA:288,25,0,0
BRDA:288,25,1,0
BRDA:308,26,0,0
BRDA:308,26,1,0
BRDA:308,27,0,0
BRDA:308,27,1,0
BRDA:329,28,0,0
BRDA:329,28,1,0
BRDA:349,29,0,0
BRDA:349,29,1,0
BRDA:352,30,0,0
BRDA:352,30,1,0
BRDA:354,31,0,0
BRDA:354,31,1,0
BRDA:358,32,0,0
BRDA:358,32,1,0
BRDA:382,33,0,0
BRDA:382,33,1,0
BRDA:383,34,0,0
BRDA:383,34,1,0
BRDA:384,35,0,0
BRDA:384,35,1,0
BRDA:388,36,0,0
BRDA:388,36,1,0
BRDA:392,37,0,0
BRDA:392,37,1,0
BRDA:398,38,0,0
BRDA:398,38,1,0
BRDA:398,39,0,0
BRDA:398,39,1,0
BRDA:400,40,0,0
BRDA:400,40,1,0
BRDA:400,41,0,0
BRDA:400,41,1,0
BRDA:402,42,0,0
BRDA:402,42,1,0
BRDA:402,43,0,0
BRDA:402,43,1,0
BRDA:410,44,0,0
BRDA:410,44,1,0
BRDA:416,45,0,0
BRDA:416,45,1,0
BRDA:429,46,0,0
BRDA:429,46,1,0
BRDA:437,47,0,0
BRDA:437,47,1,0
BRDA:440,48,0,0
BRDA:440,48,1,0
BRDA:453,49,0,0
BRDA:453,49,1,0
BRDA:453,49,2,0
BRDA:456,50,0,0
BRDA:456,50,1,0
BRDA:458,51,0,0
BRDA:458,51,1,0
BRDA:470,52,0,0
BRDA:470,52,1,0
BRDA:470,53,0,0
BRDA:470,53,1,0
BRDA:472,54,0,0
BRDA:472,54,1,0
BRDA:474,55,0,0
BRDA:474,55,1,0
BRDA:476,56,0,0
BRDA:476,56,1,0
BRDA:480,57,0,0
BRDA:480,57,1,0
BRDA:482,58,0,0
BRDA:482,58,1,0
BRDA:488,59,0,0
BRDA:488,59,1,0
BRDA:488,60,0,0
BRDA:488,60,1,0
BRDA:488,60,2,0
BRDA:503,61,0,0
BRDA:503,61,1,0
BRDA:506,62,0,0
BRDA:506,62,1,0
BRDA:518,63,0,0
BRDA:518,63,1,0
BRDA:518,63,2,0
BRDA:521,64,0,0
BRDA:521,64,1,0
BRDA:523,65,0,0
BRDA:523,65,1,0
BRDA:532,66,0,0
BRDA:532,66,1,0
BRDA:542,67,0,0
BRDA:542,67,1,0
BRDA:547,68,0,0
BRDA:547,68,1,0
BRDA:573,69,0,0
BRDA:573,69,1,0
BRDA:581,70,0,0
BRDA:581,70,1,0
BRDA:583,71,0,0
BRDA:583,71,1,0
BRDA:590,72,0,0
BRDA:590,72,1,0
BRDA:590,73,0,0
BRDA:590,73,1,0
BRDA:597,74,0,0
BRDA:597,74,1,0
BRDA:606,75,0,0
BRDA:606,75,1,0
BRDA:609,76,0,0
BRDA:609,76,1,0
BRDA:618,77,0,0
BRDA:618,77,1,0
BRDA:622,78,0,0
BRDA:622,78,1,0
BRDA:630,79,0,0
BRDA:630,79,1,0
BRDA:638,80,0,0
BRDA:638,80,1,0
BRDA:640,81,0,0
BRDA:640,81,1,0
BRDA:643,82,0,0
BRDA:643,82,1,0
BRDA:649,83,0,0
BRDA:649,83,1,0
BRDA:654,84,0,0
BRDA:654,84,1,0
BRDA:661,85,0,0
BRDA:661,85,1,0
BRDA:665,86,0,0
BRDA:665,86,1,0
BRDA:670,87,0,0
BRDA:670,87,1,0
BRDA:683,88,0,0
BRDA:683,88,1,0
BRDA:690,89,0,0
BRDA:690,89,1,0
BRDA:701,90,0,0
BRDA:701,90,1,0
BRDA:713,91,0,0
BRDA:713,91,1,0
BRDA:720,92,0,0
BRDA:720,92,1,0
BRF:193
BRH:0
end_of_record
TN:
SF:src/features/evolucao/api.ts
FN:21,hojeISO
FN:25,primeiroItem
FN:32,getMetodologiaAtualAluno
FN:50,(anonymous_3)
FN:75,getMetodologiasAtivas
FN:84,(anonymous_5)
FN:89,(anonymous_6)
FN:93,atribuirMetodologiaAluno
FN:106,registrarPromocaoNivel
FN:116,getStatusHabilidadesAluno
FN:136,(anonymous_10)
FN:148,getRequisitosNivel
FN:169,(anonymous_12)
FN:182,getCriteriosHabilidades
FN:195,(anonymous_14)
FN:205,registrarAvaliacaoEvolucaoRpc
FN:219,(anonymous_16)
FN:237,registrarAvaliacaoRapidaEvolucao
FN:241,registrarAvaliacaoDetalhadaEvolucao
FN:245,getHistoricoNivelAluno
FN:255,(anonymous_20)
FN:269,getAvaliacoesEvolucaoAluno
FN:279,(anonymous_22)
FN:295,getModalidadesEvolucao
FN:301,criarModalidade
FN:308,atualizarModalidade
FN:313,getCategoriasCatalogo
FN:320,(anonymous_27)
FN:332,criarCategoria
FN:339,atualizarCategoria
FN:347,getHabilidadesCatalogo
FN:354,(anonymous_31)
FN:367,criarHabilidade
FN:385,atualizarHabilidade
FN:406,getRequisitosNivelAdmin
FN:424,(anonymous_35)
FN:437,adicionarRequisitoNivel
FN:456,atualizarRequisitoNivel
FN:475,removerRequisitoNivel
FNF:39
FNH:0
FNDA:0,hojeISO
FNDA:0,primeiroItem
FNDA:0,getMetodologiaAtualAluno
FNDA:0,(anonymous_3)
FNDA:0,getMetodologiasAtivas
FNDA:0,(anonymous_5)
FNDA:0,(anonymous_6)
FNDA:0,atribuirMetodologiaAluno
FNDA:0,registrarPromocaoNivel
FNDA:0,getStatusHabilidadesAluno
FNDA:0,(anonymous_10)
FNDA:0,getRequisitosNivel
FNDA:0,(anonymous_12)
FNDA:0,getCriteriosHabilidades
FNDA:0,(anonymous_14)
FNDA:0,registrarAvaliacaoEvolucaoRpc
FNDA:0,(anonymous_16)
FNDA:0,registrarAvaliacaoRapidaEvolucao
FNDA:0,registrarAvaliacaoDetalhadaEvolucao
FNDA:0,getHistoricoNivelAluno
FNDA:0,(anonymous_20)
FNDA:0,getAvaliacoesEvolucaoAluno
FNDA:0,(anonymous_22)
FNDA:0,getModalidadesEvolucao
FNDA:0,criarModalidade
FNDA:0,atualizarModalidade
FNDA:0,getCategoriasCatalogo
FNDA:0,(anonymous_27)
FNDA:0,criarCategoria
FNDA:0,atualizarCategoria
FNDA:0,getHabilidadesCatalogo
FNDA:0,(anonymous_31)
FNDA:0,criarHabilidade
FNDA:0,atualizarHabilidade
FNDA:0,getRequisitosNivelAdmin
FNDA:0,(anonymous_35)
FNDA:0,adicionarRequisitoNivel
FNDA:0,atualizarRequisitoNivel
FNDA:0,removerRequisitoNivel
DA:22,0
DA:26,0
DA:27,0
DA:29,0
DA:33,0
DA:48,0
DA:50,0
DA:51,0
DA:52,0
DA:53,0
DA:56,0
DA:58,0
DA:59,0
DA:61,0
DA:76,0
DA:82,0
DA:84,0
DA:89,0
DA:94,0
DA:99,0
DA:100,0
DA:107,0
DA:112,0
DA:113,0
DA:117,0
DA:134,0
DA:136,0
DA:149,0
DA:167,0
DA:169,0
DA:183,0
DA:185,0
DA:193,0
DA:195,0
DA:209,0
DA:210,0
DA:219,0
DA:226,0
DA:227,0
DA:228,0
DA:231,0
DA:233,0
DA:234,0
DA:238,0
DA:242,0
DA:246,0
DA:253,0
DA:255,0
DA:270,0
DA:277,0
DA:279,0
DA:296,0
DA:297,0
DA:298,0
DA:302,0
DA:305,0
DA:309,0
DA:310,0
DA:314,0
DA:318,0
DA:320,0
DA:333,0
DA:336,0
DA:343,0
DA:344,0
DA:348,0
DA:352,0
DA:354,0
DA:374,0
DA:382,0
DA:395,0
DA:396,0
DA:397,0
DA:398,0
DA:399,0
DA:400,0
DA:402,0
DA:403,0
DA:407,0
DA:422,0
DA:424,0
DA:445,0
DA:453,0
DA:465,0
DA:466,0
DA:467,0
DA:468,0
DA:469,0
DA:471,0
DA:472,0
DA:476,0
DA:477,0
LF:92
LH:0
BRDA:26,0,0,0
BRDA:26,0,1,0
BRDA:27,1,0,0
BRDA:27,1,1,0
BRDA:29,2,0,0
BRDA:29,2,1,0
BRDA:32,3,0,0
BRDA:48,4,0,0
BRDA:48,4,1,0
BRDA:50,5,0,0
BRDA:50,5,1,0
BRDA:53,6,0,0
BRDA:53,6,1,0
BRDA:53,6,2,0
BRDA:56,7,0,0
BRDA:56,7,1,0
BRDA:63,8,0,0
BRDA:63,8,1,0
BRDA:65,9,0,0
BRDA:65,9,1,0
BRDA:66,10,0,0
BRDA:66,10,1,0
BRDA:82,11,0,0
BRDA:82,11,1,0
BRDA:84,12,0,0
BRDA:84,12,1,0
BRDA:87,13,0,0
BRDA:87,13,1,0
BRDA:99,14,0,0
BRDA:99,14,1,0
BRDA:110,15,0,0
BRDA:110,15,1,0
BRDA:112,16,0,0
BRDA:112,16,1,0
BRDA:134,17,0,0
BRDA:134,17,1,0
BRDA:136,18,0,0
BRDA:136,18,1,0
BRDA:167,19,0,0
BRDA:167,19,1,0
BRDA:169,20,0,0
BRDA:169,20,1,0
BRDA:183,21,0,0
BRDA:183,21,1,0
BRDA:193,22,0,0
BRDA:193,22,1,0
BRDA:195,23,0,0
BRDA:195,23,1,0
BRDA:209,24,0,0
BRDA:209,24,1,0
BRDA:226,25,0,0
BRDA:226,25,1,0
BRDA:226,26,0,0
BRDA:226,26,1,0
BRDA:233,27,0,0
BRDA:233,27,1,0
BRDA:253,28,0,0
BRDA:253,28,1,0
BRDA:255,29,0,0
BRDA:255,29,1,0
BRDA:260,30,0,0
BRDA:260,30,1,0
BRDA:277,31,0,0
BRDA:277,31,1,0
BRDA:279,32,0,0
BRDA:279,32,1,0
BRDA:282,33,0,0
BRDA:282,33,1,0
BRDA:297,34,0,0
BRDA:297,34,1,0
BRDA:298,35,0,0
BRDA:298,35,1,0
BRDA:305,36,0,0
BRDA:305,36,1,0
BRDA:310,37,0,0
BRDA:310,37,1,0
BRDA:318,38,0,0
BRDA:318,38,1,0
BRDA:320,39,0,0
BRDA:320,39,1,0
BRDA:323,40,0,0
BRDA:323,40,1,0
BRDA:336,41,0,0
BRDA:336,41,1,0
BRDA:344,42,0,0
BRDA:344,42,1,0
BRDA:352,43,0,0
BRDA:352,43,1,0
BRDA:354,44,0,0
BRDA:354,44,1,0
BRDA:357,45,0,0
BRDA:357,45,1,0
BRDA:382,46,0,0
BRDA:382,46,1,0
BRDA:396,47,0,0
BRDA:396,47,1,0
BRDA:397,48,0,0
BRDA:397,48,1,0
BRDA:398,49,0,0
BRDA:398,49,1,0
BRDA:399,50,0,0
BRDA:399,50,1,0
BRDA:400,51,0,0
BRDA:400,51,1,0
BRDA:403,52,0,0
BRDA:403,52,1,0
BRDA:422,53,0,0
BRDA:422,53,1,0
BRDA:424,54,0,0
BRDA:424,54,1,0
BRDA:453,55,0,0
BRDA:453,55,1,0
BRDA:466,56,0,0
BRDA:466,56,1,0
BRDA:467,57,0,0
BRDA:467,57,1,0
BRDA:468,58,0,0
BRDA:468,58,1,0
BRDA:469,59,0,0
BRDA:469,59,1,0
BRDA:472,60,0,0
BRDA:472,60,1,0
BRDA:477,61,0,0
BRDA:477,61,1,0
BRF:124
BRH:0
end_of_record
TN:
SF:src/features/evolucao/selectors.ts
FN:20,arredondar
FN:24,atingiuRequisito
FN:31,montarFaltante
FN:44,calcularResumoCategorias
FN:48,(anonymous_4)
FN:86,(anonymous_5)
FN:95,(anonymous_6)
FN:98,calcularFocoAtual
FN:101,(anonymous_8)
FN:106,calcularProgressoNivel
FN:110,(anonymous_10)
FN:141,getStatusOrdem
FN:171,calcularPontuacaoAluno
FN:175,(anonymous_13)
FN:187,calcularPercentualCriterios
FN:202,derivarStatusPorPercentual
FN:215,calcularFrequenciaPorPlano
FN:238,(anonymous_17)
FNF:18
FNH:18
FNDA:18,arredondar
FNDA:15,atingiuRequisito
FNDA:2,montarFaltante
FNDA:3,calcularResumoCategorias
FNDA:9,(anonymous_4)
FNDA:9,(anonymous_5)
FNDA:9,(anonymous_6)
FNDA:3,calcularFocoAtual
FNDA:9,(anonymous_8)
FNDA:2,calcularProgressoNivel
FNDA:6,(anonymous_10)
FNDA:6,getStatusOrdem
FNDA:2,calcularPontuacaoAluno
FNDA:4,(anonymous_13)
FNDA:1,calcularPercentualCriterios
FNDA:5,derivarStatusPorPercentual
FNDA:7,calcularFrequenciaPorPlano
FNDA:9,(anonymous_17)
DA:12,1
DA:21,18
DA:25,15
DA:26,15
DA:27,10
DA:28,10
DA:32,2
DA:48,9
DA:49,3
DA:51,3
DA:52,9
DA:54,9
DA:66,9
DA:67,9
DA:69,9
DA:70,3
DA:73,9
DA:74,6
DA:77,9
DA:78,6
DA:79,6
DA:82,9
DA:85,3
DA:86,9
DA:95,9
DA:99,3
DA:100,3
DA:101,9
DA:103,3
DA:110,6
DA:111,2
DA:112,2
DA:113,2
DA:114,2
DA:116,2
DA:117,6
DA:118,6
DA:119,6
DA:120,4
DA:121,4
DA:123,2
DA:127,2
DA:129,2
DA:142,6
DA:151,1
DA:175,4
DA:176,2
DA:178,2
DA:179,6
DA:180,6
DA:181,4
DA:184,2
DA:188,1
DA:189,1
DA:191,1
DA:192,3
DA:193,3
DA:194,3
DA:195,3
DA:198,1
DA:199,1
DA:203,5
DA:204,4
DA:205,3
DA:206,2
DA:207,1
DA:228,7
DA:230,6
DA:231,6
DA:233,5
DA:234,5
DA:235,5
DA:237,5
DA:238,9
DA:241,5
DA:242,5
LF:76
LH:76
BRDA:25,0,0,0
BRDA:25,0,1,15
BRDA:26,1,0,5
BRDA:26,1,1,10
BRDA:27,2,0,0
BRDA:27,2,1,10
BRDA:27,3,0,10
BRDA:27,3,1,5
BRDA:27,4,0,5
BRDA:27,4,1,0
BRDA:34,5,0,2
BRDA:34,5,1,0
BRDA:37,6,0,2
BRDA:37,6,1,0
BRDA:38,7,0,2
BRDA:38,7,1,0
BRDA:54,8,0,9
BRDA:54,8,1,9
BRDA:69,9,0,3
BRDA:69,9,1,6
BRDA:73,10,0,6
BRDA:73,10,1,3
BRDA:73,11,0,9
BRDA:73,11,1,9
BRDA:77,12,0,6
BRDA:77,12,1,3
BRDA:89,13,0,0
BRDA:89,13,1,9
BRDA:95,14,0,9
BRDA:95,14,1,3
BRDA:95,14,2,3
BRDA:99,15,0,0
BRDA:99,15,1,3
BRDA:101,16,0,9
BRDA:101,16,1,6
BRDA:101,16,2,6
BRDA:103,17,0,3
BRDA:103,17,1,0
BRDA:119,18,0,4
BRDA:119,18,1,2
BRDA:130,19,0,0
BRDA:130,19,1,2
BRDA:180,20,0,2
BRDA:180,20,1,4
BRDA:193,21,0,0
BRDA:193,21,1,3
BRDA:193,22,0,3
BRDA:193,22,1,3
BRDA:198,23,0,0
BRDA:198,23,1,1
BRDA:203,24,0,1
BRDA:203,24,1,4
BRDA:204,25,0,1
BRDA:204,25,1,3
BRDA:205,26,0,1
BRDA:205,26,1,2
BRDA:206,27,0,1
BRDA:206,27,1,1
BRDA:228,28,0,1
BRDA:228,28,1,6
BRDA:230,29,0,6
BRDA:230,29,1,0
BRDA:231,30,0,1
BRDA:231,30,1,5
BRDA:238,31,0,9
BRDA:238,31,1,6
BRDA:238,31,2,5
BRF:67
BRH:54
end_of_record
TN:
SF:src/features/evolucao/types.ts
FNF:0
FNH:0
LF:0
LH:0
BRF:0
BRH:0
end_of_record
TN:
SF:src/features/perfil/api.ts
FN:12,getMeuPerfil
FN:25,atualizarMeuPerfil
FNF:2
FNH:2
FNDA:1,getMeuPerfil
FNDA:2,atualizarMeuPerfil
DA:13,1
DA:18,1
DA:19,1
DA:26,2
DA:30,2
LF:5
LH:5
BRDA:18,0,0,0
BRDA:18,0,1,1
BRDA:30,1,0,1
BRDA:30,1,1,1
BRF:4
BRH:3
end_of_record
TN:
SF:src/features/usuarios/api.ts
FN:13,getUsuarios
FN:22,getUsuario
FN:36,convidarUsuario
FN:41,(anonymous_3)
FN:49,atualizarPapel
FN:54,atualizarAtivo
FNF:6
FNH:5
FNDA:2,getUsuarios
FNDA:1,getUsuario
FNDA:2,convidarUsuario
FNDA:0,(anonymous_3)
FNDA:2,atualizarPapel
FNDA:1,atualizarAtivo
DA:14,2
DA:18,2
DA:19,1
DA:23,1
DA:28,1
DA:29,1
DA:37,2
DA:40,2
DA:41,1
DA:42,1
DA:44,1
DA:50,2
DA:51,2
DA:55,1
DA:56,1
LF:15
LH:15
BRDA:18,0,0,1
BRDA:18,0,1,1
BRDA:28,1,0,0
BRDA:28,1,1,1
BRDA:40,2,0,1
BRDA:40,2,1,1
BRDA:42,3,0,1
BRDA:42,3,1,0
BRDA:51,4,0,1
BRDA:51,4,1,1
BRDA:56,5,0,0
BRDA:56,5,1,1
BRF:12
BRH:9
end_of_record
TN:
SF:src/hooks/useAsyncData.ts
FN:20,useAsyncData
FN:26,(anonymous_1)
FN:37,(anonymous_2)
FN:40,(anonymous_3)
FN:44,(anonymous_4)
FN:48,(anonymous_5)
FN:54,(anonymous_6)
FN:60,(anonymous_7)
FNF:8
FNH:8
FNDA:161,useAsyncData
FNDA:41,(anonymous_1)
FNDA:35,(anonymous_2)
FNDA:1,(anonymous_3)
FNDA:36,(anonymous_4)
FNDA:36,(anonymous_5)
FNDA:41,(anonymous_6)
FNDA:41,(anonymous_7)
DA:21,161
DA:22,161
DA:23,161
DA:24,161
DA:26,161
DA:27,41
DA:28,5
DA:29,5
DA:32,36
DA:33,36
DA:34,36
DA:36,36
DA:38,35
DA:41,1
DA:42,1
DA:45,36
DA:48,36
DA:49,36
DA:54,161
DA:55,41
DA:56,10
DA:59,161
DA:61,41
DA:62,31
DA:67,161
LF:25
LH:25
BRDA:20,0,0,57
BRDA:21,1,0,57
BRDA:21,2,0,132
BRDA:21,3,0,124
BRDA:27,4,0,5
BRDA:27,4,1,36
BRDA:38,5,0,35
BRDA:38,5,1,0
BRDA:42,6,0,1
BRDA:42,6,1,0
BRDA:45,7,0,36
BRDA:45,7,1,0
BRDA:55,8,0,31
BRDA:55,8,1,10
BRDA:61,9,0,10
BRDA:61,9,1,31
BRF:16
BRH:13
end_of_record
TN:
SF:src/lib/confirmar.ts
FN:8,confirmar
FNF:1
FNH:0
FNDA:0,confirmar
DA:9,0
DA:10,0
DA:11,0
DA:13,0
DA:16,0
LF:5
LH:0
BRDA:9,0,0,0
BRDA:9,0,1,0
BRDA:10,1,0,0
BRDA:10,1,1,0
BRF:4
BRH:0
end_of_record
TN:
SF:src/lib/dataBR.ts
FN:6,hojeBR
FN:13,paraISO
FN:20,paraBR
FNF:3
FNH:1
FNDA:0,hojeBR
FNDA:0,paraISO
FNDA:5,paraBR
DA:7,0
DA:8,0
DA:9,0
DA:10,0
DA:14,0
DA:15,0
DA:16,0
DA:17,0
DA:21,5
DA:22,5
LF:10
LH:2
BRDA:15,0,0,0
BRDA:15,0,1,0
BRF:2
BRH:0
end_of_record
TN:
SF:src/lib/rememberMeStorage.ts
FN:8,definirLembrarLogin
FN:19,(anonymous_1)
FN:23,(anonymous_2)
FN:32,(anonymous_3)
FN:44,lerUltimoEmailLembrado
FN:48,salvarUltimoEmailLembrado
FNF:6
FNH:6
FNDA:6,definirLembrarLogin
FNDA:4,(anonymous_1)
FNDA:5,(anonymous_2)
FNDA:1,(anonymous_3)
FNDA:11,lerUltimoEmailLembrado
FNDA:1,salvarUltimoEmailLembrado
DA:6,11
DA:9,6
DA:12,11
DA:18,11
DA:20,4
DA:21,3
DA:24,5
DA:25,2
DA:26,2
DA:28,3
DA:29,3
DA:33,1
DA:34,1
DA:38,11
DA:45,11
DA:49,1
DA:50,1
DA:52,0
LF:18
LH:17
BRDA:20,0,0,1
BRDA:20,0,1,3
BRDA:20,1,0,1
BRDA:20,1,1,0
BRDA:24,2,0,2
BRDA:24,2,1,3
BRDA:49,3,0,1
BRDA:49,3,1,0
BRF:8
BRH:6
end_of_record
TN:
SF:src/lib/supabase.ts
FN:16,getSupabaseConfig
FN:33,createSupabaseOptions
FN:45,createSupabaseClient
FN:58,createMissingConfigClient
FN:60,(anonymous_4)
FN:66,createSingletonClient
FNF:6
FNH:6
FNDA:5,getSupabaseConfig
FNDA:4,createSupabaseOptions
FNDA:4,createSupabaseClient
FNDA:1,createMissingConfigClient
FNDA:1,(anonymous_4)
FNDA:4,createSingletonClient
DA:8,4
DA:23,5
DA:24,5
DA:26,5
DA:27,2
DA:30,3
DA:34,4
DA:50,4
DA:59,1
DA:61,1
DA:67,4
DA:68,4
DA:69,3
DA:71,1
DA:75,4
LF:15
LH:15
BRDA:17,0,0,4
BRDA:26,1,0,2
BRDA:26,1,1,3
BRDA:26,2,0,5
BRDA:26,2,1,3
BRDA:33,3,0,0
BRDA:48,4,0,0
BRF:7
BRH:5
end_of_record
TN:
SF:src/lib/texto.ts
FN:2,normalizar
FN:14,slugify
FNF:2
FNH:0
FNDA:0,normalizar
FNDA:0,slugify
DA:3,0
DA:15,0
LF:2
LH:0
BRF:0
BRH:0
end_of_record
